✅ 获取到 0 条缓存的跨月出差记录
✅ 所有缓存的跨月出差记录处理完成
✅ 获取到 126 条出差记录
正在处理 丁国涛 的出差记录: 2025-05-13 上午 -> 2025-05-13 下午
  - 更新同行人 黄风丽 的考勤记录
  - 更新同行人 杜锋 的考勤记录
正在处理 何佳兴 的出差记录: 2025-05-17 上午 -> 2025-05-30 下午
正在处理 刘勇 的出差记录: 2025-05-10 下午 -> 2025-05-11 下午
正在处理 刘小华 的出差记录: 2025-05-06 上午 -> 2025-05-23 下午
正在处理 刘小华 的出差记录: 2025-05-23 下午 -> 2025-05-30 下午
正在处理 吴勇明 的出差记录: 2025-05-16 上午 -> 2025-05-19 下午
正在处理 吴勇明 的出差记录: 2025-05-19 上午 -> 2025-05-29 下午
正在处理 周天 的出差记录: 2025-05-19 下午 -> 2025-05-25 下午
正在处理 周天 的出差记录: 2025-05-26 上午 -> 2025-05-30 下午
正在处理 周天 的出差记录: 2025-05-31 上午 -> 2025-05-31 下午
正在处理 姜晓林 的出差记录: 2025-05-07 下午 -> 2025-05-08 上午
正在处理 姜晓林 的出差记录: 2025-05-08 上午 -> 2025-05-09 下午
正在处理 姜晓林 的出差记录: 2025-05-11 下午 -> 2025-05-12 下午
正在处理 姜晓林 的出差记录: 2025-05-12 下午 -> 2025-05-14 上午
正在处理 姜晓林 的出差记录: 2025-05-18 下午 -> 2025-05-19 下午
正在处理 姜晓林 的出差记录: 2025-05-19 下午 -> 2025-05-21 下午
正在处理 姜晓林 的出差记录: 2025-05-27 下午 -> 2025-05-29 上午
正在处理 姜晓林 的出差记录: 2025-05-29 上午 -> 2025-05-30 上午
正在处理 尹娜 的出差记录: 2025-05-20 上午 -> 2025-05-24 下午
正在处理 张世丽 的出差记录: 2025-05-19 下午 -> 2025-05-24 下午
正在处理 张喆 的出差记录: 2025-05-06 下午 -> 2025-05-08 下午
  - 更新同行人 李奇 的考勤记录
  - 更新同行人 李奇 的考勤记录
正在处理 张喆 的出差记录: 2025-05-09 上午 -> 2025-05-09 下午
  - 更新同行人 李奇 的考勤记录
正在处理 张喆 的出差记录: 2025-05-17 上午 -> 2025-05-20 下午
  - 更新同行人 李奇 的考勤记录
正在处理 张成林 的出差记录: 2025-05-06 下午 -> 2025-05-11 下午
正在处理 张成林 的出差记录: 2025-05-16 上午 -> 2025-05-23 下午
正在处理 张斌翌 的出差记录: 2025-05-06 下午 -> 2025-05-09 下午
正在处理 张斌翌 的出差记录: 2025-05-10 上午 -> 2025-05-10 下午
正在处理 张斌翌 的出差记录: 2025-05-14 上午 -> 2025-05-16 下午
正在处理 张斌翌 的出差记录: 2025-05-14 下午 -> 2025-05-27 下午
正在处理 张斌翌 的出差记录: 2025-05-28 上午 -> 2025-05-30 下午
正在处理 张斌翌 的出差记录: 2025-05-29 下午 -> 2025-05-29 下午
正在处理 张斌翌 的出差记录: 2025-05-30 上午 -> 2025-05-30 下午
正在处理 张梓正 的出差记录: 2025-05-15 下午 -> 2025-05-30 下午
正在处理 张梓正 的出差记录: 2025-05-20 上午 -> 2025-05-29 下午
正在处理 张海鹏 的出差记录: 2025-05-17 上午 -> 2025-05-18 下午
正在处理 徐长根 的出差记录: 2025-05-06 上午 -> 2025-05-06 下午
正在处理 徐长根 的出差记录: 2025-05-07 上午 -> 2025-05-09 下午
  - 更新同行人 雷继彬 的考勤记录
正在处理 徐长根 的出差记录: 2025-05-13 上午 -> 2025-05-14 下午
正在处理 徐长根 的出差记录: 2025-05-19 上午 -> 2025-05-21 下午
正在处理 曹洪强 的出差记录: 2025-05-08 下午 -> 2025-05-10 上午
正在处理 曹洪强 的出差记录: 2025-05-11 下午 -> 2025-05-12 下午
正在处理 曹洪强 的出差记录: 2025-05-13 下午 -> 2025-05-14 上午
正在处理 曹洪强 的出差记录: 2025-05-17 下午 -> 2025-05-18 下午
正在处理 曹洪强 的出差记录: 2025-05-21 上午 -> 2025-05-22 下午
正在处理 曹洪强 的出差记录: 2025-05-23 上午 -> 2025-05-23 下午
  - 更新同行人 雷继彬 的考勤记录
  - 更新同行人 邵万江 的考勤记录
正在处理 王亮 的出差记录: 2025-05-10 上午 -> 2025-05-11 上午
正在处理 曹洪强 的出差记录: 2025-05-24 上午 -> 2025-05-24 下午
  - 更新同行人 雷继彬 的考勤记录
  - 更新同行人 邵万江 的考勤记录
正在处理 曹洪强 的出差记录: 2025-05-27 上午 -> 2025-05-27 下午
正在处理 曹洪强 的出差记录: 2025-05-28 上午 -> 2025-05-29 上午
正在处理 曹洪强 的出差记录: 2025-05-29 上午 -> 2025-05-29 上午
正在处理 朱显斌 的出差记录: 2025-05-17 上午 -> 2025-05-19 下午
  - 更新同行人 何佳兴 的考勤记录
  - 更新同行人 何佳兴 的考勤记录
正在处理 朱泽利 的出差记录: 2025-05-07 上午 -> 2025-05-30 下午
正在处理 朱隆轩 的出差记录: 2025-05-09 上午 -> 2025-05-18 下午
正在处理 朱隆轩 的出差记录: 2025-05-19 上午 -> 2025-05-25 下午
正在处理 朱隆轩 的出差记录: 2025-05-25 上午 -> 2025-05-30 下午
正在处理 朱隆轩 的出差记录: 2025-05-30 下午 -> 2025-05-30 下午
正在处理 李可意 的出差记录: 2025-05-05 上午 -> 2025-05-05 下午
正在处理 李可意 的出差记录: 2025-05-06 上午 -> 2025-05-06 下午
正在处理 李可意 的出差记录: 2025-05-07 上午 -> 2025-05-07 下午
正在处理 李可意 的出差记录: 2025-05-08 上午 -> 2025-05-08 下午
正在处理 李可意 的出差记录: 2025-05-09 上午 -> 2025-05-10 下午
正在处理 李可意 的出差记录: 2025-05-12 上午 -> 2025-05-12 下午
正在处理 李可意 的出差记录: 2025-05-13 上午 -> 2025-05-13 下午
正在处理 李可意 的出差记录: 2025-05-14 上午 -> 2025-05-15 下午
正在处理 李奇 的出差记录: 2025-05-17 上午 -> 2025-05-19 下午
  - 更新同行人 张喆 的考勤记录
正在处理 李祝林 的出差记录: 2025-05-10 上午 -> 2025-05-11 下午
正在处理 李祝林 的出差记录: 2025-05-10 上午 -> 2025-05-12 下午
正在处理 李祝林 的出差记录: 2025-05-16 上午 -> 2025-05-17 下午
正在处理 李祝林 的出差记录: 2025-05-25 下午 -> 2025-05-27 上午
正在处理 李祝林 的出差记录: 2025-05-26 上午 -> 2025-05-27 上午
正在处理 李祝林 的出差记录: 2025-05-27 下午 -> 2025-05-28 下午
正在处理 李祝林 的出差记录: 2025-05-27 下午 -> 2025-05-28 下午
正在处理 李锋 的出差记录: 2025-05-06 下午 -> 2025-05-25 下午
  - 更新同行人 陈思豪 的考勤记录
正在处理 杜以烽 的出差记录: 2025-05-14 下午 -> 2025-05-16 下午
正在处理 桂治国 的出差记录: 2025-05-28 上午 -> 2025-05-28 上午
  - 更新同行人 雷继彬 的考勤记录
正在处理 桂治国 的出差记录: 2025-05-28 上午 -> 2025-05-28 下午
  - 更新同行人 雷继彬 的考勤记录
正在处理 桂治国 的出差记录: 2025-05-29 上午 -> 2025-05-29 下午
  - 更新同行人 雷继彬 的考勤记录
正在处理 段少波 的出差记录: 2025-05-01 上午 -> 2025-05-30 下午
正在处理 王亮 的出差记录: 2025-05-09 上午 -> 2025-05-09 下午
正在处理 王亮 的出差记录: 2025-05-13 上午 -> 2025-05-14 上午
正在处理 王亮 的出差记录: 2025-05-14 上午 -> 2025-05-15 上午
正在处理 王亮 的出差记录: 2025-05-15 上午 -> 2025-05-15 下午
正在处理 王亮 的出差记录: 2025-05-19 上午 -> 2025-05-19 下午
正在处理 王亮 的出差记录: 2025-05-20 上午 -> 2025-05-20 下午
正在处理 王亮 的出差记录: 2025-05-21 上午 -> 2025-05-21 下午
正在处理 王亮 的出差记录: 2025-05-21 上午 -> 2025-05-21 下午
正在处理 王亮 的出差记录: 2025-05-23 上午 -> 2025-05-24 下午
正在处理 王进 的出差记录: 2025-05-06 上午 -> 2025-05-10 下午
正在处理 王进 的出差记录: 2025-05-11 下午 -> 2025-05-14 下午
正在处理 王进 的出差记录: 2025-05-31 上午 -> 2025-06-01 下午
⚠️ 检测到跨月出差记录: 王进 2025-05-31 上午 -> 2025-06-01 下午，将在缓存阶段处理
正在处理 甘金利 的出差记录: 2025-05-04 上午 -> 2025-05-07 下午
正在处理 甘金利 的出差记录: 2025-05-08 上午 -> 2025-05-09 下午
正在处理 甘金利 的出差记录: 2025-05-13 上午 -> 2025-05-14 下午
正在处理 甘金利 的出差记录: 2025-05-15 上午 -> 2025-05-16 下午
正在处理 甘金利 的出差记录: 2025-05-17 上午 -> 2025-05-19 下午
正在处理 甘金利 的出差记录: 2025-05-22 下午 -> 2025-05-29 下午
正在处理 甘金利 的出差记录: 2025-05-25 上午 -> 2025-05-29 下午
正在处理 石丁哲 的出差记录: 2025-05-10 上午 -> 2025-05-23 上午
正在处理 石丁哲 的出差记录: 2025-05-27 下午 -> 2025-05-28 下午
正在处理 石启军 的出差记录: 2025-05-03 上午 -> 2025-05-08 上午
正在处理 石启军 的出差记录: 2025-05-03 下午 -> 2025-05-08 上午
正在处理 祝叶康 的出差记录: 2025-05-03 上午 -> 2025-05-31 下午
正在处理 程铤辉 的出差记录: 2025-05-05 上午 -> 2025-05-08 下午
正在处理 程铤辉 的出差记录: 2025-05-09 上午 -> 2025-05-09 下午
正在处理 舒玉豪 的出差记录: 2025-05-07 上午 -> 2025-05-14 下午
正在处理 舒玉豪 的出差记录: 2025-05-07 上午 -> 2025-05-25 下午
正在处理 舒玉豪 的出差记录: 2025-05-26 上午 -> 2025-05-30 下午
正在处理 邵万江 的出差记录: 2025-05-24 上午 -> 2025-05-25 上午
  - 更新同行人 曹洪强 的考勤记录
正在处理 陈之东 的出差记录: 2025-05-18 下午 -> 2025-05-20 下午
正在处理 陈虞涛 的出差记录: 2025-05-08 上午 -> 2025-05-28 下午
正在处理 雷继彬 的出差记录: 2025-05-17 上午 -> 2025-05-21 下午
正在处理 雷继彬 的出差记录: 2025-05-23 上午 -> 2025-05-23 下午
正在处理 雷继彬 的出差记录: 2025-05-27 上午 -> 2025-05-28 下午
  - 更新同行人 桂治国 的考勤记录
正在处理 霍慧鹏 的出差记录: 2025-05-15 上午 -> 2025-05-15 下午
  - 更新同行人 杜锋 的考勤记录
正在处理 霍慧鹏 的出差记录: 2025-05-17 上午 -> 2025-05-19 下午
  - 更新同行人 雷继彬 的考勤记录
正在处理 霍慧鹏 的出差记录: 2025-05-19 下午 -> 2025-05-23 下午
  - 更新同行人 雷继彬 的考勤记录
正在处理 霍慧鹏 的出差记录: 2025-05-23 下午 -> 2025-05-26 下午
  - 更新同行人 雷继彬 的考勤记录
正在处理 韩荣洋 的出差记录: 2025-05-05 上午 -> 2025-05-11 下午
正在处理 韩荣洋 的出差记录: 2025-05-12 上午 -> 2025-05-30 下午
正在处理 马鸣强 的出差记录: 2025-05-05 上午 -> 2025-05-30 下午
  - 更新同行人 沈傲 的考勤记录
  - 更新同行人 殷四雄 的考勤记录
正在处理 高波 的出差记录: 2025-05-03 上午 -> 2025-05-11 下午
正在处理 高波 的出差记录: 2025-05-18 上午 -> 2025-05-23 下午
正在处理 高波 的出差记录: 2025-05-24 上午 -> 2025-05-31 下午
正在处理 黄风丽 的出差记录: 2025-05-13 上午 -> 2025-05-13 下午
正在处理 黄风丽 的出差记录: 2025-05-16 上午 -> 2025-05-16 下午
正在处理 黄风丽 的出差记录: 2025-05-26 下午 -> 2025-05-29 下午
✅ 所有出差记录处理完成
