🚀 [出差数据合并处理] 脚本开始执行 - 2025-08-14 09:40:01
📋 总共需要执行 6 个主要步骤
🔄 [1/6] 处理飞书出差数据...
📁 [09:40:01] 文件操作: 开始读取飞书出差数据 '../data/original/business01.xlsx'
ℹ️  [09:40:01] 飞书数据读取完成
   └─ 原始数据: 129行 × 32列
ℹ️  [09:40:01] 飞书数据字段提取完成
   └─ 提取8个关键字段
ℹ️  [09:40:01] 开始处理飞书同行人数据合并
ℹ️  [09:40:01] 飞书数据状态筛选完成
   └─ 原始记录: 129条, 已同意: 117条
✅ [1/6] 飞书数据处理 完成 - 耗时: 0.1秒
🔄 [2/6] 处理钉钉出差数据...
📁 [09:40:01] 文件操作: 开始读取钉钉出差数据 '../data/original/business02.xlsx'
/home/dell/miniconda3/envs/dd/lib/python3.10/site-packages/openpyxl/styles/stylesheet.py:237: UserWarning: Workbook contains no default style, apply openpyxl's default
  warn("Workbook contains no default style, apply openpyxl's default")
ℹ️  [09:40:01] 钉钉数据读取完成
   └─ 原始数据: 4行 × 28列
ℹ️  [09:40:01] 钉钉数据字段提取完成
   └─ 提取7个关键字段
ℹ️  [09:40:01] 钉钉数据状态筛选完成
   └─ 原始记录: 4条, 审批通过: 4条
✅ [2/6] 钉钉数据处理 完成 - 耗时: 0.1秒
🔄 [3/6] 合并两个数据源...
ℹ️  [09:40:01] 数据合并完成
   └─ 飞书: 117条, 钉钉: 4条, 合并后: 121条
✅ [3/6] 数据合并 完成 - 耗时: 0.1秒
🔄 [4/6] 统一日期格式...
ℹ️  [09:40:01] 日期格式统一完成
✅ [4/6] 日期格式处理 完成 - 耗时: 0.1秒
🔄 [5/6] 筛选07月份数据...
ℹ️  [09:40:01] 07月份数据筛选完成
   └─ 筛选前: 121条, 筛选后: 106条
✅ [5/6] 月份数据筛选 完成 - 耗时: 0.1秒
🔄 [6/6] 数据排序并保存到数据库...
ℹ️  [09:40:01] 数据排序完成
   └─ 按姓名和开始时间排序
🗄️  [09:40:01] 数据库操作: 开始连接数据库 表 'business'
🗄️  [09:40:01] 数据库操作: 数据库连接成功 表 'business'
ℹ️  [09:40:01] 开始清理字段名
   └─ 原始字段数: 10
📊 [09:40:01] 清理字段名: 处理第10个字段 [████████████████████] 10/10 个字段 (100.0%) - 已用时: 0.1秒 | 预计剩余: 0.0秒
ℹ️  [09:40:01] 字段名清理完成
   └─ 清理后字段数: 10
🗄️  [09:40:01] 数据库操作: 删除已存在的表 表 'business'
🗄️  [09:40:01] 数据库操作: 创建新表 表 'business'
ℹ️  [09:40:01] 表结构设计
   └─ 字段数量: 10, 字段类型: TEXT
🗄️  [09:40:01] 数据库操作: 表创建成功 表 'business'
🗄️  [09:40:01] 数据库操作: 开始批量插入数据 表 'business' - 影响 106 行
📊 [09:40:01] 数据处理: 插入出差数据 [██████████████████░░] 100/106 条数据 (94.3%) - 已用时: 0.1秒 | 预计剩余: 0.0秒
   └─ 当前员工: 陈年富
📊 [09:40:01] 数据处理: 插入出差数据 [████████████████████] 106/106 条数据 (100.0%) - 已用时: 0.1秒 | 预计剩余: 0.0秒
   └─ 当前员工: 黄风丽
🗄️  [09:40:01] 数据库操作: 数据插入完成 表 'business' - 影响 106 行
ℹ️  [09:40:01] 数据库连接已关闭
✅ [6/6] 数据保存 完成 - 耗时: 0.1秒
🎉 [出差数据合并处理] 脚本执行完成 - 2025-08-14 09:40:01
⏱️  总执行时间: 0.1秒
📈 完成步骤: 6/6
📝 执行摘要: 成功处理106条07月份出差记录
