✅ 获取到 108 条出差记录
正在处理 何升绘 的出差记录: 2025-06-12 上午 -> 2025-06-13 下午
正在处理 何升绘 的出差记录: 2025-06-14 上午 -> 2025-06-16 下午
正在处理 何升绘 的出差记录: 2025-06-17 上午 -> 2025-06-20 下午
正在处理 刘伟豪 的出差记录: 2025-06-14 上午 -> 2025-06-24 下午
正在处理 刘伟豪 的出差记录: 2025-06-14 上午 -> 2025-06-17 下午
正在处理 刘勇 的出差记录: 2025-06-25 下午 -> 2025-06-27 下午
正在处理 刘勇 的出差记录: 2025-06-27 下午 -> 2025-06-29 下午
正在处理 刘小华 的出差记录: 2025-06-10 上午 -> 2025-06-30 下午
正在处理 叶旭 的出差记录: 2025-06-23 上午 -> 2025-06-28 下午
正在处理 吴勇明 的出差记录: 2025-06-06 上午 -> 2025-06-12 下午
正在处理 吴勇明 的出差记录: 2025-06-12 上午 -> 2025-06-15 下午
正在处理 吴勇明 的出差记录: 2025-06-22 下午 -> 2025-06-23 下午
正在处理 吴勇明 的出差记录: 2025-06-23 上午 -> 2025-06-30 下午
正在处理 周哲敏 的出差记录: 2025-06-03 上午 -> 2025-06-06 下午
正在处理 周天 的出差记录: 2025-06-03 上午 -> 2025-06-06 下午
正在处理 周天 的出差记录: 2025-06-07 上午 -> 2025-06-10 下午
正在处理 周天 的出差记录: 2025-06-11 上午 -> 2025-06-13 下午
正在处理 周天 的出差记录: 2025-06-14 下午 -> 2025-06-15 下午
正在处理 周天 的出差记录: 2025-06-16 上午 -> 2025-06-17 下午
正在处理 周天 的出差记录: 2025-06-16 上午 -> 2025-06-16 下午
正在处理 周天 的出差记录: 2025-06-19 上午 -> 2025-06-25 下午
正在处理 周天 的出差记录: 2025-06-26 上午 -> 2025-06-27 下午
正在处理 周天 的出差记录: 2025-06-28 上午 -> 2025-06-29 下午
正在处理 周承成 的出差记录: 2025-06-10 上午 -> 2025-06-17 下午
正在处理 姜晓林 的出差记录: 2025-06-05 上午 -> 2025-06-06 上午
正在处理 姜晓林 的出差记录: 2025-06-09 上午 -> 2025-06-10 上午
正在处理 姜晓林 的出差记录: 2025-06-12 下午 -> 2025-06-13 下午
正在处理 姜晓林 的出差记录: 2025-06-18 下午 -> 2025-06-19 下午
正在处理 姜晓林 的出差记录: 2025-06-30 下午 -> 2025-07-01 下午
正在处理 崔普金 的出差记录: 2025-06-12 上午 -> 2025-06-12 下午
正在处理 张健宁 的出差记录: 2025-06-23 下午 -> 2025-06-26 下午
正在处理 张喆 的出差记录: 2025-06-13 上午 -> 2025-06-16 下午
正在处理 张成林 的出差记录: 2025-06-04 下午 -> 2025-06-06 下午
正在处理 张成林 的出差记录: 2025-06-13 上午 -> 2025-06-13 下午
正在处理 张成林 的出差记录: 2025-06-16 上午 -> 2025-06-19 下午
正在处理 张斌翌 的出差记录: 2025-06-09 上午 -> 2025-06-11 下午
正在处理 张斌翌 的出差记录: 2025-06-11 上午 -> 2025-06-11 下午
正在处理 徐长根 的出差记录: 2025-06-16 上午 -> 2025-06-17 下午
正在处理 徐长根 的出差记录: 2025-06-18 上午 -> 2025-06-19 下午
正在处理 徐长根 的出差记录: 2025-06-26 上午 -> 2025-06-28 下午
正在处理 曹洪强 的出差记录: 2025-06-08 下午 -> 2025-06-10 下午
正在处理 曹洪强 的出差记录: 2025-06-12 下午 -> 2025-06-14 上午
正在处理 曹洪强 的出差记录: 2025-06-14 下午 -> 2025-06-15 上午
正在处理 曹洪强 的出差记录: 2025-06-19 上午 -> 2025-06-19 下午
正在处理 曹洪强 的出差记录: 2025-06-21 上午 -> 2025-06-21 下午
正在处理 曹洪强 的出差记录: 2025-06-24 下午 -> 2025-06-25 下午
正在处理 曹洪强 的出差记录: 2025-06-26 下午 -> 2025-06-27 下午
正在处理 朱显斌 的出差记录: 2025-06-06 上午 -> 2025-06-06 下午
正在处理 朱显斌 的出差记录: 2025-06-30 下午 -> 2025-07-01 下午
正在处理 朱隆轩 的出差记录: 2025-06-10 上午 -> 2025-06-20 下午
正在处理 李可意 的出差记录: 2025-06-02 上午 -> 2025-06-04 下午
正在处理 李可意 的出差记录: 2025-06-05 上午 -> 2025-06-06 下午
正在处理 李可意 的出差记录: 2025-06-07 上午 -> 2025-06-07 下午
正在处理 李可意 的出差记录: 2025-06-09 上午 -> 2025-06-10 下午
正在处理 李可意 的出差记录: 2025-06-11 上午 -> 2025-06-12 下午
正在处理 李可意 的出差记录: 2025-06-13 上午 -> 2025-06-14 下午
正在处理 李可意 的出差记录: 2025-06-16 上午 -> 2025-06-17 上午
正在处理 李可意 的出差记录: 2025-06-17 下午 -> 2025-06-19 下午
正在处理 李可意 的出差记录: 2025-06-20 上午 -> 2025-06-21 下午
正在处理 李可意 的出差记录: 2025-06-23 上午 -> 2025-06-26 下午
正在处理 李可意 的出差记录: 2025-06-27 上午 -> 2025-06-28 下午
正在处理 李可意 的出差记录: 2025-06-30 上午 -> 2025-07-02 下午
正在处理 李奇 的出差记录: 2025-06-06 上午 -> 2025-06-09 下午
正在处理 李奇 的出差记录: 2025-06-10 上午 -> 2025-06-11 下午
正在处理 李祝林 的出差记录: 2025-06-23 上午 -> 2025-06-24 下午
正在处理 李黎 的出差记录: 2025-06-09 上午 -> 2025-06-15 下午
正在处理 李黎 的出差记录: 2025-06-09 上午 -> 2025-06-20 下午
正在处理 李黎 的出差记录: 2025-06-21 上午 -> 2025-07-04 下午
正在处理 杜鸣 的出差记录: 2025-06-18 上午 -> 2025-06-28 上午
正在处理 林明山 的出差记录: 2025-06-03 下午 -> 2025-06-09 下午
正在处理 林明山 的出差记录: 2025-06-16 下午 -> 2025-06-17 下午
正在处理 桂治国 的出差记录: 2025-06-26 上午 -> 2025-06-26 上午
正在处理 段少波 的出差记录: 2025-06-01 上午 -> 2025-06-30 下午
正在处理 沈莉萍 的出差记录: 2025-06-10 上午 -> 2025-06-14 下午
正在处理 王亮 的出差记录: 2025-06-03 上午 -> 2025-06-06 下午
正在处理 王亮 的出差记录: 2025-06-09 上午 -> 2025-06-09 下午
正在处理 王亮 的出差记录: 2025-06-10 上午 -> 2025-06-10 下午
正在处理 王亮 的出差记录: 2025-06-14 上午 -> 2025-06-15 上午
正在处理 王亮 的出差记录: 2025-06-15 上午 -> 2025-06-15 下午
正在处理 王亮 的出差记录: 2025-06-16 上午 -> 2025-06-20 下午
正在处理 王亮 的出差记录: 2025-06-23 上午 -> 2025-06-23 下午
正在处理 王亮 的出差记录: 2025-06-24 上午 -> 2025-06-24 下午
正在处理 甘金利 的出差记录: 2025-06-05 上午 -> 2025-06-09 下午
正在处理 甘金利 的出差记录: 2025-06-12 上午 -> 2025-06-26 下午
正在处理 甘金利 的出差记录: 2025-06-27 上午 -> 2025-07-12 下午
正在处理 祝叶康 的出差记录: 2025-06-02 上午 -> 2025-06-30 下午
正在处理 程铤辉 的出差记录: 2025-06-10 上午 -> 2025-06-14 下午
正在处理 程铤辉 的出差记录: 2025-06-14 上午 -> 2025-06-15 下午
正在处理 程铤辉 的出差记录: 2025-06-17 上午 -> 2025-06-17 下午
正在处理 程铤辉 的出差记录: 2025-06-22 上午 -> 2025-06-23 下午
正在处理 程铤辉 的出差记录: 2025-06-26 上午 -> 2025-06-28 下午
正在处理 程铤辉 的出差记录: 2025-06-30 上午 -> 2025-07-01 下午
正在处理 胡俊杨 的出差记录: 2025-06-01 上午 -> 2025-06-30 下午
正在处理 胡娟娟 的出差记录: 2025-06-13 上午 -> 2025-06-14 下午
正在处理 舒玉豪 的出差记录: 2025-06-08 上午 -> 2025-06-13 下午
正在处理 舒玉豪 的出差记录: 2025-06-11 下午 -> 2025-06-30 下午
正在处理 董凯宁 的出差记录: 2025-06-05 上午 -> 2025-06-30 下午
正在处理 邵万江 的出差记录: 2025-06-30 上午 -> 2025-06-30 下午
正在处理 陈年富 的出差记录: 2025-06-16 上午 -> 2025-06-18 下午
正在处理 雷继彬 的出差记录: 2025-06-05 下午 -> 2025-06-07 下午
正在处理 雷继彬 的出差记录: 2025-06-11 上午 -> 2025-06-11 下午
正在处理 雷继彬 的出差记录: 2025-06-17 上午 -> 2025-06-18 下午
正在处理 雷继彬 的出差记录: 2025-06-26 上午 -> 2025-06-26 下午
正在处理 霍慧鹏 的出差记录: 2025-06-22 下午 -> 2025-06-24 上午
正在处理 韩荣洋 的出差记录: 2025-06-07 上午 -> 2025-06-13 下午
正在处理 高波 的出差记录: 2025-06-02 上午 -> 2025-06-20 下午
正在处理 高波 的出差记录: 2025-06-16 上午 -> 2025-06-20 下午
正在处理 高波 的出差记录: 2025-06-22 上午 -> 2025-06-27 下午
✅ 所有出差记录处理完成
