✅ 获取到 0 条缓存的跨月加班记录
✅ 所有缓存的跨月加班记录处理完成
✅ 获取到 155 条加班记录
✅ 已更新 丁国涛 在 2025-07-01 的考勤记录：正常(08:31, 20:07) + 钉钉加班(2.12h)
✅ 已更新 丁国涛 在 2025-07-09 的考勤记录：正常(08:28, 19:44) + 钉钉加班(1.2h)
✅ 已更新 叶旭 在 2025-07-04 的考勤记录：正常(08:18, 20:20) + 飞书加班(2.0h)
✅ 已更新 叶旭 在 2025-07-08 的考勤记录：正常(08:27, 21:11) + 飞书加班(3.0h)
✅ 已更新 叶旭 在 2025-07-16 的考勤记录：正常(08:33, 20:35) + 飞书加班(2.0h)
✅ 已更新 叶旭 在 2025-07-23 的考勤记录：正常(08:25, 21:04) + 飞书加班(3.0h)
✅ 已更新 叶旭 在 2025-07-24 的考勤记录：迟到(08:35, 20:15) + 飞书加班(2.0h)
✅ 已更新 叶旭 在 2025-07-29 的考勤记录：正常(08:27, 19:33) + 飞书加班(1.0h)
✅ 已更新 周承成 在 2025-07-03 的考勤记录：迟到(08:34, 21:01) + 钉钉加班(2.02h)
✅ 已更新 周承成 在 2025-07-05 的考勤记录：10:21  
17:43   + 钉钉加班(7.75h)
✅ 已更新 夏天龙 在 2025-07-08 的考勤记录：正常(08:32, 20:36) + 钉钉加班(2.62h)
✅ 已更新 夏天龙 在 2025-07-18 的考勤记录：迟到(08:34, 20:27) + 钉钉加班(2.55h)
✅ 已更新 夏天龙 在 2025-07-22 的考勤记录：正常(08:31, 20:37) + 钉钉加班(2.62h)
✅ 已更新 张喆 在 2025-07-17 的考勤记录：正常(08:32, 21:00) + 钉钉加班(3.0h)
✅ 已更新 徐宝通 在 2025-07-05 的考勤记录：10:23  
17:47   + 钉钉加班(7.12h)
✅ 已更新 朱泽利 在 2025-07-27 的考勤记录：出差(十堰洗扫车国标充电改美标调试，和十堰田总去襄阳中车公司看样车；
星辰18T的VCU程序增加锁车功能并调试，3800单电机路试车换桥后的整车调试；)[同行人:朱泽利] + 飞书加班(5.0h)
✅ 已更新 李庭越 在 2025-07-02 的考勤记录：正常(08:12, 20:30) + 钉钉加班(3.0h)
✅ 已更新 李庭越 在 2025-07-05 的考勤记录：08:17  
19:03  
19:04   + 钉钉加班(1.5h)
✅ 已更新 李庭越 在 2025-07-12 的考勤记录：正常(08:17, 18:32) + 钉钉加班(1.0h)
✅ 已更新 李庭越 在 2025-07-22 的考勤记录：正常(08:10, 18:30) + 钉钉加班(1.0h)
✅ 已更新 李庭越 在 2025-07-25 的考勤记录：正常(08:22, 18:33) + 钉钉加班(1.0h)
✅ 已更新 李庭越 在 2025-07-26 的考勤记录：正常(08:21, 19:01) + 钉钉加班(1.5h)
✅ 已更新 李运动 在 2025-07-01 的考勤记录：正常(08:14, 21:19) + 飞书加班(2.5h)
✅ 已更新 李运动 在 2025-07-11 的考勤记录：正常(08:19, 20:06) + 飞书加班(2.0h)
✅ 已更新 李运动 在 2025-07-28 的考勤记录：正常(08:15, 19:00) + 飞书加班(1.0h)
✅ 已更新 李运动 在 2025-07-29 的考勤记录：正常(08:13, 20:00) + 飞书加班(2.0h)
✅ 已更新 李黎 在 2025-07-12 的考勤记录：出差(处理客户故障车辆)[同行人:李黎] + 飞书加班(5.5h)
✅ 已更新 杜稳飞 在 2025-07-23 的考勤记录：正常(08:27, 20:02) + 钉钉加班(2.0h)
✅ 已更新 杜锋 在 2025-07-28 的考勤记录：正常(08:31, 18:36) + 飞书加班(1.0h)
✅ 已更新 杨春森 在 2025-07-02 的考勤记录：正常(08:08, 19:17) + 钉钉加班(1.5h)
✅ 已更新 杨春森 在 2025-07-04 的考勤记录：正常(08:12, 20:05) + 钉钉加班(9.0h)
✅ 已更新 杨春森 在 2025-07-04 的考勤记录：正常(08:12, 20:05) + 钉钉加班(9.0h) + 钉钉加班(2.0h)
✅ 已更新 杨春森 在 2025-07-07 的考勤记录：正常(08:07, 20:03) + 钉钉加班(2.0h)
✅ 已更新 杨春森 在 2025-07-09 的考勤记录：正常(08:11, 18:34) + 钉钉加班(1.0h)
✅ 已更新 杨春森 在 2025-07-12 的考勤记录：正常(00:06, 08:04) + 钉钉加班(5.98h)
✅ 已更新 杨春森 在 2025-07-23 的考勤记录：正常(08:10, 20:31) + 钉钉加班(3.0h)
✅ 已更新 杨春森 在 2025-07-24 的考勤记录：正常(08:03, 20:02) + 钉钉加班(2.0h)
✅ 已更新 杨春森 在 2025-07-25 的考勤记录：早退(08:00, 17:30) + 钉钉加班(1.5h)
✅ 已更新 杨春森 在 2025-07-26 的考勤记录：正常(08:12, 20:02) + 钉钉加班(2.0h)
✅ 已更新 杨春森 在 2025-07-28 的考勤记录：正常(08:14, 20:01) + 钉钉加班(2.0h)
✅ 已更新 杨春森 在 2025-07-29 的考勤记录：正常(08:10, 18:31) + 钉钉加班(1.0h)
✅ 已更新 梁梅 在 2025-07-01 的考勤记录：正常(08:06, 21:29) + 飞书加班(2.5h)
✅ 已更新 梁梅 在 2025-07-02 的考勤记录：正常(08:05, 19:01) + 飞书加班(1.0h)
✅ 已更新 梁梅 在 2025-07-22 的考勤记录：正常(07:29, 19:06) + 飞书加班(1.0h)
✅ 已更新 梁梅 在 2025-07-23 的考勤记录：正常(08:03, 20:01) + 飞书加班(2.0h)
✅ 已更新 梁梅 在 2025-07-24 的考勤记录：正常(07:47, 20:18) + 飞书加班(2.0h)
✅ 已更新 段少波 在 2025-07-02 的考勤记录：出差(随州出差) + 钉钉加班(2.5h)
✅ 已更新 段少波 在 2025-07-05 的考勤记录：出差(随州出差) + 钉钉加班(12.5h)
✅ 已更新 段少波 在 2025-07-08 的考勤记录：出差(随州出差) + 钉钉加班(2.5h)
✅ 已更新 段少波 在 2025-07-09 的考勤记录：出差(随州出差) + 钉钉加班(2.5h)
✅ 已更新 段少波 在 2025-07-10 的考勤记录：出差(随州出差) + 钉钉加班(2.5h)
✅ 已更新 段少波 在 2025-07-11 的考勤记录：出差(随州出差) + 钉钉加班(2.5h)
✅ 已更新 段少波 在 2025-07-14 的考勤记录：出差(随州出差) + 钉钉加班(2.5h)
✅ 已更新 段少波 在 2025-07-15 的考勤记录：出差(随州出差) + 钉钉加班(2.5h)
✅ 已更新 段少波 在 2025-07-16 的考勤记录：出差(随州出差) + 钉钉加班(2.5h)
✅ 已更新 段少波 在 2025-07-17 的考勤记录：出差(随州出差) + 钉钉加班(2.5h)
✅ 已更新 段少波 在 2025-07-24 的考勤记录：出差(随州出差) + 钉钉加班(3.0h)
✅ 已更新 段少波 在 2025-07-25 的考勤记录：出差(随州出差) + 钉钉加班(1.5h)
✅ 已更新 段少波 在 2025-07-25 的考勤记录：出差(随州出差) + 钉钉加班(1.5h) + 钉钉加班(15.0h)
✅ 已更新 段少波 在 2025-07-28 的考勤记录：出差(随州出差) + 钉钉加班(1.5h)
✅ 已更新 段少波 在 2025-07-29 的考勤记录：出差(随州出差) + 钉钉加班(2.0h)
✅ 已更新 殷四雄 在 2025-07-04 的考勤记录：正常(08:28, 19:11) + 钉钉加班(1.0h)
✅ 已更新 殷四雄 在 2025-07-23 的考勤记录：正常(08:19, 18:30) + 钉钉加班(1.0h)
✅ 已更新 殷四雄 在 2025-07-24 的考勤记录：正常(08:25, 19:35) + 钉钉加班(1.5h)
✅ 已更新 沈琪海 在 2025-07-28 的考勤记录：正常(08:28, 19:17) + 钉钉加班(1.5h)
✅ 已更新 玉玲珑（魏玉玲） 在 2025-07-25 的考勤记录：正常(08:20, 21:33) + 钉钉加班(4.0h)
✅ 已更新 玉玲珑（魏玉玲） 在 2025-07-25 的考勤记录：正常(08:20, 21:33) + 钉钉加班(4.0h) + 钉钉加班(2.5h)
✅ 已更新 王佳忠 在 2025-07-11 的考勤记录：正常(08:31, 20:35) + 钉钉加班(2.5h)
✅ 已更新 王佳忠 在 2025-07-16 的考勤记录：正常(08:27, 20:31) + 钉钉加班(2.5h)
✅ 已更新 王佳忠 在 2025-07-23 的考勤记录：缺卡(1次) 20:31   + 钉钉加班(2.5h)
✅ 已更新 王兴磊 在 2025-07-08 的考勤记录：正常(05:47, 17:31) + 钉钉加班(2.5h)
✅ 已更新 王兴磊 在 2025-07-14 的考勤记录：早退(05:50, 17:30) + 钉钉加班(2.5h)
✅ 已更新 王兴磊 在 2025-07-24 的考勤记录：正常(07:59, 20:03) + 钉钉加班(2.5h)
✅ 已更新 王兴磊 在 2025-07-25 的考勤记录：正常(07:24, 20:31) + 钉钉加班(1.0h)
✅ 已更新 王兴磊 在 2025-07-25 的考勤记录：正常(07:24, 20:31) + 钉钉加班(1.0h) + 钉钉加班(3.0h)
✅ 已更新 董凯宁 在 2025-07-02 的考勤记录：出差(支援随州基地制程来料检验)[同行人:董凯宁] + 钉钉加班(2.0h)
✅ 已更新 钟洪伟 在 2025-07-01 的考勤记录：正常(08:32, 21:57) + 钉钉加班(4.0h)
✅ 已更新 钟洪伟 在 2025-07-02 的考勤记录：正常(08:27, 19:00) + 钉钉加班(1.0h)
✅ 已更新 钟洪伟 在 2025-07-04 的考勤记录：迟到(08:35, 20:21) + 钉钉加班(2.5h)
✅ 已更新 钟洪伟 在 2025-07-12 的考勤记录：正常(08:28, 21:35) + 钉钉加班(3.5h)
✅ 已更新 钟洪伟 在 2025-07-28 的考勤记录：正常(08:31, 20:04) + 钉钉加班(2.0h)
✅ 已更新 闫亚东 在 2025-07-02 的考勤记录：正常(07:26, 22:16) + 钉钉加班(4.0h)
✅ 已更新 闫亚东 在 2025-07-03 的考勤记录：正常(08:25, 21:01) + 钉钉加班(3.0h)
✅ 已更新 闫亚东 在 2025-07-05 的考勤记录：09:45  
17:47   + 钉钉加班(8.0h)
✅ 已更新 闫亚东 在 2025-07-07 的考勤记录：正常(08:25, 21:07) + 钉钉加班(3.0h)
✅ 已更新 闫亚东 在 2025-07-15 的考勤记录：正常(08:16, 21:32) + 钉钉加班(3.5h)
✅ 已更新 闫亚东 在 2025-07-17 的考勤记录：正常(08:29, 21:06) + 钉钉加班(3.0h)
✅ 已更新 陈之东 在 2025-07-02 的考勤记录：正常(08:25, 19:44) + 钉钉加班(1.67h)
✅ 已更新 陈之东 在 2025-07-08 的考勤记录：正常(08:27, 19:01) + 钉钉加班(1.0h)
✅ 已更新 陈之东 在 2025-07-11 的考勤记录：正常(08:25, 19:08) + 钉钉加班(1.0h)
✅ 已更新 陈之东 在 2025-07-14 的考勤记录：正常(08:30, 19:53) + 钉钉加班(1.5h)
✅ 已更新 陈之东 在 2025-07-15 的考勤记录：正常(08:25, 19:36) + 钉钉加班(1.5h)
✅ 已更新 陈之东 在 2025-07-17 的考勤记录：正常(08:25, 19:46) + 钉钉加班(1.67h)
✅ 已更新 陈之东 在 2025-07-22 的考勤记录：正常(08:27, 20:01) + 钉钉加班(2.0h)
✅ 已更新 陈之东 在 2025-07-24 的考勤记录：正常(08:26, 19:03) + 钉钉加班(1.0h)
✅ 已更新 陈之东 在 2025-07-30 的考勤记录：正常(08:28, 19:00) + 钉钉加班(1.0h)
✅ 已更新 陈登科 在 2025-07-02 的考勤记录：正常(08:24, 18:30) + 钉钉加班(1.0h)
✅ 已更新 陈登科 在 2025-07-08 的考勤记录：正常(05:48, 17:32) + 钉钉加班(2.5h)
✅ 已更新 陈登科 在 2025-07-09 的考勤记录：正常(05:51, 18:00) + 钉钉加班(2.5h)
✅ 已更新 陈登科 在 2025-07-11 的考勤记录：钉钉请假(2.5小时)[调休](调休) + 钉钉加班(2.5h)
✅ 已更新 陈登科 在 2025-07-14 的考勤记录：钉钉请假(2.5小时)[调休](调休) + 钉钉加班(2.5h)
✅ 已更新 陈登科 在 2025-07-15 的考勤记录：钉钉请假(2.5小时)[调休](调休) + 钉钉加班(2.5h)
✅ 已更新 陈登科 在 2025-07-17 的考勤记录：钉钉请假(2.5小时)[调休](调休) + 钉钉加班(2.5h)
✅ 已更新 陈登科 在 2025-07-20 的考勤记录：06:28  
11:34   + 钉钉加班(5.0h)
✅ 已更新 陈登科 在 2025-07-25 的考勤记录：缺卡(1次) 06:52   + 钉钉加班(13.0h)
✅ 已更新 陈登科 在 2025-07-28 的考勤记录：钉钉请假(2小时)[调休](调休) + 钉钉加班(2.0h)
✅ 已更新 陈登科 在 2025-07-29 的考勤记录：正常(06:23, 17:39) + 钉钉加班(2.0h)
✅ 已更新 陈雄 在 2025-07-08 的考勤记录：正常(05:53, 17:32) + 钉钉加班(2.5h)
✅ 已更新 陈雄 在 2025-07-09 的考勤记录：正常(06:26, 18:02) + 钉钉加班(2.0h)
✅ 已更新 陈雄 在 2025-07-10 的考勤记录：正常(05:47, 18:06) + 钉钉加班(2.5h)
✅ 已更新 陈雄 在 2025-07-14 的考勤记录：钉钉请假(2.5小时)[调休](调休) + 钉钉加班(2.5h)
✅ 已更新 陈雄 在 2025-07-15 的考勤记录：钉钉请假(2.5小时)[调休](调休) + 钉钉加班(2.5h)
✅ 已更新 陈雄 在 2025-07-16 的考勤记录：钉钉请假(2小时)[调休](调休) + 钉钉加班(2.5h)
✅ 已更新 陈雄 在 2025-07-17 的考勤记录：钉钉请假(2小时)[调休](调休) + 钉钉加班(2.5h)
✅ 已更新 陈雄 在 2025-07-24 的考勤记录：正常(08:30, 20:30) + 钉钉加班(3.0h)
✅ 已更新 陈雄 在 2025-07-24 的考勤记录：正常(08:30, 20:30) + 钉钉加班(3.0h) + 钉钉加班(3.0h)
✅ 已更新 陈雄 在 2025-07-25 的考勤记录：正常(06:50, 20:35) + 钉钉加班(1.5h)
✅ 已更新 陈雄 在 2025-07-25 的考勤记录：正常(06:50, 20:35) + 钉钉加班(1.5h) + 钉钉加班(3.0h)
✅ 已更新 陈雄 在 2025-07-26 的考勤记录：钉钉请假(4.5小时)[调休](调休) + 钉钉加班(2.0h)
✅ 已更新 陈雄 在 2025-07-28 的考勤记录：正常(06:26, 18:00) + 钉钉加班(2.0h)
✅ 已更新 陈雄 在 2025-07-29 的考勤记录：正常(06:29, 17:32) + 钉钉加班(2.0h)
✅ 已更新 霍慧鹏 在 2025-07-05 的考勤记录：08:41  
18:06   + 钉钉加班(9.0h)
✅ 已更新 韦东略 在 2025-07-01 的考勤记录：迟到(08:35, 20:31) + 钉钉加班(2.52h)
✅ 已更新 韦东略 在 2025-07-03 的考勤记录：正常(07:34, 18:00) + 钉钉加班(2.5h)
✅ 已更新 韦东略 在 2025-07-10 的考勤记录：钉钉请假(2小时)[调休](办理业务) + 钉钉加班(2.5h)
✅ 已更新 韦东略 在 2025-07-14 的考勤记录：正常(08:33, 18:00) + 钉钉加班(2.5h)
✅ 已更新 韦东略 在 2025-07-22 的考勤记录：钉钉请假(4小时)[调休](处理一些事情) + 钉钉加班(2.5h)
✅ 已更新 韦东略 在 2025-07-24 的考勤记录：迟到(08:35, 19:06) + 钉钉加班(2.5h)
✅ 已更新 马鸣强 在 2025-07-05 的考勤记录：出差(支援随州基地生产质量检验
)[同行人:马鸣强] + 钉钉加班(10.58h)
✅ 已更新 高剑濠 在 2025-07-02 的考勤记录：迟到(08:34, 21:06) + 钉钉加班(3.17h)
✅ 已更新 高剑濠 在 2025-07-09 的考勤记录：正常(08:33, 20:42) + 钉钉加班(2.7h)
✅ 已更新 高剑濠 在 2025-07-14 的考勤记录：正常(08:33, 20:44) + 钉钉加班(2.5h)
✅ 已更新 高剑濠 在 2025-07-15 的考勤记录：迟到(08:35, 20:38) + 钉钉加班(2.5h)
✅ 已更新 高剑濠 在 2025-07-25 的考勤记录：迟到(08:34, 20:48) + 钉钉加班(2.58h)
✅ 已更新 魏军 在 2025-07-26 的考勤记录：钉钉请假(4.5小时)[调休](晚上上小夜班，调休半天) + 钉钉加班(5.5h)
✅ 已更新 魏权 在 2025-07-02 的考勤记录：正常(08:22, 20:08) + 钉钉加班(2.5h)
✅ 已更新 魏权 在 2025-07-05 的考勤记录：08:24  
19:02   + 钉钉加班(1.0h)
✅ 已更新 魏权 在 2025-07-05 的考勤记录：08:24  
19:02   + 钉钉加班(1.0h) + 钉钉加班(1.0h)
✅ 已更新 魏权 在 2025-07-08 的考勤记录：早退(05:45, 16:04) + 钉钉加班(2.5h)
✅ 已更新 魏权 在 2025-07-09 的考勤记录：早退(05:44, 12:01) + 钉钉加班(2.5h)
✅ 已更新 魏权 在 2025-07-10 的考勤记录：早退(05:41, 12:05) + 钉钉加班(2.5h)
✅ 已更新 魏权 在 2025-07-11 的考勤记录：早退(05:51, 12:07) + 钉钉加班(2.5h)
✅ 已更新 魏权 在 2025-07-12 的考勤记录：正常(08:22, 17:31) + 钉钉加班(1.0h)
✅ 已更新 魏权 在 2025-07-14 的考勤记录：早退(05:46, 16:08) + 钉钉加班(2.5h)
✅ 已更新 魏权 在 2025-07-15 的考勤记录：早退(05:55, 12:02) + 钉钉加班(2.5h)
✅ 已更新 魏权 在 2025-07-16 的考勤记录：正常(05:52, 11:01) + 钉钉加班(2.5h)
✅ 已更新 魏权 在 2025-07-16 的考勤记录：正常(05:52, 11:01) + 钉钉加班(2.5h) + 钉钉加班(2.5h)
✅ 已更新 魏权 在 2025-07-17 的考勤记录：缺卡(1次) 05:50   + 钉钉加班(2.5h)
✅ 已更新 魏权 在 2025-07-20 的考勤记录：06:22  
11:32   + 钉钉加班(5.0h)
✅ 已更新 魏权 在 2025-07-24 的考勤记录：正常(08:27, 17:32) + 钉钉加班(3.0h)
✅ 已更新 魏权 在 2025-07-25 的考勤记录：缺卡(1次) 06:57   + 钉钉加班(1.5h)
✅ 已更新 魏权 在 2025-07-25 的考勤记录：缺卡(1次) 06:57   + 钉钉加班(1.5h) + 钉钉加班(13.0h)
✅ 已更新 魏权 在 2025-07-26 的考勤记录：正常(07:02, 07:02) + 钉钉加班(6.0h)
✅ 已更新 魏权 在 2025-07-28 的考勤记录：早退(06:22, 12:31) + 钉钉加班(2.0h)
✅ 已更新 魏权 在 2025-07-29 的考勤记录：正常(06:18, 17:32) + 钉钉加班(2.0h)
✅ 考勤记录更新完成
