已清空结果表并更新表结构
读取 155 条加班记录
设置最大并发数: 10
丁国涛 2025-07-09 18:32 2025-07-09 19:44 1.2 优化1200H电机壳体结构和数模 钉钉
第 2 条记录处理完成，处理结果：
 丁国涛,2025-07-09,18:32-19:44,1.2
----------------------------------------------------------------------
叶旭 2025-07-04 18:00 2025-07-04 20:00 2.0 法国 飞书
第 3 条记录处理完成，处理结果：
 叶旭,2025-07-04,18:00-20:00,2.0
----------------------------------------------------------------------
叶旭 2025-07-08 18:00 2025-07-08 21:00 3.0 发货 飞书
第 4 条记录处理完成，处理结果：
 叶旭,2025-07-08,18:00-21:00,3.0
----------------------------------------------------------------------
叶旭 2025-07-16 18:00 2025-07-16 20:00 2.0 发货 飞书
第 5 条记录处理完成，处理结果：
 叶旭,2025-07-16,18:00-20:00,2.0
----------------------------------------------------------------------
周承成 2025-07-03 19:00 2025-07-03 21:01 2.02 1200差速器系统优化 钉钉
第 9 条记录处理完成，处理结果：
 周承成,2025-07-03,19:00-21:01,2.02
----------------------------------------------------------------------
叶旭 2025-07-29 18:00 2025-07-29 19:00 1.0 发货 飞书
第 8 条记录处理完成，处理结果：
 叶旭,2025-07-29,18:00-19:00,1.0
----------------------------------------------------------------------
周承成 2025-07-05 10:00 2025-07-05 17:45 7.75 EA1200N项目差速器出图 钉钉
第 10 条记录处理完成，处理结果：
 周承成,2025-07-05,10:00-17:45,7.75
----------------------------------------------------------------------
叶旭 2025-07-23 18:00 2025-07-23 21:00 3.0 发货 飞书
第 6 条记录处理完成，处理结果：
 叶旭,2025-07-23,18:00-21:00,3.0
----------------------------------------------------------------------
叶旭 2025-07-24 18:00 2025-07-24 20:00 2.0 发货 飞书
第 7 条记录处理完成，处理结果：
 叶旭,2025-07-24,18:00-20:00,2.0
----------------------------------------------------------------------
丁国涛 2025-07-01 18:00 2025-07-01 20:07 2.12 优化1200H电机壳体系统结构和数模 钉钉
第 1 条记录处理完成，处理结果：
 丁国涛,2025-07-01,18:00-20:07,2.12
----------------------------------------------------------------------
夏天龙 2025-07-08 18:00 2025-07-08 20:37 2.62 EA3800NTRS03可靠性、EA3800N动态换挡试验、EA3800N静态换挡试验值班 钉钉
第 11 条记录处理完成，处理结果：
 夏天龙,2025-07-08,18:00-20:37,2.62
----------------------------------------------------------------------
夏天龙 2025-07-18 18:00 2025-07-18 20:33 2.55 EA3800N静态换挡测试值班 钉钉
第 12 条记录处理完成，处理结果：
 夏天龙,2025-07-18,18:00-20:33,2.55
----------------------------------------------------------------------
夏天龙 2025-07-22 18:00 2025-07-22 20:37 2.62 EA3800N静态换挡测试和EA3800NTRS03可靠性试验值班 钉钉
第 13 条记录处理完成，处理结果：
 夏天龙,2025-07-22,18:00-20:37,2.62
----------------------------------------------------------------------
张喆 2025-07-17 18:00 2025-07-17 21:00 3.0 绘制四方桥总成图 钉钉
第 14 条记录处理完成，处理结果：
 张喆,2025-07-17,18:00-21:00,3.0
----------------------------------------------------------------------
徐宝通 2025-07-05 10:30 2025-07-05 17:37 7.12 1200项目加班申请 钉钉
第 15 条记录处理完成，处理结果：
 徐宝通,2025-07-05,10:30-17:37,7.12
----------------------------------------------------------------------
朱泽利 2025-07-27 12:00 2025-07-27 17:00 5.0 跟十堰田总前往襄阳中车集团公司总结凌特样车的遗留历史问题 飞书
第 16 条记录处理完成，处理结果：
 朱泽利,2025-07-27,12:00-17:00,5.0
----------------------------------------------------------------------
李庭越 2025-07-02 17:30 2025-07-02 20:30 3.0 车间有生产任务需配合加班发料及深向客户发货装车 钉钉
第 17 条记录处理完成，处理结果：
 李庭越,2025-07-02,17:30-20:30,3.0
----------------------------------------------------------------------
李庭越 2025-07-05 17:30 2025-07-05 19:00 1.5 有客户来厂参观 钉钉
第 18 条记录处理完成，处理结果：
 李庭越,2025-07-05,17:30-19:00,1.5
----------------------------------------------------------------------
李庭越 2025-07-12 17:30 2025-07-12 18:30 1.0 有客户参观加班整理仓库物料 钉钉
第 19 条记录处理完成，处理结果：
 李庭越,2025-07-12,17:30-18:30,1.0
----------------------------------------------------------------------
李庭越 2025-07-22 17:30 2025-07-22 18:30 1.0 深向客户桥发货 钉钉
第 20 条记录处理完成，处理结果：
 李庭越,2025-07-22,17:30-18:30,1.0
----------------------------------------------------------------------
李庭越 2025-07-25 17:30 2025-07-25 18:30 1.0 加班装到杭州的动力总成 钉钉
第 21 条记录处理完成，处理结果：
 李庭越,2025-07-25,17:30-18:30,1.0
----------------------------------------------------------------------
李庭越 2025-07-26 17:30 2025-07-26 19:00 1.5 送工具去新楚风给售后维修车桥 钉钉
第 22 条记录处理完成，处理结果：
 李庭越,2025-07-26,17:30-19:00,1.5
----------------------------------------------------------------------
李运动 2025-07-01 18:30 2025-07-01 21:00 2.5 统计整理杭州及随州生产线边退库物料清单并做调拨单据 飞书
第 23 条记录处理完成，处理结果：
 李运动,2025-07-01,18:30-21:00,2.5
----------------------------------------------------------------------
李运动 2025-07-11 18:00 2025-07-11 20:00 2.0 杭州仓库生产物料发随州备用，打包装车。 飞书
第 24 条记录处理完成，处理结果：
 李运动,2025-07-11,18:00-20:00,2.0
----------------------------------------------------------------------
李运动 2025-07-28 18:00 2025-07-28 19:00 1.0 日常账务处理 飞书
第 25 条记录处理完成，处理结果：
 李运动,2025-07-28,18:00-19:00,1.0
----------------------------------------------------------------------
李运动 2025-07-29 18:00 2025-07-29 20:00 2.0 日常账务处理 飞书
第 26 条记录处理完成，处理结果：
 李运动,2025-07-29,18:00-20:00,2.0
----------------------------------------------------------------------
李黎 2025-07-12 18:00 2025-07-12 23:30 5.5 蒙城处理京深车辆问题 飞书
第 27 条记录处理完成，处理结果：
 李黎,2025-07-12,18:00-23:30,5.5
----------------------------------------------------------------------
杜稳飞 2025-07-23 18:00 2025-07-23 20:00 2.0 检验1900项目改制的轮边端盖 钉钉
第 28 条记录处理完成，处理结果：
 杜稳飞,2025-07-23,18:00-20:00,2.0
----------------------------------------------------------------------
杜锋 2025-07-28 17:30 2025-07-28 18:30 1.0 加班开会 飞书
第 29 条记录处理完成，处理结果：
 杜锋,2025-07-28,17:30-18:30,1.0
----------------------------------------------------------------------
杨春森 2025-07-02 17:30 2025-07-02 19:00 1.5 为了满足滞物料处理，连班人员1人:杨春森 钉钉
第 30 条记录处理完成，处理结果：
 杨春祥,2025-07-31,18:00-20:00,2.0

杨春森,2025-07-02,17:30-19:00,1.5
----------------------------------------------------------------------
杨春森 2025-07-04 08:30 2025-07-04 17:30 9.0 为了满足订单需要，EA3800返修，C7300K，售后EA5000清洗压装，售后EA5000动力总成，装配，打包发货等需要，今日加班人员12人，加班:王富，赵宁宁，岳飞扬，田浩，马灼威，秦国超，杨春森，张海鹏，叶文敬，俞寅凯，徐正亮，殷顺威 钉钉
第 31 条记录处理完成，处理结果：
 王富,2025-07-04,08:30-17:30,9.0
赵宁宁,2025-07-04,08:30-17:30,9.0
岳飞扬,2025-07-04,08:30-17:30,9.0
田浩,2025-07-04,08:30-17:30,9.0
马灼威,2025-07-04,08:30-17:30,9.0
秦国超,2025-07-04,08:30-17:30,9.0
杨春森,2025-07-04,08:30-17:30,9.0
张海鹏,2025-07-04,08:30-17:30,9.0
叶文敬,2025-07-04,08:30-17:30,9.0
俞寅凯,2025-07-04,08:30-17:30,9.0
徐正亮,2025-07-04,08:30-17:30,9.0
殷顺威,2025-07-04,08:30-17:30,9.0
----------------------------------------------------------------------
杨春森 2025-07-04 18:00 2025-07-04 20:00 2.0 为了满足订单需要，EA5000清洗压装，EA5000动力总成，装配，打包发货等需要，今日加班人员7人，加班:王富，赵宁宁，岳飞扬，田浩，马灼威，秦国超，杨春森 钉钉
第 32 条记录处理完成，处理结果：
 王富,2025-07-04,18:00-20:00,2.0
赵宁宁,2025-07-04,18:00-20:00,2.0
岳飞扬,2025-07-04,18:00-20:00,2.0
田浩,2025-07-04,18:00-20:00,2.0
马灼威,2025-07-04,18:00-20:00,2.0
秦国超,2025-07-04,18:00-20:00,2.0
杨春森,2025-07-04,18:00-20:00,2.0
----------------------------------------------------------------------
杨春森 2025-07-07 18:00 2025-07-07 20:00 2.0 为了满足订单需要，EA4000返修，EA5000清洗压装，售后EA5000动力总成，装配发货等需要，今日加班人员12人，加班:王富，赵宁宁，岳飞扬，马灼威，秦国超，杨春森，张海鹏，叶文敬，俞寅凯，徐正亮，殷顺威，邓子鑫， 钉钉
第 33 条记录处理完成，处理结果：
 王富,2025-07-07,18:00-20:00,2.0  
赵宁宁,2025-07-07,18:00-20:00,2.0  
岳飞扬,2025-07-07,18:00-20:00,2.0  
马灼威,2025-07-07,18:00-20:00,2.0  
秦国超,2025-07-07,18:00-20:00,2.0  
杨春森,2025-07-07,18:00-20:00,2.0  
张海鹏,2025-07-07,18:00-20:00,2.0  
叶文敬,2025-07-07,18:00-20:00,2.0  
俞寅凯,2025-07-07,18:00-20:00,2.0  
徐正亮,2025-07-07,18:00-20:00,2.0  
殷顺威,2025-07-07,18:00-20:00,2.0  
邓子鑫,2025-07-07,18:00-20:00,2.0
----------------------------------------------------------------------
杨春森 2025-07-09 17:30 2025-07-09 18:30 1.0 为了满足订单需要，EA5000清洗压装，售后EA5000动力总成，装配发货等需要，今日连班人员6人，加班:王富，赵宁宁，岳飞扬，马灼威，杨春森，徐正亮 钉钉
第 34 条记录处理完成，处理结果：
 杨春森,2025-07-09,17:30-18:30,1.0  
王富,2025-07-09,17:30-18:30,1.0  
赵宁宁,2025-07-09,17:30-18:30,1.0  
岳飞扬,2025-07-09,17:30-18:30,1.0  
马灼威,2025-07-09,17:30-18:30,1.0  
徐正亮,2025-07-09,17:30-18:30,1.0
----------------------------------------------------------------------
杨春森 2025-07-12 18:00 2025-07-12 23:59 5.98 为了满足订单需要，技术EA5000卧龙电机总成整桥装配，售后C2100N轮边驱动总成，1左1右，装配，测试发货等需要，今日班人员14人，加班:张海鹏，叶文敬，俞寅凯，殷顺威18:00--20:00，马灼威，徐正亮，马建发18:00--22:30，朱强，秦国超，岳飞扬，赵宁宁，王富，邓子鑫，杨春森18:00--24:00 钉钉
第 35 条记录处理完成，处理结果：
 张海鹏,2025-07-12,18:00-20:00,2.0  
叶文敬,2025-07-12,18:00-20:00,2.0  
俞寅凯,2025-07-12,18:00-20:00,2.0  
殷顺威,2025-07-12,18:00-20:00,2.0  
马灼威,2025-07-12,18:00-22:30,4.5  
徐正亮,2025-07-12,18:00-22:30,4.5  
马建发,2025-07-12,18:00-22:30,4.5  
朱强,2025-07-12,18:00-24:00,6.0  
秦国超,2025-07-12,18:00-24:00,6.0  
岳飞扬,2025-07-12,18:00-24:00,6.0  
赵宁宁,2025-07-12,18:00-24:00,6.0  
王富,2025-07-12,18:00-24:00,6.0  
邓子鑫,2025-07-12,18:00-24:00,6.0  
杨春森,2025-07-12,18:00-24:00,6.0
----------------------------------------------------------------------
杨春森 2025-07-23 17:30 2025-07-23 20:30 3.0 为了满足订单需要，EA5000气缸装配，测试，C1900N卧龙电机动力总成装配，C2100N轮边端盖总成装配，测试发货等需要，今日班人员9人，加班:张海鹏，俞寅凯，马建发，18:00--20:00，徐正亮，马宗坤，岳飞扬，秦国超,连班17:30--18:30，赵宁宁,杨春森,连班17:30--20:30 钉钉
第 36 条记录处理完成，处理结果：
 张海鹏,2025-07-23,18:00-20:00,2.0
俞寅凯,2025-07-23,18:00-20:00,2.0
马建发,2025-07-23,18:00-20:00,2.0
徐正亮,2025-07-23,17:30-18:30,1.0
马宗坤,2025-07-23,17:30-18:30,1.0
岳飞扬,2025-07-23,17:30-18:30,1.0
秦国超,2025-07-23,17:30-18:30,1.0
赵宁宁,2025-07-23,17:30-20:30,3.0
杨春森,2025-07-23,17:30-20:30,3.0
----------------------------------------------------------------------
杨春森 2025-07-24 18:00 2025-07-24 20:00 2.0 为了满足订单需要，EA5000气缸装配，测试，C1900N卧龙电机动力总成装配，测试发货等需要，今日班人员9人，加班:徐正亮，马灼威，马宗坤，岳飞扬，秦国超,赵宁宁,殷顺威，朱强，杨春森, 钉钉
第 37 条记录处理完成，处理结果：
 徐正亮,2025-07-24,18:00-20:00,2.0  
马灼威,2025-07-24,18:00-20:00,2.0  
马宗坤,2025-07-24,18:00-20:00,2.0  
岳飞扬,2025-07-24,18:00-20:00,2.0  
秦国超,2025-07-24,18:00-20:00,2.0  
赵宁宁,2025-07-24,18:00-20:00,2.0  
殷顺威,2025-07-24,18:00-20:00,2.0  
朱强,2025-07-24,18:00-20:00,2.0  
杨春森,2025-07-24,18:00-20:00,2.0
----------------------------------------------------------------------
杨春森 2025-07-25 17:30 2025-07-25 19:00 1.5 为了满足订单需要，EA5000气缸装配，测试，C1900N卧龙电机动力总成装配，测试发货等需要，今日连班人员6人，朱强，赵宁宁，岳飞扬，马崇坤，马建发，缪招胜， 钉钉
第 38 条记录处理完成，处理结果：
 杨春森,2025-07-25,17:30-19:00,1.5  
朱强,2025-07-25,17:30-19:00,1.5  
赵宁宁,2025-07-25,17:30-19:00,1.5  
岳飞扬,2025-07-25,17:30-19:00,1.5  
马崇坤,2025-07-25,17:30-19:00,1.5  
马建发,2025-07-25,17:30-19:00,1.5  
缪招胜,2025-07-25,17:30-19:00,1.5
----------------------------------------------------------------------
杨春森 2025-07-26 18:00 2025-07-26 20:00 2.0 为了满足订单需要，EA5000气缸装配，测试，C1900N卧龙电机动力总成装配，测试发货等需要，今日班人员11人，加班:徐正亮，马灼威，马宗坤，岳飞扬，秦国超,赵宁宁,殷顺威，邓子鑫，缪招胜，朱强，杨春森, 钉钉
第 39 条记录处理完成，处理结果：
 徐正亮,2025-07-26,18:00-20:00,2.0
马灼威,2025-07-26,18:00-20:00,2.0
马宗坤,2025-07-26,18:00-20:00,2.0
岳飞扬,2025-07-26,18:00-20:00,2.0
秦国超,2025-07-26,18:00-20:00,2.0
赵宁宁,2025-07-26,18:00-20:00,2.0
殷顺威,2025-07-26,18:00-20:00,2.0
邓子鑫,2025-07-26,18:00-20:00,2.0
缪招胜,2025-07-26,18:00-20:00,2.0
朱强,2025-07-26,18:00-20:00,2.0
杨春森,2025-07-26,18:00-20:00,2.0
----------------------------------------------------------------------
杨春森 2025-07-28 18:00 2025-07-28 20:00 2.0 为了满足订单需要，整理车间现场，C1900N卧龙电机动力总成装配，测试发货等需要，今日班人员11人，加班:徐正亮，马灼威，马宗坤，岳飞扬，秦国超,赵宁宁,殷顺威，邓子鑫，缪招胜，朱强，杨春森, 钉钉
第 40 条记录处理完成，处理结果：
 徐正亮,2025-07-28,18:00-20:00,2.0
马灼威,2025-07-28,18:00-20:00,2.0
马宗坤,2025-07-28,18:00-20:00,2.0
岳飞扬,2025-07-28,18:00-20:00,2.0
秦国超,2025-07-28,18:00-20:00,2.0
赵宁宁,2025-07-28,18:00-20:00,2.0
殷顺威,2025-07-28,18:00-20:00,2.0
邓子鑫,2025-07-28,18:00-20:00,2.0
缪招胜,2025-07-28,18:00-20:00,2.0
朱强,2025-07-28,18:00-20:00,2.0
杨春森,2025-07-28,18:00-20:00,2.0
----------------------------------------------------------------------
杨春森 2025-07-29 17:30 2025-07-29 18:30 1.0 为了满足订单需要，加班清洗压装，安装主动轮总成，连班人员1人:杨春森 钉钉
第 41 条记录处理完成，处理结果：
 杨春森,2025-07-29,17:30-18:30,1.0
----------------------------------------------------------------------
梁梅 2025-07-01 18:30 2025-07-01 21:00 2.5 新系统切换账务转结工作 飞书
第 42 条记录处理完成，处理结果：
 梁梅,2025-07-01,18:30-21:00,2.5
----------------------------------------------------------------------
梁梅 2025-07-02 18:00 2025-07-02 19:00 1.0 积压专项处理接待回收供应商 飞书
第 43 条记录处理完成，处理结果：
 梁梅,2025-07-02,18:00-19:00,1.0
----------------------------------------------------------------------
梁梅 2025-07-22 18:00 2025-07-22 19:00 1.0 仓储账务处理 飞书
第 44 条记录处理完成，处理结果：
 梁梅,2025-07-22,18:00-19:00,1.0
----------------------------------------------------------------------
梁梅 2025-07-23 18:00 2025-07-23 20:00 2.0 协调EA1900N项目加急物料到货检验、发生产总装 飞书
第 45 条记录处理完成，处理结果：
 梁梅,2025-07-23,18:00-20:00,2.0
----------------------------------------------------------------------
梁梅 2025-07-24 18:00 2025-07-24 20:00 2.0 仓储账务处理 飞书
第 46 条记录处理完成，处理结果：
 梁梅,2025-07-24,18:00-20:00,2.0
----------------------------------------------------------------------
段少波 2025-07-02 17:30 2025-07-02 20:00 2.5 1.京深打包发货 ，                      共1人                                                                                    1.段少波，17:30-20:00 钉钉
第 47 条记录处理完成，处理结果：
 段少波,2025-07-02,17:30-20:00,2.5
----------------------------------------------------------------------
段少波 2025-07-05 08:30 2025-07-05 21:00 12.5 1.客户参观                 共1人                                                                                    1.段少波，08:30-21:00 钉钉
第 48 条记录处理完成，处理结果：
 段少波,2025-07-05,08:30-21:00,12.5
----------------------------------------------------------------------
段少波 2025-07-08 06:00 2025-07-08 08:30 2.5 1.EA5000N118装配 ，                      共1人                                                                                    1.段少波，06:00-08:30 钉钉
第 49 条记录处理完成，处理结果：
 段少波,2025-07-08,06:00-08:30,2.5
----------------------------------------------------------------------
段少波 2025-07-09 06:00 2025-07-09 08:30 2.5 1.EA5000N118装配 ，                      共1人                                                                                    1.段少波，06:00-08:30 钉钉
第 50 条记录处理完成，处理结果：
 段少波,2025-07-09,06:00-08:30,2.5
----------------------------------------------------------------------
段少波 2025-07-10 06:00 2025-07-10 08:30 2.5 1.EA5000N118装配 ，                      共1人                                                                                    1.段少波，06:00-08:30 钉钉
第 51 条记录处理完成，处理结果：
 段少波,2025-07-10,06:00-08:30,2.5
----------------------------------------------------------------------
段少波 2025-07-11 06:00 2025-07-11 08:30 2.5 1.EA5000N118装配 ，                      共1人                                                                                    1.段少波，06:00-08:30 钉钉
第 52 条记录处理完成，处理结果：
 段少波,2025-07-11,06:00-08:30,2.5
----------------------------------------------------------------------
段少波 2025-07-14 06:00 2025-07-14 08:30 2.5 1.EA5000N118装配 ，                      共1人                                                                                    1.段少波，06:00-08:30 钉钉
第 53 条记录处理完成，处理结果：
 段少波,2025-07-14,06:00-08:30,2.5
----------------------------------------------------------------------
段少波 2025-07-15 06:00 2025-07-15 08:30 2.5 1.EA5000N118装配 ，                      共1人                                                                                    1.段少波，06:00-08:30 钉钉
第 54 条记录处理完成，处理结果：
 段少波,2025-07-15,06:00-08:30,2.5
----------------------------------------------------------------------
段少波 2025-07-16 06:00 2025-07-16 08:30 2.5 1.EA5000N118装配 ，                      共1人                                                                                    1.段少波，06:00-08:30 钉钉
第 55 条记录处理完成，处理结果：
 段少波,2025-07-16,06:00-08:30,2.5
----------------------------------------------------------------------
段少波 2025-07-17 06:00 2025-07-17 08:30 2.5 1.EA5000N118装配 ，                      共1人                                                                                    1.段少波，06:00-08:30 钉钉
第 56 条记录处理完成，处理结果：
 段少波,2025-07-17,06:00-08:30,2.5
----------------------------------------------------------------------
段少波 2025-07-24 17:30 2025-07-24 20:30 3.0 1.EA5000N102装配 ，                      共1人                                                                                    1.段少波，17:30-20:30 钉钉
第 57 条记录处理完成，处理结果：
 段少波,2025-07-24,17:30-20:30,3.0
----------------------------------------------------------------------
段少波 2025-07-25 07:00 2025-07-25 08:30 1.5 1.EA1900NB102装配 ，                      共1人                                                                                    1.段少波，07:00-08:30 钉钉
第 58 条记录处理完成，处理结果：
 段少波,2025-07-25,07:00-08:30,1.5
----------------------------------------------------------------------
段少波 2025-07-25 17:30 2025-07-26 08:30 15.0 1.EA1900NB102装配 ，                      共1人                                                                                    1.段少波，17:30-次日凌晨08:30 钉钉
第 59 条记录处理完成，处理结果：
 段少波,2025-07-25,17:30-次日凌晨08:30,15.0
----------------------------------------------------------------------
段少波 2025-07-28 07:00 2025-07-28 08:30 1.5 1.EA1900NB102装配 ，                      共1人                                                                                    1.段少波，07:00-08:30 钉钉
第 60 条记录处理完成，处理结果：
 段少波,2025-07-28,07:00-08:30,1.5
----------------------------------------------------------------------
段少波 2025-07-29 06:30 2025-07-29 08:30 2.0 1.EA1900NB102装配 ，                      共1人                                                                                    1.段少波，06:30-08:30 钉钉
第 61 条记录处理完成，处理结果：
 段少波,2025-07-29,06:30-08:30,2.0
----------------------------------------------------------------------
殷四雄 2025-07-04 18:00 2025-07-04 19:00 1.0 跟踪EA5000N动力总成装配及配合发货 钉钉
第 62 条记录处理完成，处理结果：
 殷四雄,2025-07-04,18:00-19:00,1.0
----------------------------------------------------------------------
殷四雄 2025-07-23 17:30 2025-07-23 18:30 1.0 跟踪EA5000N/EA1900NB动力总成的装配及发货 钉钉
第 63 条记录处理完成，处理结果：
 殷四雄,2025-07-23,17:30-18:30,1.0
----------------------------------------------------------------------
殷四雄 2025-07-24 18:00 2025-07-24 19:30 1.5 跟踪EA1900NB动力总成的装配及发货 钉钉
第 64 条记录处理完成，处理结果：
 殷四雄,2025-07-24,18:00-19:30,1.5
----------------------------------------------------------------------
沈琪海 2025-07-28 17:30 2025-07-28 19:00 1.5 给生产车间发放物料 钉钉
第 65 条记录处理完成，处理结果：
 沈琪海,2025-07-28,17:30-19:00,1.5
----------------------------------------------------------------------
玉玲珑（魏玉玲） 2025-07-25 17:30 2025-07-25 21:30 4.0 EA1900NB102加急组装 加急出货 钉钉
第 66 条记录处理完成，处理结果：
 玉玲珑（魏玉玲）,2025-07-25,17:30-21:30,4.0
----------------------------------------------------------------------
玉玲珑（魏玉玲） 2025-07-25 17:30 2025-07-25 20:00 2.5 加班组装 EA1900NB102 钉钉
第 67 条记录处理完成，处理结果：
 玉玲珑,2025-07-25,17:30-20:00,2.5
----------------------------------------------------------------------
王佳忠 2025-07-11 18:00 2025-07-11 20:30 2.5 1、EA3800N可靠性试验    2、1400K耐久试验   3、EA3800N静态换挡   钉钉
第 68 条记录处理完成，处理结果：
 王佳忠,2025-07-11,18:00-20:30,2.5
----------------------------------------------------------------------
王佳忠 2025-07-16 18:00 2025-07-16 20:30 2.5 1、报废件木托移至车间2楼。2、EA3800N可靠性试验 3、1400K耐久试验 4、EA3800N静态换挡 钉钉
第 69 条记录处理完成，处理结果：
 王佳忠,2025-07-16,18:00-20:30,2.5
----------------------------------------------------------------------
王佳忠 2025-07-23 18:00 2025-07-23 20:30 2.5 1、EA3800可靠性试验  2、1400K耐久试验  3、EA1900N可靠性  4、EA3800N静态换挡试验 钉钉
第 70 条记录处理完成，处理结果：
 王佳忠,2025-07-23,18:00-20:30,2.5
----------------------------------------------------------------------
王兴磊 2025-07-08 06:00 2025-07-08 08:30 2.5 发料，车间上班时间调整 钉钉
第 71 条记录处理完成，处理结果：
 王兴磊,2025-07-08,06:00-08:30,2.5
----------------------------------------------------------------------
王兴磊 2025-07-14 06:00 2025-07-14 08:30 2.5 货位整理，车间上班时间调整 钉钉
第 72 条记录处理完成，处理结果：
 王兴磊,2025-07-14,06:00-08:30,2.5
----------------------------------------------------------------------
王兴磊 2025-07-24 17:30 2025-07-24 20:00 2.5 来料清点，进销存更新，车间加班 钉钉
第 73 条记录处理完成，处理结果：
 王兴磊,2025-07-24,17:30-20:00,2.5
----------------------------------------------------------------------
王兴磊 2025-07-25 07:30 2025-07-25 08:30 1.0 外出买招待客户的水果 钉钉
第 74 条记录处理完成，处理结果：
 王兴磊,2025-07-25,07:30-08:30,1.0
----------------------------------------------------------------------
王兴磊 2025-07-25 17:30 2025-07-25 20:30 3.0 进销存更新，手工账本更新，车间加班 钉钉
第 75 条记录处理完成，处理结果：
 王兴磊,2025-07-25,17:30-20:30,3.0
----------------------------------------------------------------------
董凯宁 2025-07-02 18:00 2025-07-02 20:00 2.0 1台EA1900NB101成品出厂检验 钉钉
第 76 条记录处理完成，处理结果：
 董凯宁,2025-07-02,18:00-20:00,2.0
----------------------------------------------------------------------
钟洪伟 2025-07-01 18:00 2025-07-01 22:00 4.0 呆滞物料处理，加班人员：钟洪伟 钉钉
第 77 条记录处理完成，处理结果：
 钟洪伟,2025-07-01,18:00-22:00,4.0
----------------------------------------------------------------------
钟洪伟 2025-07-02 18:00 2025-07-02 19:00 1.0 呆滞物料处理，加班人员：钟洪伟 钉钉
第 78 条记录处理完成，处理结果：
 钟洪伟,2025-07-02,18:00-19:00,1.0
----------------------------------------------------------------------
钟洪伟 2025-07-04 18:00 2025-07-04 20:30 2.5 为满足C5000N动力总成发货，加班人员：钟洪伟 钉钉
第 79 条记录处理完成，处理结果：
 钟洪伟,2025-07-04,18:00-20:30,2.5
----------------------------------------------------------------------
钟洪伟 2025-07-12 18:00 2025-07-12 21:30 3.5 为满足C2100P19替换驱动系统总成2台发运加班，加班人员：钟洪伟 钉钉
第 80 条记录处理完成，处理结果：
 钟洪伟,2025-07-12,18:00-21:30,3.5
----------------------------------------------------------------------
钟洪伟 2025-07-28 18:00 2025-07-28 20:00 2.0 为满足EA1900N动力总成发运，加班人员：钟洪伟 钉钉
第 81 条记录处理完成，处理结果：
 钟洪伟,2025-07-28,18:00-20:00,2.0
----------------------------------------------------------------------
闫亚东 2025-07-02 18:00 2025-07-02 22:00 4.0 EA1200H集成化减速器壳体图纸出具 钉钉
第 82 条记录处理完成，处理结果：
 闫亚东,2025-07-02,18:00-22:00,4.0
----------------------------------------------------------------------
闫亚东 2025-07-03 18:00 2025-07-03 21:00 3.0 EA1200H集成化减速器壳体图纸出具 钉钉
第 83 条记录处理完成，处理结果：
 闫亚东,2025-07-03,18:00-21:00,3.0
----------------------------------------------------------------------
闫亚东 2025-07-05 09:45 2025-07-05 17:45 8.0 EA1200H集成化减速器壳体评审后结构调整 钉钉
第 84 条记录处理完成，处理结果：
 闫亚东,2025-07-05,09:45-17:45,8.0
----------------------------------------------------------------------
闫亚东 2025-07-07 18:00 2025-07-07 21:00 3.0 EA1200H集成化减速器壳体评审后结构调整 钉钉
第 85 条记录处理完成，处理结果：
 闫亚东,2025-07-07,18:00-21:00,3.0
----------------------------------------------------------------------
闫亚东 2025-07-15 18:00 2025-07-15 21:30 3.5 EA1200H集成化减速器壳体评审后结构调整细化 钉钉
第 86 条记录处理完成，处理结果：
 闫亚东,2025-07-15,18:00-21:30,3.5
----------------------------------------------------------------------
闫亚东 2025-07-17 18:00 2025-07-17 21:00 3.0 EA1200H集成化减速器壳体系统图纸出具完善 钉钉
第 87 条记录处理完成，处理结果：
 闫亚东,2025-07-17,18:00-21:00,3.0
----------------------------------------------------------------------
陈之东 2025-07-02 18:00 2025-07-02 19:40 1.67 差速器分析  差速器螺栓校核 钉钉
第 88 条记录处理完成，处理结果：
 陈之东,2025-07-02,18:00-19:40,1.67
----------------------------------------------------------------------
陈之东 2025-07-08 18:00 2025-07-08 19:00 1.0 差速器壳体仿真 钉钉
第 89 条记录处理完成，处理结果：
 陈之东,2025-07-08,18:00-19:00,1.0
----------------------------------------------------------------------
陈之东 2025-07-11 18:00 2025-07-11 19:00 1.0 转子仿真 钉钉
第 90 条记录处理完成，处理结果：
 陈之东,2025-07-11,18:00-19:00,1.0
----------------------------------------------------------------------
陈之东 2025-07-14 18:20 2025-07-14 19:50 1.5 1900板簧座  推力杆支架仿真 钉钉
第 91 条记录处理完成，处理结果：
 陈之东,2025-07-14,18:20-19:50,1.5
----------------------------------------------------------------------
陈之东 2025-07-15 18:00 2025-07-15 19:30 1.5 减速器壳体分析  电机轴尺寸链计算 钉钉
第 92 条记录处理完成，处理结果：
 陈之东,2025-07-15,18:00-19:30,1.5
----------------------------------------------------------------------
陈之东 2025-07-17 18:00 2025-07-17 19:40 1.67 天马轴承尺寸链校核 钉钉
第 93 条记录处理完成，处理结果：
 陈之东,2025-07-17,18:00-19:40,1.67
----------------------------------------------------------------------
陈之东 2025-07-22 18:00 2025-07-22 20:00 2.0 3800整桥仿真 钉钉
第 94 条记录处理完成，处理结果：
 陈之东,2025-07-22,18:00-20:00,2.0
----------------------------------------------------------------------
陈之东 2025-07-24 18:00 2025-07-24 19:00 1.0 1100k轴承系统搭建，3800整桥仿真 钉钉
第 95 条记录处理完成，处理结果：
 陈之东,2025-07-24,18:00-19:00,1.0
----------------------------------------------------------------------
陈之东 2025-07-30 18:00 2025-07-30 19:00 1.0 1100转向节臂仿真  大速比齿轮出图 钉钉
第 96 条记录处理完成，处理结果：
 陈之东,2025-07-30,18:00-19:00,1.0
----------------------------------------------------------------------
陈登科 2025-07-02 17:30 2025-07-02 18:30 1.0 跟董凯宁发货 钉钉
第 97 条记录处理完成，处理结果：
 陈登科,2025-07-02,17:30-18:30,1.0
----------------------------------------------------------------------
陈登科 2025-07-08 06:00 2025-07-08 08:30 2.5 早上6点上班 钉钉
第 98 条记录处理完成，处理结果：
 陈登科,2025-07-08,06:00-08:30,2.5
----------------------------------------------------------------------
陈登科 2025-07-09 06:00 2025-07-09 08:30 2.5 早上6点上班 钉钉
第 99 条记录处理完成，处理结果：
 陈登科,2025-07-09,06:00-08:30,2.5
----------------------------------------------------------------------
陈登科 2025-07-11 06:00 2025-07-11 08:30 2.5 巡检 钉钉
第 100 条记录处理完成，处理结果：
 陈登科,2025-07-11,06:00-08:30,2.5
----------------------------------------------------------------------
陈登科 2025-07-14 06:00 2025-07-14 08:30 2.5 巡检 钉钉
第 101 条记录处理完成，处理结果：
 陈登科,2025-07-14,06:00-08:30,2.5
----------------------------------------------------------------------
陈登科 2025-07-15 06:00 2025-07-15 08:30 2.5 巡检 钉钉
第 102 条记录处理完成，处理结果：
 陈登科,2025-07-15,06:00-08:30,2.5
----------------------------------------------------------------------
陈登科 2025-07-17 06:00 2025-07-17 08:30 2.5 巡检 钉钉
第 103 条记录处理完成，处理结果：
 陈登科,2025-07-17,06:00-08:30,2.5
----------------------------------------------------------------------
陈登科 2025-07-20 06:30 2025-07-20 11:30 5.0 巡检 钉钉
第 104 条记录处理完成，处理结果：
 陈登科,2025-07-20,06:30-11:30,5.0
----------------------------------------------------------------------
陈登科 2025-07-25 07:00 2025-07-26 05:30 13.0 1900发货 钉钉
第 105 条记录处理完成，处理结果：
 陈登科,2025-07-25,07:00-05:30,22.5
----------------------------------------------------------------------
陈登科 2025-07-28 06:30 2025-07-28 08:30 2.0 巡检 钉钉
第 106 条记录处理完成，处理结果：
 陈登科,2025-07-28,06:30-08:30,2.0
----------------------------------------------------------------------
陈登科 2025-07-29 06:30 2025-07-29 08:30 2.0 巡检 钉钉
第 107 条记录处理完成，处理结果：
 陈登科,2025-07-29,06:30-08:30,2.0
----------------------------------------------------------------------
陈雄 2025-07-08 06:00 2025-07-08 08:30 2.5 生产EA5000N118 钉钉
第 108 条记录处理完成，处理结果：
 陈雄,2025-07-08,06:00-08:30,2.5
----------------------------------------------------------------------
陈雄 2025-07-09 06:30 2025-07-09 08:30 2.0 生产EA5000N118 钉钉
第 109 条记录处理完成，处理结果：
 陈雄,2025-07-09,06:30-08:30,2.0
----------------------------------------------------------------------
陈雄 2025-07-10 06:00 2025-07-10 08:30 2.5 巡检EA5000N118 钉钉
第 110 条记录处理完成，处理结果：
 陈雄,2025-07-10,06:00-08:30,2.5
----------------------------------------------------------------------
陈雄 2025-07-14 06:00 2025-07-14 08:30 2.5 巡检EA5000N118 钉钉
第 111 条记录处理完成，处理结果：
 陈雄,2025-07-14,06:00-08:30,2.5
----------------------------------------------------------------------
陈雄 2025-07-15 06:00 2025-07-15 08:30 2.5 巡检EA5000N118 钉钉
第 112 条记录处理完成，处理结果：
 陈雄,2025-07-15,06:00-08:30,2.5
----------------------------------------------------------------------
陈雄 2025-07-16 06:00 2025-07-16 08:30 2.5 巡检EA5000N118 钉钉
第 113 条记录处理完成，处理结果：
 陈雄,2025-07-16,06:00-08:30,2.5
----------------------------------------------------------------------
陈雄 2025-07-17 06:00 2025-07-17 08:30 2.5 巡检EA5000N108 钉钉
第 114 条记录处理完成，处理结果：
 陈雄,2025-07-17,06:00-08:30,2.5
----------------------------------------------------------------------
陈雄 2025-07-24 17:30 2025-07-24 20:30 3.0 巡检EA1900NB102 钉钉
第 115 条记录处理完成，处理结果：
 陈雄,2025-07-24,17:30-20:30,3.0
----------------------------------------------------------------------
陈雄 2025-07-24 17:30 2025-07-24 20:30 3.0 生产EA1900NB102 钉钉
第 116 条记录处理完成，处理结果：
 陈雄,2025-07-24,17:30-20:30,3.0
----------------------------------------------------------------------
陈雄 2025-07-25 07:00 2025-07-25 08:30 1.5 EA5000NB108发货 钉钉
第 117 条记录处理完成，处理结果：
 陈雄,2025-07-25,07:00-08:30,1.5
----------------------------------------------------------------------
陈雄 2025-07-25 17:30 2025-07-25 20:30 3.0 EA5000NB108发货 钉钉
第 118 条记录处理完成，处理结果：
 陈雄,2025-07-25,17:30-20:30,3.0
----------------------------------------------------------------------
陈雄 2025-07-26 06:30 2025-07-26 08:30 2.0 EA5000NB102发货 钉钉
第 119 条记录处理完成，处理结果：
 陈雄,2025-07-26,06:30-08:30,2.0
----------------------------------------------------------------------
陈雄 2025-07-28 06:30 2025-07-28 08:30 2.0 巡检EA1900NB102 钉钉
第 120 条记录处理完成，处理结果：
 陈雄,2025-07-28,06:30-08:30,2.0
----------------------------------------------------------------------
陈雄 2025-07-29 06:30 2025-07-29 08:30 2.0 协助EA4000NB101 钉钉
第 121 条记录处理完成，处理结果：
 陈雄,2025-07-29,06:30-08:30,2.0
----------------------------------------------------------------------
霍慧鹏 2025-07-05 09:00 2025-07-05 18:00 9.0 EA1900零部件3d2d编制 钉钉
第 122 条记录处理完成，处理结果：
 霍慧鹏,2025-07-05,09:00-18:00,9.0
----------------------------------------------------------------------
韦东略 2025-07-01 18:00 2025-07-01 20:31 2.52 值班 钉钉
第 123 条记录处理完成，处理结果：
 韦东略,2025-07-01,18:00-20:31,2.52
----------------------------------------------------------------------
韦东略 2025-07-03 18:00 2025-07-03 20:30 2.5 值班 钉钉
第 124 条记录处理完成，处理结果：
 韦东略,2025-07-03,18:00-20:30,2.5
----------------------------------------------------------------------
韦东略 2025-07-10 18:00 2025-07-10 20:30 2.5 值班 钉钉
第 125 条记录处理完成，处理结果：
 韦东略,2025-07-10,18:00-20:30,2.5
----------------------------------------------------------------------
韦东略 2025-07-14 18:00 2025-07-14 20:30 2.5 EA1100k齿轮油温升对比试验调试 钉钉
第 126 条记录处理完成，处理结果：
 韦东略,2025-07-14,18:00-20:30,2.5
----------------------------------------------------------------------
韦东略 2025-07-22 18:00 2025-07-22 20:30 2.5 1900h台架调试 钉钉
第 127 条记录处理完成，处理结果：
 韦东略,2025-07-22,18:00-20:30,2.5
----------------------------------------------------------------------
韦东略 2025-07-24 18:00 2025-07-24 20:30 2.5 值班 钉钉
第 128 条记录处理完成，处理结果：
 韦东略,2025-07-24,18:00-20:30,2.5
----------------------------------------------------------------------
马鸣强 2025-07-05 08:25 2025-07-05 19:00 10.58 协助生产 钉钉
第 129 条记录处理完成，处理结果：
 马鸣强,2025-07-05,08:25-19:00,10.58
----------------------------------------------------------------------
高剑濠 2025-07-02 18:00 2025-07-02 21:10 3.17 EA3800可靠性耐久试验；EA3800动态换挡试验；EA3800静态换挡试验；C5000N气缸（Y-O4）100万次换挡验证试验，C5000N滑块磨损60万次验证试验；EA3800N环境仓冷凝试验；帮助生产发运两台电机总成（随州）；搭建安凯EA1400N道路试验台架。 钉钉
第 130 条记录处理完成，处理结果：
 高剑濠,2025-07-02,18:00-21:10,3.17
----------------------------------------------------------------------
高剑濠 2025-07-09 18:00 2025-07-09 20:42 2.7 EA3800N TRS03可靠性耐久试验；D-1400K安凯道路试验第二轮耐久可靠性试验；EA3800静态换挡试验；C5000N滑套拨叉换挡磨损验证耐久试验；环境仓安费诺插件高温耐油试验 （EA3800N 油冷） 钉钉
第 131 条记录处理完成，处理结果：
 高剑濠,2025-07-09,18:00-20:42,2.7
----------------------------------------------------------------------
高剑濠 2025-07-14 18:00 2025-07-14 20:30 2.5 EA3800N TRS03可靠性耐久试验；D-1400K安凯道路试验第二轮耐久可靠性试验；EA3800静态换挡试验；C5000N Y-O 100玩次换挡验证耐久试验；环境仓安费诺插件高温耐油试验 （EA3800N 油冷）；2#台架 EA1100K齿轮油温升对比试验台架搭建和调试。 钉钉
第 132 条记录处理完成，处理结果：
 高剑濠,2025-07-14,18:00-20:30,2.5
----------------------------------------------------------------------
高剑濠 2025-07-15 18:00 2025-07-15 20:30 2.5 EA3800N TRS03可靠性耐久试验；D-1400K安凯道路试验第二轮耐久可靠性试验；EA3800静态换挡试验；C5000N Y-O 100万次换挡验证耐久试验；环境仓安费诺插件高温耐油试验 （EA3800N 油冷）；2#台架 EA1100K齿轮油温升对比试验。 钉钉
第 133 条记录处理完成，处理结果：
 高剑濠,2025-07-15,18:00-20:30,2.5
----------------------------------------------------------------------
高剑濠 2025-07-25 18:00 2025-07-25 20:35 2.58 EA1400k安凯道路可靠性耐久试验；EA1900N可靠性耐久试验；EA3800N动态换挡试验；C5000N 换挡气缸（Y-O 第4轮） 钉钉
第 134 条记录处理完成，处理结果：
 高剑濠,2025-07-25,18:00-20:35,2.58
----------------------------------------------------------------------
魏军 2025-07-26 03:00 2025-07-26 08:30 5.5 EA1900NB102加急发货，通知零晨3点到公司检验物料 钉钉
第 135 条记录处理完成，处理结果：
 魏军,2025-07-26,03:00-08:30,5.5
----------------------------------------------------------------------
魏权 2025-07-02 17:30 2025-07-02 20:00 2.5 1.京深深向打包发货，共12人   1.席智成，李明，高星   17：30-18：30   2.王能武，高群，刘登，林超，刘贤杰，李炎炎，余东明，魏权，万俊杰     17：30-20：00 钉钉
第 136 条记录处理完成，处理结果：
 席智成,2025-07-02,17:30-18:30,1.0
李明,2025-07-02,17:30-18:30,1.0
高星,2025-07-02,17:30-18:30,1.0
王能武,2025-07-02,17:30-20:00,2.5
高群,2025-07-02,17:30-20:00,2.5
刘登,2025-07-02,17:30-20:00,2.5
林超,2025-07-02,17:30-20:00,2.5
刘贤杰,2025-07-02,17:30-20:00,2.5
李炎炎,2025-07-02,17:30-20:00,2.5
余东明,2025-07-02,17:30-20:00,2.5
魏权,2025-07-02,17:30-20:00,2.5
万俊杰,2025-07-02,17:30-20:00,2.5
----------------------------------------------------------------------
魏权 2025-07-05 18:00 2025-07-05 19:00 1.0 1.客户参观，共1人   1.叶成  18：00-19：00 钉钉
第 137 条记录处理完成，处理结果：
 魏权,2025-07-05,18:00-19:00,1.0  
叶成,2025-07-05,18:00-19:00,1.0
----------------------------------------------------------------------
魏权 2025-07-05 18:00 2025-07-05 19:00 1.0 1.客户参观，共22人   1.林超，李炎炎，刘卫宜，刘杰，王星，王松， 田磊，高群，陈威，魏权，曹博文，余东明，孙盼，高星，刘成香，王洋，刘登，李明，沈洋，席智成，李享，王能武   18：00-19：00 钉钉
第 138 条记录处理完成，处理结果：
 林超,2025-07-05,18:00-19:00,1.0
李炎炎,2025-07-05,18:00-19:00,1.0
刘卫宜,2025-07-05,18:00-19:00,1.0
刘杰,2025-07-05,18:00-19:00,1.0
王星,2025-07-05,18:00-19:00,1.0
王松,2025-07-05,18:00-19:00,1.0
田磊,2025-07-05,18:00-19:00,1.0
高群,2025-07-05,18:00-19:00,1.0
陈威,2025-07-05,18:00-19:00,1.0
魏权,2025-07-05,18:00-19:00,1.0
曹博文,2025-07-05,18:00-19:00,1.0
余东明,2025-07-05,18:00-19:00,1.0
孙盼,2025-07-05,18:00-19:00,1.0
高星,2025-07-05,18:00-19:00,1.0
刘成香,2025-07-05,18:00-19:00,1.0
王洋,2025-07-05,18:00-19:00,1.0
刘登,2025-07-05,18:00-19:00,1.0
李明,2025-07-05,18:00-19:00,1.0
沈洋,2025-07-05,18:00-19:00,1.0
席智成,2025-07-05,18:00-19:00,1.0
李享,2025-07-05,18:00-19:00,1.0
王能武,2025-07-05,18:00-19:00,1.0
----------------------------------------------------------------------
魏权 2025-07-08 06:00 2025-07-08 08:30 2.5 1.EA5000N118装配，EA3800N101EOL测试，终处理，EA5000NB107打包发货，共27人   1.高群，王松，李飞，王能武，王星，刘杰，沈洋，田磊，刘成香，刘登，李炎炎，陈威，余东明，王洋，孙盼，林超，曹博文，高星，席智成，魏权，刘贤杰，万俊杰，叶成，李明，怀雄，刘卫宜，李享   06：00-08：30 钉钉
第 139 条记录处理完成，处理结果：
 高群,2025-07-08,06:00-08:30,2.5
王松,2025-07-08,06:00-08:30,2.5
李飞,2025-07-08,06:00-08:30,2.5
王能武,2025-07-08,06:00-08:30,2.5
王星,2025-07-08,06:00-08:30,2.5
刘杰,2025-07-08,06:00-08:30,2.5
沈洋,2025-07-08,06:00-08:30,2.5
田磊,2025-07-08,06:00-08:30,2.5
刘成香,2025-07-08,06:00-08:30,2.5
刘登,2025-07-08,06:00-08:30,2.5
李炎炎,2025-07-08,06:00-08:30,2.5
陈威,2025-07-08,06:00-08:30,2.5
余东明,2025-07-08,06:00-08:30,2.5
王洋,2025-07-08,06:00-08:30,2.5
孙盼,2025-07-08,06:00-08:30,2.5
林超,2025-07-08,06:00-08:30,2.5
曹博文,2025-07-08,06:00-08:30,2.5
高星,2025-07-08,06:00-08:30,2.5
席智成,2025-07-08,06:00-08:30,2.5
魏权,2025-07-08,06:00-08:30,2.5
刘贤杰,2025-07-08,06:00-08:30,2.5
万俊杰,2025-07-08,06:00-08:30,2.5
叶成,2025-07-08,06:00-08:30,2.5
李明,2025-07-08,06:00-08:30,2.5
怀雄,2025-07-08,06:00-08:30,2.5
刘卫宜,2025-07-08,06:00-08:30,2.5
李享,2025-07-08,06:00-08:30,2.5
----------------------------------------------------------------------
魏权 2025-07-09 06:00 2025-07-09 08:30 2.5 1.EA5000N118装配，EOL测试，终处理，共27人   1.高群，王松，李飞，王能武，王星，刘杰，沈洋，田磊，刘成香，刘登，李炎炎，陈威，余东明，王洋，孙盼，林超，曹博文，高星，席智成，魏权，刘贤杰，万俊杰，叶成，李明，怀雄，刘卫宜，张磊磊   06：00-08：30 钉钉
第 140 条记录处理完成，处理结果：
 高群,2025-07-09,06:00-08:30,2.5  
王松,2025-07-09,06:00-08:30,2.5  
李飞,2025-07-09,06:00-08:30,2.5  
王能武,2025-07-09,06:00-08:30,2.5  
王星,2025-07-09,06:00-08:30,2.5  
刘杰,2025-07-09,06:00-08:30,2.5  
沈洋,2025-07-09,06:00-08:30,2.5  
田磊,2025-07-09,06:00-08:30,2.5  
刘成香,2025-07-09,06:00-08:30,2.5  
刘登,2025-07-09,06:00-08:30,2.5  
李炎炎,2025-07-09,06:00-08:30,2.5  
陈威,2025-07-09,06:00-08:30,2.5  
余东明,2025-07-09,06:00-08:30,2.5  
王洋,2025-07-09,06:00-08:30,2.5  
孙盼,2025-07-09,06:00-08:30,2.5  
林超,2025-07-09,06:00-08:30,2.5  
曹博文,2025-07-09,06:00-08:30,2.5  
高星,2025-07-09,06:00-08:30,2.5  
席智成,2025-07-09,06:00-08:30,2.5  
魏权,2025-07-09,06:00-08:30,2.5  
刘贤杰,2025-07-09,06:00-08:30,2.5  
万俊杰,2025-07-09,06:00-08:30,2.5  
叶成,2025-07-09,06:00-08:30,2.5  
李明,2025-07-09,06:00-08:30,2.5  
怀雄,2025-07-09,06:00-08:30,2.5  
刘卫宜,2025-07-09,06:00-08:30,2.5  
张磊磊,2025-07-09,06:00-08:30,2.5
----------------------------------------------------------------------
魏权 2025-07-10 06:00 2025-07-10 08:30 2.5 1.EA5000N118装配，EOL测试，终处理，共27人   1.高群，王松，李飞，王能武，王星，刘杰，沈洋，田磊，刘成香，刘登，李炎炎，陈威，余东明，王洋，孙盼，林超，高星，席智成，魏权，刘贤杰，万俊杰，叶成，李明，怀雄，刘卫宜，张磊磊   06：00-08：30   2.曹博文  06：30-08：30 钉钉
第 141 条记录处理完成，处理结果：
 魏权,2025-07-10,06:00-08:30,2.5
高群,2025-07-10,06:00-08:30,2.5
王松,2025-07-10,06:00-08:30,2.5
李飞,2025-07-10,06:00-08:30,2.5
王能武,2025-07-10,06:00-08:30,2.5
王星,2025-07-10,06:00-08:30,2.5
刘杰,2025-07-10,06:00-08:30,2.5
沈洋,2025-07-10,06:00-08:30,2.5
田磊,2025-07-10,06:00-08:30,2.5
刘成香,2025-07-10,06:00-08:30,2.5
刘登,2025-07-10,06:00-08:30,2.5
李炎炎,2025-07-10,06:00-08:30,2.5
陈威,2025-07-10,06:00-08:30,2.5
余东明,2025-07-10,06:00-08:30,2.5
王洋,2025-07-10,06:00-08:30,2.5
孙盼,2025-07-10,06:00-08:30,2.5
林超,2025-07-10,06:00-08:30,2.5
高星,2025-07-10,06:00-08:30,2.5
席智成,2025-07-10,06:00-08:30,2.5
刘贤杰,2025-07-10,06:00-08:30,2.5
万俊杰,2025-07-10,06:00-08:30,2.5
叶成,2025-07-10,06:00-08:30,2.5
李明,2025-07-10,06:00-08:30,2.5
怀雄,2025-07-10,06:00-08:30,2.5
刘卫宜,2025-07-10,06:00-08:30,2.5
张磊磊,2025-07-10,06:00-08:30,2.5
曹博文,2025-07-10,06:30-08:30,2.0
----------------------------------------------------------------------
魏权 2025-07-11 06:00 2025-07-11 08:30 2.5 1.EA5000N118装配，EOL测试，终处理，共27人   1.高群，王松，李飞，王能武，王星，刘杰，沈洋，田磊，刘成香，刘登，李炎炎，陈威，余东明，王洋，孙盼，林超，曹博文，高星，席智成，魏权，刘贤杰，万俊杰，叶成，李明，怀雄，刘卫宜，张磊磊   06：00-08：30 钉钉
第 142 条记录处理完成，处理结果：
 高群,2025-07-11,06:00-08:30,2.5  
王松,2025-07-11,06:00-08:30,2.5  
李飞,2025-07-11,06:00-08:30,2.5  
王能武,2025-07-11,06:00-08:30,2.5  
王星,2025-07-11,06:00-08:30,2.5  
刘杰,2025-07-11,06:00-08:30,2.5  
沈洋,2025-07-11,06:00-08:30,2.5  
田磊,2025-07-11,06:00-08:30,2.5  
刘成香,2025-07-11,06:00-08:30,2.5  
刘登,2025-07-11,06:00-08:30,2.5  
李炎炎,2025-07-11,06:00-08:30,2.5  
陈威,2025-07-11,06:00-08:30,2.5  
余东明,2025-07-11,06:00-08:30,2.5  
王洋,2025-07-11,06:00-08:30,2.5  
孙盼,2025-07-11,06:00-08:30,2.5  
林超,2025-07-11,06:00-08:30,2.5  
曹博文,2025-07-11,06:00-08:30,2.5  
高星,2025-07-11,06:00-08:30,2.5  
席智成,2025-07-11,06:00-08:30,2.5  
魏权,2025-07-11,06:00-08:30,2.5  
刘贤杰,2025-07-11,06:00-08:30,2.5  
万俊杰,2025-07-11,06:00-08:30,2.5  
叶成,2025-07-11,06:00-08:30,2.5  
李明,2025-07-11,06:00-08:30,2.5  
怀雄,2025-07-11,06:00-08:30,2.5  
刘卫宜,2025-07-11,06:00-08:30,2.5  
张磊磊,2025-07-11,06:00-08:30,2.5
----------------------------------------------------------------------
魏权 2025-07-12 17:30 2025-07-12 18:30 1.0 1.仓库整理物料追溯码 ，共1人   1.高群   17：30-18：30 钉钉
第 143 条记录处理完成，处理结果：
 魏权,2025-07-12,17:30-18:30,1.0  
高群,2025-07-12,17:30-18:30,1.0
----------------------------------------------------------------------
魏权 2025-07-14 06:00 2025-07-14 08:30 2.5 1.EA5000N118装配，EOL测试，终处理，共25人   1.高群，王松，李飞，王星，刘杰，沈洋，田磊，刘成香，刘登，李炎炎，陈威，余东明，王洋，林超，高星，席智成，魏权，刘贤杰，万俊杰，叶成，李明，怀雄，刘卫宜，张磊磊 ，曹博文  06：00-08：30 钉钉
第 144 条记录处理完成，处理结果：
 高群,2025-07-14,06:00-08:30,2.5  
王松,2025-07-14,06:00-08:30,2.5  
李飞,2025-07-14,06:00-08:30,2.5  
王星,2025-07-14,06:00-08:30,2.5  
刘杰,2025-07-14,06:00-08:30,2.5  
沈洋,2025-07-14,06:00-08:30,2.5  
田磊,2025-07-14,06:00-08:30,2.5  
刘成香,2025-07-14,06:00-08:30,2.5  
刘登,2025-07-14,06:00-08:30,2.5  
李炎炎,2025-07-14,06:00-08:30,2.5  
陈威,2025-07-14,06:00-08:30,2.5  
余东明,2025-07-14,06:00-08:30,2.5  
王洋,2025-07-14,06:00-08:30,2.5  
林超,2025-07-14,06:00-08:30,2.5  
高星,2025-07-14,06:00-08:30,2.5  
席智成,2025-07-14,06:00-08:30,2.5  
魏权,2025-07-14,06:00-08:30,2.5  
刘贤杰,2025-07-14,06:00-08:30,2.5  
万俊杰,2025-07-14,06:00-08:30,2.5  
叶成,2025-07-14,06:00-08:30,2.5  
李明,2025-07-14,06:00-08:30,2.5  
怀雄,2025-07-14,06:00-08:30,2.5  
刘卫宜,2025-07-14,06:00-08:30,2.5  
张磊磊,2025-07-14,06:00-08:30,2.5  
曹博文,2025-07-14,06:00-08:30,2.5
----------------------------------------------------------------------
魏权 2025-07-15 06:00 2025-07-15 08:30 2.5 1.EA5000N118装配，EOL测试，终处理，共25人   1.高群，王松，李飞，王星，刘杰，沈洋，田磊，刘成香，刘登，李炎炎，孙盼，余东明，王洋，林超，高星，席智成，魏权，刘贤杰，万俊杰，叶成，李明，怀雄，刘卫宜，张磊磊 ，曹博文  06：00-08：30 钉钉
第 145 条记录处理完成，处理结果：
 高群,2025-07-15,06:00-08:30,2.5
王松,2025-07-15,06:00-08:30,2.5
李飞,2025-07-15,06:00-08:30,2.5
王星,2025-07-15,06:00-08:30,2.5
刘杰,2025-07-15,06:00-08:30,2.5
沈洋,2025-07-15,06:00-08:30,2.5
田磊,2025-07-15,06:00-08:30,2.5
刘成香,2025-07-15,06:00-08:30,2.5
刘登,2025-07-15,06:00-08:30,2.5
李炎炎,2025-07-15,06:00-08:30,2.5
孙盼,2025-07-15,06:00-08:30,2.5
余东明,2025-07-15,06:00-08:30,2.5
王洋,2025-07-15,06:00-08:30,2.5
林超,2025-07-15,06:00-08:30,2.5
高星,2025-07-15,06:00-08:30,2.5
席智成,2025-07-15,06:00-08:30,2.5
魏权,2025-07-15,06:00-08:30,2.5
刘贤杰,2025-07-15,06:00-08:30,2.5
万俊杰,2025-07-15,06:00-08:30,2.5
叶成,2025-07-15,06:00-08:30,2.5
李明,2025-07-15,06:00-08:30,2.5
怀雄,2025-07-15,06:00-08:30,2.5
刘卫宜,2025-07-15,06:00-08:30,2.5
张磊磊,2025-07-15,06:00-08:30,2.5
曹博文,2025-07-15,06:00-08:30,2.5
----------------------------------------------------------------------
魏权 2025-07-16 06:00 2025-07-16 08:30 2.5 1.EA5000N118装配，EOL测试，终处理，共25人   1.高群，王松，李飞，王星，刘杰，沈洋，田磊，刘成香，刘登，李炎炎，孙盼，余东明，王洋，林超，高星，席智成，魏权，刘贤杰，叶成，李明，怀雄，刘卫宜，张磊磊 ，曹博文， 王能武    06：00-08：30 钉钉
第 146 条记录处理完成，处理结果：
 高群,2025-07-16,06:00-08:30,2.5  
王松,2025-07-16,06:00-08:30,2.5  
李飞,2025-07-16,06:00-08:30,2.5  
王星,2025-07-16,06:00-08:30,2.5  
刘杰,2025-07-16,06:00-08:30,2.5  
沈洋,2025-07-16,06:00-08:30,2.5  
田磊,2025-07-16,06:00-08:30,2.5  
刘成香,2025-07-16,06:00-08:30,2.5  
刘登,2025-07-16,06:00-08:30,2.5  
李炎炎,2025-07-16,06:00-08:30,2.5  
孙盼,2025-07-16,06:00-08:30,2.5  
余东明,2025-07-16,06:00-08:30,2.5  
王洋,2025-07-16,06:00-08:30,2.5  
林超,2025-07-16,06:00-08:30,2.5  
高星,2025-07-16,06:00-08:30,2.5  
席智成,2025-07-16,06:00-08:30,2.5  
魏权,2025-07-16,06:00-08:30,2.5  
刘贤杰,2025-07-16,06:00-08:30,2.5  
叶成,2025-07-16,06:00-08:30,2.5  
李明,2025-07-16,06:00-08:30,2.5  
怀雄,2025-07-16,06:00-08:30,2.5  
刘卫宜,2025-07-16,06:00-08:30,2.5  
张磊磊,2025-07-16,06:00-08:30,2.5  
曹博文,2025-07-16,06:00-08:30,2.5  
王能武,2025-07-16,06:00-08:30,2.5
----------------------------------------------------------------------
魏权 2025-07-16 06:00 2025-07-16 08:30 2.5 1.EA5000N118装配，EOL测试，终处理，共25人   1.高群，王松，李飞，王星，刘杰，沈洋，田磊，刘成香，刘登，李炎炎，孙盼，余东明，王洋，林超，高星，席智成，魏权，刘贤杰，叶成，李明，怀雄，刘卫宜，张磊磊 ，曹博文， 王能武    06：00-08：30 钉钉
第 147 条记录处理完成，处理结果：
 高群,2025-07-16,06:00-08:30,2.5
王松,2025-07-16,06:00-08:30,2.5
李飞,2025-07-16,06:00-08:30,2.5
王星,2025-07-16,06:00-08:30,2.5
刘杰,2025-07-16,06:00-08:30,2.5
沈洋,2025-07-16,06:00-08:30,2.5
田磊,2025-07-16,06:00-08:30,2.5
刘成香,2025-07-16,06:00-08:30,2.5
刘登,2025-07-16,06:00-08:30,2.5
李炎炎,2025-07-16,06:00-08:30,2.5
孙盼,2025-07-16,06:00-08:30,2.5
余东明,2025-07-16,06:00-08:30,2.5
王洋,2025-07-16,06:00-08:30,2.5
林超,2025-07-16,06:00-08:30,2.5
高星,2025-07-16,06:00-08:30,2.5
席智成,2025-07-16,06:00-08:30,2.5
魏权,2025-07-16,06:00-08:30,2.5
刘贤杰,2025-07-16,06:00-08:30,2.5
叶成,2025-07-16,06:00-08:30,2.5
李明,2025-07-16,06:00-08:30,2.5
怀雄,2025-07-16,06:00-08:30,2.5
刘卫宜,2025-07-16,06:00-08:30,2.5
张磊磊,2025-07-16,06:00-08:30,2.5
曹博文,2025-07-16,06:00-08:30,2.5
王能武,2025-07-16,06:00-08:30,2.5
----------------------------------------------------------------------
魏权 2025-07-17 06:00 2025-07-17 08:30 2.5 1.EA5000N118装配，EOL测试，终处理，共24人   1.高群，王松，李飞，王星，刘杰，沈洋，田磊，刘成香，刘登，陈威，余东明，王洋，孙盼，林超，曹博文，高星，席智成，魏权，刘贤杰，叶成，李明，怀雄，刘卫宜，张磊磊   06：00-08：30 钉钉
第 148 条记录处理完成，处理结果：
 高群,2025-07-17,06:00-08:30,2.5
王松,2025-07-17,06:00-08:30,2.5
李飞,2025-07-17,06:00-08:30,2.5
王星,2025-07-17,06:00-08:30,2.5
刘杰,2025-07-17,06:00-08:30,2.5
沈洋,2025-07-17,06:00-08:30,2.5
田磊,2025-07-17,06:00-08:30,2.5
刘成香,2025-07-17,06:00-08:30,2.5
刘登,2025-07-17,06:00-08:30,2.5
陈威,2025-07-17,06:00-08:30,2.5
余东明,2025-07-17,06:00-08:30,2.5
王洋,2025-07-17,06:00-08:30,2.5
孙盼,2025-07-17,06:00-08:30,2.5
林超,2025-07-17,06:00-08:30,2.5
曹博文,2025-07-17,06:00-08:30,2.5
高星,2025-07-17,06:00-08:30,2.5
席智成,2025-07-17,06:00-08:30,2.5
魏权,2025-07-17,06:00-08:30,2.5
刘贤杰,2025-07-17,06:00-08:30,2.5
叶成,2025-07-17,06:00-08:30,2.5
李明,2025-07-17,06:00-08:30,2.5
怀雄,2025-07-17,06:00-08:30,2.5
刘卫宜,2025-07-17,06:00-08:30,2.5
张磊磊,2025-07-17,06:00-08:30,2.5
----------------------------------------------------------------------
魏权 2025-07-20 06:30 2025-07-20 11:30 5.0 1.返修3800  共6人   1.魏权，林超   06：30-11：30   2.曹博文，高星，刘杰，刘卫宜   06：30-08：30 钉钉
第 149 条记录处理完成，处理结果：
 魏权,2025-07-20,06:30-11:30,5.0  
林超,2025-07-20,06:30-11:30,5.0  
曹博文,2025-07-20,06:30-08:30,2.0  
高星,2025-07-20,06:30-08:30,2.0  
刘杰,2025-07-20,06:30-08:30,2.0  
刘卫宜,2025-07-20,06:30-08:30,2.0
----------------------------------------------------------------------
魏权 2025-07-24 17:30 2025-07-24 20:30 3.0 1.加装EA1900NB102动力总成，前后盖，共9人   1.王洋，席智成   18：00-20：00   2.曹博文，怀雄，刘杰，张磊磊，王星，沈洋   18：00-20：30   3.高星   17：30-20：30 钉钉
第 150 条记录处理完成，处理结果：
 王洋,2025-07-24,18:00-20:00,2.0
席智成,2025-07-24,18:00-20:00,2.0
曹博文,2025-07-24,18:00-20:30,2.5
怀雄,2025-07-24,18:00-20:30,2.5
刘杰,2025-07-24,18:00-20:30,2.5
张磊磊,2025-07-24,18:00-20:30,2.5
王星,2025-07-24,18:00-20:30,2.5
沈洋,2025-07-24,18:00-20:30,2.5
高星,2025-07-24,17:30-20:30,3.0
----------------------------------------------------------------------
魏权 2025-07-25 07:00 2025-07-25 08:30 1.5 1.EA1900NB102装配，EOL测试，终处理，共25人   1.高群，王松，李飞，王星，刘杰，沈洋，田磊，刘成香，刘登，李炎炎，陈威，余东明，王洋，孙盼，林超，高星，魏权，刘贤杰，万俊杰，叶成，李明，怀雄，刘卫宜，张磊磊，曹博文   07：00-08：30 钉钉
第 151 条记录处理完成，处理结果：
 高群,2025-07-25,07:00-08:30,1.5
王松,2025-07-25,07:00-08:30,1.5
李飞,2025-07-25,07:00-08:30,1.5
王星,2025-07-25,07:00-08:30,1.5
刘杰,2025-07-25,07:00-08:30,1.5
沈洋,2025-07-25,07:00-08:30,1.5
田磊,2025-07-25,07:00-08:30,1.5
刘成香,2025-07-25,07:00-08:30,1.5
刘登,2025-07-25,07:00-08:30,1.5
李炎炎,2025-07-25,07:00-08:30,1.5
陈威,2025-07-25,07:00-08:30,1.5
余东明,2025-07-25,07:00-08:30,1.5
王洋,2025-07-25,07:00-08:30,1.5
孙盼,2025-07-25,07:00-08:30,1.5
林超,2025-07-25,07:00-08:30,1.5
高星,2025-07-25,07:00-08:30,1.5
魏权,2025-07-25,07:00-08:30,1.5
刘贤杰,2025-07-25,07:00-08:30,1.5
万俊杰,2025-07-25,07:00-08:30,1.5
叶成,2025-07-25,07:00-08:30,1.5
李明,2025-07-25,07:00-08:30,1.5
怀雄,2025-07-25,07:00-08:30,1.5
刘卫宜,2025-07-25,07:00-08:30,1.5
张磊磊,2025-07-25,07:00-08:30,1.5
曹博文,2025-07-25,07:00-08:30,1.5
----------------------------------------------------------------------
魏权 2025-07-25 18:00 2025-07-26 07:00 13.0 1.EA1900NB102装配，EOL测试，终处理，打包共15人   1.曹博文   18：00-21：00   2.陈威      18：00-20：30   3.孙盼，高星，席智成，刘贤杰，李炎炎，李明，王能武，余东明，李飞，刘成香，   18：00-02：30   4.万俊杰   18：00-05：30   5.林超，魏权   18：00-07：00 钉钉
第 152 条记录处理完成，处理结果：
 曹博文,2025-07-25,18:00-21:00,3.0  
陈威,2025-07-25,18:00-20:30,2.5  
孙盼,2025-07-25,18:00-02:30,8.5  
高星,2025-07-25,18:00-02:30,8.5  
席智成,2025-07-25,18:00-02:30,8.5  
刘贤杰,2025-07-25,18:00-02:30,8.5  
李炎炎,2025-07-25,18:00-02:30,8.5  
李明,2025-07-25,18:00-02:30,8.5  
王能武,2025-07-25,18:00-02:30,8.5  
余东明,2025-07-25,18:00-02:30,8.5  
李飞,2025-07-25,18:00-02:30,8.5  
刘成香,2025-07-25,18:00-02:30,8.5  
万俊杰,2025-07-25,18:00-05:30,11.5  
林超,2025-07-25,18:00-07:00,13.0  
魏权,2025-07-25,18:00-07:00,13.0
----------------------------------------------------------------------
魏权 2025-07-26 02:30 2025-07-26 08:30 6.0 1.EA1900NB102装配，共14人   1.高群   02：30-08：30    2.刘登   07：30-08：30    3.王星，王洋，刘卫宜，刘登，曹博文，刘杰，沈洋，怀雄，张磊磊，田磊，王松，叶成   06：30-08：30 钉钉
第 153 条记录处理完成，处理结果：
 高群,2025-07-26,02:30-08:30,6.0  
刘登,2025-07-26,07:30-08:30,1.0  
刘登,2025-07-26,06:30-08:30,2.0  
王星,2025-07-26,06:30-08:30,2.0  
王洋,2025-07-26,06:30-08:30,2.0  
刘卫宜,2025-07-26,06:30-08:30,2.0  
曹博文,2025-07-26,06:30-08:30,2.0  
刘杰,2025-07-26,06:30-08:30,2.0  
沈洋,2025-07-26,06:30-08:30,2.0  
怀雄,2025-07-26,06:30-08:30,2.0  
张磊磊,2025-07-26,06:30-08:30,2.0  
田磊,2025-07-26,06:30-08:30,2.0  
王松,2025-07-26,06:30-08:30,2.0  
叶成,2025-07-26,06:30-08:30,2.0
----------------------------------------------------------------------
魏权 2025-07-28 06:30 2025-07-28 08:30 2.0 1.EA5000N118装配，EOL测试，终处理，共27人   1.高群，王松，李飞，王能武，王星，刘杰，沈洋，田磊，刘成香，刘登，李炎炎，陈威，余东明，王洋，孙盼，林超，曹博文，高星，席智成，魏权，刘贤杰，万俊杰，叶成，李明，怀雄，刘卫宜，李享   06：30-08：30 钉钉
第 154 条记录处理完成，处理结果：
 高群,2025-07-28,06:30-08:30,2.0
王松,2025-07-28,06:30-08:30,2.0
李飞,2025-07-28,06:30-08:30,2.0
王能武,2025-07-28,06:30-08:30,2.0
王星,2025-07-28,06:30-08:30,2.0
刘杰,2025-07-28,06:30-08:30,2.0
沈洋,2025-07-28,06:30-08:30,2.0
田磊,2025-07-28,06:30-08:30,2.0
刘成香,2025-07-28,06:30-08:30,2.0
刘登,2025-07-28,06:30-08:30,2.0
李炎炎,2025-07-28,06:30-08:30,2.0
陈威,2025-07-28,06:30-08:30,2.0
余东明,2025-07-28,06:30-08:30,2.0
王洋,2025-07-28,06:30-08:30,2.0
孙盼,2025-07-28,06:30-08:30,2.0
林超,2025-07-28,06:30-08:30,2.0
曹博文,2025-07-28,06:30-08:30,2.0
高星,2025-07-28,06:30-08:30,2.0
席智成,2025-07-28,06:30-08:30,2.0
魏权,2025-07-28,06:30-08:30,2.0
刘贤杰,2025-07-28,06:30-08:30,2.0
万俊杰,2025-07-28,06:30-08:30,2.0
叶成,2025-07-28,06:30-08:30,2.0
李明,2025-07-28,06:30-08:30,2.0
怀雄,2025-07-28,06:30-08:30,2.0
刘卫宜,2025-07-28,06:30-08:30,2.0
李享,2025-07-28,06:30-08:30,2.0
----------------------------------------------------------------------
魏权 2025-07-29 06:30 2025-07-29 08:30 2.0 1.EA1900NB102装配，EA5000N118EOL测试，终处理，共26人   1.高群，王松，李飞，王星，刘杰，沈洋，田磊，刘成香，刘登，李炎炎，陈威，余东明，王洋，孙盼，林超，曹博文，高星，席智成，魏权，刘贤杰，万俊杰，叶成，李明，怀雄，刘卫宜，李享   06：30-08：30 钉钉
第 155 条记录处理完成，处理结果：
 高群,2025-07-29,06:30-08:30,2.0  
王松,2025-07-29,06:30-08:30,2.0  
李飞,2025-07-29,06:30-08:30,2.0  
王星,2025-07-29,06:30-08:30,2.0  
刘杰,2025-07-29,06:30-08:30,2.0  
沈洋,2025-07-29,06:30-08:30,2.0  
田磊,2025-07-29,06:30-08:30,2.0  
刘成香,2025-07-29,06:30-08:30,2.0  
刘登,2025-07-29,06:30-08:30,2.0  
李炎炎,2025-07-29,06:30-08:30,2.0  
陈威,2025-07-29,06:30-08:30,2.0  
余东明,2025-07-29,06:30-08:30,2.0  
王洋,2025-07-29,06:30-08:30,2.0  
孙盼,2025-07-29,06:30-08:30,2.0  
林超,2025-07-29,06:30-08:30,2.0  
曹博文,2025-07-29,06:30-08:30,2.0  
高星,2025-07-29,06:30-08:30,2.0  
席智成,2025-07-29,06:30-08:30,2.0  
魏权,2025-07-29,06:30-08:30,2.0  
刘贤杰,2025-07-29,06:30-08:30,2.0  
万俊杰,2025-07-29,06:30-08:30,2.0  
叶成,2025-07-29,06:30-08:30,2.0  
李明,2025-07-29,06:30-08:30,2.0  
怀雄,2025-07-29,06:30-08:30,2.0  
刘卫宜,2025-07-29,06:30-08:30,2.0  
李享,2025-07-29,06:30-08:30,2.0
----------------------------------------------------------------------

开始批量保存 616 条记录到数据库...
✅ 成功批量保存 616 条记录到数据库

处理完成，共解析 616 条记录，保存 616/155 条回答到数据库
处理耗时: 1252.08 秒，平均每条记录 8.0779 秒

数据来源统计:
  - 钉钉: 137 条记录
  - 飞书: 18 条记录
  - 钉钉: 598 条记录
  - 飞书: 18 条记录

查询到 616 条结果
