✅ 获取到 232 条加班记录
✅ 已更新 丁国涛 在 2025-06-02 的考勤记录：正常(08:09, 21:46) + 钉钉加班(3.77h)
❌ 未找到员工 余成真 的记录
❌ 未找到员工 余成真 的记录
❌ 未找到员工 余成真 的记录
❌ 未找到员工 余成真 的记录
✅ 已更新 叶旭 在 2025-06-05 的考勤记录：正常(08:29, 20:30) + 飞书加班(2.5h)
✅ 已更新 叶旭 在 2025-06-06 的考勤记录：正常(08:08, 20:04) + 飞书加班(2.0h)
✅ 已更新 叶旭 在 2025-06-08 的考勤记录：08:29  
19:12   + 飞书加班(10.5h)
✅ 已更新 叶旭 在 2025-06-09 的考勤记录：正常(08:28, 20:46) + 飞书加班(2.5h)
✅ 已更新 叶旭 在 2025-06-10 的考勤记录：正常(08:23, 20:48) + 飞书加班(2.5h)
✅ 已更新 叶旭 在 2025-06-11 的考勤记录：正常(08:26, 20:02) + 飞书加班(2.0h)
✅ 已更新 叶旭 在 2025-06-12 的考勤记录：正常(08:27, 20:41) + 飞书加班(2.5h)
✅ 已更新 周承成 在 2025-06-07 的考勤记录：18:44   + 钉钉加班(11.0h)
✅ 已更新 周承成 在 2025-06-11 的考勤记录：出差(出差事由
小批量39台3800整桥生产装配跟线，主要为桥壳系统、油冷系统、轮边系统、制动系统、车桥附件系统。后续主要跟全力对接，跟踪前后盖状态。
) + 钉钉加班(2.5h)
✅ 已更新 夏天龙 在 2025-06-03 的考勤记录：正常(08:28, 20:43) + 钉钉加班(2.5h)
✅ 已更新 夏天龙 在 2025-06-10 的考勤记录：正常(08:26, 20:38) + 钉钉加班(2.67h)
✅ 已更新 夏天龙 在 2025-06-25 的考勤记录：正常(08:31, 21:08) + 钉钉加班(3.17h)
✅ 已更新 夏天龙 在 2025-06-30 的考勤记录：正常(08:33, 20:36) + 钉钉加班(2.62h)
✅ 已更新 姚明佳 在 2025-06-14 的考勤记录：正常(08:30, 22:10) + 钉钉加班(4.18h)
❌ 未找到员工 孙家乐 的记录
❌ 未找到员工 孙家乐 的记录
❌ 未找到员工 孙家乐 的记录
❌ 未找到员工 孙家乐 的记录
❌ 未找到员工 孙家乐 的记录
❌ 未找到员工 孙家乐 的记录
✅ 已更新 张喆 在 2025-06-10 的考勤记录：正常(08:33, 19:17) + 钉钉加班(1.0h)
✅ 已更新 张喆 在 2025-06-12 的考勤记录：正常(08:28, 18:00) + 钉钉加班(1.5h)
✅ 已更新 张喆 在 2025-06-17 的考勤记录：正常(08:22, 20:00) + 钉钉加班(2.0h)
✅ 已更新 张喆 在 2025-06-21 的考勤记录：08:27  
17:11   + 钉钉加班(8.73h)
✅ 已更新 徐宝通 在 2025-06-01 的考勤记录：09:25  
16:09   + 钉钉加班(6.5h)
✅ 已更新 徐宝通 在 2025-06-07 的考勤记录：10:07  
17:45   + 钉钉加班(7.38h)
✅ 已更新 徐宝通 在 2025-06-21 的考勤记录：10:25  
17:10   + 钉钉加班(6.58h)
✅ 已更新 朱泽利 在 2025-06-04 的考勤记录：旷工0.5天(09:05, 21:47) + 飞书加班(3.7h)
✅ 已更新 朱益君 在 2025-06-03 的考勤记录：正常(08:30, 19:30) + 钉钉加班(1.5h)
✅ 已更新 朱益君 在 2025-06-04 的考勤记录：正常(08:25, 19:30) + 钉钉加班(1.5h)
✅ 已更新 朱益君 在 2025-06-05 的考勤记录：正常(08:30, 19:14) + 钉钉加班(1.0h)
✅ 已更新 朱益君 在 2025-06-06 的考勤记录：正常(08:11, 19:40) + 钉钉加班(1.67h)
✅ 已更新 朱益君 在 2025-06-09 的考勤记录：正常(08:31, 19:01) + 钉钉加班(1.0h)
✅ 已更新 朱益君 在 2025-06-10 的考勤记录：正常(08:30, 19:16) + 钉钉加班(1.0h)
✅ 已更新 朱益君 在 2025-06-11 的考勤记录：正常(08:32, 19:24) + 钉钉加班(1.0h)
✅ 已更新 朱益君 在 2025-06-16 的考勤记录：正常(08:31, 19:02) + 钉钉加班(1.0h)
✅ 已更新 朱益君 在 2025-06-17 的考勤记录：正常(08:31, 19:41) + 钉钉加班(1.5h)
✅ 已更新 朱益君 在 2025-06-19 的考勤记录：正常(08:26, 19:15) + 钉钉加班(1.0h)
✅ 已更新 朱益君 在 2025-06-20 的考勤记录：正常(08:30, 19:16) + 钉钉加班(1.0h)
✅ 已更新 朱益君 在 2025-06-23 的考勤记录：正常(08:23, 19:07) + 钉钉加班(1.0h)
✅ 已更新 朱益君 在 2025-06-24 的考勤记录：正常(08:30, 19:07) + 钉钉加班(1.0h)
✅ 已更新 朱益君 在 2025-06-27 的考勤记录：正常(08:27, 19:18) + 钉钉加班(1.0h)
✅ 已更新 李俊杰 在 2025-06-27 的考勤记录：正常(08:29, 20:35) + 钉钉加班(2.5h)
✅ 已更新 李俊杰 在 2025-06-28 的考勤记录：正常(08:29, 21:50) + 钉钉加班(3.5h)
✅ 已更新 李俊杰 在 2025-06-30 的考勤记录：正常(08:30, 22:32) + 钉钉加班(4.5h)
✅ 已更新 李奇 在 2025-06-07 的考勤记录：出差(1、督促供应商重卡电机质量改改善
2、宜宾智轨项目，抱死电机组织供应商分析故障原因) + 钉钉加班(9.5h)
✅ 已更新 李庭越 在 2025-06-02 的考勤记录：正常(07:57, 18:32) + 钉钉加班(1.0h)
✅ 已更新 李庭越 在 2025-06-04 的考勤记录：正常(08:16, 18:30) + 钉钉加班(1.0h)
✅ 已更新 李庭越 在 2025-06-08 的考勤记录：07:39  
17:30   + 钉钉加班(9.0h)
✅ 已更新 李庭越 在 2025-06-10 的考勤记录：正常(08:13, 19:30) + 钉钉加班(2.0h)
✅ 已更新 李庭越 在 2025-06-16 的考勤记录：正常(07:55, 20:33) + 钉钉加班(3.0h)
✅ 已更新 李庭越 在 2025-06-17 的考勤记录：正常(08:12, 20:30) + 钉钉加班(3.0h)
✅ 已更新 李庭越 在 2025-06-18 的考勤记录：正常(08:11, 20:00) + 钉钉加班(2.5h)
✅ 已更新 李庭越 在 2025-06-19 的考勤记录：正常(08:15, 20:30) + 钉钉加班(3.0h)
✅ 已更新 李庭越 在 2025-06-20 的考勤记录：正常(08:07, 21:05) + 钉钉加班(3.5h)
✅ 已更新 李庭越 在 2025-06-21 的考勤记录：07:47  
20:00   + 钉钉加班(2.5h)
✅ 已更新 李庭越 在 2025-06-22 的考勤记录：08:14  
23:34   + 钉钉加班(15.0h)
✅ 已更新 李运动 在 2025-06-02 的考勤记录：正常(08:10, 19:30) + 飞书加班(1.5h)
✅ 已更新 李运动 在 2025-06-18 的考勤记录：正常(08:14, 18:33) + 飞书加班(0.5h)
✅ 已更新 李运动 在 2025-06-26 的考勤记录：正常(08:17, 21:00) + 飞书加班(3.0h)
✅ 已更新 杨春森 在 2025-06-02 的考勤记录：正常(08:16, 17:34) + 钉钉加班(2.0h)
✅ 已更新 杨春森 在 2025-06-03 的考勤记录：正常(08:13, 20:01) + 钉钉加班(3.0h)
✅ 已更新 杨春森 在 2025-06-04 的考勤记录：正常(08:12, 20:03) + 钉钉加班(2.0h)
✅ 已更新 杨春森 在 2025-06-05 的考勤记录：正常(08:09, 20:01) + 钉钉加班(2.0h)
✅ 已更新 杨春森 在 2025-06-06 的考勤记录：正常(08:15, 20:14) + 钉钉加班(2.0h)
✅ 已更新 杨春森 在 2025-06-07 的考勤记录：08:05  
17:31   + 钉钉加班(9.0h)
✅ 已更新 杨春森 在 2025-06-08 的考勤记录：08:10  
17:31   + 钉钉加班(9.0h)
✅ 已更新 杨春森 在 2025-06-09 的考勤记录：正常(07:58, 20:07) + 钉钉加班(2.0h)
✅ 已更新 杨春森 在 2025-06-10 的考勤记录：正常(08:16, 18:36) + 钉钉加班(1.5h)
✅ 已更新 杨春森 在 2025-06-10 的考勤记录：正常(08:16, 18:36) + 钉钉加班(1.5h) + 钉钉加班(1.5h)
✅ 已更新 杨春森 在 2025-06-12 的考勤记录：正常(07:59, 20:01) + 钉钉加班(2.5h)
✅ 已更新 杨春森 在 2025-06-13 的考勤记录：正常(07:56, 18:31) + 钉钉加班(1.5h)
✅ 已更新 杨春森 在 2025-06-17 的考勤记录：正常(08:13, 20:05) + 钉钉加班(2.0h)
✅ 已更新 杨春森 在 2025-06-18 的考勤记录：正常(08:12, 17:42) + 钉钉加班(2.0h)
✅ 已更新 杨春森 在 2025-06-19 的考勤记录：正常(08:12, 20:01) + 钉钉加班(2.0h)
✅ 已更新 杨春森 在 2025-06-20 的考勤记录：正常(08:14, 20:31) + 钉钉加班(2.5h)
✅ 已更新 杨春森 在 2025-06-21 的考勤记录：08:12  
17:31   + 钉钉加班(9.0h)
✅ 已更新 杨春森 在 2025-06-22 的考勤记录：08:07  
17:31   + 钉钉加班(9.0h)
✅ 已更新 杨春森 在 2025-06-24 的考勤记录：正常(08:15, 17:47) + 钉钉加班(3.5h)
✅ 已更新 杨春森 在 2025-06-25 的考勤记录：正常(08:13, 21:13) + 钉钉加班(3.0h)
✅ 已更新 杨春森 在 2025-06-26 的考勤记录：正常(08:13, 21:01) + 钉钉加班(3.5h)
✅ 已更新 董凯宁 在 2025-06-13 的考勤记录：出差(支援随州基地来料制程检验) + 钉钉加班(2.45h)
✅ 已更新 董凯宁 在 2025-06-14 的考勤记录：出差(支援随州基地来料制程检验) + 钉钉加班(3.0h)
✅ 已更新 杨春森 在 2025-06-27 的考勤记录：正常(08:16, 20:01) + 钉钉加班(2.0h)
✅ 已更新 杨春森 在 2025-06-28 的考勤记录：正常(08:14, 20:01) + 钉钉加班(2.5h)
✅ 已更新 杨春森 在 2025-06-29 的考勤记录：08:15  
17:31   + 钉钉加班(9.0h)
✅ 已更新 林超 在 2025-06-24 的考勤记录：正常(08:10, 17:34) + 钉钉加班(12.5h)
✅ 已更新 梁梅 在 2025-06-07 的考勤记录：07:56  
18:42   + 飞书加班(9.5h)
✅ 已更新 梁梅 在 2025-06-26 的考勤记录：正常(08:10, 21:31) + 飞书加班(3.5h)
✅ 已更新 段少波 在 2025-06-02 的考勤记录：出差(随州出差) + 钉钉加班(2.0h)
✅ 已更新 段少波 在 2025-06-03 的考勤记录：出差(随州出差) + 钉钉加班(3.0h)
✅ 已更新 段少波 在 2025-06-04 的考勤记录：出差(随州出差) + 钉钉加班(5.5h)
✅ 已更新 段少波 在 2025-06-05 的考勤记录：出差(随州出差) + 钉钉加班(7.5h)
✅ 已更新 段少波 在 2025-06-06 的考勤记录：出差(随州出差) + 钉钉加班(2.0h)
✅ 已更新 段少波 在 2025-06-07 的考勤记录：出差(随州出差) + 钉钉加班(11.0h)
✅ 已更新 段少波 在 2025-06-09 的考勤记录：出差(随州出差) + 钉钉加班(2.5h)
✅ 已更新 段少波 在 2025-06-10 的考勤记录：出差(随州出差) + 钉钉加班(2.5h)
✅ 已更新 段少波 在 2025-06-11 的考勤记录：出差(随州出差) + 钉钉加班(2.0h)
✅ 已更新 段少波 在 2025-06-12 的考勤记录：出差(随州出差) + 钉钉加班(3.0h)
✅ 已更新 段少波 在 2025-06-13 的考勤记录：出差(随州出差) + 钉钉加班(3.0h)
✅ 已更新 段少波 在 2025-06-14 的考勤记录：出差(随州出差) + 钉钉加班(3.0h)
✅ 已更新 段少波 在 2025-06-16 的考勤记录：出差(随州出差) + 钉钉加班(3.5h)
✅ 已更新 段少波 在 2025-06-17 的考勤记录：出差(随州出差) + 钉钉加班(2.5h)
✅ 已更新 段少波 在 2025-06-17 的考勤记录：出差(随州出差) + 钉钉加班(2.5h) + 钉钉加班(2.5h)
✅ 已更新 段少波 在 2025-06-18 的考勤记录：出差(随州出差) + 钉钉加班(2.0h)
✅ 已更新 段少波 在 2025-06-19 的考勤记录：出差(随州出差) + 钉钉加班(2.0h)
✅ 已更新 段少波 在 2025-06-20 的考勤记录：出差(随州出差) + 钉钉加班(4.5h)
✅ 已更新 段少波 在 2025-06-21 的考勤记录：出差(随州出差) + 钉钉加班(11.5h)
✅ 已更新 董凯宁 在 2025-06-16 的考勤记录：出差(支援随州基地来料制程检验) + 钉钉加班(3.0h)
✅ 已更新 段少波 在 2025-06-22 的考勤记录：出差(随州出差) + 钉钉加班(15.0h)
✅ 已更新 段少波 在 2025-06-25 的考勤记录：出差(随州出差) + 钉钉加班(2.5h)
✅ 已更新 段少波 在 2025-06-26 的考勤记录：出差(随州出差) + 钉钉加班(3.5h)
✅ 已更新 段少波 在 2025-06-27 的考勤记录：出差(随州出差) + 钉钉加班(1.5h)
✅ 已更新 殷四雄 在 2025-06-07 的考勤记录：08:26  
16:31   + 钉钉加班(8.0h)
✅ 已更新 殷四雄 在 2025-06-09 的考勤记录：正常(08:25, 19:18) + 钉钉加班(1.0h)
✅ 已更新 殷四雄 在 2025-06-12 的考勤记录：正常(08:25, 19:12) + 钉钉加班(1.0h)
✅ 已更新 殷四雄 在 2025-06-17 的考勤记录：正常(08:21, 19:01) + 钉钉加班(1.0h)
✅ 已更新 殷四雄 在 2025-06-26 的考勤记录：正常(08:26, 19:01) + 钉钉加班(1.5h)
✅ 已更新 沈琪海 在 2025-06-02 的考勤记录：正常(08:24, 19:00) + 钉钉加班(1.5h)
✅ 已更新 沈琪海 在 2025-06-18 的考勤记录：正常(08:24, 18:35) + 钉钉加班(1.0h)
✅ 已更新 沈琪海 在 2025-06-26 的考勤记录：正常(08:28, 19:33) + 钉钉加班(2.0h)
✅ 已更新 玉玲珑（魏玉玲） 在 2025-06-04 的考勤记录：正常(08:28, 22:41) + 钉钉加班(5.0h)
✅ 已更新 玉玲珑（魏玉玲） 在 2025-06-07 的考勤记录：08:26  
18:44   + 钉钉加班(1.0h)
✅ 已更新 玉玲珑（魏玉玲） 在 2025-06-11 的考勤记录：正常(08:28, 20:00) + 钉钉加班(2.5h)
✅ 已更新 玉玲珑（魏玉玲） 在 2025-06-16 的考勤记录：正常(08:27, 21:00) + 钉钉加班(3.5h)
✅ 已更新 玉玲珑（魏玉玲） 在 2025-06-17 的考勤记录：正常(08:28, 20:31) + 钉钉加班(3.0h)
✅ 已更新 玉玲珑（魏玉玲） 在 2025-06-18 的考勤记录：正常(08:24, 20:00) + 钉钉加班(2.5h)
✅ 已更新 玉玲珑（魏玉玲） 在 2025-06-19 的考勤记录：正常(08:30, 18:31) + 钉钉加班(1.0h)
✅ 已更新 玉玲珑（魏玉玲） 在 2025-06-21 的考勤记录：08:23  
20:18   + 钉钉加班(2.0h)
✅ 已更新 玉玲珑（魏玉玲） 在 2025-06-22 的考勤记录：08:30  
17:36   + 钉钉加班(9.0h)
✅ 已更新 玉玲珑（魏玉玲） 在 2025-06-25 的考勤记录：正常(08:17, 19:34) + 钉钉加班(2.0h)
✅ 已更新 王兴磊 在 2025-06-02 的考勤记录：正常(07:51, 20:03) + 钉钉加班(2.5h)
✅ 已更新 王兴磊 在 2025-06-03 的考勤记录：正常(08:02, 18:31) + 钉钉加班(1.0h)
✅ 已更新 王兴磊 在 2025-06-05 的考勤记录：正常(08:06, 18:31) + 钉钉加班(1.0h)
✅ 已更新 王兴磊 在 2025-06-06 的考勤记录：正常(08:02, 20:00) + 钉钉加班(2.5h)
✅ 已更新 王兴磊 在 2025-06-07 的考勤记录：08:00  
18:31  
18:32   + 钉钉加班(1.0h)
✅ 已更新 王兴磊 在 2025-06-09 的考勤记录：正常(08:00, 19:03) + 钉钉加班(1.5h)
✅ 已更新 王兴磊 在 2025-06-11 的考勤记录：正常(07:59, 20:01) + 钉钉加班(2.5h)
✅ 已更新 王兴磊 在 2025-06-12 的考勤记录：正常(08:02, 18:31) + 钉钉加班(1.0h)
✅ 已更新 王兴磊 在 2025-06-13 的考勤记录：正常(07:51, 20:09) + 钉钉加班(2.5h)
✅ 已更新 王兴磊 在 2025-06-14 的考勤记录：正常(08:01, 19:41) + 钉钉加班(2.0h)
✅ 已更新 王兴磊 在 2025-06-16 的考勤记录：正常(08:03, 18:34) + 钉钉加班(1.0h)
✅ 已更新 王兴磊 在 2025-06-26 的考勤记录：正常(07:57, 20:31) + 钉钉加班(3.0h)
✅ 已更新 祝叶康 在 2025-06-04 的考勤记录：出差(协助随州生产线运行工艺，保障6月份生产订单交付) + 钉钉加班(5.1h)
✅ 已更新 祝叶康 在 2025-06-05 的考勤记录：出差(协助随州生产线运行工艺，保障6月份生产订单交付) + 钉钉加班(5.0h)
✅ 已更新 祝叶康 在 2025-06-07 的考勤记录：出差(协助随州生产线运行工艺，保障6月份生产订单交付) + 钉钉加班(10.25h)
✅ 已更新 祝叶康 在 2025-06-21 的考勤记录：出差(协助随州生产线运行工艺，保障6月份生产订单交付) + 钉钉加班(12.0h)
✅ 已更新 祝叶康 在 2025-06-22 的考勤记录：出差(协助随州生产线运行工艺，保障6月份生产订单交付) + 钉钉加班(14.5h)
✅ 已更新 祝叶康 在 2025-06-24 的考勤记录：出差(协助随州生产线运行工艺，保障6月份生产订单交付) + 钉钉加班(3.72h)
✅ 已更新 程志鹏 在 2025-06-02 的考勤记录：正常(08:32, 21:19) + 钉钉加班(3.0h)
✅ 已更新 程志鹏 在 2025-06-04 的考勤记录：正常(08:27, 21:24) + 钉钉加班(3.42h)
✅ 已更新 胡俊杨 在 2025-06-21 的考勤记录：出差(出差随州重卡桥线建设投产及共线EA3800N项目技改) + 钉钉加班(11.5h)
✅ 已更新 胡俊杨 在 2025-06-22 的考勤记录：出差(出差随州重卡桥线建设投产及共线EA3800N项目技改) + 钉钉加班(10.0h)
✅ 已更新 舒玉豪 在 2025-06-08 的考勤记录：出差(车辆调试配合) + 飞书加班(11.0h)
✅ 已更新 葛婷 在 2025-06-25 的考勤记录：正常(07:58, 20:04) + 飞书加班(2.0h)
✅ 已更新 葛婷 在 2025-06-26 的考勤记录：正常(07:52, 21:00) + 飞书加班(3.0h)
✅ 已更新 董凯宁 在 2025-06-06 的考勤记录：出差(支援随州基地来料制程检验) + 钉钉加班(2.0h)
✅ 已更新 董凯宁 在 2025-06-07 的考勤记录：出差(支援随州基地来料制程检验) + 钉钉加班(9.17h)
✅ 已更新 董凯宁 在 2025-06-10 的考勤记录：出差(支援随州基地来料制程检验) + 钉钉加班(1.13h)
✅ 已更新 董凯宁 在 2025-06-11 的考勤记录：出差(支援随州基地来料制程检验) + 钉钉加班(1.7h)
✅ 已更新 董凯宁 在 2025-06-12 的考勤记录：出差(支援随州基地来料制程检验) + 钉钉加班(1.92h)
✅ 已更新 董凯宁 在 2025-06-17 的考勤记录：出差(支援随州基地来料制程检验) + 钉钉加班(2.75h)
✅ 已更新 董凯宁 在 2025-06-18 的考勤记录：出差(支援随州基地来料制程检验) + 钉钉加班(2.58h)
✅ 已更新 董凯宁 在 2025-06-20 的考勤记录：出差(支援随州基地来料制程检验) + 钉钉加班(2.12h)
✅ 已更新 董凯宁 在 2025-06-21 的考勤记录：出差(支援随州基地来料制程检验) + 钉钉加班(11.5h)
✅ 已更新 董凯宁 在 2025-06-22 的考勤记录：出差(支援随州基地来料制程检验) + 钉钉加班(14.67h)
✅ 已更新 董凯宁 在 2025-06-25 的考勤记录：出差(支援随州基地来料制程检验) + 钉钉加班(2.0h)
✅ 已更新 董凯宁 在 2025-06-26 的考勤记录：出差(支援随州基地来料制程检验) + 钉钉加班(3.5h)
✅ 已更新 钟洪伟 在 2025-06-03 的考勤记录：正常(08:28, 21:12) + 钉钉加班(3.0h)
✅ 已更新 钟洪伟 在 2025-06-06 的考勤记录：正常(07:56, 20:03) + 钉钉加班(2.0h)
✅ 已更新 钟洪伟 在 2025-06-07 的考勤记录：08:22  
17:30   + 钉钉加班(9.0h)
✅ 已更新 钟洪伟 在 2025-06-09 的考勤记录：正常(08:26, 20:03) + 钉钉加班(2.0h)
✅ 已更新 钟洪伟 在 2025-06-10 的考勤记录：正常(08:32, 18:55) + 钉钉加班(1.0h)
✅ 已更新 钟洪伟 在 2025-06-11 的考勤记录：正常(08:26, 19:00) + 钉钉加班(1.0h)
✅ 已更新 钟洪伟 在 2025-06-12 的考勤记录：正常(08:28, 19:42) + 钉钉加班(1.5h)
✅ 已更新 钟洪伟 在 2025-06-13 的考勤记录：正常(08:30, 20:29) + 钉钉加班(2.5h)
✅ 已更新 钟洪伟 在 2025-06-17 的考勤记录：迟到(08:41, 19:34) + 钉钉加班(1.5h)
✅ 已更新 钟洪伟 在 2025-06-18 的考勤记录：迟到(08:35, 19:12) + 钉钉加班(1.0h)
✅ 已更新 钟洪伟 在 2025-06-24 的考勤记录：正常(08:05, 20:54) + 钉钉加班(3.0h)
✅ 已更新 钟洪伟 在 2025-06-25 的考勤记录：正常(08:32, 21:15) + 钉钉加班(3.0h)
✅ 已更新 钟洪伟 在 2025-06-26 的考勤记录：正常(08:26, 20:25) + 钉钉加班(2.5h)
✅ 已更新 钟洪伟 在 2025-06-27 的考勤记录：迟到(08:34, 20:33) + 钉钉加班(2.5h)
✅ 已更新 钟洪伟 在 2025-06-28 的考勤记录：正常(08:26, 18:51) + 钉钉加班(1.0h)
✅ 已更新 钟洪伟 在 2025-06-29 的考勤记录：08:20   + 钉钉加班(9.0h)
✅ 已更新 闫亚东 在 2025-06-03 的考勤记录：正常(08:28, 21:31) + 钉钉加班(3.5h)
✅ 已更新 闫亚东 在 2025-06-05 的考勤记录：正常(08:31, 21:07) + 钉钉加班(3.0h)
✅ 已更新 闫亚东 在 2025-06-07 的考勤记录：10:46  
17:47   + 钉钉加班(7.0h)
✅ 已更新 闫亚东 在 2025-06-10 的考勤记录：迟到(08:34, 21:01) + 钉钉加班(3.0h)
✅ 已更新 闫亚东 在 2025-06-11 的考勤记录：迟到(08:35, 21:13) + 钉钉加班(3.0h)
✅ 已更新 闫亚东 在 2025-06-12 的考勤记录：正常(08:28, 21:00) + 钉钉加班(3.0h)
✅ 已更新 闫亚东 在 2025-06-13 的考勤记录：正常(08:33, 21:32) + 钉钉加班(3.5h)
✅ 已更新 闫亚东 在 2025-06-14 的考勤记录：正常(08:32, 21:01) + 钉钉加班(3.0h)
✅ 已更新 闫亚东 在 2025-06-16 的考勤记录：迟到(08:37, 21:09) + 钉钉加班(3.0h)
✅ 已更新 陈之东 在 2025-06-03 的考勤记录：正常(08:16, 20:37) + 钉钉加班(2.5h)
✅ 已更新 陈之东 在 2025-06-04 的考勤记录：正常(08:14, 19:30) + 钉钉加班(1.0h)
✅ 已更新 陈之东 在 2025-06-05 的考勤记录：正常(08:23, 21:07) + 钉钉加班(3.0h)
✅ 已更新 陈之东 在 2025-06-09 的考勤记录：正常(08:23, 20:01) + 钉钉加班(1.5h)
✅ 已更新 陈之东 在 2025-06-12 的考勤记录：正常(08:30, 20:00) + 钉钉加班(2.0h)
✅ 已更新 陈之东 在 2025-06-13 的考勤记录：正常(08:25, 19:09) + 钉钉加班(1.0h)
✅ 已更新 陈之东 在 2025-06-17 的考勤记录：正常(08:22, 21:23) + 钉钉加班(3.0h)
✅ 已更新 韦东略 在 2025-06-11 的考勤记录：正常(08:32, 18:00) + 钉钉加班(2.0h)
✅ 已更新 韦东略 在 2025-06-25 的考勤记录：正常(08:33, 21:12) + 钉钉加班(2.67h)
✅ 已更新 韦东略 在 2025-06-26 的考勤记录：正常(08:33, 20:32) + 钉钉加班(2.5h)
✅ 已更新 马鸣强 在 2025-06-08 的考勤记录：08:51  
16:01   + 钉钉加班(7.08h)
✅ 已更新 高剑濠 在 2025-06-05 的考勤记录：正常(08:31, 20:44) + 钉钉加班(2.73h)
✅ 已更新 高剑濠 在 2025-06-12 的考勤记录：正常(08:31, 20:40) + 钉钉加班(2.67h)
✅ 已更新 高剑濠 在 2025-06-17 的考勤记录：正常(08:31, 20:33) + 钉钉加班(2.5h)
✅ 已更新 魏权 在 2025-06-08 的考勤记录：钉钉加班(3.5h)
✅ 已更新 魏权 在 2025-06-09 的考勤记录：正常(08:24, 20:31) + 钉钉加班(2.5h)
✅ 已更新 魏权 在 2025-06-10 的考勤记录：正常(08:17, 19:14) + 钉钉加班(2.0h)
✅ 已更新 魏权 在 2025-06-11 的考勤记录：正常(08:20, 20:02) + 钉钉加班(2.0h)
✅ 已更新 魏权 在 2025-06-12 的考勤记录：正常(08:21, 21:03) + 钉钉加班(3.0h)
✅ 已更新 魏权 在 2025-06-13 的考勤记录：正常(08:22, 20:32) + 钉钉加班(2.5h)
✅ 已更新 魏权 在 2025-06-14 的考勤记录：正常(08:24, 21:07) + 钉钉加班(3.0h)
✅ 已更新 魏权 在 2025-06-16 的考勤记录：正常(08:22, 21:01) + 钉钉加班(3.0h)
✅ 已更新 魏权 在 2025-06-17 的考勤记录：正常(08:24, 20:38) + 钉钉加班(2.5h)
✅ 已更新 魏权 在 2025-06-18 的考勤记录：正常(08:25, 20:03) + 钉钉加班(2.0h)
✅ 已更新 魏权 在 2025-06-19 的考勤记录：正常(08:23, 17:44) + 钉钉加班(2.0h)
✅ 已更新 魏权 在 2025-06-20 的考勤记录：正常(08:26, 21:09) + 钉钉加班(4.5h)
✅ 已更新 魏权 在 2025-06-21 的考勤记录：08:30  
20:07   + 钉钉加班(2.0h)
✅ 已更新 魏权 在 2025-06-22 的考勤记录：08:23  
23:31   + 钉钉加班(5.5h)
✅ 已更新 魏权 在 2025-06-23 的考勤记录：缺卡(1天) nan + 钉钉加班(1.5h)
✅ 已更新 魏权 在 2025-06-25 的考勤记录：正常(08:24, 20:02) + 钉钉加班(2.5h)
✅ 已更新 魏权 在 2025-06-26 的考勤记录：正常(08:18, 21:35) + 钉钉加班(3.5h)
✅ 已更新 魏权 在 2025-06-27 的考勤记录：正常(08:23, 17:39) + 钉钉加班(1.0h)
✅ 已更新 黄力 在 2025-06-02 的考勤记录：正常(08:01, 19:00) + 钉钉加班(1.5h)
✅ 已更新 黄力 在 2025-06-18 的考勤记录：正常(08:05, 18:31) + 钉钉加班(1.0h)
✅ 考勤记录更新完成
