✅ 获取到 208 条加班记录
✅ 已更新 丁国涛 在 2025-05-06 的考勤记录：正常(08:17, 19:43) + 钉钉加班(1.72h)
✅ 已更新 叶旭 在 2025-05-06 的考勤记录：正常(08:30, 21:00) + 飞书加班(3.0h)
✅ 已更新 叶旭 在 2025-05-08 的考勤记录：正常(08:28, 22:05) + 飞书加班(3.5h)
✅ 已更新 叶旭 在 2025-05-16 的考勤记录：正常(08:20, 20:05) + 飞书加班(2.0h)
✅ 已更新 叶旭 在 2025-05-17 的考勤记录：迟到(08:34, 18:23) + 飞书加班(9.0h)
✅ 已更新 叶旭 在 2025-05-18 的考勤记录：09:16  
18:04   + 飞书加班(9.0h)
✅ 已更新 叶旭 在 2025-05-19 的考勤记录：飞书请假(1.0天)[调休](调休) + 飞书加班(3.0h)
✅ 已更新 叶旭 在 2025-05-21 的考勤记录：正常(08:30, 21:11) + 飞书加班(2.5h)
✅ 已更新 叶旭 在 2025-05-22 的考勤记录：正常(08:30, 22:00) + 飞书加班(3.5h)
✅ 已更新 叶旭 在 2025-05-23 的考勤记录：正常(08:30, 21:31) + 飞书加班(3.0h)
✅ 已更新 叶旭 在 2025-05-27 的考勤记录：正常(08:18, 20:01) + 飞书加班(1.5h)
✅ 已更新 叶旭 在 2025-05-28 的考勤记录：正常(08:30, 19:37) + 飞书加班(1.0h)
✅ 已更新 周承成 在 2025-05-11 的考勤记录：08:52  
20:19   + 钉钉加班(12.0h)
✅ 已更新 周承成 在 2025-05-12 的考勤记录：正常(08:30, 23:31) + 钉钉加班(5.5h)
✅ 已更新 夏天龙 在 2025-05-05 的考勤记录：正常(08:32, 20:39) + 钉钉加班(2.68h)
✅ 已更新 夏天龙 在 2025-05-06 的考勤记录：正常(08:30, 20:29) + 钉钉加班(2.52h)
✅ 已更新 夏天龙 在 2025-05-15 的考勤记录：迟到(08:34, 23:28) + 钉钉加班(8.0h)
✅ 已更新 夏天龙 在 2025-05-26 的考勤记录：正常(08:28, 20:23) + 钉钉加班(2.5h)
✅ 已更新 孙家乐 在 2025-05-12 的考勤记录：正常(08:25, 23:31) + 钉钉加班(5.52h)
✅ 已更新 孙家乐 在 2025-05-23 的考勤记录：正常(08:27, 18:01) + 钉钉加班(1.5h)
✅ 已更新 张喆 在 2025-05-11 的考勤记录：13:14  
18:03   + 钉钉加班(4.77h)
✅ 已更新 张梓正 在 2025-05-20 的考勤记录：出差(安凯dcu下线保障) + 飞书加班(3.5h)
✅ 已更新 张梓正 在 2025-05-24 的考勤记录：出差(安凯dcu下线保障) + 飞书加班(9.0h)
✅ 已更新 朱泽利 在 2025-05-11 的考勤记录：出差(星辰18T的VCU软件固化，A样自卸车吴山镇测试，追光49T牵引车调试) + 飞书加班(12.5h)
✅ 已更新 朱泽利 在 2025-05-29 的考勤记录：出差(星辰18T的VCU软件固化，A样自卸车吴山镇测试，追光49T牵引车调试) + 飞书加班(2.7h)
✅ 已更新 朱益君 在 2025-05-07 的考勤记录：正常(08:29, 19:01) + 钉钉加班(1.0h)
✅ 已更新 朱益君 在 2025-05-07 的考勤记录：正常(08:29, 19:01) + 钉钉加班(1.0h) + 钉钉加班(1.0h)
✅ 已更新 朱益君 在 2025-05-09 的考勤记录：正常(08:32, 20:05) + 钉钉加班(2.05h)
✅ 已更新 朱益君 在 2025-05-12 的考勤记录：正常(08:30, 19:35) + 钉钉加班(1.5h)
✅ 已更新 朱益君 在 2025-05-13 的考勤记录：正常(08:28, 20:04) + 钉钉加班(2.03h)
✅ 已更新 朱益君 在 2025-05-14 的考勤记录：正常(08:31, 19:41) + 钉钉加班(1.68h)
✅ 已更新 朱益君 在 2025-05-15 的考勤记录：正常(08:31, 19:09) + 钉钉加班(1.0h)
✅ 已更新 朱益君 在 2025-05-16 的考勤记录：正常(08:31, 19:02) + 钉钉加班(1.0h)
✅ 已更新 朱益君 在 2025-05-17 的考勤记录：正常(08:25, 19:03) + 钉钉加班(1.0h)
✅ 已更新 朱益君 在 2025-05-19 的考勤记录：正常(08:26, 19:00) + 钉钉加班(1.0h)
✅ 已更新 朱益君 在 2025-05-21 的考勤记录：正常(08:31, 20:09) + 钉钉加班(2.0h)
✅ 已更新 朱益君 在 2025-05-26 的考勤记录：正常(08:31, 19:31) + 钉钉加班(1.52h)
✅ 已更新 朱益君 在 2025-05-27 的考勤记录：正常(08:31, 19:05) + 钉钉加班(1.0h)
✅ 已更新 朱隆轩 在 2025-05-24 的考勤记录：出差(海珀特ET2.0软件实车测试) + 飞书加班(9.5h)
✅ 已更新 李奇 在 2025-05-10 的考勤记录：正常(08:30, 20:42) + 钉钉加班(3.0h)
✅ 已更新 李奇 在 2025-05-27 的考勤记录：正常(01:13, 19:24) + 钉钉加班(6.5h)
✅ 已更新 李庭越 在 2025-05-14 的考勤记录：正常(08:10, 19:02) + 钉钉加班(1.5h)
✅ 已更新 李庭越 在 2025-05-17 的考勤记录：正常(08:05, 18:30) + 钉钉加班(1.0h)
✅ 已更新 李庭越 在 2025-05-18 的考勤记录：08:08  
17:31   + 钉钉加班(9.0h)
✅ 已更新 李庭越 在 2025-05-20 的考勤记录：正常(07:57, 20:00) + 钉钉加班(2.5h)
✅ 已更新 李庭越 在 2025-05-23 的考勤记录：正常(07:50, 18:32) + 钉钉加班(1.0h)
✅ 已更新 李庭越 在 2025-05-24 的考勤记录：08:11  
20:30  
20:30   + 钉钉加班(3.0h)
✅ 已更新 李庭越 在 2025-05-25 的考勤记录：08:05  
20:35   + 钉钉加班(12.0h)
✅ 已更新 李新月 在 2025-05-07 的考勤记录：正常(08:29, 19:33) + 钉钉加班(1.5h)
✅ 已更新 李运动 在 2025-05-21 的考勤记录：正常(08:09, 21:03) + 飞书加班(2.5h)
✅ 已更新 李运动 在 2025-05-26 的考勤记录：正常(08:06, 19:02) + 飞书加班(1.0h)
✅ 已更新 李运动 在 2025-05-28 的考勤记录：正常(08:20, 19:12) + 飞书加班(1.0h)
✅ 已更新 杜稳飞 在 2025-05-08 的考勤记录：正常(08:25, 19:31) + 钉钉加班(2.0h)
✅ 已更新 杜稳飞 在 2025-05-09 的考勤记录：正常(08:25, 20:04) + 钉钉加班(2.0h)
✅ 已更新 杜稳飞 在 2025-05-11 的考勤记录：08:25  
20:01   + 钉钉加班(2.0h)
✅ 已更新 杜稳飞 在 2025-05-12 的考勤记录：正常(08:25, 20:06) + 钉钉加班(2.0h)
✅ 已更新 杜稳飞 在 2025-05-14 的考勤记录：正常(08:27, 20:01) + 钉钉加班(2.0h)
✅ 已更新 杜稳飞 在 2025-05-16 的考勤记录：正常(08:28, 20:02) + 钉钉加班(2.0h)
✅ 已更新 杜稳飞 在 2025-05-22 的考勤记录：迟到(08:58, 20:03) + 钉钉加班(2.0h)
✅ 已更新 杜稳飞 在 2025-05-26 的考勤记录：缺卡(1天) 08:25   + 钉钉加班(13.0h)
✅ 已更新 杜稳飞 在 2025-05-28 的考勤记录：正常(08:24, 20:06) + 钉钉加班(2.0h)
✅ 已更新 杜锋 在 2025-05-13 的考勤记录：正常(07:39, 20:00) + 飞书加班(2.5h)
✅ 已更新 杜锋 在 2025-05-15 的考勤记录：正常(08:26, 21:35) + 飞书加班(4.0h)
✅ 已更新 杜锋 在 2025-05-21 的考勤记录：正常(08:28, 19:06) + 飞书加班(1.5h)
✅ 已更新 杜锋 在 2025-05-22 的考勤记录：正常(08:27, 18:32) + 飞书加班(1.0h)
✅ 已更新 杨春森 在 2025-05-04 的考勤记录：08:10  
17:31   + 钉钉加班(9.0h)
✅ 已更新 杨春森 在 2025-05-05 的考勤记录：正常(08:12, 20:01) + 钉钉加班(2.5h)
✅ 已更新 杨春森 在 2025-05-07 的考勤记录：正常(08:10, 20:03) + 钉钉加班(2.0h)
✅ 已更新 杨春森 在 2025-05-08 的考勤记录：正常(08:09, 21:32) + 钉钉加班(2.5h)
✅ 已更新 杨春森 在 2025-05-09 的考勤记录：正常(08:05, 21:13) + 钉钉加班(3.0h)
✅ 已更新 杨春森 在 2025-05-11 的考勤记录：07:58  
20:03   + 钉钉加班(2.5h)
✅ 已更新 杨春森 在 2025-05-13 的考勤记录：正常(08:12, 17:36) + 钉钉加班(2.5h)
✅ 已更新 杨春森 在 2025-05-17 的考勤记录：正常(08:30, 21:05) + 钉钉加班(4.0h)
✅ 已更新 杨春森 在 2025-05-19 的考勤记录：正常(08:13, 22:32) + 钉钉加班(5.0h)
✅ 已更新 杨春森 在 2025-05-20 的考勤记录：正常(08:16, 17:41) + 钉钉加班(1.5h)
✅ 已更新 杨春森 在 2025-05-21 的考勤记录：钉钉请假(5小时)[调休](有事) + 钉钉加班(2.0h)
✅ 已更新 杨春森 在 2025-05-22 的考勤记录：正常(08:02, 22:02) + 钉钉加班(4.5h)
✅ 已更新 杨春森 在 2025-05-23 的考勤记录：正常(08:09, 21:02) + 钉钉加班(3.5h)
✅ 已更新 杨春森 在 2025-05-24 的考勤记录：钉钉加班(9.0h)
✅ 已更新 杨春森 在 2025-05-26 的考勤记录：正常(08:10, 22:31) + 钉钉加班(15.5h)
✅ 已更新 杨春森 在 2025-05-26 的考勤记录：正常(08:10, 22:31) + 钉钉加班(15.5h) + 钉钉加班(4.5h)
✅ 已更新 杨春森 在 2025-05-27 的考勤记录：缺卡(1天) 08:12   + 钉钉加班(8.5h)
✅ 已更新 杨春森 在 2025-05-27 的考勤记录：缺卡(1天) 08:12   + 钉钉加班(8.5h) + 钉钉加班(2.5h)
✅ 已更新 杨春森 在 2025-05-28 的考勤记录：正常(02:03, 21:01) + 钉钉加班(4.5h)
✅ 已更新 杨春森 在 2025-05-29 的考勤记录：正常(08:12, 17:57) + 钉钉加班(2.5h)
✅ 已更新 杨春森 在 2025-05-30 的考勤记录：正常(08:07, 19:02) + 钉钉加班(1.5h)
✅ 已更新 梁梅 在 2025-05-06 的考勤记录：正常(08:06, 20:41) + 飞书加班(2.0h)
✅ 已更新 梁梅 在 2025-05-06 的考勤记录：正常(08:06, 20:41) + 飞书加班(2.0h) + 飞书加班(2.0h)
✅ 已更新 梁梅 在 2025-05-21 的考勤记录：正常(08:01, 21:03) + 飞书加班(2.5h)
✅ 已更新 梁梅 在 2025-05-26 的考勤记录：正常(08:10, 20:05) + 飞书加班(2.0h)
✅ 已更新 段少波 在 2025-05-04 的考勤记录：出差(随州出差) + 钉钉加班(13.0h)
✅ 已更新 段少波 在 2025-05-05 的考勤记录：出差(随州出差) + 钉钉加班(6.0h)
✅ 已更新 段少波 在 2025-05-06 的考勤记录：出差(随州出差) + 钉钉加班(3.5h)
✅ 已更新 段少波 在 2025-05-07 的考勤记录：出差(随州出差) + 钉钉加班(3.0h)
✅ 已更新 段少波 在 2025-05-08 的考勤记录：出差(随州出差) + 钉钉加班(5.0h)
✅ 已更新 段少波 在 2025-05-09 的考勤记录：出差(随州出差) + 钉钉加班(3.0h)
✅ 已更新 段少波 在 2025-05-10 的考勤记录：出差(随州出差) + 钉钉加班(3.0h)
✅ 已更新 段少波 在 2025-05-11 的考勤记录：出差(随州出差) + 钉钉加班(9.5h)
✅ 已更新 段少波 在 2025-05-16 的考勤记录：出差(随州出差) + 钉钉加班(5.0h)
✅ 已更新 段少波 在 2025-05-17 的考勤记录：出差(随州出差) + 钉钉加班(3.5h)
✅ 已更新 段少波 在 2025-05-18 的考勤记录：出差(随州出差) + 钉钉加班(3.0h)
✅ 已更新 段少波 在 2025-05-19 的考勤记录：出差(随州出差) + 钉钉加班(5.0h)
✅ 已更新 段少波 在 2025-05-20 的考勤记录：出差(随州出差) + 钉钉加班(5.0h)
✅ 已更新 段少波 在 2025-05-22 的考勤记录：出差(随州出差) + 钉钉加班(3.0h)
✅ 已更新 段少波 在 2025-05-23 的考勤记录：出差(随州出差) + 钉钉加班(2.5h)
✅ 已更新 胡俊杨 在 2025-05-11 的考勤记录：08:14  
17:44   + 钉钉加班(9.0h)
✅ 已更新 段少波 在 2025-05-24 的考勤记录：出差(随州出差) + 钉钉加班(13.0h)
✅ 已更新 段少波 在 2025-05-25 的考勤记录：出差(随州出差) + 钉钉加班(12.0h)
✅ 已更新 段少波 在 2025-05-26 的考勤记录：出差(随州出差) + 钉钉加班(2.5h)
✅ 已更新 段少波 在 2025-05-27 的考勤记录：出差(随州出差) + 钉钉加班(1.5h)
✅ 已更新 段少波 在 2025-05-28 的考勤记录：出差(随州出差) + 钉钉加班(2.5h)
✅ 已更新 段少波 在 2025-05-29 的考勤记录：出差(随州出差) + 钉钉加班(1.5h)
✅ 已更新 殷四雄 在 2025-05-05 的考勤记录：缺卡(1天) 19:00   + 钉钉加班(1.17h)
✅ 已更新 殷四雄 在 2025-05-06 的考勤记录：正常(08:17, 19:50) + 钉钉加班(2.33h)
✅ 已更新 殷四雄 在 2025-05-08 的考勤记录：迟到(08:45, 20:01) + 钉钉加班(2.5h)
✅ 已更新 殷四雄 在 2025-05-09 的考勤记录：正常(08:16, 19:23) + 钉钉加班(1.83h)
✅ 已更新 殷四雄 在 2025-05-11 的考勤记录：08:14  
17:43   + 钉钉加班(9.0h)
✅ 已更新 殷四雄 在 2025-05-13 的考勤记录：正常(08:15, 20:07) + 钉钉加班(2.5h)
✅ 已更新 殷四雄 在 2025-05-14 的考勤记录：迟到(08:51, 21:03) + 钉钉加班(3.0h)
✅ 已更新 殷四雄 在 2025-05-15 的考勤记录：正常(08:22, 19:03) + 钉钉加班(1.5h)
✅ 已更新 殷四雄 在 2025-05-16 的考勤记录：正常(08:18, 23:02) + 钉钉加班(5.0h)
✅ 已更新 殷四雄 在 2025-05-17 的考勤记录：正常(08:16, 20:31) + 钉钉加班(3.0h)
✅ 已更新 殷四雄 在 2025-05-18 的考勤记录：08:21  
17:46   + 钉钉加班(9.0h)
✅ 已更新 殷四雄 在 2025-05-20 的考勤记录：正常(08:19, 21:44) + 钉钉加班(4.0h)
✅ 已更新 殷四雄 在 2025-05-24 的考勤记录：08:25  
21:01   + 钉钉加班(12.5h)
✅ 已更新 殷四雄 在 2025-05-25 的考勤记录：08:21  
20:13   + 钉钉加班(11.5h)
✅ 已更新 殷四雄 在 2025-05-28 的考勤记录：正常(08:19, 20:01) + 钉钉加班(2.5h)
❌ 未找到员工 沈傲 的记录
✅ 已更新 沈琪海 在 2025-05-21 的考勤记录：正常(08:29, 21:05) + 钉钉加班(3.5h)
✅ 已更新 王佳忠 在 2025-05-14 的考勤记录：正常(08:18, 20:24) + 钉钉加班(2.0h)
✅ 已更新 王兴磊 在 2025-05-04 的考勤记录：08:24  
17:30   + 钉钉加班(8.0h)
✅ 已更新 王兴磊 在 2025-05-10 的考勤记录：正常(07:45, 18:30) + 钉钉加班(1.0h)
✅ 已更新 王兴磊 在 2025-05-11 的考勤记录：07:45  
17:32   + 钉钉加班(8.0h)
✅ 已更新 王兴磊 在 2025-05-15 的考勤记录：正常(08:04, 19:30) + 钉钉加班(2.0h)
✅ 已更新 王兴磊 在 2025-05-16 的考勤记录：正常(07:59, 19:30) + 钉钉加班(2.0h)
✅ 已更新 王兴磊 在 2025-05-17 的考勤记录：正常(07:56, 18:32) + 钉钉加班(1.0h)
✅ 已更新 王兴磊 在 2025-05-22 的考勤记录：正常(08:03, 19:02) + 钉钉加班(1.5h)
✅ 已更新 王兴磊 在 2025-05-23 的考勤记录：正常(08:00, 20:02) + 钉钉加班(2.5h)
✅ 已更新 王兴磊 在 2025-05-26 的考勤记录：正常(08:04, 19:37) + 钉钉加班(2.0h)
✅ 已更新 祝叶康 在 2025-05-04 的考勤记录：出差(助随州生产线运行工艺，保障5月订单生产) + 钉钉加班(13.0h)
✅ 已更新 祝叶康 在 2025-05-05 的考勤记录：出差(助随州生产线运行工艺，保障5月订单生产) + 钉钉加班(4.63h)
✅ 已更新 祝叶康 在 2025-05-06 的考勤记录：出差(助随州生产线运行工艺，保障5月订单生产) + 钉钉加班(2.52h)
✅ 已更新 祝叶康 在 2025-05-08 的考勤记录：出差(助随州生产线运行工艺，保障5月订单生产) + 钉钉加班(28.0h)
✅ 已更新 程志鹏 在 2025-05-12 的考勤记录：正常(02:16, 23:53) + 钉钉加班(7.0h)
✅ 已更新 程志鹏 在 2025-05-15 的考勤记录：正常(08:32, 23:19) + 钉钉加班(8.0h)
✅ 已更新 程志鹏 在 2025-05-27 的考勤记录：正常(01:22, 23:58) + 钉钉加班(6.5h)
✅ 已更新 胡俊杨 在 2025-05-04 的考勤记录：09:16  
21:35   + 钉钉加班(12.0h)
✅ 已更新 胡俊杨 在 2025-05-08 的考勤记录：迟到(08:45, 23:13) + 钉钉加班(5.0h)
✅ 已更新 胡俊杨 在 2025-05-16 的考勤记录：正常(08:18, 23:01) + 钉钉加班(5.0h)
✅ 已更新 胡俊杨 在 2025-05-18 的考勤记录：08:21  
20:19   + 钉钉加班(11.5h)
✅ 已更新 胡俊杨 在 2025-05-24 的考勤记录：08:13  
21:41   + 钉钉加班(13.0h)
✅ 已更新 舒玉豪 在 2025-05-16 的考勤记录：出差(南京长峰现场调试) + 飞书加班(3.9h)
✅ 已更新 舒玉豪 在 2025-05-17 的考勤记录：出差(南京长峰现场调试) + 飞书加班(4.0h)
✅ 已更新 舒玉豪 在 2025-05-18 的考勤记录：出差(南京长峰现场调试) + 飞书加班(12.0h)
✅ 已更新 舒玉豪 在 2025-05-21 的考勤记录：出差(南京长峰现场调试) + 飞书加班(3.0h)
✅ 已更新 舒玉豪 在 2025-05-22 的考勤记录：出差(南京长峰现场调试) + 飞书加班(4.0h)
✅ 已更新 董凯宁 在 2025-05-12 的考勤记录：缺卡(1天) 08:13   + 钉钉加班(11.5h)
✅ 已更新 董凯宁 在 2025-05-19 的考勤记录：正常(08:18, 22:31) + 钉钉加班(4.5h)
✅ 已更新 董凯宁 在 2025-05-21 的考勤记录：正常(08:18, 20:44) + 钉钉加班(2.73h)
✅ 已更新 董凯宁 在 2025-05-22 的考勤记录：正常(08:18, 22:02) + 钉钉加班(3.83h)
✅ 已更新 董凯宁 在 2025-05-23 的考勤记录：正常(08:20, 20:34) + 钉钉加班(2.5h)
✅ 已更新 董凯宁 在 2025-05-26 的考勤记录：正常(08:19, 20:17) + 钉钉加班(2.0h)
✅ 已更新 董凯宁 在 2025-05-27 的考勤记录：正常(08:16, 20:08) + 钉钉加班(2.08h)
✅ 已更新 钟洪伟 在 2025-05-08 的考勤记录：迟到(08:34, 20:01) + 钉钉加班(3.0h)
✅ 已更新 钟洪伟 在 2025-05-11 的考勤记录：08:36   + 钉钉加班(9.5h)
✅ 已更新 钟洪伟 在 2025-05-13 的考勤记录：正常(08:07, 19:59) + 钉钉加班(2.0h)
✅ 已更新 钟洪伟 在 2025-05-13 的考勤记录：正常(08:07, 19:59) + 钉钉加班(2.0h) + 钉钉加班(6.0h)
✅ 已更新 钟洪伟 在 2025-05-15 的考勤记录：正常(08:32, 19:48) + 钉钉加班(2.0h)
✅ 已更新 钟洪伟 在 2025-05-17 的考勤记录：正常(08:33, 20:44) + 钉钉加班(3.0h)
✅ 已更新 钟洪伟 在 2025-05-19 的考勤记录：缺卡(1天) 08:39   + 钉钉加班(4.0h)
✅ 已更新 钟洪伟 在 2025-05-21 的考勤记录：迟到(08:41, 20:03) + 钉钉加班(2.0h)
✅ 已更新 钟洪伟 在 2025-05-22 的考勤记录：正常(08:28, 19:44) + 钉钉加班(3.0h)
✅ 已更新 钟洪伟 在 2025-05-26 的考勤记录：缺卡(1天) 08:29   + 钉钉加班(14.5h)
✅ 已更新 闫亚东 在 2025-05-01 的考勤记录：09:18  
17:33   + 钉钉加班(8.0h)
✅ 已更新 闫亚东 在 2025-05-21 的考勤记录：正常(08:28, 21:03) + 钉钉加班(3.0h)
✅ 已更新 陈之东 在 2025-05-05 的考勤记录：正常(08:22, 19:01) + 钉钉加班(1.0h)
✅ 已更新 陈之东 在 2025-05-06 的考勤记录：正常(08:17, 19:31) + 钉钉加班(1.0h)
✅ 已更新 陈之东 在 2025-05-13 的考勤记录：正常(08:19, 19:46) + 钉钉加班(1.75h)
✅ 已更新 陈之东 在 2025-05-14 的考勤记录：正常(08:09, 19:33) + 钉钉加班(1.5h)
✅ 已更新 陈之东 在 2025-05-21 的考勤记录：正常(08:11, 19:32) + 钉钉加班(1.5h)
✅ 已更新 陈之东 在 2025-05-22 的考勤记录：正常(08:15, 19:19) + 钉钉加班(1.25h)
✅ 已更新 霍慧鹏 在 2025-05-01 的考勤记录：08:25  
17:33   + 钉钉加班(9.0h)
✅ 已更新 韦东略 在 2025-05-05 的考勤记录：正常(08:29, 20:20) + 钉钉加班(2.33h)
✅ 已更新 韦东略 在 2025-05-13 的考勤记录：正常(08:28, 18:37) + 钉钉加班(5.0h)
✅ 已更新 韦东略 在 2025-05-15 的考勤记录：正常(08:30, 23:28) + 钉钉加班(8.0h)
✅ 已更新 韦东略 在 2025-05-29 的考勤记录：正常(08:31, 18:00) + 钉钉加班(2.5h)
✅ 已更新 马鸣强 在 2025-05-04 的考勤记录：08:22  
17:02   + 钉钉加班(8.58h)
✅ 已更新 马鸣强 在 2025-05-05 的考勤记录：出差(支援随州基地生产质量检验) + 钉钉加班(1.17h)
✅ 已更新 马鸣强 在 2025-05-06 的考勤记录：出差(支援随州基地生产质量检验) + 钉钉加班(2.33h)
✅ 已更新 马鸣强 在 2025-05-08 的考勤记录：出差(支援随州基地生产质量检验) + 钉钉加班(2.5h)
✅ 已更新 马鸣强 在 2025-05-13 的考勤记录：出差(支援随州基地生产质量检验) + 钉钉加班(2.5h)
✅ 已更新 马鸣强 在 2025-05-14 的考勤记录：出差(支援随州基地生产质量检验) + 钉钉加班(3.0h)
✅ 已更新 马鸣强 在 2025-05-15 的考勤记录：出差(支援随州基地生产质量检验) + 钉钉加班(1.5h)
✅ 已更新 马鸣强 在 2025-05-16 的考勤记录：出差(支援随州基地生产质量检验) + 钉钉加班(5.0h)
✅ 已更新 马鸣强 在 2025-05-17 的考勤记录：钉钉请假(4小时)[调休](累计调休) + 钉钉加班(3.0h)
✅ 已更新 马鸣强 在 2025-05-18 的考勤记录：出差(支援随州基地生产质量检验) + 钉钉加班(9.58h)
✅ 已更新 马鸣强 在 2025-05-19 的考勤记录：出差(支援随州基地生产质量检验) + 钉钉加班(4.0h)
✅ 已更新 马鸣强 在 2025-05-20 的考勤记录：出差(支援随州基地生产质量检验) + 钉钉加班(4.0h)
✅ 已更新 马鸣强 在 2025-05-24 的考勤记录：出差(支援随州基地生产质量检验) + 钉钉加班(12.58h)
✅ 已更新 马鸣强 在 2025-05-25 的考勤记录：出差(支援随州基地生产质量检验) + 钉钉加班(11.92h)
✅ 已更新 高剑濠 在 2025-05-12 的考勤记录：正常(08:28, 23:50) + 钉钉加班(6.0h)
✅ 已更新 高剑濠 在 2025-05-13 的考勤记录：钉钉请假(8小时)[调休](13号白天调休，

用12号傍晚 18：00～2：00 （至13号凌晨）
8H加班时间换) + 钉钉加班(2.0h)
✅ 已更新 高剑濠 在 2025-05-16 的考勤记录：正常(08:29, 20:33) + 钉钉加班(2.5h)
✅ 已更新 高剑濠 在 2025-05-17 的考勤记录：正常(08:28, 21:03) + 钉钉加班(3.0h)
✅ 已更新 魏权 在 2025-05-13 的考勤记录：正常(08:18, 17:34) + 钉钉加班(2.0h)
✅ 已更新 黄力 在 2025-05-21 的考勤记录：正常(08:06, 20:57) + 钉钉加班(3.5h)
✅ 已更新 黄海波 在 2025-05-23 的考勤记录：正常(08:28, 20:00) + 钉钉加班(8.5h)
✅ 已更新 黄海波 在 2025-05-27 的考勤记录：正常(01:55, 23:09) + 钉钉加班(8.0h)
✅ 考勤记录更新完成
