已清空结果表并更新表结构
读取 46 条加班记录
设置最大并发数: 10

=== 开始分析加班记录 ===

🤖 大模型开始处理加班数据...

📤 原始记录 [1/46]: 叶旭 2025-07-04 18:00 2025-07-04 20:00 2.0 法国 飞书
📥 模型返回 [1/46]:
 叶旭,2025-07-04,18:00-20:00,2.0
✅ 解析结果 [1/46]: 叶旭, 2025-07-04, 18:00-20:00, 2.0小时
⏱️ 处理完成 [1/46]: 14.18秒
------------------------------------------------------------------



📤 原始记录 [2/46]: 叶旭 2025-07-08 18:00 2025-07-08 21:00 3.0 发货 飞书
📥 模型返回 [2/46]:
 叶旭,2025-07-08,18:00-21:00,3.0
✅ 解析结果 [2/46]: 叶旭, 2025-07-08, 18:00-21:00, 3.0小时
⏱️ 处理完成 [2/46]: 35.51秒
------------------------------------------------------------------



📤 原始记录 [3/46]: 叶旭 2025-07-16 18:00 2025-07-16 20:00 2.0 发货 飞书
📥 模型返回 [3/46]:
 叶旭,2025-07-16,18:00-20:00,2.0
✅ 解析结果 [3/46]: 叶旭, 2025-07-16, 18:00-20:00, 2.0小时
⏱️ 处理完成 [3/46]: 19.81秒
------------------------------------------------------------------



📤 原始记录 [4/46]: 叶旭 2025-07-23 18:00 2025-07-23 21:00 3.0 发货 飞书
📥 模型返回 [4/46]:
 叶旭,2025-07-23,18:00-21:00,3.0
✅ 解析结果 [4/46]: 叶旭, 2025-07-23, 18:00-21:00, 3.0小时
⏱️ 处理完成 [4/46]: 41.73秒
------------------------------------------------------------------



📤 原始记录 [5/46]: 叶旭 2025-07-24 18:00 2025-07-24 20:00 2.0 发货 飞书
📥 模型返回 [5/46]:
 叶旭,2025-07-24,18:00-20:00,2.0
✅ 解析结果 [5/46]: 叶旭, 2025-07-24, 18:00-20:00, 2.0小时
⏱️ 处理完成 [5/46]: 11.67秒
------------------------------------------------------------------



📤 原始记录 [6/46]: 叶旭 2025-07-29 18:00 2025-07-29 19:00 1.0 发货 飞书
📥 模型返回 [6/46]:
 叶旭,2025-07-29,18:00-19:00,1.0
✅ 解析结果 [6/46]: 叶旭, 2025-07-29, 18:00-19:00, 1.0小时
⏱️ 处理完成 [6/46]: 16.90秒
------------------------------------------------------------------



📤 原始记录 [7/46]: 朱泽利 2025-07-27 12:00 2025-07-27 17:00 5.0 跟十堰田总前往襄阳中车集团公司总结凌特样车的遗留历史问题 飞书
📥 模型返回 [7/46]:
 朱泽利,2025-07-27,12:00-17:00,5.0
✅ 解析结果 [7/46]: 朱泽利, 2025-07-27, 12:00-17:00, 5.0小时
⏱️ 处理完成 [7/46]: 27.16秒
------------------------------------------------------------------



📤 原始记录 [8/46]: 李运动 2025-07-01 18:30 2025-07-01 21:00 2.5 统计整理杭州及随州生产线边退库物料清单并做调拨单据 飞书
📥 模型返回 [8/46]:
 李运动,2025-07-01,18:30-21:00,2.5
✅ 解析结果 [8/46]: 李运动, 2025-07-01, 18:30-21:00, 2.5小时
⏱️ 处理完成 [8/46]: 32.11秒
------------------------------------------------------------------



📤 原始记录 [9/46]: 李运动 2025-07-11 18:00 2025-07-11 20:00 2.0 杭州仓库生产物料发随州备用，打包装车。 飞书
📥 模型返回 [9/46]:
 李运动,2025-07-11,18:00-20:00,2.0
✅ 解析结果 [9/46]: 李运动, 2025-07-11, 18:00-20:00, 2.0小时
⏱️ 处理完成 [9/46]: 23.09秒
------------------------------------------------------------------



📤 原始记录 [10/46]: 李运动 2025-07-28 18:00 2025-07-28 19:00 1.0 日常账务处理 飞书
📥 模型返回 [10/46]:
 李运动,2025-07-28,18:00-19:00,1.0
✅ 解析结果 [10/46]: 李运动, 2025-07-28, 18:00-19:00, 1.0小时
⏱️ 处理完成 [10/46]: 7.98秒
------------------------------------------------------------------



📤 原始记录 [11/46]: 李运动 2025-07-29 18:00 2025-07-29 20:00 2.0 日常账务处理 飞书
📥 模型返回 [11/46]:
 李运动,2025-07-29,18:00-20:00,2.0
✅ 解析结果 [11/46]: 李运动, 2025-07-29, 18:00-20:00, 2.0小时
⏱️ 处理完成 [11/46]: 36.78秒
------------------------------------------------------------------



📤 原始记录 [12/46]: 李黎 2025-07-12 18:00 2025-07-12 23:30 5.5 蒙城处理京深车辆问题 飞书
📥 模型返回 [12/46]:
 李黎,2025-07-12,18:00-23:30,5.5
✅ 解析结果 [12/46]: 李黎, 2025-07-12, 18:00-23:30, 5.5小时
⏱️ 处理完成 [12/46]: 35.82秒
------------------------------------------------------------------



📤 原始记录 [13/46]: 杜锋 2025-07-28 17:30 2025-07-28 18:30 1.0 加班开会 飞书
📥 模型返回 [13/46]:
 杜锋,2025-07-28,17:30-18:30,1.0
✅ 解析结果 [13/46]: 杜锋, 2025-07-28, 17:30-18:30, 1.0小时
⏱️ 处理完成 [13/46]: 40.30秒
------------------------------------------------------------------



📤 原始记录 [14/46]: 杨春森 2025-07-15 06:00 2025-07-15 08:30 2.5 1.EA5000N118装配，EOL测试，终处理，共25人   1.高群，王松，李飞，王星，刘杰，沈洋，田磊，刘成香，刘登，李炎炎，孙盼，余东明，王洋，林超，高星，席智成，魏权，刘贤杰，万俊杰，叶成，李明，怀雄，刘卫宜，张磊磊 ，曹博文  06：00-08：30 钉钉
📥 模型返回 [14/46]:
 杨春森,2025-07-15,06:00-08:30,2.5
高群,2025-07-15,06:00-08:30,2.5
王松,2025-07-15,06:00-08:30,2.5
李飞,2025-07-15,06:00-08:30,2.5
王星,2025-07-15,06:00-08:30,2.5
刘杰,2025-07-15,06:00-08:30,2.5
沈洋,2025-07-15,06:00-08:30,2.5
田磊,2025-07-15,06:00-08:30,2.5
刘成香,2025-07-15,06:00-08:30,2.5
刘登,2025-07-15,06:00-08:30,2.5
李炎炎,2025-07-15,06:00-08:30,2.5
孙盼,2025-07-15,06:00-08:30,2.5
余东明,2025-07-15,06:00-08:30,2.5
王洋,2025-07-15,06:00-08:30,2.5
林超,2025-07-15,06:00-08:30,2.5
高星,2025-07-15,06:00-08:30,2.5
席智成,2025-07-15,06:00-08:30,2.5
魏权,2025-07-15,06:00-08:30,2.5
刘贤杰,2025-07-15,06:00-08:30,2.5
万俊杰,2025-07-15,06:00-08:30,2.5
叶成,2025-07-15,06:00-08:30,2.5
李明,2025-07-15,06:00-08:30,2.5
怀雄,2025-07-15,06:00-08:30,2.5
刘卫宜,2025-07-15,06:00-08:30,2.5
张磊磊,2025-07-15,06:00-08:30,2.5
曹博文,2025-07-15,06:00-08:30,2.5
✅ 解析结果 [14/46]: 杨春森, 2025-07-15, 06:00-08:30, 2.5小时
✅ 解析结果 [14/46]: 高群, 2025-07-15, 06:00-08:30, 2.5小时
✅ 解析结果 [14/46]: 王松, 2025-07-15, 06:00-08:30, 2.5小时
✅ 解析结果 [14/46]: 李飞, 2025-07-15, 06:00-08:30, 2.5小时
✅ 解析结果 [14/46]: 王星, 2025-07-15, 06:00-08:30, 2.5小时
✅ 解析结果 [14/46]: 刘杰, 2025-07-15, 06:00-08:30, 2.5小时
✅ 解析结果 [14/46]: 沈洋, 2025-07-15, 06:00-08:30, 2.5小时
✅ 解析结果 [14/46]: 田磊, 2025-07-15, 06:00-08:30, 2.5小时
✅ 解析结果 [14/46]: 刘成香, 2025-07-15, 06:00-08:30, 2.5小时
✅ 解析结果 [14/46]: 刘登, 2025-07-15, 06:00-08:30, 2.5小时
✅ 解析结果 [14/46]: 李炎炎, 2025-07-15, 06:00-08:30, 2.5小时
✅ 解析结果 [14/46]: 孙盼, 2025-07-15, 06:00-08:30, 2.5小时
✅ 解析结果 [14/46]: 余东明, 2025-07-15, 06:00-08:30, 2.5小时
✅ 解析结果 [14/46]: 王洋, 2025-07-15, 06:00-08:30, 2.5小时
✅ 解析结果 [14/46]: 林超, 2025-07-15, 06:00-08:30, 2.5小时
✅ 解析结果 [14/46]: 高星, 2025-07-15, 06:00-08:30, 2.5小时
✅ 解析结果 [14/46]: 席智成, 2025-07-15, 06:00-08:30, 2.5小时
✅ 解析结果 [14/46]: 魏权, 2025-07-15, 06:00-08:30, 2.5小时
✅ 解析结果 [14/46]: 刘贤杰, 2025-07-15, 06:00-08:30, 2.5小时
✅ 解析结果 [14/46]: 万俊杰, 2025-07-15, 06:00-08:30, 2.5小时
✅ 解析结果 [14/46]: 叶成, 2025-07-15, 06:00-08:30, 2.5小时
✅ 解析结果 [14/46]: 李明, 2025-07-15, 06:00-08:30, 2.5小时
✅ 解析结果 [14/46]: 怀雄, 2025-07-15, 06:00-08:30, 2.5小时
✅ 解析结果 [14/46]: 刘卫宜, 2025-07-15, 06:00-08:30, 2.5小时
✅ 解析结果 [14/46]: 张磊磊, 2025-07-15, 06:00-08:30, 2.5小时
✅ 解析结果 [14/46]: 曹博文, 2025-07-15, 06:00-08:30, 2.5小时
⏱️ 处理完成 [14/46]: 57.96秒
------------------------------------------------------------------



📤 原始记录 [15/46]: 杨春森 2025-07-20 06:30 2025-07-20 11:30 5.0 1.返修3800  共6人   1.魏权，林超   06：30-11：30   2.曹博文，高星，刘杰，刘卫宜   06：30-08：30 钉钉
📥 模型返回 [15/46]:
 杨春森,2025-07-20,06:30-11:30,5.0
魏权,2025-07-20,06:30-11:30,5.0
林超,2025-07-20,06:30-11:30,5.0
曹博文,2025-07-20,06:30-08:30,2.0
高星,2025-07-20,06:30-08:30,2.0
刘杰,2025-07-20,06:30-08:30,2.0
刘卫宜,2025-07-20,06:30-08:30,2.0
✅ 解析结果 [15/46]: 杨春森, 2025-07-20, 06:30-11:30, 5.0小时
✅ 解析结果 [15/46]: 魏权, 2025-07-20, 06:30-11:30, 5.0小时
✅ 解析结果 [15/46]: 林超, 2025-07-20, 06:30-11:30, 5.0小时
✅ 解析结果 [15/46]: 曹博文, 2025-07-20, 06:30-08:30, 2.0小时
✅ 解析结果 [15/46]: 高星, 2025-07-20, 06:30-08:30, 2.0小时
✅ 解析结果 [15/46]: 刘杰, 2025-07-20, 06:30-08:30, 2.0小时
✅ 解析结果 [15/46]: 刘卫宜, 2025-07-20, 06:30-08:30, 2.0小时
⏱️ 处理完成 [15/46]: 70.10秒
------------------------------------------------------------------



📤 原始记录 [16/46]: 梁梅 2025-07-01 18:30 2025-07-01 21:00 2.5 新系统切换账务转结工作 飞书
📥 模型返回 [16/46]:
 梁梅,2025-07-01,18:30-21:00,2.5
✅ 解析结果 [16/46]: 梁梅, 2025-07-01, 18:30-21:00, 2.5小时
⏱️ 处理完成 [16/46]: 73.84秒
------------------------------------------------------------------



📤 原始记录 [17/46]: 梁梅 2025-07-02 18:00 2025-07-02 19:00 1.0 积压专项处理接待回收供应商 飞书
📥 模型返回 [17/46]:
 梁梅,2025-07-02,18:00-19:00,1.0
✅ 解析结果 [17/46]: 梁梅, 2025-07-02, 18:00-19:00, 1.0小时
⏱️ 处理完成 [17/46]: 73.53秒
------------------------------------------------------------------



📤 原始记录 [18/46]: 梁梅 2025-07-22 18:00 2025-07-22 19:00 1.0 仓储账务处理 飞书
📥 模型返回 [18/46]:
 梁梅,2025-07-22,18:00-19:00,1.0
✅ 解析结果 [18/46]: 梁梅, 2025-07-22, 18:00-19:00, 1.0小时
⏱️ 处理完成 [18/46]: 71.14秒
------------------------------------------------------------------



📤 原始记录 [19/46]: 梁梅 2025-07-23 18:00 2025-07-23 20:00 2.0 协调EA1900N项目加急物料到货检验、发生产总装 飞书
📥 模型返回 [19/46]:
 梁梅,2025-07-23,18:00-20:00,2.0
✅ 解析结果 [19/46]: 梁梅, 2025-07-23, 18:00-20:00, 2.0小时
⏱️ 处理完成 [19/46]: 72.49秒
------------------------------------------------------------------



📤 原始记录 [20/46]: 梁梅 2025-07-24 18:00 2025-07-24 20:00 2.0 仓储账务处理 飞书
📥 模型返回 [20/46]:
 梁梅,2025-07-24,18:00-20:00,2.0
✅ 解析结果 [20/46]: 梁梅, 2025-07-24, 18:00-20:00, 2.0小时
⏱️ 处理完成 [20/46]: 70.32秒
------------------------------------------------------------------



📤 原始记录 [21/46]: 段少波 2025-07-08 06:00 2025-07-08 08:30 2.5 1.EA5000N118装配，EA3800N101EOL测试，终处理，EA5000NB107打包发货，共27人   1.高群，王松，李飞，王能武，王星，刘杰，沈洋，田磊，刘成香，刘登，李炎炎，陈威，余东明，王洋，孙盼，林超，曹博文，高星，席智成，魏权，刘贤杰，万俊杰，叶成，李明，怀雄，刘卫宜，李享   06：00-08：30 钉钉
📥 模型返回 [21/46]:
 段少波,2025-07-08,06:00-08:30,2.5
高群,2025-07-08,06:00-08:30,2.5
王松,2025-07-08,06:00-08:30,2.5
李飞,2025-07-08,06:00-08:30,2.5
王能武,2025-07-08,06:00-08:30,2.5
王星,2025-07-08,06:00-08:30,2.5
刘杰,2025-07-08,06:00-08:30,2.5
沈洋,2025-07-08,06:00-08:30,2.5
田磊,2025-07-08,06:00-08:30,2.5
刘成香,2025-07-08,06:00-08:30,2.5
刘登,2025-07-08,06:00-08:30,2.5
李炎炎,2025-07-08,06:00-08:30,2.5
陈威,2025-07-08,06:00-08:30,2.5
余东明,2025-07-08,06:00-08:30,2.5
王洋,2025-07-08,06:00-08:30,2.5
孙盼,2025-07-08,06:00-08:30,2.5
林超,2025-07-08,06:00-08:30,2.5
曹博文,2025-07-08,06:00-08:30,2.5
高星,2025-07-08,06:00-08:30,2.5
席智成,2025-07-08,06:00-08:30,2.5
魏权,2025-07-08,06:00-08:30,2.5
刘贤杰,2025-07-08,06:00-08:30,2.5
万俊杰,2025-07-08,06:00-08:30,2.5
叶成,2025-07-08,06:00-08:30,2.5
李明,2025-07-08,06:00-08:30,2.5
怀雄,2025-07-08,06:00-08:30,2.5
刘卫宜,2025-07-08,06:00-08:30,2.5
李享,2025-07-08,06:00-08:30,2.5
✅ 解析结果 [21/46]: 段少波, 2025-07-08, 06:00-08:30, 2.5小时
✅ 解析结果 [21/46]: 高群, 2025-07-08, 06:00-08:30, 2.5小时
✅ 解析结果 [21/46]: 王松, 2025-07-08, 06:00-08:30, 2.5小时
✅ 解析结果 [21/46]: 李飞, 2025-07-08, 06:00-08:30, 2.5小时
✅ 解析结果 [21/46]: 王能武, 2025-07-08, 06:00-08:30, 2.5小时
✅ 解析结果 [21/46]: 王星, 2025-07-08, 06:00-08:30, 2.5小时
✅ 解析结果 [21/46]: 刘杰, 2025-07-08, 06:00-08:30, 2.5小时
✅ 解析结果 [21/46]: 沈洋, 2025-07-08, 06:00-08:30, 2.5小时
✅ 解析结果 [21/46]: 田磊, 2025-07-08, 06:00-08:30, 2.5小时
✅ 解析结果 [21/46]: 刘成香, 2025-07-08, 06:00-08:30, 2.5小时
✅ 解析结果 [21/46]: 刘登, 2025-07-08, 06:00-08:30, 2.5小时
✅ 解析结果 [21/46]: 李炎炎, 2025-07-08, 06:00-08:30, 2.5小时
✅ 解析结果 [21/46]: 陈威, 2025-07-08, 06:00-08:30, 2.5小时
✅ 解析结果 [21/46]: 余东明, 2025-07-08, 06:00-08:30, 2.5小时
✅ 解析结果 [21/46]: 王洋, 2025-07-08, 06:00-08:30, 2.5小时
✅ 解析结果 [21/46]: 孙盼, 2025-07-08, 06:00-08:30, 2.5小时
✅ 解析结果 [21/46]: 林超, 2025-07-08, 06:00-08:30, 2.5小时
✅ 解析结果 [21/46]: 曹博文, 2025-07-08, 06:00-08:30, 2.5小时
✅ 解析结果 [21/46]: 高星, 2025-07-08, 06:00-08:30, 2.5小时
✅ 解析结果 [21/46]: 席智成, 2025-07-08, 06:00-08:30, 2.5小时
✅ 解析结果 [21/46]: 魏权, 2025-07-08, 06:00-08:30, 2.5小时
✅ 解析结果 [21/46]: 刘贤杰, 2025-07-08, 06:00-08:30, 2.5小时
✅ 解析结果 [21/46]: 万俊杰, 2025-07-08, 06:00-08:30, 2.5小时
✅ 解析结果 [21/46]: 叶成, 2025-07-08, 06:00-08:30, 2.5小时
✅ 解析结果 [21/46]: 李明, 2025-07-08, 06:00-08:30, 2.5小时
✅ 解析结果 [21/46]: 怀雄, 2025-07-08, 06:00-08:30, 2.5小时
✅ 解析结果 [21/46]: 刘卫宜, 2025-07-08, 06:00-08:30, 2.5小时
✅ 解析结果 [21/46]: 李享, 2025-07-08, 06:00-08:30, 2.5小时
⏱️ 处理完成 [21/46]: 109.98秒
------------------------------------------------------------------



📤 原始记录 [22/46]: 段少波 2025-07-08 06:00 2025-07-08 08:30 2.5 发料，车间上班时间调整 钉钉
📥 模型返回 [22/46]:
 段少波,2025-07-08,06:00-08:30,2.5
✅ 解析结果 [22/46]: 段少波, 2025-07-08, 06:00-08:30, 2.5小时
⏱️ 处理完成 [22/46]: 110.94秒
------------------------------------------------------------------



📤 原始记录 [23/46]: 段少波 2025-07-10 06:00 2025-07-10 08:30 2.5 1.EA5000N118装配，EOL测试，终处理，共27人   1.高群，王松，李飞，王能武，王星，刘杰，沈洋，田磊，刘成香，刘登，李炎炎，陈威，余东明，王洋，孙盼，林超，高星，席智成，魏权，刘贤杰，万俊杰，叶成，李明，怀雄，刘卫宜，张磊磊   06：00-08：30   2.曹博文  06：30-08：30 钉钉
📥 模型返回 [23/46]:
 段少波,2025-07-10,06:00-08:30,2.5
高群,2025-07-10,06:00-08:30,2.5
王松,2025-07-10,06:00-08:30,2.5
李飞,2025-07-10,06:00-08:30,2.5
王能武,2025-07-10,06:00-08:30,2.5
王星,2025-07-10,06:00-08:30,2.5
刘杰,2025-07-10,06:00-08:30,2.5
沈洋,2025-07-10,06:00-08:30,2.5
田磊,2025-07-10,06:00-08:30,2.5
刘成香,2025-07-10,06:00-08:30,2.5
刘登,2025-07-10,06:00-08:30,2.5
李炎炎,2025-07-10,06:00-08:30,2.5
陈威,2025-07-10,06:00-08:30,2.5
余东明,2025-07-10,06:00-08:30,2.5
王洋,2025-07-10,06:00-08:30,2.5
孙盼,2025-07-10,06:00-08:30,2.5
林超,2025-07-10,06:00-08:30,2.5
高星,2025-07-10,06:00-08:30,2.5
席智成,2025-07-10,06:00-08:30,2.5
魏权,2025-07-10,06:00-08:30,2.5
刘贤杰,2025-07-10,06:00-08:30,2.5
万俊杰,2025-07-10,06:00-08:30,2.5
叶成,2025-07-10,06:00-08:30,2.5
李明,2025-07-10,06:00-08:30,2.5
怀雄,2025-07-10,06:00-08:30,2.5
刘卫宜,2025-07-10,06:00-08:30,2.5
张磊磊,2025-07-10,06:00-08:30,2.5
曹博文,2025-07-10,06:30-08:30,2.0
✅ 解析结果 [23/46]: 段少波, 2025-07-10, 06:00-08:30, 2.5小时
✅ 解析结果 [23/46]: 高群, 2025-07-10, 06:00-08:30, 2.5小时
✅ 解析结果 [23/46]: 王松, 2025-07-10, 06:00-08:30, 2.5小时
✅ 解析结果 [23/46]: 李飞, 2025-07-10, 06:00-08:30, 2.5小时
✅ 解析结果 [23/46]: 王能武, 2025-07-10, 06:00-08:30, 2.5小时
✅ 解析结果 [23/46]: 王星, 2025-07-10, 06:00-08:30, 2.5小时
✅ 解析结果 [23/46]: 刘杰, 2025-07-10, 06:00-08:30, 2.5小时
✅ 解析结果 [23/46]: 沈洋, 2025-07-10, 06:00-08:30, 2.5小时
✅ 解析结果 [23/46]: 田磊, 2025-07-10, 06:00-08:30, 2.5小时
✅ 解析结果 [23/46]: 刘成香, 2025-07-10, 06:00-08:30, 2.5小时
✅ 解析结果 [23/46]: 刘登, 2025-07-10, 06:00-08:30, 2.5小时
✅ 解析结果 [23/46]: 李炎炎, 2025-07-10, 06:00-08:30, 2.5小时
✅ 解析结果 [23/46]: 陈威, 2025-07-10, 06:00-08:30, 2.5小时
✅ 解析结果 [23/46]: 余东明, 2025-07-10, 06:00-08:30, 2.5小时
✅ 解析结果 [23/46]: 王洋, 2025-07-10, 06:00-08:30, 2.5小时
✅ 解析结果 [23/46]: 孙盼, 2025-07-10, 06:00-08:30, 2.5小时
✅ 解析结果 [23/46]: 林超, 2025-07-10, 06:00-08:30, 2.5小时
✅ 解析结果 [23/46]: 高星, 2025-07-10, 06:00-08:30, 2.5小时
✅ 解析结果 [23/46]: 席智成, 2025-07-10, 06:00-08:30, 2.5小时
✅ 解析结果 [23/46]: 魏权, 2025-07-10, 06:00-08:30, 2.5小时
✅ 解析结果 [23/46]: 刘贤杰, 2025-07-10, 06:00-08:30, 2.5小时
✅ 解析结果 [23/46]: 万俊杰, 2025-07-10, 06:00-08:30, 2.5小时
✅ 解析结果 [23/46]: 叶成, 2025-07-10, 06:00-08:30, 2.5小时
✅ 解析结果 [23/46]: 李明, 2025-07-10, 06:00-08:30, 2.5小时
✅ 解析结果 [23/46]: 怀雄, 2025-07-10, 06:00-08:30, 2.5小时
✅ 解析结果 [23/46]: 刘卫宜, 2025-07-10, 06:00-08:30, 2.5小时
✅ 解析结果 [23/46]: 张磊磊, 2025-07-10, 06:00-08:30, 2.5小时
✅ 解析结果 [23/46]: 曹博文, 2025-07-10, 06:30-08:30, 2.0小时
⏱️ 处理完成 [23/46]: 142.59秒
------------------------------------------------------------------



📤 原始记录 [24/46]: 段少波 2025-07-11 18:00 2025-07-11 20:30 2.5 1、EA3800N可靠性试验    2、1400K耐久试验   3、EA3800N静态换挡   钉钉
📥 模型返回 [24/46]:
 段少波,2025-07-11,18:00-20:30,2.5
✅ 解析结果 [24/46]: 段少波, 2025-07-11, 18:00-20:30, 2.5小时
⏱️ 处理完成 [24/46]: 125.90秒
------------------------------------------------------------------



📤 原始记录 [25/46]: 段少波 2025-07-25 17:30 2025-07-25 20:30 3.0 进销存更新，手工账本更新，车间加班 钉钉
📥 模型返回 [25/46]:
 段少波,2025-07-25,17:30-20:30,3.0
✅ 解析结果 [25/46]: 段少波, 2025-07-25, 17:30-20:30, 3.0小时
⏱️ 处理完成 [25/46]: 116.54秒
------------------------------------------------------------------



📤 原始记录 [26/46]: 段少波 2025-07-25 17:30 2025-07-25 18:30 1.0 加班装到杭州的动力总成 钉钉
📥 模型返回 [26/46]:
 段少波,2025-07-25,17:30-18:30,1.0
✅ 解析结果 [26/46]: 段少波, 2025-07-25, 17:30-18:30, 1.0小时
⏱️ 处理完成 [26/46]: 113.12秒
------------------------------------------------------------------



📤 原始记录 [27/46]: 钟洪伟 2025-07-14 06:00 2025-07-14 08:30 2.5 1.EA5000N118装配 ，                      共1人                                                                                    1.段少波，06:00-08:30 钉钉
📥 模型返回 [27/46]:
 钟洪伟,2025-07-14,06:00-08:30,2.5
段少波,2025-07-14,06:00-08:30,2.5
✅ 解析结果 [27/46]: 钟洪伟, 2025-07-14, 06:00-08:30, 2.5小时
✅ 解析结果 [27/46]: 段少波, 2025-07-14, 06:00-08:30, 2.5小时
⏱️ 处理完成 [27/46]: 128.23秒
------------------------------------------------------------------



📤 原始记录 [28/46]: 陈之东 2025-07-23 18:00 2025-07-23 20:30 2.5 1、EA3800可靠性试验  2、1400K耐久试验  3、EA1900N可靠性  4、EA3800N静态换挡试验 钉钉
📥 模型返回 [28/46]:
 陈之东,2025-07-23,18:00-20:30,2.5
✅ 解析结果 [28/46]: 陈之东, 2025-07-23, 18:00-20:30, 2.5小时
⏱️ 处理完成 [28/46]: 130.61秒
------------------------------------------------------------------



📤 原始记录 [29/46]: 陈登科 2025-07-16 06:00 2025-07-16 08:30 2.5 1.EA5000N118装配，EOL测试，终处理，共25人   1.高群，王松，李飞，王星，刘杰，沈洋，田磊，刘成香，刘登，李炎炎，孙盼，余东明，王洋，林超，高星，席智成，魏权，刘贤杰，叶成，李明，怀雄，刘卫宜，张磊磊 ，曹博文， 王能武    06：00-08：30 钉钉
📥 模型返回 [29/46]:
 陈登科,2025-07-16,06:00-08:30,2.5
高群,2025-07-16,06:00-08:30,2.5
王松,2025-07-16,06:00-08:30,2.5
李飞,2025-07-16,06:00-08:30,2.5
王星,2025-07-16,06:00-08:30,2.5
刘杰,2025-07-16,06:00-08:30,2.5
沈洋,2025-07-16,06:00-08:30,2.5
田磊,2025-07-16,06:00-08:30,2.5
刘成香,2025-07-16,06:00-08:30,2.5
刘登,2025-07-16,06:00-08:30,2.5
李炎炎,2025-07-16,06:00-08:30,2.5
孙盼,2025-07-16,06:00-08:30,2.5
余东明,2025-07-16,06:00-08:30,2.5
王洋,2025-07-16,06:00-08:30,2.5
林超,2025-07-16,06:00-08:30,2.5
高星,2025-07-16,06:00-08:30,2.5
席智成,2025-07-16,06:00-08:30,2.5
魏权,2025-07-16,06:00-08:30,2.5
刘贤杰,2025-07-16,06:00-08:30,2.5
叶成,2025-07-16,06:00-08:30,2.5
李明,2025-07-16,06:00-08:30,2.5
怀雄,2025-07-16,06:00-08:30,2.5
刘卫宜,2025-07-16,06:00-08:30,2.5
张磊磊,2025-07-16,06:00-08:30,2.5
曹博文,2025-07-16,06:00-08:30,2.5
王能武,2025-07-16,06:00-08:30,2.5
✅ 解析结果 [29/46]: 陈登科, 2025-07-16, 06:00-08:30, 2.5小时
✅ 解析结果 [29/46]: 高群, 2025-07-16, 06:00-08:30, 2.5小时
✅ 解析结果 [29/46]: 王松, 2025-07-16, 06:00-08:30, 2.5小时
✅ 解析结果 [29/46]: 李飞, 2025-07-16, 06:00-08:30, 2.5小时
✅ 解析结果 [29/46]: 王星, 2025-07-16, 06:00-08:30, 2.5小时
✅ 解析结果 [29/46]: 刘杰, 2025-07-16, 06:00-08:30, 2.5小时
✅ 解析结果 [29/46]: 沈洋, 2025-07-16, 06:00-08:30, 2.5小时
✅ 解析结果 [29/46]: 田磊, 2025-07-16, 06:00-08:30, 2.5小时
✅ 解析结果 [29/46]: 刘成香, 2025-07-16, 06:00-08:30, 2.5小时
✅ 解析结果 [29/46]: 刘登, 2025-07-16, 06:00-08:30, 2.5小时
✅ 解析结果 [29/46]: 李炎炎, 2025-07-16, 06:00-08:30, 2.5小时
✅ 解析结果 [29/46]: 孙盼, 2025-07-16, 06:00-08:30, 2.5小时
✅ 解析结果 [29/46]: 余东明, 2025-07-16, 06:00-08:30, 2.5小时
✅ 解析结果 [29/46]: 王洋, 2025-07-16, 06:00-08:30, 2.5小时
✅ 解析结果 [29/46]: 林超, 2025-07-16, 06:00-08:30, 2.5小时
✅ 解析结果 [29/46]: 高星, 2025-07-16, 06:00-08:30, 2.5小时
✅ 解析结果 [29/46]: 席智成, 2025-07-16, 06:00-08:30, 2.5小时
✅ 解析结果 [29/46]: 魏权, 2025-07-16, 06:00-08:30, 2.5小时
✅ 解析结果 [29/46]: 刘贤杰, 2025-07-16, 06:00-08:30, 2.5小时
✅ 解析结果 [29/46]: 叶成, 2025-07-16, 06:00-08:30, 2.5小时
✅ 解析结果 [29/46]: 李明, 2025-07-16, 06:00-08:30, 2.5小时
✅ 解析结果 [29/46]: 怀雄, 2025-07-16, 06:00-08:30, 2.5小时
✅ 解析结果 [29/46]: 刘卫宜, 2025-07-16, 06:00-08:30, 2.5小时
✅ 解析结果 [29/46]: 张磊磊, 2025-07-16, 06:00-08:30, 2.5小时
✅ 解析结果 [29/46]: 曹博文, 2025-07-16, 06:00-08:30, 2.5小时
✅ 解析结果 [29/46]: 王能武, 2025-07-16, 06:00-08:30, 2.5小时
⏱️ 处理完成 [29/46]: 152.99秒
------------------------------------------------------------------



📤 原始记录 [30/46]: 陈登科 2025-07-17 06:00 2025-07-17 08:30 2.5 1.EA5000N118装配，EOL测试，终处理，共24人   1.高群，王松，李飞，王星，刘杰，沈洋，田磊，刘成香，刘登，陈威，余东明，王洋，孙盼，林超，曹博文，高星，席智成，魏权，刘贤杰，叶成，李明，怀雄，刘卫宜，张磊磊   06：00-08：30 钉钉
📥 模型返回 [30/46]:
 陈登科,2025-07-17,06:00-08:30,2.5  
高群,2025-07-17,06:00-08:30,2.5  
王松,2025-07-17,06:00-08:30,2.5  
李飞,2025-07-17,06:00-08:30,2.5  
王星,2025-07-17,06:00-08:30,2.5  
刘杰,2025-07-17,06:00-08:30,2.5  
沈洋,2025-07-17,06:00-08:30,2.5  
田磊,2025-07-17,06:00-08:30,2.5  
刘成香,2025-07-17,06:00-08:30,2.5  
刘登,2025-07-17,06:00-08:30,2.5  
陈威,2025-07-17,06:00-08:30,2.5  
余东明,2025-07-17,06:00-08:30,2.5  
王洋,2025-07-17,06:00-08:30,2.5  
孙盼,2025-07-17,06:00-08:30,2.5  
林超,2025-07-17,06:00-08:30,2.5  
曹博文,2025-07-17,06:00-08:30,2.5  
高星,2025-07-17,06:00-08:30,2.5  
席智成,2025-07-17,06:00-08:30,2.5  
魏权,2025-07-17,06:00-08:30,2.5  
刘贤杰,2025-07-17,06:00-08:30,2.5  
叶成,2025-07-17,06:00-08:30,2.5  
李明,2025-07-17,06:00-08:30,2.5  
怀雄,2025-07-17,06:00-08:30,2.5  
刘卫宜,2025-07-17,06:00-08:30,2.5  
张磊磊,2025-07-17,06:00-08:30,2.5
✅ 解析结果 [30/46]: 陈登科, 2025-07-17, 06:00-08:30, 2.5小时
✅ 解析结果 [30/46]: 高群, 2025-07-17, 06:00-08:30, 2.5小时
✅ 解析结果 [30/46]: 王松, 2025-07-17, 06:00-08:30, 2.5小时
✅ 解析结果 [30/46]: 李飞, 2025-07-17, 06:00-08:30, 2.5小时
✅ 解析结果 [30/46]: 王星, 2025-07-17, 06:00-08:30, 2.5小时
✅ 解析结果 [30/46]: 刘杰, 2025-07-17, 06:00-08:30, 2.5小时
✅ 解析结果 [30/46]: 沈洋, 2025-07-17, 06:00-08:30, 2.5小时
✅ 解析结果 [30/46]: 田磊, 2025-07-17, 06:00-08:30, 2.5小时
✅ 解析结果 [30/46]: 刘成香, 2025-07-17, 06:00-08:30, 2.5小时
✅ 解析结果 [30/46]: 刘登, 2025-07-17, 06:00-08:30, 2.5小时
✅ 解析结果 [30/46]: 陈威, 2025-07-17, 06:00-08:30, 2.5小时
✅ 解析结果 [30/46]: 余东明, 2025-07-17, 06:00-08:30, 2.5小时
✅ 解析结果 [30/46]: 王洋, 2025-07-17, 06:00-08:30, 2.5小时
✅ 解析结果 [30/46]: 孙盼, 2025-07-17, 06:00-08:30, 2.5小时
✅ 解析结果 [30/46]: 林超, 2025-07-17, 06:00-08:30, 2.5小时
✅ 解析结果 [30/46]: 曹博文, 2025-07-17, 06:00-08:30, 2.5小时
✅ 解析结果 [30/46]: 高星, 2025-07-17, 06:00-08:30, 2.5小时
✅ 解析结果 [30/46]: 席智成, 2025-07-17, 06:00-08:30, 2.5小时
✅ 解析结果 [30/46]: 魏权, 2025-07-17, 06:00-08:30, 2.5小时
✅ 解析结果 [30/46]: 刘贤杰, 2025-07-17, 06:00-08:30, 2.5小时
✅ 解析结果 [30/46]: 叶成, 2025-07-17, 06:00-08:30, 2.5小时
✅ 解析结果 [30/46]: 李明, 2025-07-17, 06:00-08:30, 2.5小时
✅ 解析结果 [30/46]: 怀雄, 2025-07-17, 06:00-08:30, 2.5小时
✅ 解析结果 [30/46]: 刘卫宜, 2025-07-17, 06:00-08:30, 2.5小时
✅ 解析结果 [30/46]: 张磊磊, 2025-07-17, 06:00-08:30, 2.5小时
⏱️ 处理完成 [30/46]: 178.60秒
------------------------------------------------------------------



📤 原始记录 [31/46]: 陈登科 2025-07-25 17:30 2025-07-25 21:30 4.0 EA1900NB102加急组装 加急出货 钉钉
📥 模型返回 [31/46]:
 陈登科,2025-07-25,17:30-21:30,4.0
✅ 解析结果 [31/46]: 陈登科, 2025-07-25, 17:30-21:30, 4.0小时
⏱️ 处理完成 [31/46]: 141.05秒
------------------------------------------------------------------



📤 原始记录 [32/46]: 陈雄 2025-07-04 08:30 2025-07-04 17:30 9.0 为了满足订单需要，EA3800返修，C7300K，售后EA5000清洗压装，售后EA5000动力总成，装配，打包发货等需要，今日加班人员12人，加班:王富，赵宁宁，岳飞扬，田浩，马灼威，秦国超，杨春森，张海鹏，叶文敬，俞寅凯，徐正亮，殷顺威 钉钉
📥 模型返回 [32/46]:
 陈雄,2025-07-04,08:30-17:30,9.0
王富,2025-07-04,08:30-17:30,9.0
赵宁宁,2025-07-04,08:30-17:30,9.0
岳飞扬,2025-07-04,08:30-17:30,9.0
田浩,2025-07-04,08:30-17:30,9.0
马灼威,2025-07-04,08:30-17:30,9.0
秦国超,2025-07-04,08:30-17:30,9.0
杨春森,2025-07-04,08:30-17:30,9.0
张海鹏,2025-07-04,08:30-17:30,9.0
叶文敬,2025-07-04,08:30-17:30,9.0
俞寅凯,2025-07-04,08:30-17:30,9.0
徐正亮,2025-07-04,08:30-17:30,9.0
殷顺威,2025-07-04,08:30-17:30,9.0
✅ 解析结果 [32/46]: 陈雄, 2025-07-04, 08:30-17:30, 9.0小时
✅ 解析结果 [32/46]: 王富, 2025-07-04, 08:30-17:30, 9.0小时
✅ 解析结果 [32/46]: 赵宁宁, 2025-07-04, 08:30-17:30, 9.0小时
✅ 解析结果 [32/46]: 岳飞扬, 2025-07-04, 08:30-17:30, 9.0小时
✅ 解析结果 [32/46]: 田浩, 2025-07-04, 08:30-17:30, 9.0小时
✅ 解析结果 [32/46]: 马灼威, 2025-07-04, 08:30-17:30, 9.0小时
✅ 解析结果 [32/46]: 秦国超, 2025-07-04, 08:30-17:30, 9.0小时
✅ 解析结果 [32/46]: 杨春森, 2025-07-04, 08:30-17:30, 9.0小时
✅ 解析结果 [32/46]: 张海鹏, 2025-07-04, 08:30-17:30, 9.0小时
✅ 解析结果 [32/46]: 叶文敬, 2025-07-04, 08:30-17:30, 9.0小时
✅ 解析结果 [32/46]: 俞寅凯, 2025-07-04, 08:30-17:30, 9.0小时
✅ 解析结果 [32/46]: 徐正亮, 2025-07-04, 08:30-17:30, 9.0小时
✅ 解析结果 [32/46]: 殷顺威, 2025-07-04, 08:30-17:30, 9.0小时
⏱️ 处理完成 [32/46]: 149.54秒
------------------------------------------------------------------



📤 原始记录 [33/46]: 陈雄 2025-07-04 18:00 2025-07-04 20:00 2.0 为了满足订单需要，EA5000清洗压装，EA5000动力总成，装配，打包发货等需要，今日加班人员7人，加班:王富，赵宁宁，岳飞扬，田浩，马灼威，秦国超，杨春森 钉钉
📥 模型返回 [33/46]:
 陈雄,2025-07-04,18:00-20:00,2.0
王富,2025-07-04,18:00-20:00,2.0
赵宁宁,2025-07-04,18:00-20:00,2.0
岳飞扬,2025-07-04,18:00-20:00,2.0
田浩,2025-07-04,18:00-20:00,2.0
马灼威,2025-07-04,18:00-20:00,2.0
秦国超,2025-07-04,18:00-20:00,2.0
杨春森,2025-07-04,18:00-20:00,2.0
✅ 解析结果 [33/46]: 陈雄, 2025-07-04, 18:00-20:00, 2.0小时
✅ 解析结果 [33/46]: 王富, 2025-07-04, 18:00-20:00, 2.0小时
✅ 解析结果 [33/46]: 赵宁宁, 2025-07-04, 18:00-20:00, 2.0小时
✅ 解析结果 [33/46]: 岳飞扬, 2025-07-04, 18:00-20:00, 2.0小时
✅ 解析结果 [33/46]: 田浩, 2025-07-04, 18:00-20:00, 2.0小时
✅ 解析结果 [33/46]: 马灼威, 2025-07-04, 18:00-20:00, 2.0小时
✅ 解析结果 [33/46]: 秦国超, 2025-07-04, 18:00-20:00, 2.0小时
✅ 解析结果 [33/46]: 杨春森, 2025-07-04, 18:00-20:00, 2.0小时
⏱️ 处理完成 [33/46]: 123.21秒
------------------------------------------------------------------



📤 原始记录 [34/46]: 陈雄 2025-07-05 18:00 2025-07-05 19:00 1.0 1.客户参观，共22人   1.林超，李炎炎，刘卫宜，刘杰，王星，王松， 田磊，高群，陈威，魏权，曹博文，余东明，孙盼，高星，刘成香，王洋，刘登，李明，沈洋，席智成，李享，王能武   18：00-19：00 钉钉
📥 模型返回 [34/46]:
 陈雄,2025-07-05,18:00-19:00,1.0
林超,2025-07-05,18:00-19:00,1.0
李炎炎,2025-07-05,18:00-19:00,1.0
刘卫宜,2025-07-05,18:00-19:00,1.0
刘杰,2025-07-05,18:00-19:00,1.0
王星,2025-07-05,18:00-19:00,1.0
王松,2025-07-05,18:00-19:00,1.0
田磊,2025-07-05,18:00-19:00,1.0
高群,2025-07-05,18:00-19:00,1.0
陈威,2025-07-05,18:00-19:00,1.0
魏权,2025-07-05,18:00-19:00,1.0
曹博文,2025-07-05,18:00-19:00,1.0
余东明,2025-07-05,18:00-19:00,1.0
孙盼,2025-07-05,18:00-19:00,1.0
高星,2025-07-05,18:00-19:00,1.0
刘成香,2025-07-05,18:00-19:00,1.0
王洋,2025-07-05,18:00-19:00,1.0
刘登,2025-07-05,18:00-19:00,1.0
李明,2025-07-05,18:00-19:00,1.0
沈洋,2025-07-05,18:00-19:00,1.0
席智成,2025-07-05,18:00-19:00,1.0
李享,2025-07-05,18:00-19:00,1.0
王能武,2025-07-05,18:00-19:00,1.0
✅ 解析结果 [34/46]: 陈雄, 2025-07-05, 18:00-19:00, 1.0小时
✅ 解析结果 [34/46]: 林超, 2025-07-05, 18:00-19:00, 1.0小时
✅ 解析结果 [34/46]: 李炎炎, 2025-07-05, 18:00-19:00, 1.0小时
✅ 解析结果 [34/46]: 刘卫宜, 2025-07-05, 18:00-19:00, 1.0小时
✅ 解析结果 [34/46]: 刘杰, 2025-07-05, 18:00-19:00, 1.0小时
✅ 解析结果 [34/46]: 王星, 2025-07-05, 18:00-19:00, 1.0小时
✅ 解析结果 [34/46]: 王松, 2025-07-05, 18:00-19:00, 1.0小时
✅ 解析结果 [34/46]: 田磊, 2025-07-05, 18:00-19:00, 1.0小时
✅ 解析结果 [34/46]: 高群, 2025-07-05, 18:00-19:00, 1.0小时
✅ 解析结果 [34/46]: 陈威, 2025-07-05, 18:00-19:00, 1.0小时
✅ 解析结果 [34/46]: 魏权, 2025-07-05, 18:00-19:00, 1.0小时
✅ 解析结果 [34/46]: 曹博文, 2025-07-05, 18:00-19:00, 1.0小时
✅ 解析结果 [34/46]: 余东明, 2025-07-05, 18:00-19:00, 1.0小时
✅ 解析结果 [34/46]: 孙盼, 2025-07-05, 18:00-19:00, 1.0小时
✅ 解析结果 [34/46]: 高星, 2025-07-05, 18:00-19:00, 1.0小时
✅ 解析结果 [34/46]: 刘成香, 2025-07-05, 18:00-19:00, 1.0小时
✅ 解析结果 [34/46]: 王洋, 2025-07-05, 18:00-19:00, 1.0小时
✅ 解析结果 [34/46]: 刘登, 2025-07-05, 18:00-19:00, 1.0小时
✅ 解析结果 [34/46]: 李明, 2025-07-05, 18:00-19:00, 1.0小时
✅ 解析结果 [34/46]: 沈洋, 2025-07-05, 18:00-19:00, 1.0小时
✅ 解析结果 [34/46]: 席智成, 2025-07-05, 18:00-19:00, 1.0小时
✅ 解析结果 [34/46]: 李享, 2025-07-05, 18:00-19:00, 1.0小时
✅ 解析结果 [34/46]: 王能武, 2025-07-05, 18:00-19:00, 1.0小时
⏱️ 处理完成 [34/46]: 139.20秒
------------------------------------------------------------------



📤 原始记录 [35/46]: 陈雄 2025-07-07 18:00 2025-07-07 20:00 2.0 为了满足订单需要，EA4000返修，EA5000清洗压装，售后EA5000动力总成，装配发货等需要，今日加班人员12人，加班:王富，赵宁宁，岳飞扬，马灼威，秦国超，杨春森，张海鹏，叶文敬，俞寅凯，徐正亮，殷顺威，邓子鑫， 钉钉
📥 模型返回 [35/46]:
 陈雄,2025-07-07,18:00-20:00,2.0
王富,2025-07-07,18:00-20:00,2.0
赵宁宁,2025-07-07,18:00-20:00,2.0
岳飞扬,2025-07-07,18:00-20:00,2.0
马灼威,2025-07-07,18:00-20:00,2.0
秦国超,2025-07-07,18:00-20:00,2.0
杨春森,2025-07-07,18:00-20:00,2.0
张海鹏,2025-07-07,18:00-20:00,2.0
叶文敬,2025-07-07,18:00-20:00,2.0
俞寅凯,2025-07-07,18:00-20:0,2.0
徐正亮,2025-07-07,18:00-20:00,2.0
殷顺威,2025-07-07,18:00-20:00,2.0
邓子鑫,2025-07-07,18:00-20:00,2.0
✅ 解析结果 [35/46]: 陈雄, 2025-07-07, 18:00-20:00, 2.0小时
✅ 解析结果 [35/46]: 王富, 2025-07-07, 18:00-20:00, 2.0小时
✅ 解析结果 [35/46]: 赵宁宁, 2025-07-07, 18:00-20:00, 2.0小时
✅ 解析结果 [35/46]: 岳飞扬, 2025-07-07, 18:00-20:00, 2.0小时
✅ 解析结果 [35/46]: 马灼威, 2025-07-07, 18:00-20:00, 2.0小时
✅ 解析结果 [35/46]: 秦国超, 2025-07-07, 18:00-20:00, 2.0小时
✅ 解析结果 [35/46]: 杨春森, 2025-07-07, 18:00-20:00, 2.0小时
✅ 解析结果 [35/46]: 张海鹏, 2025-07-07, 18:00-20:00, 2.0小时
✅ 解析结果 [35/46]: 叶文敬, 2025-07-07, 18:00-20:00, 2.0小时
✅ 解析结果 [35/46]: 俞寅凯, 2025-07-07, 18:00-20:0, 2.0小时
✅ 解析结果 [35/46]: 徐正亮, 2025-07-07, 18:00-20:00, 2.0小时
✅ 解析结果 [35/46]: 殷顺威, 2025-07-07, 18:00-20:00, 2.0小时
✅ 解析结果 [35/46]: 邓子鑫, 2025-07-07, 18:00-20:00, 2.0小时
⏱️ 处理完成 [35/46]: 143.64秒
------------------------------------------------------------------



📤 原始记录 [36/46]: 陈雄 2025-07-09 06:00 2025-07-09 08:30 2.5 1.EA5000N118装配，EOL测试，终处理，共27人   1.高群，王松，李飞，王能武，王星，刘杰，沈洋，田磊，刘成香，刘登，李炎炎，陈威，余东明，王洋，孙盼，林超，曹博文，高星，席智成，魏权，刘贤杰，万俊杰，叶成，李明，怀雄，刘卫宜，张磊磊   06：00-08：30 钉钉
📥 模型返回 [36/46]:
 陈雄,2025-07-09,06:00-08:30,2.5
高群,2025-07-09,06:00-08:30,2.5
王松,2025-07-09,06:00-08:30,2.5
李飞,2025-07-09,06:00-08:30,2.5
王能武,2025-07-09,06:00-08:30,2.5
王星,2025-07-09,06:00-08:30,2.5
刘杰,2025-07-09,06:00-08:30,2.5
沈洋,2025-07-09,06:00-08:30,2.5
田磊,2025-07-09,06:00-08:30,2.5
刘成香,2025-07-09,06:00-08:30,2.5
刘登,2025-07-09,06:00-08:30,2.5
李炎炎,2025-07-09,06:00-08:30,2.5
陈威,2025-07-09,06:00-08:30,2.5
余东明,2025-07-09,06:00-08:30,2.5
王洋,2025-07-09,06:00-08:30,2.5
孙盼,2025-07-09,06:00-08:30,2.5
林超,2025-07-09,06:00-08:30,2.5
曹博文,2025-07-09,06:00-08:30,2.5
高星,2025-07-09,06:00-08:30,2.5
席智成,2025-07-09,06:00-08:30,2.5
魏权,2025-07-09,06:00-08:30,2.5
刘贤杰,2025-07-09,06:00-08:30,2.5
万俊杰,2025-07-09,06:00-08:30,2.5
叶成,2025-07-09,06:00-08:30,2.5
李明,2025-07-09,06:00-08:30,2.5
怀雄,2025-07-09,06:00-08:30,2.5
刘卫宜,2025-07-09,06:00-08:30,2.5
张磊磊,2025-07-09,06:00-08:30,2.5
✅ 解析结果 [36/46]: 陈雄, 2025-07-09, 06:00-08:30, 2.5小时
✅ 解析结果 [36/46]: 高群, 2025-07-09, 06:00-08:30, 2.5小时
✅ 解析结果 [36/46]: 王松, 2025-07-09, 06:00-08:30, 2.5小时
✅ 解析结果 [36/46]: 李飞, 2025-07-09, 06:00-08:30, 2.5小时
✅ 解析结果 [36/46]: 王能武, 2025-07-09, 06:00-08:30, 2.5小时
✅ 解析结果 [36/46]: 王星, 2025-07-09, 06:00-08:30, 2.5小时
✅ 解析结果 [36/46]: 刘杰, 2025-07-09, 06:00-08:30, 2.5小时
✅ 解析结果 [36/46]: 沈洋, 2025-07-09, 06:00-08:30, 2.5小时
✅ 解析结果 [36/46]: 田磊, 2025-07-09, 06:00-08:30, 2.5小时
✅ 解析结果 [36/46]: 刘成香, 2025-07-09, 06:00-08:30, 2.5小时
✅ 解析结果 [36/46]: 刘登, 2025-07-09, 06:00-08:30, 2.5小时
✅ 解析结果 [36/46]: 李炎炎, 2025-07-09, 06:00-08:30, 2.5小时
✅ 解析结果 [36/46]: 陈威, 2025-07-09, 06:00-08:30, 2.5小时
✅ 解析结果 [36/46]: 余东明, 2025-07-09, 06:00-08:30, 2.5小时
✅ 解析结果 [36/46]: 王洋, 2025-07-09, 06:00-08:30, 2.5小时
✅ 解析结果 [36/46]: 孙盼, 2025-07-09, 06:00-08:30, 2.5小时
✅ 解析结果 [36/46]: 林超, 2025-07-09, 06:00-08:30, 2.5小时
✅ 解析结果 [36/46]: 曹博文, 2025-07-09, 06:00-08:30, 2.5小时
✅ 解析结果 [36/46]: 高星, 2025-07-09, 06:00-08:30, 2.5小时
✅ 解析结果 [36/46]: 席智成, 2025-07-09, 06:00-08:30, 2.5小时
✅ 解析结果 [36/46]: 魏权, 2025-07-09, 06:00-08:30, 2.5小时
✅ 解析结果 [36/46]: 刘贤杰, 2025-07-09, 06:00-08:30, 2.5小时
✅ 解析结果 [36/46]: 万俊杰, 2025-07-09, 06:00-08:30, 2.5小时
✅ 解析结果 [36/46]: 叶成, 2025-07-09, 06:00-08:30, 2.5小时
✅ 解析结果 [36/46]: 李明, 2025-07-09, 06:00-08:30, 2.5小时
✅ 解析结果 [36/46]: 怀雄, 2025-07-09, 06:00-08:30, 2.5小时
✅ 解析结果 [36/46]: 刘卫宜, 2025-07-09, 06:00-08:30, 2.5小时
✅ 解析结果 [36/46]: 张磊磊, 2025-07-09, 06:00-08:30, 2.5小时
⏱️ 处理完成 [36/46]: 165.52秒
------------------------------------------------------------------



📤 原始记录 [37/46]: 陈雄 2025-07-09 17:30 2025-07-09 18:30 1.0 为了满足订单需要，EA5000清洗压装，售后EA5000动力总成，装配发货等需要，今日连班人员6人，加班:王富，赵宁宁，岳飞扬，马灼威，杨春森，徐正亮 钉钉
📥 模型返回 [37/46]:
 陈雄,2025-07-09,17:30-18:30,1.0
王富,2025-07-09,17:30-18:30,1.0
赵宁宁,2025-07-09,17:30-18:30,1.0
岳飞扬,2025-07-09,17:30-18:30,1.0
马灼威,2025-07-09,17:30-18:30,1.0
杨春森,2025-07-09,17:30-18:30,1.0
徐正亮,2025-07-09,17:30-18:30,1.0
✅ 解析结果 [37/46]: 陈雄, 2025-07-09, 17:30-18:30, 1.0小时
✅ 解析结果 [37/46]: 王富, 2025-07-09, 17:30-18:30, 1.0小时
✅ 解析结果 [37/46]: 赵宁宁, 2025-07-09, 17:30-18:30, 1.0小时
✅ 解析结果 [37/46]: 岳飞扬, 2025-07-09, 17:30-18:30, 1.0小时
✅ 解析结果 [37/46]: 马灼威, 2025-07-09, 17:30-18:30, 1.0小时
✅ 解析结果 [37/46]: 杨春森, 2025-07-09, 17:30-18:30, 1.0小时
✅ 解析结果 [37/46]: 徐正亮, 2025-07-09, 17:30-18:30, 1.0小时
⏱️ 处理完成 [37/46]: 160.38秒
------------------------------------------------------------------



📤 原始记录 [38/46]: 陈雄 2025-07-09 18:00 2025-07-09 20:42 2.7 EA3800N TRS03可靠性耐久试验；D-1400K安凯道路试验第二轮耐久可靠性试验；EA3800静态换挡试验；C5000N滑套拨叉换挡磨损验证耐久试验；环境仓安费诺插件高温耐油试验 （EA3800N 油冷） 钉钉
📥 模型返回 [38/46]:
 陈雄,2025-07-09,18:00-20:42,2.7
✅ 解析结果 [38/46]: 陈雄, 2025-07-09, 18:00-20:42, 2.7小时
⏱️ 处理完成 [38/46]: 160.59秒
------------------------------------------------------------------



📤 原始记录 [39/46]: 陈雄 2025-07-16 06:00 2025-07-16 08:30 2.5 1.EA5000N118装配，EOL测试，终处理，共25人   1.高群，王松，李飞，王星，刘杰，沈洋，田磊，刘成香，刘登，李炎炎，孙盼，余东明，王洋，林超，高星，席智成，魏权，刘贤杰，叶成，李明，怀雄，刘卫宜，张磊磊 ，曹博文， 王能武    06：00-08：30 钉钉
📥 模型返回 [39/46]:
 陈雄,2025-07-16,06:00-08:30,2.5
高群,2025-07-16,06:00-08:30,2.5
王松,2025-07-16,06:00-08:30,2.5
李飞,2025-07-16,06:00-08:30,2.5
王星,2025-07-16,06:00-08:30,2.5
刘杰,2025-07-16,06:00-08:30,2.5
沈洋,2025-07-16,06:00-08:30,2.5
田磊,2025-07-16,06:00-08:30,2.5
刘成香,2025-07-16,06:00-08:30,2.5
刘登,2025-07-16,06:00-08:30,2.5
李炎炎,2025-07-16,06:00-08:30,2.5
孙盼,2025-07-16,06:00-08:30,2.5
余东明,2025-07-16,06:00-08:30,2.5
王洋,2025-07-16,06:00-08:30,2.5
林超,2025-07-16,06:00-08:30,2.5
高星,2025-07-16,06:00-08:30,2.5
席智成,2025-07-16,06:00-08:30,2.5
魏权,2025-07-16,06:00-08:30,2.5
刘贤杰,2025-07-16,06:00-08:30,2.5
叶成,2025-07-16,06:00-08:30,2.5
李明,2025-07-16,06:00-08:30,2.5
怀雄,2025-07-16,06:00-08:30,2.5
刘卫宜,2025-07-16,06:00-08:30,2.5
张磊磊,2025-07-16,06:00-08:30,2.5
曹博文,2025-07-16,06:00-08:30,2.5
王能武,2025-07-16,06:00-08:30,2.5
✅ 解析结果 [39/46]: 陈雄, 2025-07-16, 06:00-08:30, 2.5小时
✅ 解析结果 [39/46]: 高群, 2025-07-16, 06:00-08:30, 2.5小时
✅ 解析结果 [39/46]: 王松, 2025-07-16, 06:00-08:30, 2.5小时
✅ 解析结果 [39/46]: 李飞, 2025-07-16, 06:00-08:30, 2.5小时
✅ 解析结果 [39/46]: 王星, 2025-07-16, 06:00-08:30, 2.5小时
✅ 解析结果 [39/46]: 刘杰, 2025-07-16, 06:00-08:30, 2.5小时
✅ 解析结果 [39/46]: 沈洋, 2025-07-16, 06:00-08:30, 2.5小时
✅ 解析结果 [39/46]: 田磊, 2025-07-16, 06:00-08:30, 2.5小时
✅ 解析结果 [39/46]: 刘成香, 2025-07-16, 06:00-08:30, 2.5小时
✅ 解析结果 [39/46]: 刘登, 2025-07-16, 06:00-08:30, 2.5小时
✅ 解析结果 [39/46]: 李炎炎, 2025-07-16, 06:00-08:30, 2.5小时
✅ 解析结果 [39/46]: 孙盼, 2025-07-16, 06:00-08:30, 2.5小时
✅ 解析结果 [39/46]: 余东明, 2025-07-16, 06:00-08:30, 2.5小时
✅ 解析结果 [39/46]: 王洋, 2025-07-16, 06:00-08:30, 2.5小时
✅ 解析结果 [39/46]: 林超, 2025-07-16, 06:00-08:30, 2.5小时
✅ 解析结果 [39/46]: 高星, 2025-07-16, 06:00-08:30, 2.5小时
✅ 解析结果 [39/46]: 席智成, 2025-07-16, 06:00-08:30, 2.5小时
✅ 解析结果 [39/46]: 魏权, 2025-07-16, 06:00-08:30, 2.5小时
✅ 解析结果 [39/46]: 刘贤杰, 2025-07-16, 06:00-08:30, 2.5小时
✅ 解析结果 [39/46]: 叶成, 2025-07-16, 06:00-08:30, 2.5小时
✅ 解析结果 [39/46]: 李明, 2025-07-16, 06:00-08:30, 2.5小时
✅ 解析结果 [39/46]: 怀雄, 2025-07-16, 06:00-08:30, 2.5小时
✅ 解析结果 [39/46]: 刘卫宜, 2025-07-16, 06:00-08:30, 2.5小时
✅ 解析结果 [39/46]: 张磊磊, 2025-07-16, 06:00-08:30, 2.5小时
✅ 解析结果 [39/46]: 曹博文, 2025-07-16, 06:00-08:30, 2.5小时
✅ 解析结果 [39/46]: 王能武, 2025-07-16, 06:00-08:30, 2.5小时
⏱️ 处理完成 [39/46]: 158.32秒
------------------------------------------------------------------



📤 原始记录 [40/46]: 陈雄 2025-07-18 18:00 2025-07-18 20:33 2.55 EA3800N静态换挡测试值班 钉钉
📥 模型返回 [40/46]:
 陈雄,2025-07-18,18:00-20:33,2.55
✅ 解析结果 [40/46]: 陈雄, 2025-07-18, 18:00-20:33, 2.55小时
⏱️ 处理完成 [40/46]: 136.03秒
------------------------------------------------------------------



📤 原始记录 [41/46]: 韦东略 2025-07-02 17:30 2025-07-02 20:00 2.5 1.京深深向打包发货，共12人   1.席智成，李明，高星   17：30-18：30   2.王能武，高群，刘登，林超，刘贤杰，李炎炎，余东明，魏权，万俊杰     17：30-20：00 钉钉
📥 模型返回 [41/46]:
 韦东略,2025-07-02,17:30-20:00,2.5
席智成,2025-07-02,17:30-18:30,1.0
李明,2025-07-02,17:30-18:30,1.0
高星,2025-07-02,17:30-18:30,1.0
王能武,2025-07-02,17:30-20:00,2.5
高群,2025-07-02,17:30-20:00,2.5
刘登,2025-07-02,17:30-20:00,2.5
林超,2025-07-02,17:30-20:00,2.5
刘贤杰,2025-07-02,17:30-20:00,2.5
李炎炎,2025-07-02,17:30-20:00,2.5
余东明,2025-07-02,17:30-20:00,2.5
魏权,2025-07-02,17:30-20:00,2.5
万俊杰,2025-07-02,17:30-20:00,2.5
✅ 解析结果 [41/46]: 韦东略, 2025-07-02, 17:30-20:00, 2.5小时
✅ 解析结果 [41/46]: 席智成, 2025-07-02, 17:30-18:30, 1.0小时
✅ 解析结果 [41/46]: 李明, 2025-07-02, 17:30-18:30, 1.0小时
✅ 解析结果 [41/46]: 高星, 2025-07-02, 17:30-18:30, 1.0小时
✅ 解析结果 [41/46]: 王能武, 2025-07-02, 17:30-20:00, 2.5小时
✅ 解析结果 [41/46]: 高群, 2025-07-02, 17:30-20:00, 2.5小时
✅ 解析结果 [41/46]: 刘登, 2025-07-02, 17:30-20:00, 2.5小时
✅ 解析结果 [41/46]: 林超, 2025-07-02, 17:30-20:00, 2.5小时
✅ 解析结果 [41/46]: 刘贤杰, 2025-07-02, 17:30-20:00, 2.5小时
✅ 解析结果 [41/46]: 李炎炎, 2025-07-02, 17:30-20:00, 2.5小时
✅ 解析结果 [41/46]: 余东明, 2025-07-02, 17:30-20:00, 2.5小时
✅ 解析结果 [41/46]: 魏权, 2025-07-02, 17:30-20:00, 2.5小时
✅ 解析结果 [41/46]: 万俊杰, 2025-07-02, 17:30-20:00, 2.5小时
⏱️ 处理完成 [41/46]: 149.20秒
------------------------------------------------------------------



📤 原始记录 [42/46]: 魏权 2025-07-11 06:00 2025-07-11 08:30 2.5 1.EA5000N118装配，EOL测试，终处理，共27人   1.高群，王松，李飞，王能武，王星，刘杰，沈洋，田磊，刘成香，刘登，李炎炎，陈威，余东明，王洋，孙盼，林超，曹博文，高星，席智成，魏权，刘贤杰，万俊杰，叶成，李明，怀雄，刘卫宜，张磊磊   06：00-08：30 钉钉
📥 模型返回 [42/46]:
 高群,2025-07-11,06:00-08:30,2.5
王松,2025-07-11,06:00-08:30,2.5
李飞,2025-07-11,06:00-08:30,2.5
王能武,2025-07-11,06:00-08:30,2.5
王星,2025-07-11,06:00-08:30,2.5
刘杰,2025-07-11,06:00-08:30,2.5
沈洋,2025-07-11,06:00-08:30,2.5
田磊,2025-07-11,06:00-08:30,2.5
刘成香,2025-07-11,06:00-08:30,2.5
刘登,2025-07-11,06:00-08:30,2.5
李炎炎,2025-07-11,06:00-08:30,2.5
陈威,2025-07-11,06:00-08:30,2.5
余东明,2025-07-11,06:00-08:30,2.5
王洋,2025-07-11,06:00-08:30,2.5
孙盼,2025-07-11,06:00-08:30,2.5
林超,2025-07-11,06:00-08:30,2.5
曹博文,2025-07-11,06:00-08:30,2.5
高星,2025-07-11,06:00-08:30,2.5
席智成,2025-07-11,06:00-08:30,2.5
魏权,2025-07-11,06:00-08:30,2.5
刘贤杰,2025-07-11,06:00-08:30,2.5
万俊杰,2025-07-11,06:00-08:30,2.5
叶成,2025-07-11,06:00-08:30,2.5
李明,2025-07-11,06:00-08:30,2.5
怀雄,2025-07-11,06:00-08:30,2.5
刘卫宜,2025-07-11,06:00-08:30,2.5
张磊磊,2025-07-11,06:00-08:30,2.5
✅ 解析结果 [42/46]: 高群, 2025-07-11, 06:00-08:30, 2.5小时
✅ 解析结果 [42/46]: 王松, 2025-07-11, 06:00-08:30, 2.5小时
✅ 解析结果 [42/46]: 李飞, 2025-07-11, 06:00-08:30, 2.5小时
✅ 解析结果 [42/46]: 王能武, 2025-07-11, 06:00-08:30, 2.5小时
✅ 解析结果 [42/46]: 王星, 2025-07-11, 06:00-08:30, 2.5小时
✅ 解析结果 [42/46]: 刘杰, 2025-07-11, 06:00-08:30, 2.5小时
✅ 解析结果 [42/46]: 沈洋, 2025-07-11, 06:00-08:30, 2.5小时
✅ 解析结果 [42/46]: 田磊, 2025-07-11, 06:00-08:30, 2.5小时
✅ 解析结果 [42/46]: 刘成香, 2025-07-11, 06:00-08:30, 2.5小时
✅ 解析结果 [42/46]: 刘登, 2025-07-11, 06:00-08:30, 2.5小时
✅ 解析结果 [42/46]: 李炎炎, 2025-07-11, 06:00-08:30, 2.5小时
✅ 解析结果 [42/46]: 陈威, 2025-07-11, 06:00-08:30, 2.5小时
✅ 解析结果 [42/46]: 余东明, 2025-07-11, 06:00-08:30, 2.5小时
✅ 解析结果 [42/46]: 王洋, 2025-07-11, 06:00-08:30, 2.5小时
✅ 解析结果 [42/46]: 孙盼, 2025-07-11, 06:00-08:30, 2.5小时
✅ 解析结果 [42/46]: 林超, 2025-07-11, 06:00-08:30, 2.5小时
✅ 解析结果 [42/46]: 曹博文, 2025-07-11, 06:00-08:30, 2.5小时
✅ 解析结果 [42/46]: 高星, 2025-07-11, 06:00-08:30, 2.5小时
✅ 解析结果 [42/46]: 席智成, 2025-07-11, 06:00-08:30, 2.5小时
✅ 解析结果 [42/46]: 魏权, 2025-07-11, 06:00-08:30, 2.5小时
✅ 解析结果 [42/46]: 刘贤杰, 2025-07-11, 06:00-08:30, 2.5小时
✅ 解析结果 [42/46]: 万俊杰, 2025-07-11, 06:00-08:30, 2.5小时
✅ 解析结果 [42/46]: 叶成, 2025-07-11, 06:00-08:30, 2.5小时
✅ 解析结果 [42/46]: 李明, 2025-07-11, 06:00-08:30, 2.5小时
✅ 解析结果 [42/46]: 怀雄, 2025-07-11, 06:00-08:30, 2.5小时
✅ 解析结果 [42/46]: 刘卫宜, 2025-07-11, 06:00-08:30, 2.5小时
✅ 解析结果 [42/46]: 张磊磊, 2025-07-11, 06:00-08:30, 2.5小时
⏱️ 处理完成 [42/46]: 162.87秒
------------------------------------------------------------------



📤 原始记录 [43/46]: 魏权 2025-07-14 06:00 2025-07-14 08:30 2.5 1.EA5000N118装配，EOL测试，终处理，共25人   1.高群，王松，李飞，王星，刘杰，沈洋，田磊，刘成香，刘登，李炎炎，陈威，余东明，王洋，林超，高星，席智成，魏权，刘贤杰，万俊杰，叶成，李明，怀雄，刘卫宜，张磊磊 ，曹博文  06：00-08：30 钉钉
📥 模型返回 [43/46]:
 高群,2025-07-14,06:00-08:30,2.5
王松,2025-07-14,06:00-08:30,2.5
李飞,2025-07-14,06:00-08:30,2.5
王星,2025-07-14,06:00-08:30,2.5
刘杰,2025-07-14,06:00-08:30,2.5
沈洋,2025-07-14,06:00-08:30,2.5
田磊,2025-07-14,06:00-08:30,2.5
刘成香,2025-07-14,06:00-08:30,2.5
刘登,2025-07-14,06:00-08:30,2.5
李炎炎,2025-07-14,06:00-08:30,2.5
陈威,2025-07-14,06:00-08:30,2.5
余东明,2025-07-14,06:00-08:30,2.5
王洋,2025-07-14,06:00-08:30,2.5
林超,2025-07-14,06:00-08:30,2.5
高星,2025-07-14,06:00-08:30,2.5
席智成,2025-07-14,06:00-08:30,2.5
魏权,2025-07-14,06:00-08:30,2.5
刘贤杰,2025-07-14,06:00-08:30,2.5
万俊杰,2025-07-14,06:00-08:30,2.5
叶成,2025-07-14,06:00-08:30,2.5
李明,2025-07-14,06:00-08:30,2.5
怀雄,2025-07-14,06:00-08:30,2.5
刘卫宜,2025-07-14,06:00-08:30,2.5
张磊磊,2025-07-14,06:00-08:30,2.5
曹博文,2025-07-14,06:00-08:30,2.5
✅ 解析结果 [43/46]: 高群, 2025-07-14, 06:00-08:30, 2.5小时
✅ 解析结果 [43/46]: 王松, 2025-07-14, 06:00-08:30, 2.5小时
✅ 解析结果 [43/46]: 李飞, 2025-07-14, 06:00-08:30, 2.5小时
✅ 解析结果 [43/46]: 王星, 2025-07-14, 06:00-08:30, 2.5小时
✅ 解析结果 [43/46]: 刘杰, 2025-07-14, 06:00-08:30, 2.5小时
✅ 解析结果 [43/46]: 沈洋, 2025-07-14, 06:00-08:30, 2.5小时
✅ 解析结果 [43/46]: 田磊, 2025-07-14, 06:00-08:30, 2.5小时
✅ 解析结果 [43/46]: 刘成香, 2025-07-14, 06:00-08:30, 2.5小时
✅ 解析结果 [43/46]: 刘登, 2025-07-14, 06:00-08:30, 2.5小时
✅ 解析结果 [43/46]: 李炎炎, 2025-07-14, 06:00-08:30, 2.5小时
✅ 解析结果 [43/46]: 陈威, 2025-07-14, 06:00-08:30, 2.5小时
✅ 解析结果 [43/46]: 余东明, 2025-07-14, 06:00-08:30, 2.5小时
✅ 解析结果 [43/46]: 王洋, 2025-07-14, 06:00-08:30, 2.5小时
✅ 解析结果 [43/46]: 林超, 2025-07-14, 06:00-08:30, 2.5小时
✅ 解析结果 [43/46]: 高星, 2025-07-14, 06:00-08:30, 2.5小时
✅ 解析结果 [43/46]: 席智成, 2025-07-14, 06:00-08:30, 2.5小时
✅ 解析结果 [43/46]: 魏权, 2025-07-14, 06:00-08:30, 2.5小时
✅ 解析结果 [43/46]: 刘贤杰, 2025-07-14, 06:00-08:30, 2.5小时
✅ 解析结果 [43/46]: 万俊杰, 2025-07-14, 06:00-08:30, 2.5小时
✅ 解析结果 [43/46]: 叶成, 2025-07-14, 06:00-08:30, 2.5小时
✅ 解析结果 [43/46]: 李明, 2025-07-14, 06:00-08:30, 2.5小时
✅ 解析结果 [43/46]: 怀雄, 2025-07-14, 06:00-08:30, 2.5小时
✅ 解析结果 [43/46]: 刘卫宜, 2025-07-14, 06:00-08:30, 2.5小时
✅ 解析结果 [43/46]: 张磊磊, 2025-07-14, 06:00-08:30, 2.5小时
✅ 解析结果 [43/46]: 曹博文, 2025-07-14, 06:00-08:30, 2.5小时
⏱️ 处理完成 [43/46]: 170.26秒
------------------------------------------------------------------



📤 原始记录 [44/46]: 魏权 2025-07-15 06:00 2025-07-15 08:30 2.5 1.EA5000N118装配 ，                      共1人                                                                                    1.段少波，06:00-08:30 钉钉
📥 模型返回 [44/46]:
 段少波,2025-07-15,06:00-08:30,2.5
✅ 解析结果 [44/46]: 段少波, 2025-07-15, 06:00-08:30, 2.5小时
⏱️ 处理完成 [44/46]: 160.27秒
------------------------------------------------------------------



📤 原始记录 [45/46]: 魏权 2025-07-16 18:00 2025-07-16 20:30 2.5 1、报废件木托移至车间2楼。2、EA3800N可靠性试验 3、1400K耐久试验 4、EA3800N静态换挡 钉钉
📥 模型返回 [45/46]:
 魏权,2025-07-16,18:00-20:30,2.5
✅ 解析结果 [45/46]: 魏权, 2025-07-16, 18:00-20:30, 2.5小时
⏱️ 处理完成 [45/46]: 153.90秒
------------------------------------------------------------------



📤 原始记录 [46/46]: 魏权 2025-07-25 17:30 2025-07-25 19:00 1.5 为了满足订单需要，EA5000气缸装配，测试，C1900N卧龙电机动力总成装配，测试发货等需要，今日连班人员6人，朱强，赵宁宁，岳飞扬，马崇坤，马建发，缪招胜， 钉钉
📥 模型返回 [46/46]:
 魏权,2025-07-25,17:30-19:00,1.5
朱强,2025-07-25,17:30-19:00,1.5
赵宁宁,2025-07-25,17:30-19:00,1.5
岳飞扬,2025-07-25,17:30-19:00,1.5
马崇坤,2025-07-25,17:30-19:00,1.5
马建发,2025-07-25,17:30-19:00,1.5
缪招胜,2025-07-25,17:30-19:00,1.5
✅ 解析结果 [46/46]: 魏权, 2025-07-25, 17:30-19:00, 1.5小时
✅ 解析结果 [46/46]: 朱强, 2025-07-25, 17:30-19:00, 1.5小时
✅ 解析结果 [46/46]: 赵宁宁, 2025-07-25, 17:30-19:00, 1.5小时
✅ 解析结果 [46/46]: 岳飞扬, 2025-07-25, 17:30-19:00, 1.5小时
✅ 解析结果 [46/46]: 马崇坤, 2025-07-25, 17:30-19:00, 1.5小时
✅ 解析结果 [46/46]: 马建发, 2025-07-25, 17:30-19:00, 1.5小时
✅ 解析结果 [46/46]: 缪招胜, 2025-07-25, 17:30-19:00, 1.5小时
⏱️ 处理完成 [46/46]: 140.62秒
------------------------------------------------------------------



📊 按数据来源统计解析成功数:
  - 飞书: 18 条记录
  - 钉钉: 342 条记录
  总计: 360 条记录解析成功

=== 加班记录分析完成 ===

📊 总计解析: 360/46 条记录 (782.6%)
✅ 保存批次 1/8: 50条记录
✅ 保存批次 2/8: 50条记录
✅ 保存批次 3/8: 50条记录
✅ 保存批次 4/8: 50条记录
✅ 保存批次 5/8: 50条记录
✅ 保存批次 6/8: 50条记录
✅ 保存批次 7/8: 50条记录
✅ 保存批次 8/8: 10条记录
✅ 总共保存记录: 360条, 失败批次: 0个

⏱️ 总耗时: 516.19秒, 平均: 11.2216秒/条, 速度: 0.09条/秒

📊 解析率: 782.6%, 保存率: 782.6%
✅ 数据库总记录: 360条

查询到 360 条结果
