✅ 获取到 0 条缓存的跨月请假记录
✅ 所有缓存的跨月请假记录处理完成
✅ 获取到 87 条请假记录
正在处理 丁国涛 的请假记录: 2025-05-16 上午 -> 2025-05-16 上午
正在处理 丁国涛 的请假记录: 2025-05-28 上午 -> 2025-05-28 下午
正在处理 何升绘 的请假记录: 2025-05-06 上午 -> 2025-05-06 上午
正在处理 何升绘 的请假记录: 2025-05-12 上午 -> 2025-05-12 下午
正在处理 叶旭 的请假记录: 2025-05-19 上午 -> 2025-05-19 下午
正在处理 叶旭 的请假记录: 2025-05-26 上午 -> 2025-05-26 下午
正在处理 吴勇明 的请假记录: 2025-05-13 上午 -> 2025-05-13 上午
正在处理 周天 的请假记录: 2025-05-17 上午 -> 2025-05-17 下午
正在处理 周承成 的请假记录: 2025-05-13 上午 -> 2025-05-13 下午
正在处理 夏天龙 的请假记录: 2025-05-16 上午 -> 2025-05-16 下午
正在处理 夏天龙 的请假记录: 2025-05-17 上午 -> 2025-05-17 下午
正在处理 姚明佳 的请假记录: 2025-05-09 上午 -> 2025-05-09 上午
正在处理 姚明佳 的请假记录: 2025-05-20 上午 -> 2025-05-26 下午
正在处理 孙家乐 的请假记录: 2025-05-28 上午 -> 2025-05-30 下午
正在处理 张健宁 的请假记录: 2025-05-26 下午 -> 2025-05-26 下午
正在处理 张喆 的请假记录: 2025-05-21 上午 -> 2025-05-22 下午
正在处理 张梓正 的请假记录: 2025-05-05 上午 -> 2025-05-05 下午
正在处理 张雷杰 的请假记录: 2025-05-15 上午 -> 2025-05-15 上午
正在处理 徐宝通 的请假记录: 2025-05-15 上午 -> 2025-05-16 下午
正在处理 徐宝通 的请假记录: 2025-05-17 上午 -> 2025-05-17 下午
正在处理 徐正亮 的请假记录: 2025-05-16 上午 -> 2025-05-16 下午
正在处理 曾婷 的请假记录: 2025-05-13 上午 -> 2025-05-13 下午
正在处理 朱强 的请假记录: 2025-05-05 上午 -> 2025-05-05 上午
正在处理 朱强 的请假记录: 2025-05-07 上午 -> 2025-05-07 上午
正在处理 朱强 的请假记录: 2025-05-13 上午 -> 2025-05-13 下午
正在处理 朱强 的请假记录: 2025-05-17 上午 -> 2025-05-17 下午
正在处理 朱强 的请假记录: 2025-05-19 上午 -> 2025-05-19 上午
正在处理 朱强 的请假记录: 2025-05-22 上午 -> 2025-05-22 上午
正在处理 朱显斌 的请假记录: 2025-05-10 上午 -> 2025-05-10 上午
正在处理 朱泽利 的请假记录: 2025-05-05 上午 -> 2025-05-05 下午
正在处理 朱益君 的请假记录: 2025-05-22 上午 -> 2025-05-22 下午
正在处理 朱益君 的请假记录: 2025-05-23 上午 -> 2025-05-23 下午
正在处理 朱金凯 的请假记录: 2025-05-05 下午 -> 2025-05-05 下午
正在处理 朱金凯 的请假记录: 2025-05-12 上午 -> 2025-05-12 下午
正在处理 朱金凯 的请假记录: 2025-05-20 下午 -> 2025-05-20 下午
正在处理 李庭越 的请假记录: 2025-05-15 上午 -> 2025-05-15 下午
正在处理 李庭越 的请假记录: 2025-05-19 上午 -> 2025-05-19 下午
正在处理 李运动 的请假记录: 2025-05-19 上午 -> 2025-05-19 上午
正在处理 杜稳飞 的请假记录: 2025-05-10 上午 -> 2025-05-10 下午
正在处理 杜稳飞 的请假记录: 2025-05-27 上午 -> 2025-05-27 下午
正在处理 杨春森 的请假记录: 2025-05-14 上午 -> 2025-05-16 下午
正在处理 杨春森 的请假记录: 2025-05-21 下午 -> 2025-05-21 下午
正在处理 桂治国 的请假记录: 2025-05-05 上午 -> 2025-05-07 下午
正在处理 桂治国 的请假记录: 2025-05-08 上午 -> 2025-05-08 下午
正在处理 段少波 的请假记录: 2025-05-12 上午 -> 2025-05-15 下午
正在处理 殷四雄 的请假记录: 2025-05-19 上午 -> 2025-05-19 下午
正在处理 沈傲 的请假记录: 2025-05-05 上午 -> 2025-05-05 下午
正在处理 滕正峰 的请假记录: 2025-05-12 上午 -> 2025-05-12 下午
正在处理 王佳忠 的请假记录: 2025-05-17 下午 -> 2025-05-17 下午
正在处理 王兴磊 的请假记录: 2025-05-08 上午 -> 2025-05-08 下午
正在处理 王兴磊 的请假记录: 2025-05-14 上午 -> 2025-05-14 下午
正在处理 甘金利 的请假记录: 2025-05-29 上午 -> 2025-05-30 下午
正在处理 白敏娟 的请假记录: 2025-05-05 上午 -> 2025-05-05 下午
正在处理 程志鹏 的请假记录: 2025-05-13 上午 -> 2025-05-13 下午
正在处理 程志鹏 的请假记录: 2025-05-16 上午 -> 2025-05-16 下午
正在处理 程志鹏 的请假记录: 2025-05-28 上午 -> 2025-05-28 下午
正在处理 程铤辉 的请假记录: 2025-05-19 下午 -> 2025-06-05 上午
⚠️ 检测到跨月请假记录: 程铤辉 2025-05-19 下午 -> 2025-06-05 上午，将在下月处理
正在处理 罗锋 的请假记录: 2025-05-28 上午 -> 2025-05-30 下午
正在处理 胡俊杨 的请假记录: 2025-05-12 上午 -> 2025-05-12 下午
正在处理 胡俊杨 的请假记录: 2025-05-22 上午 -> 2025-05-22 下午
正在处理 葛婷 的请假记录: 2025-05-07 上午 -> 2025-05-07 上午
正在处理 葛婷 的请假记录: 2025-05-29 上午 -> 2025-05-29 下午
正在处理 董凯宁 的请假记录: 2025-05-05 上午 -> 2025-05-05 下午
正在处理 董凯宁 的请假记录: 2025-05-10 上午 -> 2025-05-10 下午
正在处理 董凯宁 的请假记录: 2025-05-13 上午 -> 2025-05-13 下午
正在处理 袁俊祥 的请假记录: 2025-05-10 下午 -> 2025-05-10 下午
正在处理 贾敏洋 的请假记录: 2025-05-05 上午 -> 2025-05-05 下午
正在处理 郑翔 的请假记录: 2025-05-12 下午 -> 2025-05-12 下午
正在处理 郑翔 的请假记录: 2025-05-26 下午 -> 2025-05-26 下午
正在处理 郝子琛 的请假记录: 2025-05-06 上午 -> 2025-05-06 下午
正在处理 郝子琛 的请假记录: 2025-05-12 上午 -> 2025-05-12 上午
正在处理 闫亚东 的请假记录: 2025-05-17 上午 -> 2025-05-17 下午
正在处理 陆发强 的请假记录: 2025-05-16 上午 -> 2025-05-22 下午
正在处理 陈之东 的请假记录: 2025-05-07 上午 -> 2025-05-07 上午
正在处理 陈之东 的请假记录: 2025-05-08 上午 -> 2025-05-09 下午
正在处理 陈之东 的请假记录: 2025-05-29 上午 -> 2025-05-30 下午
正在处理 陈思豪 的请假记录: 2025-05-19 上午 -> 2025-05-26 下午
正在处理 陈虞涛 的请假记录: 2025-05-29 上午 -> 2025-05-29 下午
正在处理 韦东略 的请假记录: 2025-05-16 上午 -> 2025-05-16 下午
正在处理 韦东略 的请假记录: 2025-05-17 上午 -> 2025-05-17 下午
正在处理 马鸣强 的请假记录: 2025-05-17 上午 -> 2025-05-17 下午
正在处理 马鸣强 的请假记录: 2025-05-21 上午 -> 2025-05-21 下午
正在处理 马鸣强 的请假记录: 2025-05-23 上午 -> 2025-05-23 下午
正在处理 马鸣强 的请假记录: 2025-05-29 上午 -> 2025-05-30 下午
正在处理 高剑濠 的请假记录: 2025-05-13 上午 -> 2025-05-13 下午
正在处理 高波 的请假记录: 2025-05-17 上午 -> 2025-05-17 下午
正在处理 黄风丽 的请假记录: 2025-05-15 上午 -> 2025-05-15 上午
✅ 所有请假记录处理完成
