✅ 获取到 11 条请假记录
正在处理 朱强 的请假记录: 2025-05-05 上午 -> 2025-05-05 上午
警告: 未找到员工 朱强 的记录
正在处理 朱强 的请假记录: 2025-05-17 上午 -> 2025-05-17 下午
警告: 未找到员工 朱强 的记录
正在处理 朱强 的请假记录: 2025-05-22 上午 -> 2025-05-22 上午
警告: 未找到员工 朱强 的记录
正在处理 朱益君 的请假记录: 2025-05-22 08:30 -> 2025-05-22 18:00
警告: 未找到员工 朱益君 的记录
正在处理 朱益君 的请假记录: 2025-05-23 08:30 -> 2025-05-23 18:00
警告: 未找到员工 朱益君 的记录
正在处理 林超 的请假记录: 2025-05-21 08:30 -> 2025-05-21 17:30
警告: 未找到员工 林超 的记录
正在处理 祝叶康 的请假记录: 2025-05-13 08:30 -> 2025-05-13 17:36
警告: 未找到员工 祝叶康 的记录
正在处理 祝叶康 的请假记录: 2025-05-21 08:30 -> 2025-05-21 17:30
警告: 未找到员工 祝叶康 的记录
正在处理 祝叶康 的请假记录: 2025-05-30 08:30 -> 2025-05-30 17:30
警告: 未找到员工 祝叶康 的记录
正在处理 魏权 的请假记录: 2025-05-12 08:30 -> 2025-05-12 17:30
警告: 未找到员工 魏权 的记录
正在处理 魏权 的请假记录: 2025-05-20 08:30 -> 2025-05-20 17:30
警告: 未找到员工 魏权 的记录
✅ 所有请假记录处理完成
