✅ 获取到 0 条缓存的跨月请假记录
✅ 所有缓存的跨月请假记录处理完成
✅ 获取到 88 条请假记录
正在处理 丁国涛 的请假记录: 2025-06-11 上午 -> 2025-06-11 上午
正在处理 丁国涛 的请假记录: 2025-06-16 下午 -> 2025-06-16 下午
正在处理 何佳兴 的请假记录: 2025-06-02 上午 -> 2025-06-02 下午
正在处理 何佳兴 的请假记录: 2025-06-16 上午 -> 2025-06-17 下午
正在处理 何佳兴 的请假记录: 2025-06-23 -> 2025-07-04
⚠️ 检测到跨月请假记录: 何佳兴 2025-06-23 -> 2025-07-04，将在下月处理
正在处理 何升绘 的请假记录: 2025-06-06 下午 -> 2025-06-06 下午
正在处理 何升绘 的请假记录: 2025-06-27 下午 -> 2025-06-28 上午
正在处理 余成真 的请假记录: 2025-06-10 上午 -> 2025-06-10 下午
正在处理 余成真 的请假记录: 2025-06-21 上午 -> 2025-06-21 下午
正在处理 俞寅凯 的请假记录: 2025-06-19 上午 -> 2025-06-20 下午
正在处理 刘小华 的请假记录: 2025-06-30 上午 -> 2025-06-30 下午
正在处理 叶文敬 的请假记录: 2025-06-14 上午 -> 2025-06-14 下午
正在处理 吴勇明 的请假记录: 2025-06-02 上午 -> 2025-06-02 下午
正在处理 吴勇明 的请假记录: 2025-06-16 上午 -> 2025-06-16 下午
正在处理 吴勇明 的请假记录: 2025-06-20 下午 -> 2025-06-20 下午
正在处理 周天 的请假记录: 2025-06-18 上午 -> 2025-06-18 下午
正在处理 周天 的请假记录: 2025-06-30 上午 -> 2025-06-30 下午
正在处理 姚明佳 的请假记录: 2025-06-24 上午 -> 2025-06-24 下午
正在处理 左山林 的请假记录: 2025-06-10 AM -> 2025-06-10 AM
正在处理 张世丽 的请假记录: 2025-06-26 下午 -> 2025-06-26 下午
正在处理 张健宁 的请假记录: 2025-06-06 上午 -> 2025-06-06 上午
正在处理 张成林 的请假记录: 2025-06-09 上午 -> 2025-06-09 上午
正在处理 张斌翌 的请假记录: 2025-06-14 上午 -> 2025-06-14 下午
正在处理 张斌翌 的请假记录: 2025-06-27 上午 -> 2025-06-27 上午
正在处理 张梓正 的请假记录: 2025-06-28 上午 -> 2025-06-28 下午
正在处理 徐正亮 的请假记录: 2025-06-12 上午 -> 2025-06-12 下午
正在处理 曾婷 的请假记录: 2025-06-13 上午 -> 2025-06-13 上午
正在处理 朱强 的请假记录: 2025-06-03 上午 -> 2025-06-03 上午
正在处理 朱强 的请假记录: 2025-06-16 上午 -> 2025-06-16 下午
正在处理 朱强 的请假记录: 2025-06-25 上午 -> 2025-06-25 下午
正在处理 朱强 的请假记录: 2025-06-26 上午 -> 2025-06-26 上午
正在处理 朱强 的请假记录: 2025-06-27 上午 -> 2025-06-27 下午
正在处理 朱泽利 的请假记录: 2025-06-02 上午 -> 2025-06-02 下午
正在处理 朱益君 的请假记录: 2025-06-13 上午 -> 2025-06-13 下午
正在处理 朱金凯 的请假记录: 2025-06-28 下午 -> 2025-06-28 下午
正在处理 朱隆轩 的请假记录: 2025-06-02 上午 -> 2025-06-02 下午
正在处理 李向甫 的请假记录: 2025-06-14 上午 -> 2025-06-14 下午
正在处理 李奇 的请假记录: 2025-06-28 上午 -> 2025-06-28 下午
正在处理 李庭越 的请假记录: 2025-06-07 上午 -> 2025-06-07 下午
正在处理 李庭越 的请假记录: 2025-06-14 上午 -> 2025-06-14 下午
正在处理 李庭越 的请假记录: 2025-06-23 上午 -> 2025-06-26 下午
正在处理 李庭越 的请假记录: 2025-06-27 上午 -> 2025-06-27 下午
正在处理 李运动 的请假记录: 2025-06-17 上午 -> 2025-06-17 上午
正在处理 杜锋 的请假记录: 2025-06-06 上午 -> 2025-06-06 下午
正在处理 林明山 的请假记录: 2025-06-14 下午 -> 2025-06-14 下午
正在处理 林超 的请假记录: 2025-06-06 上午 -> 2025-06-06 下午
正在处理 林超 的请假记录: 2025-06-09 上午 -> 2025-06-10 上午
正在处理 林超 的请假记录: 2025-06-23 上午 -> 2025-06-23 下午
正在处理 梁梅 的请假记录: 2025-06-30 上午 -> 2025-06-30 下午
正在处理 殷四雄 的请假记录: 2025-06-02 上午 -> 2025-06-02 下午
正在处理 殷四雄 的请假记录: 2025-06-11 上午 -> 2025-06-11 下午
正在处理 殷四雄 的请假记录: 2025-06-14 上午 -> 2025-06-14 下午
正在处理 玉玲珑（魏玉玲） 的请假记录: 2025-06-14 上午 -> 2025-06-14 下午
正在处理 玉玲珑（魏玉玲） 的请假记录: 2025-06-20 上午 -> 2025-06-20 下午
正在处理 玉玲珑（魏玉玲） 的请假记录: 2025-06-27 上午 -> 2025-06-28 下午
正在处理 王佳忠 的请假记录: 2025-06-04 上午 -> 2025-06-05 下午
正在处理 王佳忠 的请假记录: 2025-06-06 上午 -> 2025-06-06 下午
正在处理 王兴磊 的请假记录: 2025-06-25 上午 -> 2025-06-25 下午
正在处理 王兴磊 的请假记录: 2025-06-30 上午 -> 2025-06-30 下午
正在处理 王富 的请假记录: 2025-06-20 上午 -> 2025-06-21 上午
正在处理 王进 的请假记录: 2025-06-13 上午 -> 2025-06-14 下午
正在处理 王进 的请假记录: 2025-06-16 下午 -> 2025-06-16 下午
正在处理 田浩 的请假记录: 2025-06-24 上午 -> 2025-06-24 下午
正在处理 白敏娟 的请假记录: 2025-06-28 上午 -> 2025-06-30 下午
正在处理 石丁哲 的请假记录: 2025-06-12 上午 -> 2025-06-12 上午
正在处理 祝叶康 的请假记录: 2025-06-23 上午 -> 2025-06-23 下午
正在处理 程志鹏 的请假记录: 2025-06-19 下午 -> 2025-06-19 下午
正在处理 胡俊杨 的请假记录: 2025-06-24 上午 -> 2025-06-24 下午
正在处理 舒玉豪 的请假记录: 2025-06-02 上午 -> 2025-06-04 下午
正在处理 董凯宁 的请假记录: 2025-06-23 上午 -> 2025-06-23 下午
正在处理 袁俊祥 的请假记录: 2025-06-17 上午 -> 2025-06-17 上午
正在处理 邵万江 的请假记录: 2025-06-02 上午 -> 2025-06-02 下午
正在处理 郑翔 的请假记录: 2025-06-11 上午 -> 2025-06-11 下午
正在处理 郑翔 的请假记录: 2025-06-14 下午 -> 2025-06-14 下午
正在处理 郝子琛 的请假记录: 2025-06-05 上午 -> 2025-06-05 上午
正在处理 郝子琛 的请假记录: 2025-06-20 上午 -> 2025-06-20 上午
正在处理 闫亚东 的请假记录: 2025-06-02 上午 -> 2025-06-02 下午
正在处理 闫亚东 的请假记录: 2025-06-30 上午 -> 2025-07-01 下午
⚠️ 检测到跨月请假记录: 闫亚东 2025-06-30 上午 -> 2025-07-01 下午，将在下月处理
正在处理 陆尖 的请假记录: 2025-06-06 上午 -> 2025-06-06 下午
正在处理 陈妍 的请假记录: 2025-06-03 上午 -> 2025-06-03 上午
正在处理 雷继彬 的请假记录: 2025-06-24 下午 -> 2025-06-24 下午
正在处理 韦东略 的请假记录: 2025-06-20 上午 -> 2025-06-20 下午
正在处理 韩荣洋 的请假记录: 2025-06-14 下午 -> 2025-06-14 下午
正在处理 韩荣洋 的请假记录: 2025-06-16 上午 -> 2025-06-16 下午
正在处理 马鸣强 的请假记录: 2025-06-14 上午 -> 2025-06-14 下午
正在处理 高剑濠 的请假记录: 2025-06-04 下午 -> 2025-06-04 下午
正在处理 高嘉泽 的请假记录: 2025-06-16 上午 -> 2025-06-16 下午
正在处理 魏权 的请假记录: 2025-06-03 下午 -> 2025-06-03 下午
✅ 所有请假记录处理完成
