🚀 [出差数据合并处理] 脚本开始执行 - 2025-09-06 08:46:52
📋 总共需要执行 6 个主要步骤
🔄 [1/6] 处理飞书出差数据...
📁 [08:46:52] 文件操作: 开始读取飞书出差数据 '../data/original/business01.xlsx'
ℹ️  [08:46:52] 飞书数据读取完成
   └─ 原始数据: 145行 × 32列
ℹ️  [08:46:52] 飞书数据字段提取完成
   └─ 提取8个关键字段
ℹ️  [08:46:52] 开始处理飞书同行人数据合并
ℹ️  [08:46:52] 飞书数据状态筛选完成
   └─ 原始记录: 145条, 已同意: 136条
✅ [1/6] 飞书数据处理 完成 - 耗时: 0.1秒
🔄 [2/6] 处理钉钉出差数据...
📁 [08:46:52] 文件操作: 开始读取钉钉出差数据 '../data/original/business02.xlsx'
ℹ️  [08:46:52] 钉钉数据读取完成
   └─ 原始数据: 245行 × 19列
❌ [2025-09-06 08:46:52] 错误: 出差数据合并处理失败
   └─ 异常类型: KeyError
   └─ 异常详情: "None of [Index(['创建人', '开始时间', '结束时间', '时长', '出差事由', '审批结果', '同行人'], dtype='object')] are in the [columns]"
   └─ 堆栈跟踪:
      File "/home/dell/mnt/ai-work/Attendance-analysis/work/business_combine.py", line 183, in main
      File "/home/dell/mnt/ai-work/Attendance-analysis/work/business_combine.py", line 52, in process_dingding_data
      File "/home/dell/miniconda3/envs/dd/lib/python3.10/site-packages/pandas/core/frame.py", line 4108, in __getitem__
      File "/home/dell/miniconda3/envs/dd/lib/python3.10/site-packages/pandas/core/indexes/base.py", line 6200, in _get_indexer_strict
      File "/home/dell/miniconda3/envs/dd/lib/python3.10/site-packages/pandas/core/indexes/base.py", line 6249, in _raise_if_missing
🎉 [出差数据合并处理] 脚本执行完成 - 2025-09-06 08:46:52
⏱️  总执行时间: 0.1秒
📈 完成步骤: 1/6
📝 执行摘要: 脚本执行过程中发生错误
