✅ 获取到 0 条缓存的跨月出差记录
✅ 所有缓存的跨月出差记录处理完成
✅ 获取到 106 条出差记录
正在处理 何升绘 的出差记录: 2025-07-24 上午 -> 2025-07-29 下午
正在处理 何升绘 的出差记录: 2025-07-30 上午 -> 2025-07-30 下午
正在处理 刘小华 的出差记录: 2025-07-08 上午 -> 2025-07-08 下午
正在处理 刘小华 的出差记录: 2025-07-28 上午 -> 2025-07-30 下午
正在处理 吴勇明 的出差记录: 2025-07-12 上午 -> 2025-07-13 下午
  - 更新同行人 桂治国 的考勤记录
  - 更新同行人 李黎 的考勤记录
正在处理 吴勇明 的出差记录: 2025-07-17 下午 -> 2025-07-19 下午
正在处理 吴勇明 的出差记录: 2025-07-19 上午 -> 2025-07-24 下午
正在处理 周天 的出差记录: 2025-07-02 上午 -> 2025-07-05 下午
正在处理 周天 的出差记录: 2025-07-06 上午 -> 2025-07-07 下午
正在处理 周天 的出差记录: 2025-07-08 上午 -> 2025-07-09 下午
正在处理 周天 的出差记录: 2025-07-10 上午 -> 2025-07-10 下午
正在处理 周天 的出差记录: 2025-07-29 上午 -> 2025-08-01 下午
  - 更新同行人 程铤辉 的考勤记录
⚠️ 检测到跨月出差记录: 周天 2025-07-29 上午 -> 2025-08-01 下午，将在缓存阶段处理
✅ 已将 周天 的跨月出差记录缓存: 2025-08-01 上午 -> 2025-08-01 下午
✅ 已将跨月出差记录缓存: 周天 2025-07-29 上午 -> 2025-08-01 下午
正在处理 姜晓林 的出差记录: 2025-07-07 上午 -> 2025-07-08 下午
  - 更新同行人 朱显斌 的考勤记录
正在处理 姜晓林 的出差记录: 2025-07-21 上午 -> 2025-07-22 下午
  - 更新同行人 雷继彬 的考勤记录
正在处理 姜晓林 的出差记录: 2025-07-22 下午 -> 2025-07-24 上午
正在处理 姜晓林 的出差记录: 2025-07-28 上午 -> 2025-07-29 下午
正在处理 姜晓林 的出差记录: 2025-07-29 下午 -> 2025-07-29 下午
正在处理 尹娜 的出差记录: 2025-07-05 下午 -> 2025-07-08 上午
正在处理 尹娜 的出差记录: 2025-07-08 下午 -> 2025-07-09 下午
正在处理 张健宁 的出差记录: 2025-07-22 上午 -> 2025-07-25 下午
  - 更新同行人 李运动 的考勤记录
正在处理 张成林 的出差记录: 2025-07-07 下午 -> 2025-07-09 下午
  - 更新同行人 曹洪强 的考勤记录
正在处理 张成林 的出差记录: 2025-07-25 上午 -> 2025-07-25 下午
正在处理 徐长根 的出差记录: 2025-07-07 下午 -> 2025-07-08 下午
正在处理 徐长根 的出差记录: 2025-07-28 下午 -> 2025-07-30 上午
正在处理 徐长根 的出差记录: 2025-07-30 下午 -> 2025-07-31 下午
正在处理 徐长根 的出差记录: 2025-07-31 下午 -> 2025-08-02 上午
⚠️ 检测到跨月出差记录: 徐长根 2025-07-31 下午 -> 2025-08-02 上午，将在缓存阶段处理
✅ 已将 徐长根 的跨月出差记录缓存: 2025-08-01 上午 -> 2025-08-02 上午
✅ 已将跨月出差记录缓存: 徐长根 2025-07-31 下午 -> 2025-08-02 上午
正在处理 曹洪强 的出差记录: 2025-07-03 上午 -> 2025-07-04 上午
正在处理 曹洪强 的出差记录: 2025-07-04 下午 -> 2025-07-06 上午
正在处理 曹洪强 的出差记录: 2025-07-07 下午 -> 2025-07-09 上午
正在处理 曹洪强 的出差记录: 2025-07-09 下午 -> 2025-07-10 上午
正在处理 曹洪强 的出差记录: 2025-07-10 下午 -> 2025-07-12 上午
正在处理 曹洪强 的出差记录: 2025-07-14 上午 -> 2025-07-14 下午
正在处理 曹洪强 的出差记录: 2025-07-15 上午 -> 2025-07-15 上午
正在处理 曹洪强 的出差记录: 2025-07-22 上午 -> 2025-07-23 上午
正在处理 曹洪强 的出差记录: 2025-07-23 上午 -> 2025-07-23 下午
正在处理 曹洪强 的出差记录: 2025-07-25 下午 -> 2025-07-26 上午
正在处理 曹洪强 的出差记录: 2025-07-30 上午 -> 2025-07-31 下午
正在处理 朱显斌 的出差记录: 2025-07-07 上午 -> 2025-07-07 下午
正在处理 朱泽利 的出差记录: 2025-07-09 上午 -> 2025-07-09 下午
正在处理 朱泽利 的出差记录: 2025-07-15 上午 -> 2025-07-16 下午
正在处理 朱泽利 的出差记录: 2025-07-17 上午 -> 2025-07-22 下午
正在处理 朱泽利 的出差记录: 2025-07-23 上午 -> 2025-07-26 下午
正在处理 朱泽利 的出差记录: 2025-07-27 上午 -> 2025-07-27 下午
正在处理 朱泽利 的出差记录: 2025-07-28 上午 -> 2025-07-28 下午
正在处理 朱隆轩 的出差记录: 2025-07-19 上午 -> 2025-07-19 下午
正在处理 朱隆轩 的出差记录: 2025-07-30 上午 -> 2025-08-05 下午
⚠️ 检测到跨月出差记录: 朱隆轩 2025-07-30 上午 -> 2025-08-05 下午，将在缓存阶段处理
✅ 已将 朱隆轩 的跨月出差记录缓存: 2025-08-01 上午 -> 2025-08-05 下午
✅ 已将跨月出差记录缓存: 朱隆轩 2025-07-30 上午 -> 2025-08-05 下午
正在处理 李可意 的出差记录: 2025-07-06 上午 -> 2025-07-06 下午
正在处理 李可意 的出差记录: 2025-07-07 上午 -> 2025-07-09 下午
正在处理 李可意 的出差记录: 2025-07-10 上午 -> 2025-07-11 下午
正在处理 李可意 的出差记录: 2025-07-12 上午 -> 2025-07-12 下午
正在处理 李可意 的出差记录: 2025-07-14 上午 -> 2025-07-15 下午
正在处理 李可意 的出差记录: 2025-07-16 上午 -> 2025-07-17 下午
正在处理 李可意 的出差记录: 2025-07-18 上午 -> 2025-07-19 下午
正在处理 李可意 的出差记录: 2025-07-21 上午 -> 2025-07-23 下午
正在处理 李可意 的出差记录: 2025-07-24 上午 -> 2025-07-25 下午
正在处理 李可意 的出差记录: 2025-07-26 上午 -> 2025-07-26 下午
正在处理 李可意 的出差记录: 2025-07-28 上午 -> 2025-07-28 下午
正在处理 李可意 的出差记录: 2025-07-29 上午 -> 2025-07-29 下午
正在处理 李可意 的出差记录: 2025-07-30 上午 -> 2025-08-01 下午
⚠️ 检测到跨月出差记录: 李可意 2025-07-30 上午 -> 2025-08-01 下午，将在缓存阶段处理
✅ 已将 李可意 的跨月出差记录缓存: 2025-08-01 上午 -> 2025-08-01 下午
✅ 已将跨月出差记录缓存: 李可意 2025-07-30 上午 -> 2025-08-01 下午
正在处理 李祝林 的出差记录: 2025-07-08 上午 -> 2025-07-09 下午
正在处理 李祝林 的出差记录: 2025-07-08 上午 -> 2025-07-09 下午
正在处理 李祝林 的出差记录: 2025-07-09 下午 -> 2025-07-10 下午
正在处理 李祝林 的出差记录: 2025-07-09 下午 -> 2025-07-10 下午
正在处理 李祝林 的出差记录: 2025-07-10 下午 -> 2025-07-11 下午
正在处理 李祝林 的出差记录: 2025-07-17 上午 -> 2025-07-17 下午
正在处理 李祝林 的出差记录: 2025-07-25 上午 -> 2025-07-26 下午
正在处理 李祝林 的出差记录: 2025-07-28 上午 -> 2025-07-29 下午
正在处理 李黎 的出差记录: 2025-07-12 上午 -> 2025-07-13 下午
正在处理 桂治国 的出差记录: 2025-07-01 上午 -> 2025-07-02 下午
正在处理 桂治国 的出差记录: 2025-07-01 上午 -> 2025-07-02 下午
正在处理 桂治国 的出差记录: 2025-07-02 上午 -> 2025-07-03 下午
正在处理 桂治国 的出差记录: 2025-07-04 下午 -> 2025-07-07 下午
正在处理 桂治国 的出差记录: 2025-07-12 上午 -> 2025-07-12 下午
  - 更新同行人 李黎 的考勤记录
  - 更新同行人 吴勇明 的考勤记录
正在处理 段少波 的出差记录: 2025-07-01 上午 -> 2025-07-31 下午
正在处理 沈莉萍 的出差记录: 2025-07-24 下午 -> 2025-07-26 下午
  - 更新同行人 董磊 的考勤记录
正在处理 王亮 的出差记录: 2025-07-05 上午 -> 2025-07-08 上午
正在处理 王亮 的出差记录: 2025-07-12 上午 -> 2025-07-13 上午
正在处理 王亮 的出差记录: 2025-07-13 上午 -> 2025-07-13 下午
正在处理 王亮 的出差记录: 2025-07-19 上午 -> 2025-07-22 下午
正在处理 甘金利 的出差记录: 2025-07-12 上午 -> 2025-07-13 下午
正在处理 甘金利 的出差记录: 2025-07-21 下午 -> 2025-07-25 下午
正在处理 甘金利 的出差记录: 2025-07-24 上午 -> 2025-07-27 下午
正在处理 甘金利 的出差记录: 2025-07-26 上午 -> 2025-08-02 下午
⚠️ 检测到跨月出差记录: 甘金利 2025-07-26 上午 -> 2025-08-02 下午，将在缓存阶段处理
✅ 已将 甘金利 的跨月出差记录缓存: 2025-08-01 上午 -> 2025-08-02 下午
✅ 已将跨月出差记录缓存: 甘金利 2025-07-26 上午 -> 2025-08-02 下午
正在处理 祝叶康 的出差记录: 2025-07-01 上午 -> 2025-07-31 下午
正在处理 程志鹏 的出差记录: 2025-07-01 下午 -> 2025-07-01 下午
  - 更新同行人 李锋 的考勤记录
正在处理 程志鹏 的出差记录: 2025-07-02 上午 -> 2025-07-02 下午
  - 更新同行人 李锋 的考勤记录
  - 更新同行人 张成林 的考勤记录
正在处理 程志鹏 的出差记录: 2025-07-03 上午 -> 2025-07-03 下午
  - 更新同行人 李锋 的考勤记录
  - 更新同行人 张成林 的考勤记录
正在处理 程铤辉 的出差记录: 2025-07-24 上午 -> 2025-07-24 下午
  - 更新同行人 张成林 的考勤记录
  - 更新同行人 黄风丽 的考勤记录
  - 更新同行人 陈虞涛 的考勤记录
正在处理 程铤辉 的出差记录: 2025-07-25 上午 -> 2025-07-27 下午
正在处理 程铤辉 的出差记录: 2025-07-28 上午 -> 2025-08-01 下午
⚠️ 检测到跨月出差记录: 程铤辉 2025-07-28 上午 -> 2025-08-01 下午，将在缓存阶段处理
✅ 已将 程铤辉 的跨月出差记录缓存: 2025-08-01 上午 -> 2025-08-01 下午
✅ 已将跨月出差记录缓存: 程铤辉 2025-07-28 上午 -> 2025-08-01 下午
正在处理 罗锋CDTL 的出差记录: 2025-07-11 下午 -> 2025-07-14 下午
正在处理 胡俊杨 的出差记录: 2025-07-01 上午 -> 2025-07-31 下午
正在处理 舒玉豪 的出差记录: 2025-07-01 上午 -> 2025-07-14 下午
正在处理 董凯宁 的出差记录: 2025-07-01 上午 -> 2025-07-04 下午
正在处理 董天驰 的出差记录: 2025-07-14 上午 -> 2025-07-18 下午
正在处理 董天驰 的出差记录: 2025-07-14 上午 -> 2025-07-18 下午
正在处理 董天驰 的出差记录: 2025-07-28 上午 -> 2025-07-31 下午
正在处理 贾海泉 的出差记录: 2025-07-05 下午 -> 2025-07-07 下午
  - 更新同行人 尹娜 的考勤记录
正在处理 邵万江 的出差记录: 2025-07-07 上午 -> 2025-07-09 下午
正在处理 陈年富 的出差记录: 2025-07-08 上午 -> 2025-07-12 下午
正在处理 陈年富 的出差记录: 2025-07-14 上午 -> 2025-07-16 下午
正在处理 陈年富 的出差记录: 2025-07-25 上午 -> 2025-07-26 下午
  - 更新同行人 李黎 的考勤记录
  - 更新同行人 刘小华 的考勤记录
正在处理 雷继彬 的出差记录: 2025-07-08 上午 -> 2025-07-09 下午
  - 更新同行人 黄风丽 的考勤记录
  - 更新同行人 陈年富 的考勤记录
正在处理 雷继彬 的出差记录: 2025-07-21 上午 -> 2025-07-21 下午
  - 更新同行人 姜晓林 的考勤记录
正在处理 马鸣强 的出差记录: 2025-07-02 上午 -> 2025-07-17 下午
正在处理 黄风丽 的出差记录: 2025-07-21 上午 -> 2025-07-21 上午
  - 更新同行人 陈虞涛 的考勤记录
✅ 所有出差记录处理完成
