✅ 获取到 0 条缓存的跨月出差记录
✅ 所有缓存的跨月出差记录处理完成
✅ 获取到 102 条出差记录
正在处理 丁国涛 的出差记录: 2025-08-13 下午 -> 2025-08-14 上午
正在处理 何佳兴 的出差记录: 2025-08-11 上午 -> 2025-08-14 下午
  - 更新同行人 周天 的考勤记录
正在处理 何佳兴 的出差记录: 2025-08-15 上午 -> 2025-08-26 下午
  - 更新同行人 周天 的考勤记录
正在处理 刘勇 的出差记录: 2025-08-20 上午 -> 2025-08-21 下午
正在处理 刘勇 的出差记录: 2025-08-28 上午 -> 2025-08-30 下午
正在处理 吴勇明 的出差记录: 2025-08-04 上午 -> 2025-08-21 下午
正在处理 吴勇明 的出差记录: 2025-08-22 上午 -> 2025-08-28 下午
正在处理 周天 的出差记录: 2025-08-06 上午 -> 2025-08-08 下午
正在处理 周天 的出差记录: 2025-08-11 上午 -> 2025-08-16 下午
正在处理 周天 的出差记录: 2025-08-17 上午 -> 2025-08-21 下午
  - 更新同行人 何佳兴 的考勤记录
正在处理 周天 的出差记录: 2025-08-22 上午 -> 2025-08-25 下午
  - 更新同行人 何佳兴 的考勤记录
正在处理 周天 的出差记录: 2025-08-26 上午 -> 2025-08-26 下午
  - 更新同行人 何佳兴 的考勤记录
正在处理 姜晓林 的出差记录: 2025-08-05 下午 -> 2025-08-06 上午
正在处理 姜晓林 的出差记录: 2025-08-21 下午 -> 2025-08-23 上午
正在处理 姜晓林 的出差记录: 2025-08-26 上午 -> 2025-08-27 下午
  - 更新同行人 雷继彬 的考勤记录
正在处理 姜晓林 的出差记录: 2025-08-27 下午 -> 2025-08-29 上午
正在处理 尹娜 的出差记录: 2025-08-13 下午 -> 2025-08-15 下午
正在处理 张健宁 的出差记录: 2025-08-25 上午 -> 2025-08-29 下午
正在处理 张斌翌 的出差记录: 2025-08-06 上午 -> 2025-08-12 下午
  - 更新同行人 周承成 的考勤记录
正在处理 徐宝通 的出差记录: 2025-08-08 上午 -> 2025-08-17 下午
正在处理 徐宝通 的出差记录: 2025-08-18 上午 -> 2025-08-28 下午
正在处理 徐长根 的出差记录: 2025-08-04 上午 -> 2025-08-05 下午
正在处理 徐长根 的出差记录: 2025-08-06 上午 -> 2025-08-07 下午
正在处理 徐长根 的出差记录: 2025-08-12 下午 -> 2025-08-13 上午
正在处理 徐长根 的出差记录: 2025-08-26 上午 -> 2025-08-27 下午
正在处理 曹洪强 的出差记录: 2025-08-05 上午 -> 2025-08-05 下午
正在处理 曹洪强 的出差记录: 2025-08-05 下午 -> 2025-08-06 上午
正在处理 曹洪强 的出差记录: 2025-08-06 下午 -> 2025-08-06 下午
正在处理 曹洪强 的出差记录: 2025-08-09 上午 -> 2025-08-10 上午
正在处理 曹洪强 的出差记录: 2025-08-12 下午 -> 2025-08-13 上午
正在处理 曹洪强 的出差记录: 2025-08-13 下午 -> 2025-08-14 上午
正在处理 曹洪强 的出差记录: 2025-08-16 上午 -> 2025-08-17 上午
  - 更新同行人 雷继彬 的考勤记录
  - 更新同行人 姜晓林 的考勤记录
正在处理 曹洪强 的出差记录: 2025-08-21 上午 -> 2025-08-22 下午
正在处理 曹洪强 的出差记录: 2025-08-25 上午 -> 2025-08-26 上午
正在处理 曹洪强 的出差记录: 2025-08-27 上午 -> 2025-08-28 上午
  - 更新同行人 罗训强 的考勤记录
正在处理 曹洪强 的出差记录: 2025-08-30 上午 -> 2025-08-31 上午
  - 更新同行人 罗训强 的考勤记录
正在处理 朱显斌 的出差记录: 2025-08-06 上午 -> 2025-08-08 下午
正在处理 朱隆轩 的出差记录: 2025-08-05 上午 -> 2025-08-07 下午
正在处理 朱隆轩 的出差记录: 2025-08-07 上午 -> 2025-08-08 下午
正在处理 朱隆轩 的出差记录: 2025-08-12 下午 -> 2025-08-15 下午
正在处理 朱隆轩 的出差记录: 2025-08-20 上午 -> 2025-08-25 下午
正在处理 李可意 的出差记录: 2025-08-01 上午 -> 2025-08-02 下午
正在处理 李可意 的出差记录: 2025-08-04 上午 -> 2025-08-04 下午
正在处理 李可意 的出差记录: 2025-08-05 上午 -> 2025-08-09 下午
正在处理 李可意 的出差记录: 2025-08-11 上午 -> 2025-08-14 下午
正在处理 李可意 的出差记录: 2025-08-15 上午 -> 2025-08-16 下午
正在处理 李可意 的出差记录: 2025-08-18 上午 -> 2025-08-21 下午
正在处理 李可意 的出差记录: 2025-08-22 上午 -> 2025-08-22 下午
正在处理 李可意 的出差记录: 2025-08-25 上午 -> 2025-08-30 下午
正在处理 李奇 的出差记录: 2025-08-04 上午 -> 2025-08-09 下午
  - 更新同行人 张喆 的考勤记录
正在处理 李祝林 的出差记录: 2025-08-12 上午 -> 2025-08-13 下午
正在处理 李祝林 的出差记录: 2025-08-12 上午 -> 2025-08-14 下午
正在处理 李祝林 的出差记录: 2025-08-22 上午 -> 2025-08-23 下午
正在处理 李祝林 的出差记录: 2025-08-22 上午 -> 2025-08-23 下午
正在处理 李祝林 的出差记录: 2025-08-22 上午 -> 2025-08-23 下午
正在处理 李祝林 的出差记录: 2025-08-24 上午 -> 2025-08-25 下午
正在处理 李祝林 的出差记录: 2025-08-24 上午 -> 2025-08-26 下午
正在处理 李锋 的出差记录: 2025-08-11 上午 -> 2025-08-22 下午
正在处理 李黎 的出差记录: 2025-08-07 上午 -> 2025-08-14 下午
正在处理 李黎 的出差记录: 2025-08-29 上午 -> 2025-09-08 下午
⚠️ 检测到跨月出差记录: 李黎 2025-08-29 上午 -> 2025-09-08 下午，将在缓存阶段处理
⚠️ 跨月出差记录已存在，跳过缓存: 李黎 2025-09-01 上午 -> 2025-09-08 下午
✅ 已将跨月出差记录缓存: 李黎 2025-08-29 上午 -> 2025-09-08 下午
正在处理 桂治国 的出差记录: 2025-08-27 上午 -> 2025-08-28 下午
  - 更新同行人 程铤辉 的考勤记录
正在处理 段少波 的出差记录: 2025-08-01 上午 -> 2025-08-31 下午
正在处理 王进 的出差记录: 2025-08-03 上午 -> 2025-08-07 下午
正在处理 甘金利 的出差记录: 2025-08-01 上午 -> 2025-08-03 下午
正在处理 甘金利 的出差记录: 2025-08-04 上午 -> 2025-08-07 下午
正在处理 甘金利 的出差记录: 2025-08-08 上午 -> 2025-08-12 下午
正在处理 甘金利 的出差记录: 2025-08-11 上午 -> 2025-08-22 上午
正在处理 甘金利 的出差记录: 2025-08-22 上午 -> 2025-08-31 下午
正在处理 甘金利 的出差记录: 2025-08-29 下午 -> 2025-08-30 下午
正在处理 石丁哲 的出差记录: 2025-08-12 上午 -> 2025-08-15 下午
正在处理 石丁哲 的出差记录: 2025-08-19 下午 -> 2025-08-21 上午
正在处理 石启军 的出差记录: 2025-08-19 上午 -> 2025-08-21 下午
正在处理 祝叶康 的出差记录: 2025-08-01 上午 -> 2025-08-31 下午
正在处理 秦国超 的出差记录: 2025-08-04 下午 -> 2025-08-08 下午
正在处理 秦国超 的出差记录: 2025-08-08 上午 -> 2025-08-08 下午
正在处理 程志鹏 的出差记录: 2025-08-11 上午 -> 2025-08-15 下午
正在处理 程铤辉 的出差记录: 2025-08-05 上午 -> 2025-08-31 下午
正在处理 程铤辉 的出差记录: 2025-08-12 下午 -> 2025-08-15 下午
  - 更新同行人 李黎 的考勤记录
正在处理 程铤辉 的出差记录: 2025-08-16 下午 -> 2025-08-17 下午
  - 更新同行人 张成林 的考勤记录
正在处理 程铤辉 的出差记录: 2025-08-18 下午 -> 2025-08-20 下午
正在处理 程铤辉 的出差记录: 2025-08-19 下午 -> 2025-08-20 上午
正在处理 程铤辉 的出差记录: 2025-08-21 上午 -> 2025-08-21 下午
正在处理 程铤辉 的出差记录: 2025-08-27 上午 -> 2025-08-31 下午
  - 更新同行人 桂治国 的考勤记录
正在处理 胡俊杨 的出差记录: 2025-08-01 上午 -> 2025-08-07 下午
正在处理 舒玉豪 的出差记录: 2025-08-18 下午 -> 2025-08-19 上午
正在处理 董天驰 的出差记录: 2025-08-07 上午 -> 2025-08-07 下午
正在处理 董天驰 的出差记录: 2025-08-11 上午 -> 2025-08-15 下午
正在处理 董天驰 的出差记录: 2025-08-18 上午 -> 2025-08-22 下午
正在处理 董天驰 的出差记录: 2025-08-20 下午 -> 2025-08-21 下午
正在处理 薛宁 的出差记录: 2025-08-26 上午 -> 2025-08-26 下午
正在处理 邵万江 的出差记录: 2025-08-06 上午 -> 2025-08-09 下午
正在处理 邵万江 的出差记录: 2025-08-21 上午 -> 2025-08-27 下午
  - 更新同行人 舒玉豪 的考勤记录
正在处理 陈年富 的出差记录: 2025-08-12 上午 -> 2025-08-16 下午
  - 更新同行人 李奇 的考勤记录
正在处理 陈年富 的出差记录: 2025-08-23 上午 -> 2025-08-23 下午
  - 更新同行人 李黎 的考勤记录
正在处理 陈年富 的出差记录: 2025-08-27 上午 -> 2025-08-29 下午
  - 更新同行人 李黎 的考勤记录
正在处理 陈思豪 的出差记录: 2025-08-03 上午 -> 2025-09-30 下午
⚠️ 检测到跨月出差记录: 陈思豪 2025-08-03 上午 -> 2025-09-30 下午，将在缓存阶段处理
⚠️ 跨月出差记录已存在，跳过缓存: 陈思豪 2025-09-01 上午 -> 2025-09-30 下午
✅ 已将跨月出差记录缓存: 陈思豪 2025-08-03 上午 -> 2025-09-30 下午
正在处理 陈虞涛 的出差记录: 2025-08-04 下午 -> 2025-08-29 上午
正在处理 雷继彬 的出差记录: 2025-08-05 上午 -> 2025-08-05 下午
正在处理 雷继彬 的出差记录: 2025-08-06 上午 -> 2025-08-07 上午
正在处理 韦东略 的出差记录: 2025-08-06 上午 -> 2025-08-09 下午
正在处理 韩荣洋 的出差记录: 2025-08-10 上午 -> 2025-08-15 下午
正在处理 韩荣洋 的出差记录: 2025-08-16 上午 -> 2025-08-26 下午
✅ 所有出差记录处理完成
