已清空结果表并更新表结构
读取 58 条加班记录
设置最大并发数: 10

=== 开始分析加班记录 ===

🤖 大模型开始处理加班数据...

📤 原始记录 [1/58]: 叶旭 2025-08-01 18:00 2025-08-01 21:00 3.0 发货 飞书
📥 模型返回 [1/58]:
 叶旭,2025-08-01,18:00-21:00,3.0
✅ 解析结果 [1/58]: 叶旭, 2025-08-01, 18:00-21:00, 3.0小时
⏱️ 处理完成 [1/58]: 10.38秒
------------------------------------------------------------------



📤 原始记录 [2/58]: 叶旭 2025-08-02 18:00 2025-08-02 19:00 1.0 发货 飞书
📥 模型返回 [2/58]:
 叶旭,2025-08-02,18:00-19:00,1.0
✅ 解析结果 [2/58]: 叶旭, 2025-08-02, 18:00-19:00, 1.0小时
⏱️ 处理完成 [2/58]: 33.33秒
------------------------------------------------------------------



📤 原始记录 [3/58]: 叶旭 2025-08-05 18:00 2025-08-05 20:00 2.0 搬仓库 飞书
📥 模型返回 [3/58]:
 叶旭,2025-08-05,18:00-20:00,2.0
✅ 解析结果 [3/58]: 叶旭, 2025-08-05, 18:00-20:00, 2.0小时
⏱️ 处理完成 [3/58]: 26.02秒
------------------------------------------------------------------



📤 原始记录 [4/58]: 叶旭 2025-08-06 18:00 2025-08-06 21:00 3.0 发货 飞书
📥 模型返回 [4/58]:
 叶旭,2025-08-06,18:00-21:00,3.0
✅ 解析结果 [4/58]: 叶旭, 2025-08-06, 18:00-21:00, 3.0小时
⏱️ 处理完成 [4/58]: 23.88秒
------------------------------------------------------------------



📤 原始记录 [5/58]: 叶旭 2025-08-08 18:00 2025-08-08 20:00 2.0 发货 飞书
📥 模型返回 [5/58]:
 叶旭,2025-08-08,18:00-20:00,2.0
✅ 解析结果 [5/58]: 叶旭, 2025-08-08, 18:00-20:00, 2.0小时
⏱️ 处理完成 [5/58]: 13.60秒
------------------------------------------------------------------



📤 原始记录 [6/58]: 叶旭 2025-08-12 18:00 2025-08-12 20:00 2.0 发货 飞书
📥 模型返回 [6/58]:
 叶旭,2025-08-12,18:00-20:00,2.0
✅ 解析结果 [6/58]: 叶旭, 2025-08-12, 18:00-20:00, 2.0小时
⏱️ 处理完成 [6/58]: 30.30秒
------------------------------------------------------------------



📤 原始记录 [7/58]: 叶旭 2025-08-14 18:00 2025-08-14 20:00 2.0 发货 飞书
📥 模型返回 [7/58]:
 叶旭,2025-08-14,18:00-20:00,2.0
✅ 解析结果 [7/58]: 叶旭, 2025-08-14, 18:00-20:00, 2.0小时
⏱️ 处理完成 [7/58]: 28.58秒
------------------------------------------------------------------



📤 原始记录 [8/58]: 叶旭 2025-08-18 18:00 2025-08-18 19:00 1.0 发货 飞书
📥 模型返回 [8/58]:
 叶旭,2025-08-18,18:00-19:00,1.0
✅ 解析结果 [8/58]: 叶旭, 2025-08-18, 18:00-19:00, 1.0小时
⏱️ 处理完成 [8/58]: 6.83秒
------------------------------------------------------------------



📤 原始记录 [9/58]: 夏天龙 2025-08-25 18:00 2025-08-25 21:26 3.43 试验室EA3800N可靠性试验等耐久试验值班 钉钉
📥 模型返回 [9/58]:
 夏天龙,2025-08-25,18:00-21:26,3.43
✅ 解析结果 [9/58]: 夏天龙, 2025-08-25, 18:00-21:26, 3.43小时
⏱️ 处理完成 [9/58]: 18.50秒
------------------------------------------------------------------



📤 原始记录 [10/58]: 朱泽利 2025-08-30 09:00 2025-08-30 17:00 8.0 修改MBT牵引车头VCU匹配动力挂车的主挂协同程序 飞书
📥 模型返回 [10/58]:
 朱泽利,2025-08-30,09:00-17:00,8.0
✅ 解析结果 [10/58]: 朱泽利, 2025-08-30, 09:00-17:00, 8.0小时
⏱️ 处理完成 [10/58]: 21.33秒
------------------------------------------------------------------



📤 原始记录 [11/58]: 李淑娜 2025-08-11 18:00 2025-08-11 20:00 2.0 组织周会并撰写发布会议纪要 飞书
📥 模型返回 [11/58]:
 李淑娜,2025-08-11,18:00-20:00,2.0
✅ 解析结果 [11/58]: 李淑娜, 2025-08-11, 18:00-20:00, 2.0小时
⏱️ 处理完成 [11/58]: 29.77秒
------------------------------------------------------------------



📤 原始记录 [12/58]: 李淑娜 2025-08-12 18:30 2025-08-12 20:00 1.5 柱塞泵版本取力器支架出图 飞书
📥 模型返回 [12/58]:
 李淑娜,2025-08-12,18:30-20:00,1.5
✅ 解析结果 [12/58]: 李淑娜, 2025-08-12, 18:30-20:00, 1.5小时
⏱️ 处理完成 [12/58]: 28.90秒
------------------------------------------------------------------



📤 原始记录 [13/58]: 李淑娜 2025-08-20 18:00 2025-08-20 19:15 1.3 核实4000新增图纸下发情况，更新订单评审表格 飞书
📥 模型返回 [13/58]:
 李淑娜,2025-08-20,18:00-19:15,1.3
✅ 解析结果 [13/58]: 李淑娜, 2025-08-20, 18:00-19:15, 1.3小时
⏱️ 处理完成 [13/58]: 29.00秒
------------------------------------------------------------------



📤 原始记录 [14/58]: 李淑娜 2025-08-25 18:01 2025-08-25 20:30 2.5 开会以及编写会议纪要 飞书
📥 模型返回 [14/58]:
 李淑娜,2025-08-25,18:01-20:30,2.5
✅ 解析结果 [14/58]: 李淑娜, 2025-08-25, 18:01-20:30, 2.5小时
⏱️ 处理完成 [14/58]: 27.73秒
------------------------------------------------------------------



📤 原始记录 [15/58]: 李运动 2025-08-01 18:00 2025-08-01 20:00 2.0 仓库搬迁，物料整理 飞书
📥 模型返回 [15/58]:
 李运动,2025-08-01,18:00-20:00,2.0
✅ 解析结果 [15/58]: 李运动, 2025-08-01, 18:00-20:00, 2.0小时
⏱️ 处理完成 [15/58]: 26.93秒
------------------------------------------------------------------



📤 原始记录 [16/58]: 李运动 2025-08-02 08:30 2025-08-02 18:00 9.5 仓库搬迁，物料整理 飞书
📥 模型返回 [16/58]:
 李运动,2025-08-02,08:30-18:00,9.5
✅ 解析结果 [16/58]: 李运动, 2025-08-02, 08:30-18:00, 9.5小时
⏱️ 处理完成 [16/58]: 27.81秒
------------------------------------------------------------------



📤 原始记录 [17/58]: 李运动 2025-08-04 18:00 2025-08-04 20:00 2.0 仓库搬迁，账务处理 飞书
📥 模型返回 [17/58]:
 李运动,2025-08-04,18:00-20:00,2.0
✅ 解析结果 [17/58]: 李运动, 2025-08-04, 18:00-20:00, 2.0小时
⏱️ 处理完成 [17/58]: 28.53秒
------------------------------------------------------------------



📤 原始记录 [18/58]: 李运动 2025-08-05 18:00 2025-08-05 20:00 2.0 仓库搬迁，物料整理 飞书
📥 模型返回 [18/58]:
 李运动,2025-08-05,18:00-20:00,2.0
✅ 解析结果 [18/58]: 李运动, 2025-08-05, 18:00-20:00, 2.0小时
⏱️ 处理完成 [18/58]: 28.74秒
------------------------------------------------------------------



📤 原始记录 [19/58]: 李运动 2025-08-08 18:00 2025-08-08 19:00 1.0 仓库账务处理 飞书
📥 模型返回 [19/58]:
 李运动,2025-08-08,18:00-19:00,1.0
✅ 解析结果 [19/58]: 李运动, 2025-08-08, 18:00-19:00, 1.0小时
⏱️ 处理完成 [19/58]: 30.62秒
------------------------------------------------------------------



📤 原始记录 [20/58]: 李运动 2025-08-19 18:00 2025-08-19 19:00 1.0 账务处理 飞书
📥 模型返回 [20/58]:
 李运动,2025-08-19,18:00-19:00,1.0
✅ 解析结果 [20/58]: 李运动, 2025-08-19, 18:00-19:00, 1.0小时
⏱️ 处理完成 [20/58]: 30.43秒
------------------------------------------------------------------



📤 原始记录 [21/58]: 桂治国 2025-08-02 09:00 2025-08-02 18:20 9.3 桥壳图纸设计 飞书
📥 模型返回 [21/58]:
 桂治国,2025-08-02,09:00-18:20,9.3
✅ 解析结果 [21/58]: 桂治国, 2025-08-02, 09:00-18:20, 9.3小时
⏱️ 处理完成 [21/58]: 31.76秒
------------------------------------------------------------------



📤 原始记录 [22/58]: 梁梅 2025-08-09 18:00 2025-08-09 19:00 1.0 物流发运整理及周度汇报资料准备 飞书
📥 模型返回 [22/58]:
 梁梅,2025-08-09,18:00-19:00,1.0
✅ 解析结果 [22/58]: 梁梅, 2025-08-09, 18:00-19:00, 1.0小时
⏱️ 处理完成 [22/58]: 32.87秒
------------------------------------------------------------------



📤 原始记录 [23/58]: 梁梅 2025-08-16 08:30 2025-08-16 18:00 9.5  有生产任务，保障生产加班 飞书
📥 模型返回 [23/58]:
 梁梅,2025-08-16,08:30-18:00,9.5
✅ 解析结果 [23/58]: 梁梅, 2025-08-16, 08:30-18:00, 9.5小时
⏱️ 处理完成 [23/58]: 32.60秒
------------------------------------------------------------------



📤 原始记录 [24/58]: 梁梅 2025-08-29 18:00 2025-08-29 19:00 1.0 杭州仓储与随州仓储账务处理 飞书
📥 模型返回 [24/58]:
 梁梅,2025-08-29,18:00-19:00,1.0
✅ 解析结果 [24/58]: 梁梅, 2025-08-29, 18:00-19:00, 1.0小时
⏱️ 处理完成 [24/58]: 32.10秒
------------------------------------------------------------------



📤 原始记录 [25/58]: 段少波 2025-08-22 18:00 2025-08-22 20:30 2.5 1.EA3800返修，段少波加班18:00-20:30， 钉钉
📥 模型返回 [25/58]:
 段少波,2025-08-22,18:00-20:30,2.5
✅ 解析结果 [25/58]: 段少波, 2025-08-22, 18:00-20:30, 2.5小时
⏱️ 处理完成 [25/58]: 33.12秒
------------------------------------------------------------------



📤 原始记录 [26/58]: 段少波 2025-08-23 18:00 2025-08-23 20:00 2.0 1.EA3800返修，段少波加班18:00-20:30， 钉钉
📥 模型返回 [26/58]:
 段少波,2025-08-23,18:00-20:00,2.0
✅ 解析结果 [26/58]: 段少波, 2025-08-23, 18:00-20:00, 2.0小时
⏱️ 处理完成 [26/58]: 44.46秒
------------------------------------------------------------------



📤 原始记录 [27/58]: 段少波 2025-08-24 13:30 2025-08-24 18:00 4.5 1.EA1900发货，段少波加班18:00-20:30， 钉钉
📥 模型返回 [27/58]:
 段少波,2025-08-24,18:00-20:30,2.5
✅ 解析结果 [27/58]: 段少波, 2025-08-24, 18:00-20:30, 2.5小时
⏱️ 处理完成 [27/58]: 52.73秒
------------------------------------------------------------------



📤 原始记录 [28/58]: 段少波 2025-08-25 18:30 2025-08-25 20:30 2.0 1.EA1900装配，段少波加班18:30-20:30， 钉钉
📥 模型返回 [28/58]:
 段少波,2025-08-25,18:30-20:30,2.0
✅ 解析结果 [28/58]: 段少波, 2025-08-25, 18:30-20:30, 2.0小时
⏱️ 处理完成 [28/58]: 53.21秒
------------------------------------------------------------------



📤 原始记录 [29/58]: 段少波 2025-08-26 18:30 2025-08-26 20:30 2.0 1.EA1900装配，段少波加班18:30-20:30， 钉钉
📥 模型返回 [29/58]:
 段少波,2025-08-26,18:30-20:30,2.0
✅ 解析结果 [29/58]: 段少波, 2025-08-26, 18:30-20:30, 2.0小时
⏱️ 处理完成 [29/58]: 53.12秒
------------------------------------------------------------------



📤 原始记录 [30/58]: 段少波 2025-08-27 18:30 2025-08-27 20:30 2.0 1.EA5000装配，段少波加班18:30-20:30， 钉钉
📥 模型返回 [30/58]:
 段少波,2025-08-27,18:30-20:30,2.0
✅ 解析结果 [30/58]: 段少波, 2025-08-27, 18:30-20:30, 2.0小时
⏱️ 处理完成 [30/58]: 55.64秒
------------------------------------------------------------------



📤 原始记录 [31/58]: 段少波 2025-08-28 18:00 2025-08-28 20:30 2.5 1.EA5000装配，段少波加班18:00-20:30， 钉钉
📥 模型返回 [31/58]:
 段少波,2025-08-28,18:00-20:30,2.5
✅ 解析结果 [31/58]: 段少波, 2025-08-28, 18:00-20:30, 2.5小时
⏱️ 处理完成 [31/58]: 54.17秒
------------------------------------------------------------------



📤 原始记录 [32/58]: 段少波 2025-08-29 18:00 2025-08-29 19:00 1.0 1.EA5000装配，段少波加班18:00-19:00， 钉钉
📥 模型返回 [32/58]:
 段少波,2025-08-29,18:00-19:00,1.0
✅ 解析结果 [32/58]: 段少波, 2025-08-29, 18:00-19:00, 1.0小时
⏱️ 处理完成 [32/58]: 53.08秒
------------------------------------------------------------------



📤 原始记录 [33/58]: 段少波 2025-08-30 08:30 2025-08-30 18:30 10.0 1.EA5000装配，段少波加班08:30-18:30， 钉钉
📥 模型返回 [33/58]:
 段少波,2025-08-30,08:30-18:30,10.0
✅ 解析结果 [33/58]: 段少波, 2025-08-30, 08:30-18:30, 10.0小时
⏱️ 处理完成 [33/58]: 55.01秒
------------------------------------------------------------------



📤 原始记录 [34/58]: 玉玲珑（魏玉玲） 2025-08-25 18:00 2025-08-25 19:00 1.0 产线加班  钉钉
📥 模型返回 [34/58]:
 玉玲珑（魏玉玲）,2025-08-25,18:00-19:00,1.0
✅ 解析结果 [34/58]: 玉玲珑（魏玉玲）, 2025-08-25, 18:00-19:00, 1.0小时
⏱️ 处理完成 [34/58]: 58.84秒
------------------------------------------------------------------



📤 原始记录 [35/58]: 玉玲珑（魏玉玲） 2025-08-27 18:00 2025-08-27 20:30 2.5 产线加班，跟线 钉钉
📥 模型返回 [35/58]:
 玉玲珑,2025-08-27,18:00-20:30,2.5
✅ 解析结果 [35/58]: 玉玲珑, 2025-08-27, 18:00-20:30, 2.5小时
⏱️ 处理完成 [35/58]: 61.39秒
------------------------------------------------------------------



📤 原始记录 [36/58]: 玉玲珑（魏玉玲） 2025-08-28 18:00 2025-08-28 20:30 2.5 产线加班 跟线 钉钉
📥 模型返回 [36/58]:
 玉玲珑（魏玉玲）,2025-08-28,18:00-20:30,2.5
✅ 解析结果 [36/58]: 玉玲珑（魏玉玲）, 2025-08-28, 18:00-20:30, 2.5小时
⏱️ 处理完成 [36/58]: 52.43秒
------------------------------------------------------------------



📤 原始记录 [37/58]: 王佳忠 2025-08-27 18:00 2025-08-27 20:30 2.5 EA3800N可靠性强化弯曲试验 钉钉
📥 模型返回 [37/58]:
 王佳忠,2025-08-27,18:00-20:30,2.5
✅ 解析结果 [37/58]: 王佳忠, 2025-08-27, 18:00-20:30, 2.5小时
⏱️ 处理完成 [37/58]: 44.06秒
------------------------------------------------------------------



📤 原始记录 [38/58]: 钟洪伟 2025-08-25 18:00 2025-08-25 19:00 1.0 加班人员：钟洪伟 钉钉
📥 模型返回 [38/58]:
 钟洪伟,2025-08-25,18:00-19:00,1.0
✅ 解析结果 [38/58]: 钟洪伟, 2025-08-25, 18:00-19:00, 1.0小时
⏱️ 处理完成 [38/58]: 46.40秒
------------------------------------------------------------------



📤 原始记录 [39/58]: 陈登科 2025-08-19 18:30 2025-08-19 20:30 2.0 发货 钉钉
📥 模型返回 [39/58]:
 陈登科,2025-08-19,18:30-20:30,2.0
✅ 解析结果 [39/58]: 陈登科, 2025-08-19, 18:30-20:30, 2.0小时
⏱️ 处理完成 [39/58]: 46.22秒
------------------------------------------------------------------



📤 原始记录 [40/58]: 陈登科 2025-08-22 18:30 2025-08-22 20:30 2.0 发货 钉钉
📥 模型返回 [40/58]:
 陈登科,2025-08-22,18:30-20:30,2.0
✅ 解析结果 [40/58]: 陈登科, 2025-08-22, 18:30-20:30, 2.0小时
⏱️ 处理完成 [40/58]: 43.49秒
------------------------------------------------------------------



📤 原始记录 [41/58]: 陈登科 2025-08-25 18:30 2025-08-25 19:30 1.0 发货 钉钉
📥 模型返回 [41/58]:
 陈登科,2025-08-25,18:30-19:30,1.0
✅ 解析结果 [41/58]: 陈登科, 2025-08-25, 18:30-19:30, 1.0小时
⏱️ 处理完成 [41/58]: 45.31秒
------------------------------------------------------------------



📤 原始记录 [42/58]: 陈雄 2025-08-23 18:30 2025-08-23 20:00 1.5 巡检EA4000N101 钉钉
📥 模型返回 [42/58]:
 陈雄,2025-08-23,18:30-20:00,1.5
✅ 解析结果 [42/58]: 陈雄, 2025-08-23, 18:30-20:00, 1.5小时
⏱️ 处理完成 [42/58]: 45.21秒
------------------------------------------------------------------



📤 原始记录 [43/58]: 陈雄 2025-08-24 13:30 2025-08-24 18:00 4.5 巡检EA1900NB101 钉钉
📥 模型返回 [43/58]:
 陈雄,2025-08-24,13:30-18:00,4.5
✅ 解析结果 [43/58]: 陈雄, 2025-08-24, 13:30-18:00, 4.5小时
⏱️ 处理完成 [43/58]: 43.48秒
------------------------------------------------------------------



📤 原始记录 [44/58]: 陈雄 2025-08-25 18:30 2025-08-25 22:00 3.5 巡检EA3800-104 钉钉
📥 模型返回 [44/58]:
 陈雄,2025-08-25,18:30-22:00,3.5
✅ 解析结果 [44/58]: 陈雄, 2025-08-25, 18:30-22:00, 3.5小时
⏱️ 处理完成 [44/58]: 40.13秒
------------------------------------------------------------------



📤 原始记录 [45/58]: 陈雄 2025-08-26 18:30 2025-08-26 20:30 2.0 巡检EA1900NB102 钉钉
📥 模型返回 [45/58]:
 陈雄,2025-08-26,18:30-20:30,2.0
✅ 解析结果 [45/58]: 陈雄, 2025-08-26, 18:30-20:30, 2.0小时
⏱️ 处理完成 [45/58]: 37.44秒
------------------------------------------------------------------



📤 原始记录 [46/58]: 陈雄 2025-08-27 18:30 2025-08-27 23:30 5.0 配合亘通技术人员检查C5000N118-02 钉钉
📥 模型返回 [46/58]:
 陈雄,2025-08-27,18:30-23:30,5.0
✅ 解析结果 [46/58]: 陈雄, 2025-08-27, 18:30-23:30, 5.0小时
⏱️ 处理完成 [46/58]: 34.70秒
------------------------------------------------------------------



📤 原始记录 [47/58]: 陈雄 2025-08-28 18:30 2025-08-28 20:30 2.0 检查NB1900-102外观和电阻测试 钉钉
📥 模型返回 [47/58]:
 陈雄,2025-08-28,18:30-20:30,2.0
✅ 解析结果 [47/58]: 陈雄, 2025-08-28, 18:30-20:30, 2.0小时
⏱️ 处理完成 [47/58]: 35.01秒
------------------------------------------------------------------



📤 原始记录 [48/58]: 陈雄 2025-08-29 18:00 2025-08-29 19:00 1.0 检查C5000N102外观和电阻测试 钉钉
📥 模型返回 [48/58]:
 陈雄,2025-08-29,18:00-19:00,1.0
✅ 解析结果 [48/58]: 陈雄, 2025-08-29, 18:00-19:00, 1.0小时
⏱️ 处理完成 [48/58]: 31.70秒
------------------------------------------------------------------



📤 原始记录 [49/58]: 韦东略 2025-08-14 18:00 2025-08-14 20:30 2.5 值班 钉钉
📥 模型返回 [49/58]:
 韦东略,2025-08-14,18:00-20:30,2.5
✅ 解析结果 [49/58]: 韦东略, 2025-08-14, 18:00-20:30, 2.5小时
⏱️ 处理完成 [49/58]: 30.87秒
------------------------------------------------------------------



📤 原始记录 [50/58]: 韦东略 2025-08-22 18:00 2025-08-22 20:30 2.5 值班 钉钉
📥 模型返回 [50/58]:
 韦东略,2025-08-22,18:00-20:30,2.5
✅ 解析结果 [50/58]: 韦东略, 2025-08-22, 18:00-20:30, 2.5小时
⏱️ 处理完成 [50/58]: 31.24秒
------------------------------------------------------------------



📤 原始记录 [51/58]: 韦东略 2025-08-25 18:00 2025-08-25 21:00 3.0 5000N凝露实验 钉钉
📥 模型返回 [51/58]:
 韦东略,2025-08-25,18:00-21:00,3.0
✅ 解析结果 [51/58]: 韦东略, 2025-08-25, 18:00-21:00, 3.0小时
⏱️ 处理完成 [51/58]: 29.72秒
------------------------------------------------------------------



📤 原始记录 [52/58]: 魏权 2025-08-24 13:30 2025-08-24 18:00 4.5 1.EA1900NB101打包发货，共5人    1.李炎炎，高群，席智成，李明，魏权 13：30-18：00 钉钉
📥 模型返回 [52/58]:
 李炎炎,2025-08-24,13:30-18:00,4.5
高群,2025-08-24,13:30-18:00,4.5
席智成,2025-08-24,13:30-18:00,4.5
李明,2025-08-24,13:30-18:00,4.5
魏权,2025-08-24,13:30-18:00,4.5
✅ 解析结果 [52/58]: 李炎炎, 2025-08-24, 13:30-18:00, 4.5小时
✅ 解析结果 [52/58]: 高群, 2025-08-24, 13:30-18:00, 4.5小时
✅ 解析结果 [52/58]: 席智成, 2025-08-24, 13:30-18:00, 4.5小时
✅ 解析结果 [52/58]: 李明, 2025-08-24, 13:30-18:00, 4.5小时
✅ 解析结果 [52/58]: 魏权, 2025-08-24, 13:30-18:00, 4.5小时
⏱️ 处理完成 [52/58]: 32.69秒
------------------------------------------------------------------



📤 原始记录 [53/58]: 魏权 2025-08-25 18:30 2025-08-25 20:00 1.5 1.EA1900NB101，102装配，EOL测试，终处理，共1人     1.王能武     18：30-20：00 钉钉
📥 模型返回 [53/58]:
 王能武,2025-08-25,18:30-20:00,1.5
✅ 解析结果 [53/58]: 王能武, 2025-08-25, 18:30-20:00, 1.5小时
⏱️ 处理完成 [53/58]: 57.92秒
------------------------------------------------------------------



📤 原始记录 [54/58]: 魏权 2025-08-25 18:30 2025-08-25 22:00 3.5 1.EA1900NB101，102装配，EOL测试，终处理，共24人    1. 成硕，席智成，魏勋，李炎炎，胡殿鹏，陈威，陈杨，孙盼，林超，刘杰，叶成，王洋，卢旋，刘登，罗伍，梁武，刘卫宜，李浩，李明，余东明，魏权，高星，曹博文     18：30-20：00     2.高群    18：30-22：00 钉钉
📥 模型返回 [54/58]:
 成硕,2025-08-25,18:30-20:00,1.5
席智成,2025-08-25,18:30-20:00,1.5
魏勋,2025-08-25,18:30-20:00,1.5
李炎炎,2025-08-25,18:30-20:00,1.5
胡殿鹏,2025-08-25,18:30-20:00,1.5
陈威,2025-08-25,18:30-20:00,1.5
陈杨,2025-08-25,18:30-20:00,1.5
孙盼,2025-08-25,18:30-20:00,1.5
林超,2025-08-25,18:30-20:00,1.5
刘杰,2025-08-25,18:30-20:00,1.5
叶成,2025-08-25,18:30-20:00,1.5
王洋,2025-08-25,18:30-20:00,1.5
卢旋,2025-08-25,18:30-20:00,1.5
刘登,2025-08-25,18:30-20:00,1.5
罗伍,2025-08-25,18:30-20:00,1.5
梁武,2025-08-25,18:30-20:00,1.5
刘卫宜,2025-08-25,18:30-20:00,1.5
李浩,2025-08-25,18:30-20:00,1.5
李明,2025-08-25,18:30-20:00,1.5
余东明,2025-08-25,18:30-20:00,1.5
魏权,2025-08-25,18:30-20:00,1.5
高星,2025-08-25,18:30-20:00,1.5
曹博文,2025-08-25,18:30-20:00,1.5
高群,2025-08-25,18:30-22:00,3.5
✅ 解析结果 [54/58]: 成硕, 2025-08-25, 18:30-20:00, 1.5小时
✅ 解析结果 [54/58]: 席智成, 2025-08-25, 18:30-20:00, 1.5小时
✅ 解析结果 [54/58]: 魏勋, 2025-08-25, 18:30-20:00, 1.5小时
✅ 解析结果 [54/58]: 李炎炎, 2025-08-25, 18:30-20:00, 1.5小时
✅ 解析结果 [54/58]: 胡殿鹏, 2025-08-25, 18:30-20:00, 1.5小时
✅ 解析结果 [54/58]: 陈威, 2025-08-25, 18:30-20:00, 1.5小时
✅ 解析结果 [54/58]: 陈杨, 2025-08-25, 18:30-20:00, 1.5小时
✅ 解析结果 [54/58]: 孙盼, 2025-08-25, 18:30-20:00, 1.5小时
✅ 解析结果 [54/58]: 林超, 2025-08-25, 18:30-20:00, 1.5小时
✅ 解析结果 [54/58]: 刘杰, 2025-08-25, 18:30-20:00, 1.5小时
✅ 解析结果 [54/58]: 叶成, 2025-08-25, 18:30-20:00, 1.5小时
✅ 解析结果 [54/58]: 王洋, 2025-08-25, 18:30-20:00, 1.5小时
✅ 解析结果 [54/58]: 卢旋, 2025-08-25, 18:30-20:00, 1.5小时
✅ 解析结果 [54/58]: 刘登, 2025-08-25, 18:30-20:00, 1.5小时
✅ 解析结果 [54/58]: 罗伍, 2025-08-25, 18:30-20:00, 1.5小时
✅ 解析结果 [54/58]: 梁武, 2025-08-25, 18:30-20:00, 1.5小时
✅ 解析结果 [54/58]: 刘卫宜, 2025-08-25, 18:30-20:00, 1.5小时
✅ 解析结果 [54/58]: 李浩, 2025-08-25, 18:30-20:00, 1.5小时
✅ 解析结果 [54/58]: 李明, 2025-08-25, 18:30-20:00, 1.5小时
✅ 解析结果 [54/58]: 余东明, 2025-08-25, 18:30-20:00, 1.5小时
✅ 解析结果 [54/58]: 魏权, 2025-08-25, 18:30-20:00, 1.5小时
✅ 解析结果 [54/58]: 高星, 2025-08-25, 18:30-20:00, 1.5小时
✅ 解析结果 [54/58]: 曹博文, 2025-08-25, 18:30-20:00, 1.5小时
✅ 解析结果 [54/58]: 高群, 2025-08-25, 18:30-22:00, 3.5小时
⏱️ 处理完成 [54/58]: 77.94秒
------------------------------------------------------------------



📤 原始记录 [55/58]: 魏权 2025-08-26 18:30 2025-08-26 20:30 2.0 1.EA1900NB101，102装配，EOL测试，终处理，共27人    1.  曹博文，李炎炎， 成硕，魏勋，刘登， 叶成，王洋，陈威，卢旋，王能武，李浩高群，罗伍，魏权，刘卫宜，李明，胡殿鹏，高星，梁武，陈杨，方川，余东明，孙盼，刘杰，谢诚，席智成，林超        18：30-20：30 钉钉
📥 模型返回 [55/58]:
 曹博文,2025-08-26,18:30-20:30,2.0
李炎炎,2025-08-26,18:30-20:30,2.0
成硕,2025-08-26,18:30-20:30,2.0
魏勋,2025-08-26,18:30-20:30,2.0
刘登,2025-08-26,18:30-20:30,2.0
叶成,2025-08-26,18:30-20:30,2.0
王洋,2025-08-26,18:30-20:30,2.0
陈威,2025-08-26,18:30-20:30,2.0
卢旋,2025-08-26,18:30-20:30,2.0
王能武,2025-08-26,18:30-20:30,2.0
李浩高群,2025-08-26,18:30-20:30,2.0
罗伍,2025-08-26,18:30-20:30,2.0
魏权,2025-08-26,18:30-20:30,2.0
刘卫宜,2025-08-26,18:30-20:30,2.0
李明,2025-08-26,18:30-20:30,2.0
胡殿鹏,2025-08-26,18:30-20:30,2.0
高星,2025-08-26,18:30-20:30,2.0
梁武,2025-08-26,18:30-20:30,2.0
陈杨,2025-08-26,18:30-20:30,2.0
方川,2025-08-26,18:30-20:30,2.0
余东明,2025-08-26,18:30-20:30,2.0
孙盼,2025-08-26,18:30-20:30,2.0
刘杰,2025-08-26,18:30-20:30,2.0
谢诚,2025-08-26,18:30-20:30,2.0
席智成,2025-08-26,18:30-20:30,2.0
林超,2025-08-26,18:30-20:30,2.0
✅ 解析结果 [55/58]: 曹博文, 2025-08-26, 18:30-20:30, 2.0小时
✅ 解析结果 [55/58]: 李炎炎, 2025-08-26, 18:30-20:30, 2.0小时
✅ 解析结果 [55/58]: 成硕, 2025-08-26, 18:30-20:30, 2.0小时
✅ 解析结果 [55/58]: 魏勋, 2025-08-26, 18:30-20:30, 2.0小时
✅ 解析结果 [55/58]: 刘登, 2025-08-26, 18:30-20:30, 2.0小时
✅ 解析结果 [55/58]: 叶成, 2025-08-26, 18:30-20:30, 2.0小时
✅ 解析结果 [55/58]: 王洋, 2025-08-26, 18:30-20:30, 2.0小时
✅ 解析结果 [55/58]: 陈威, 2025-08-26, 18:30-20:30, 2.0小时
✅ 解析结果 [55/58]: 卢旋, 2025-08-26, 18:30-20:30, 2.0小时
✅ 解析结果 [55/58]: 王能武, 2025-08-26, 18:30-20:30, 2.0小时
✅ 解析结果 [55/58]: 李浩高群, 2025-08-26, 18:30-20:30, 2.0小时
✅ 解析结果 [55/58]: 罗伍, 2025-08-26, 18:30-20:30, 2.0小时
✅ 解析结果 [55/58]: 魏权, 2025-08-26, 18:30-20:30, 2.0小时
✅ 解析结果 [55/58]: 刘卫宜, 2025-08-26, 18:30-20:30, 2.0小时
✅ 解析结果 [55/58]: 李明, 2025-08-26, 18:30-20:30, 2.0小时
✅ 解析结果 [55/58]: 胡殿鹏, 2025-08-26, 18:30-20:30, 2.0小时
✅ 解析结果 [55/58]: 高星, 2025-08-26, 18:30-20:30, 2.0小时
✅ 解析结果 [55/58]: 梁武, 2025-08-26, 18:30-20:30, 2.0小时
✅ 解析结果 [55/58]: 陈杨, 2025-08-26, 18:30-20:30, 2.0小时
✅ 解析结果 [55/58]: 方川, 2025-08-26, 18:30-20:30, 2.0小时
✅ 解析结果 [55/58]: 余东明, 2025-08-26, 18:30-20:30, 2.0小时
✅ 解析结果 [55/58]: 孙盼, 2025-08-26, 18:30-20:30, 2.0小时
✅ 解析结果 [55/58]: 刘杰, 2025-08-26, 18:30-20:30, 2.0小时
✅ 解析结果 [55/58]: 谢诚, 2025-08-26, 18:30-20:30, 2.0小时
✅ 解析结果 [55/58]: 席智成, 2025-08-26, 18:30-20:30, 2.0小时
✅ 解析结果 [55/58]: 林超, 2025-08-26, 18:30-20:30, 2.0小时
⏱️ 处理完成 [55/58]: 98.26秒
------------------------------------------------------------------



📤 原始记录 [56/58]: 魏权 2025-08-27 18:30 2025-08-27 20:30 2.0 1.EA3800N101，EA1900NB101，102，EA5000NB118-02，装配，EOL测试，终处理，共20人    1.王能武    18：30-19：30       2.  高群    18：30-20：00   3.卢旋，孙盼，  陈威，林超， 方川，李炎炎， 李浩，李明，余东明，梁武，刘登，曹博文，叶成，谢诚，刘卫宜，魏权，席智成，刘杰    18：30-20：30 钉钉
📥 模型返回 [56/58]:
 魏权,2025-08-27,18:30-20:30,2.0  
王能武,2025-08-27,18:30-19:30,1.0  
高群,2025-08-27,18:30-20:00,1.5  
卢旋,2025-08-27,18:30-20:30,2.0  
孙盼,2025-08-27,18:30-20:30,2.0  
陈威,2025-08-27,18:30-20:30,2.0  
林超,2025-08-27,18:30-20:30,2.0  
方川,2025-08-27,18:30-20:30,2.0  
李炎炎,2025-08-27,18:30-20:30,2.0  
李浩,2025-08-27,18:30-20:30,2.0  
李明,2025-08-27,18:30-20:30,2.0  
余东明,2025-08-27,18:30-20:30,2.0  
梁武,2025-08-27,18:30-20:30,2.0  
刘登,2025-08-27,18:30-20:30,2.0  
曹博文,2025-08-27,18:30-20:30,2.0  
叶成,2025-08-27,18:30-20:30,2.0  
谢诚,2025-08-27,18:30-20:30,2.0  
刘卫宜,2025-08-27,18:30-20:30,2.0  
席智成,2025-08-27,18:30-20:30,2.0  
刘杰,2025-08-27,18:30-20:30,2.0
✅ 解析结果 [56/58]: 魏权, 2025-08-27, 18:30-20:30, 2.0小时
✅ 解析结果 [56/58]: 王能武, 2025-08-27, 18:30-19:30, 1.0小时
✅ 解析结果 [56/58]: 高群, 2025-08-27, 18:30-20:00, 1.5小时
✅ 解析结果 [56/58]: 卢旋, 2025-08-27, 18:30-20:30, 2.0小时
✅ 解析结果 [56/58]: 孙盼, 2025-08-27, 18:30-20:30, 2.0小时
✅ 解析结果 [56/58]: 陈威, 2025-08-27, 18:30-20:30, 2.0小时
✅ 解析结果 [56/58]: 林超, 2025-08-27, 18:30-20:30, 2.0小时
✅ 解析结果 [56/58]: 方川, 2025-08-27, 18:30-20:30, 2.0小时
✅ 解析结果 [56/58]: 李炎炎, 2025-08-27, 18:30-20:30, 2.0小时
✅ 解析结果 [56/58]: 李浩, 2025-08-27, 18:30-20:30, 2.0小时
✅ 解析结果 [56/58]: 李明, 2025-08-27, 18:30-20:30, 2.0小时
✅ 解析结果 [56/58]: 余东明, 2025-08-27, 18:30-20:30, 2.0小时
✅ 解析结果 [56/58]: 梁武, 2025-08-27, 18:30-20:30, 2.0小时
✅ 解析结果 [56/58]: 刘登, 2025-08-27, 18:30-20:30, 2.0小时
✅ 解析结果 [56/58]: 曹博文, 2025-08-27, 18:30-20:30, 2.0小时
✅ 解析结果 [56/58]: 叶成, 2025-08-27, 18:30-20:30, 2.0小时
✅ 解析结果 [56/58]: 谢诚, 2025-08-27, 18:30-20:30, 2.0小时
✅ 解析结果 [56/58]: 刘卫宜, 2025-08-27, 18:30-20:30, 2.0小时
✅ 解析结果 [56/58]: 席智成, 2025-08-27, 18:30-20:30, 2.0小时
✅ 解析结果 [56/58]: 刘杰, 2025-08-27, 18:30-20:30, 2.0小时
⏱️ 处理完成 [56/58]: 132.42秒
------------------------------------------------------------------



📤 原始记录 [57/58]: 魏权 2025-08-28 18:30 2025-08-28 20:00 1.5 1.EA5000NB118-02装配，EOL测试，终处理，共21人      1.刘卫宜，梁武，谢诚，孙盼，陈威， 方川，魏勋，王洋，林超，高群，曹博文，高星，李明，李炎炎，刘杰，席智成，胡殿鹏，余东明，陈杨，魏权，刘登    18：30-20：00 钉钉
📥 模型返回 [57/58]:
 刘卫宜,2025-08-28,18:30-20:00,1.5
梁武,2025-08-28,18:30-20:00,1.5
谢诚,2025-08-28,18:30-20:00,1.5
孙盼,2025-08-28,18:30-20:00,1.5
陈威,2025-08-28,18:30-20:00,1.5
方川,2025-08-28,18:30-20:00,1.5
魏勋,2025-08-28,18:30-20:00,1.5
王洋,2025-08-28,18:30-20:00,1.5
林超,2025-08-28,18:30-20:00,1.5
高群,2025-08-28,18:30-20:00,1.5
曹博文,2025-08-28,18:30-20:00,1.5
高星,2025-08-28,18:30-20:00,1.5
李明,2025-08-28,18:30-20:00,1.5
李炎炎,2025-08-28,18:30-20:00,1.5
刘杰,2025-08-28,18:30-20:00,1.5
席智成,2025-08-28,18:30-20:00,1.5
胡殿鹏,2025-08-28,18:30-20:00,1.5
余东明,2025-08-28,18:30-20:00,1.5
陈杨,2025-08-28,18:30-20:00,1.5
魏权,2025-08-28,18:30-20:00,1.5
刘登,2025-08-28,18:30-20:00,1.5
✅ 解析结果 [57/58]: 刘卫宜, 2025-08-28, 18:30-20:00, 1.5小时
✅ 解析结果 [57/58]: 梁武, 2025-08-28, 18:30-20:00, 1.5小时
✅ 解析结果 [57/58]: 谢诚, 2025-08-28, 18:30-20:00, 1.5小时
✅ 解析结果 [57/58]: 孙盼, 2025-08-28, 18:30-20:00, 1.5小时
✅ 解析结果 [57/58]: 陈威, 2025-08-28, 18:30-20:00, 1.5小时
✅ 解析结果 [57/58]: 方川, 2025-08-28, 18:30-20:00, 1.5小时
✅ 解析结果 [57/58]: 魏勋, 2025-08-28, 18:30-20:00, 1.5小时
✅ 解析结果 [57/58]: 王洋, 2025-08-28, 18:30-20:00, 1.5小时
✅ 解析结果 [57/58]: 林超, 2025-08-28, 18:30-20:00, 1.5小时
✅ 解析结果 [57/58]: 高群, 2025-08-28, 18:30-20:00, 1.5小时
✅ 解析结果 [57/58]: 曹博文, 2025-08-28, 18:30-20:00, 1.5小时
✅ 解析结果 [57/58]: 高星, 2025-08-28, 18:30-20:00, 1.5小时
✅ 解析结果 [57/58]: 李明, 2025-08-28, 18:30-20:00, 1.5小时
✅ 解析结果 [57/58]: 李炎炎, 2025-08-28, 18:30-20:00, 1.5小时
✅ 解析结果 [57/58]: 刘杰, 2025-08-28, 18:30-20:00, 1.5小时
✅ 解析结果 [57/58]: 席智成, 2025-08-28, 18:30-20:00, 1.5小时
✅ 解析结果 [57/58]: 胡殿鹏, 2025-08-28, 18:30-20:00, 1.5小时
✅ 解析结果 [57/58]: 余东明, 2025-08-28, 18:30-20:00, 1.5小时
✅ 解析结果 [57/58]: 陈杨, 2025-08-28, 18:30-20:00, 1.5小时
✅ 解析结果 [57/58]: 魏权, 2025-08-28, 18:30-20:00, 1.5小时
✅ 解析结果 [57/58]: 刘登, 2025-08-28, 18:30-20:00, 1.5小时
⏱️ 处理完成 [57/58]: 149.97秒
------------------------------------------------------------------



📤 原始记录 [58/58]: 魏权 2025-08-29 18:00 2025-08-29 20:30 2.5 1.EA5000NB118-02装配，EOL测试，终处理，共24人      1. 王能武，陈威，李炎炎，魏勋， 王洋，方川，孙盼，  卢旋，罗伍，刘登，李明，梁武，曹博文， 胡殿鹏，谢诚，李浩，陈杨，魏权，刘杰，林超，高星，席智成，余东明    18：00-19：00     2.高群    18：00-20：30 钉钉
📥 模型返回 [58/58]:
 王能武,2025-08-29,18:00-19:00,1.0
陈威,2025-08-29,18:00-19:00,1.0
李炎炎,2025-08-29,18:00-19:00,1.0
魏勋,2025-08-29,18:00-19:00,1.0
王洋,2025-08-29,18:00-19:00,1.0
方川,2025-08-29,18:00-19:00,1.0
孙盼,2025-08-29,18:00-19:00,1.0
卢旋,2025-08-29,18:00-19:00,1.0
罗伍,2025-08-29,18:00-19:00,1.0
刘登,2025-08-29,18:00-19:00,1.0
李明,2025-08-29,18:00-19:00,1.0
梁武,2025-08-29,18:00-19:00,1.0
曹博文,2025-08-29,18:00-19:00,1.0
胡殿鹏,2025-08-29,18:00-19:00,1.0
谢诚,2025-08-29,18:00-19:00,1.0
李浩,2025-08-29,18:00-19:00,1.0
陈杨,2025-08-29,18:00-19:00,1.0
魏权,2025-08-29,18:00-19:00,1.0
刘杰,2025-08-29,18:00-19:00,1.0
林超,2025-08-29,18:00-19:00,1.0
高星,2025-08-29,18:00-19:00,1.0
席智成,2025-08-29,18:00-19:00,1.0
余东明,2025-08-29,18:00-19:00,1.0
高群,2025-08-29,18:00-20:30,2.5
✅ 解析结果 [58/58]: 王能武, 2025-08-29, 18:00-19:00, 1.0小时
✅ 解析结果 [58/58]: 陈威, 2025-08-29, 18:00-19:00, 1.0小时
✅ 解析结果 [58/58]: 李炎炎, 2025-08-29, 18:00-19:00, 1.0小时
✅ 解析结果 [58/58]: 魏勋, 2025-08-29, 18:00-19:00, 1.0小时
✅ 解析结果 [58/58]: 王洋, 2025-08-29, 18:00-19:00, 1.0小时
✅ 解析结果 [58/58]: 方川, 2025-08-29, 18:00-19:00, 1.0小时
✅ 解析结果 [58/58]: 孙盼, 2025-08-29, 18:00-19:00, 1.0小时
✅ 解析结果 [58/58]: 卢旋, 2025-08-29, 18:00-19:00, 1.0小时
✅ 解析结果 [58/58]: 罗伍, 2025-08-29, 18:00-19:00, 1.0小时
✅ 解析结果 [58/58]: 刘登, 2025-08-29, 18:00-19:00, 1.0小时
✅ 解析结果 [58/58]: 李明, 2025-08-29, 18:00-19:00, 1.0小时
✅ 解析结果 [58/58]: 梁武, 2025-08-29, 18:00-19:00, 1.0小时
✅ 解析结果 [58/58]: 曹博文, 2025-08-29, 18:00-19:00, 1.0小时
✅ 解析结果 [58/58]: 胡殿鹏, 2025-08-29, 18:00-19:00, 1.0小时
✅ 解析结果 [58/58]: 谢诚, 2025-08-29, 18:00-19:00, 1.0小时
✅ 解析结果 [58/58]: 李浩, 2025-08-29, 18:00-19:00, 1.0小时
✅ 解析结果 [58/58]: 陈杨, 2025-08-29, 18:00-19:00, 1.0小时
✅ 解析结果 [58/58]: 魏权, 2025-08-29, 18:00-19:00, 1.0小时
✅ 解析结果 [58/58]: 刘杰, 2025-08-29, 18:00-19:00, 1.0小时
✅ 解析结果 [58/58]: 林超, 2025-08-29, 18:00-19:00, 1.0小时
✅ 解析结果 [58/58]: 高星, 2025-08-29, 18:00-19:00, 1.0小时
✅ 解析结果 [58/58]: 席智成, 2025-08-29, 18:00-19:00, 1.0小时
✅ 解析结果 [58/58]: 余东明, 2025-08-29, 18:00-19:00, 1.0小时
✅ 解析结果 [58/58]: 高群, 2025-08-29, 18:00-20:30, 2.5小时
⏱️ 处理完成 [58/58]: 173.85秒
------------------------------------------------------------------



📊 按数据来源统计解析成功数:
  - 飞书: 23 条记录
  - 钉钉: 149 条记录
  总计: 172 条记录解析成功

=== 加班记录分析完成 ===

📊 总计解析: 172/58 条记录 (296.6%)
✅ 保存批次 1/4: 50条记录
✅ 保存批次 2/4: 50条记录
✅ 保存批次 3/4: 50条记录
✅ 保存批次 4/4: 22条记录
✅ 总共保存记录: 172条, 失败批次: 0个

⏱️ 总耗时: 362.48秒, 平均: 6.2497秒/条, 速度: 0.16条/秒

📊 解析率: 296.6%, 保存率: 296.6%
✅ 数据库总记录: 172条

查询到 172 条结果
