已清空结果表并更新表结构
读取 155 条加班记录
设置最大并发数: 10

=== 开始分析加班记录 ===

🤖 大模型开始处理加班数据...

📤 原始记录 [1/155]: 丁国涛 2025-07-01 18:00 2025-07-01 20:07 2.12 优化1200H电机壳体系统结构和数模 钉钉
📥 模型返回 [1/155]:
 丁国涛,2025-07-01,18:00-20:07,2.12
✅ 解析结果 [1/155]: 丁国涛, 2025-07-01, 18:00-20:07, 2.12小时
⏱️ 处理完成 [1/155]: 39.06秒
------------------------------------------------------------------



📤 原始记录 [2/155]: 丁国涛 2025-07-09 18:32 2025-07-09 19:44 1.2 优化1200H电机壳体结构和数模 钉钉
📥 模型返回 [2/155]:
 丁国涛,2025-07-09,18:32-19:44,1.2
✅ 解析结果 [2/155]: 丁国涛, 2025-07-09, 18:32-19:44, 1.2小时
⏱️ 处理完成 [2/155]: 22.61秒
------------------------------------------------------------------



📤 原始记录 [3/155]: 叶旭 2025-07-04 18:00 2025-07-04 20:00 2.0 法国 飞书
📥 模型返回 [3/155]:
 叶旭,2025-07-04,18:00-20:00,2.0
✅ 解析结果 [3/155]: 叶旭, 2025-07-04, 18:00-20:00, 2.0小时
⏱️ 处理完成 [3/155]: 31.64秒
------------------------------------------------------------------



📤 原始记录 [4/155]: 叶旭 2025-07-08 18:00 2025-07-08 21:00 3.0 发货 飞书
📥 模型返回 [4/155]:
 叶旭,2025-07-08,18:00-21:00,3.0
✅ 解析结果 [4/155]: 叶旭, 2025-07-08, 18:00-21:00, 3.0小时
⏱️ 处理完成 [4/155]: 13.87秒
------------------------------------------------------------------



📤 原始记录 [5/155]: 叶旭 2025-07-16 18:00 2025-07-16 20:00 2.0 发货 飞书
📥 模型返回 [5/155]:
 叶旭,2025-07-16,18:00-20:00,2.0
✅ 解析结果 [5/155]: 叶旭, 2025-07-16, 18:00-20:00, 2.0小时
⏱️ 处理完成 [5/155]: 45.45秒
------------------------------------------------------------------



📤 原始记录 [6/155]: 叶旭 2025-07-23 18:00 2025-07-23 21:00 3.0 发货 飞书
📥 模型返回 [6/155]:
 叶旭,2025-07-23,18:00-21:00,3.0
✅ 解析结果 [6/155]: 叶旭, 2025-07-23, 18:00-21:00, 3.0小时
⏱️ 处理完成 [6/155]: 35.48秒
------------------------------------------------------------------



📤 原始记录 [7/155]: 叶旭 2025-07-24 18:00 2025-07-24 20:00 2.0 发货 飞书
📥 模型返回 [7/155]:
 叶旭,2025-07-24,18:00-20:00,2.0
✅ 解析结果 [7/155]: 叶旭, 2025-07-24, 18:00-20:00, 2.0小时
⏱️ 处理完成 [7/155]: 19.76秒
------------------------------------------------------------------



📤 原始记录 [8/155]: 叶旭 2025-07-29 18:00 2025-07-29 19:00 1.0 发货 飞书
📥 模型返回 [8/155]:
 叶旭,2025-07-29,18:00-19:00,1.0
✅ 解析结果 [8/155]: 叶旭, 2025-07-29, 18:00-19:00, 1.0小时
⏱️ 处理完成 [8/155]: 41.29秒
------------------------------------------------------------------



📤 原始记录 [9/155]: 周承成 2025-07-03 19:00 2025-07-03 21:01 2.02 1200差速器系统优化 钉钉
📥 模型返回 [9/155]:
 周承成,2025-07-03,19:00-21:01,2.02
✅ 解析结果 [9/155]: 周承成, 2025-07-03, 19:00-21:01, 2.02小时
⏱️ 处理完成 [9/155]: 9.14秒
------------------------------------------------------------------



📤 原始记录 [10/155]: 周承成 2025-07-05 10:00 2025-07-05 17:45 7.75 EA1200N项目差速器出图 钉钉
📥 模型返回 [10/155]:
 周承成,2025-07-05,10:00-17:45,7.75
✅ 解析结果 [10/155]: 周承成, 2025-07-05, 10:00-17:45, 7.75小时
⏱️ 处理完成 [10/155]: 26.71秒
------------------------------------------------------------------



📤 原始记录 [11/155]: 夏天龙 2025-07-08 18:00 2025-07-08 20:37 2.62 EA3800NTRS03可靠性、EA3800N动态换挡试验、EA3800N静态换挡试验值班 钉钉
📥 模型返回 [11/155]:
 夏天龙,2025-07-08,18:00-20:37,2.62
✅ 解析结果 [11/155]: 夏天龙, 2025-07-08, 18:00-20:37, 2.62小时
⏱️ 处理完成 [11/155]: 40.25秒
------------------------------------------------------------------



📤 原始记录 [12/155]: 夏天龙 2025-07-18 18:00 2025-07-18 20:33 2.55 EA3800N静态换挡测试值班 钉钉
📥 模型返回 [12/155]:
 夏天龙,2025-07-18,18:00-20:33,2.55
✅ 解析结果 [12/155]: 夏天龙, 2025-07-18, 18:00-20:33, 2.55小时
⏱️ 处理完成 [12/155]: 40.27秒
------------------------------------------------------------------



📤 原始记录 [13/155]: 夏天龙 2025-07-22 18:00 2025-07-22 20:37 2.62 EA3800N静态换挡测试和EA3800NTRS03可靠性试验值班 钉钉
📥 模型返回 [13/155]:
 夏天龙,2025-07-22,18:00-20:37,2.62
✅ 解析结果 [13/155]: 夏天龙, 2025-07-22, 18:00-20:37, 2.62小时
⏱️ 处理完成 [13/155]: 37.94秒
------------------------------------------------------------------



📤 原始记录 [14/155]: 张喆 2025-07-17 18:00 2025-07-17 21:00 3.0 绘制四方桥总成图 钉钉
📥 模型返回 [14/155]:
 张喆,2025-07-17,18:00-21:00,3.0
✅ 解析结果 [14/155]: 张喆, 2025-07-17, 18:00-21:00, 3.0小时
⏱️ 处理完成 [14/155]: 39.37秒
------------------------------------------------------------------



📤 原始记录 [15/155]: 徐宝通 2025-07-05 10:30 2025-07-05 17:37 7.12 1200项目加班申请 钉钉
📥 模型返回 [15/155]:
 徐宝通,2025-07-05,10:30-17:37,7.12
✅ 解析结果 [15/155]: 徐宝通, 2025-07-05, 10:30-17:37, 7.12小时
⏱️ 处理完成 [15/155]: 40.40秒
------------------------------------------------------------------



📤 原始记录 [16/155]: 朱泽利 2025-07-27 12:00 2025-07-27 17:00 5.0 跟十堰田总前往襄阳中车集团公司总结凌特样车的遗留历史问题 飞书
📥 模型返回 [16/155]:
 朱泽利,2025-07-27,12:00-17:00,5.0
✅ 解析结果 [16/155]: 朱泽利, 2025-07-27, 12:00-17:00, 5.0小时
⏱️ 处理完成 [16/155]: 39.60秒
------------------------------------------------------------------



📤 原始记录 [17/155]: 李庭越 2025-07-02 17:30 2025-07-02 20:30 3.0 车间有生产任务需配合加班发料及深向客户发货装车 钉钉
📥 模型返回 [17/155]:
 李庭越,2025-07-02,17:30-20:30,3.0
✅ 解析结果 [17/155]: 李庭越, 2025-07-02, 17:30-20:30, 3.0小时
⏱️ 处理完成 [17/155]: 38.94秒
------------------------------------------------------------------



📤 原始记录 [18/155]: 李庭越 2025-07-05 17:30 2025-07-05 19:00 1.5 有客户来厂参观 钉钉
📥 模型返回 [18/155]:
 李庭越,2025-07-05,17:30-19:00,1.5
✅ 解析结果 [18/155]: 李庭越, 2025-07-05, 17:30-19:00, 1.5小时
⏱️ 处理完成 [18/155]: 37.84秒
------------------------------------------------------------------



📤 原始记录 [19/155]: 李庭越 2025-07-12 17:30 2025-07-12 18:30 1.0 有客户参观加班整理仓库物料 钉钉
📥 模型返回 [19/155]:
 李庭越,2025-07-12,17:30-18:30,1.0
✅ 解析结果 [19/155]: 李庭越, 2025-07-12, 17:30-18:30, 1.0小时
⏱️ 处理完成 [19/155]: 40.78秒
------------------------------------------------------------------



📤 原始记录 [20/155]: 李庭越 2025-07-22 17:30 2025-07-22 18:30 1.0 深向客户桥发货 钉钉
📥 模型返回 [20/155]:
 李庭越,2025-07-22,17:30-18:30,1.0
✅ 解析结果 [20/155]: 李庭越, 2025-07-22, 17:30-18:30, 1.0小时
⏱️ 处理完成 [20/155]: 39.16秒
------------------------------------------------------------------



📤 原始记录 [21/155]: 李庭越 2025-07-25 17:30 2025-07-25 18:30 1.0 加班装到杭州的动力总成 钉钉
📥 模型返回 [21/155]:
 李庭越,2025-07-25,17:30-18:30,1.0
✅ 解析结果 [21/155]: 李庭越, 2025-07-25, 17:30-18:30, 1.0小时
⏱️ 处理完成 [21/155]: 39.04秒
------------------------------------------------------------------



📤 原始记录 [22/155]: 李庭越 2025-07-26 17:30 2025-07-26 19:00 1.5 送工具去新楚风给售后维修车桥 钉钉
📥 模型返回 [22/155]:
 李庭越,2025-07-26,17:30-19:00,1.5
✅ 解析结果 [22/155]: 李庭越, 2025-07-26, 17:30-19:00, 1.5小时
⏱️ 处理完成 [22/155]: 37.03秒
------------------------------------------------------------------



📤 原始记录 [23/155]: 李运动 2025-07-01 18:30 2025-07-01 21:00 2.5 统计整理杭州及随州生产线边退库物料清单并做调拨单据 飞书
📥 模型返回 [23/155]:
 李运动,2025-07-01,18:30-21:00,2.5
✅ 解析结果 [23/155]: 李运动, 2025-07-01, 18:30-21:00, 2.5小时
⏱️ 处理完成 [23/155]: 37.01秒
------------------------------------------------------------------



📤 原始记录 [24/155]: 李运动 2025-07-11 18:00 2025-07-11 20:00 2.0 杭州仓库生产物料发随州备用，打包装车。 飞书
📥 模型返回 [24/155]:
 李运动,2025-07-11,18:00-20:00,2.0
✅ 解析结果 [24/155]: 李运动, 2025-07-11, 18:00-20:00, 2.0小时
⏱️ 处理完成 [24/155]: 37.58秒
------------------------------------------------------------------



📤 原始记录 [25/155]: 李运动 2025-07-28 18:00 2025-07-28 19:00 1.0 日常账务处理 飞书
📥 模型返回 [25/155]:
 李运动,2025-07-28,18:00-19:00,1.0
✅ 解析结果 [25/155]: 李运动, 2025-07-28, 18:00-19:00, 1.0小时
⏱️ 处理完成 [25/155]: 35.76秒
------------------------------------------------------------------



📤 原始记录 [26/155]: 李运动 2025-07-29 18:00 2025-07-29 20:00 2.0 日常账务处理 飞书
📥 模型返回 [26/155]:
 李运动,2025-07-29,18:00-20:00,2.0
✅ 解析结果 [26/155]: 李运动, 2025-07-29, 18:00-20:00, 2.0小时
⏱️ 处理完成 [26/155]: 34.23秒
------------------------------------------------------------------



📤 原始记录 [27/155]: 李黎 2025-07-12 18:00 2025-07-12 23:30 5.5 蒙城处理京深车辆问题 飞书
📥 模型返回 [27/155]:
 李黎,2025-07-12,18:00-23:30,5.5
✅ 解析结果 [27/155]: 李黎, 2025-07-12, 18:00-23:30, 5.5小时
⏱️ 处理完成 [27/155]: 35.50秒
------------------------------------------------------------------



📤 原始记录 [28/155]: 杜稳飞 2025-07-23 18:00 2025-07-23 20:00 2.0 检验1900项目改制的轮边端盖 钉钉
📥 模型返回 [28/155]:
 杜稳飞,2025-07-23,18:00-20:00,2.0
✅ 解析结果 [28/155]: 杜稳飞, 2025-07-23, 18:00-20:00, 2.0小时
⏱️ 处理完成 [28/155]: 37.76秒
------------------------------------------------------------------



📤 原始记录 [29/155]: 杜锋 2025-07-28 17:30 2025-07-28 18:30 1.0 加班开会 飞书
📥 模型返回 [29/155]:
 杜锋,2025-07-28,17:30-18:30,1.0
✅ 解析结果 [29/155]: 杜锋, 2025-07-28, 17:30-18:30, 1.0小时
⏱️ 处理完成 [29/155]: 38.32秒
------------------------------------------------------------------



📤 原始记录 [30/155]: 杨春森 2025-07-02 17:30 2025-07-02 19:00 1.5 为了满足滞物料处理，连班人员1人:杨春森 钉钉
📥 模型返回 [30/155]:
 杨春森,2025-07-02,17:30-19:00,1.5
✅ 解析结果 [30/155]: 杨春森, 2025-07-02, 17:30-19:00, 1.5小时
⏱️ 处理完成 [30/155]: 39.85秒
------------------------------------------------------------------



📤 原始记录 [31/155]: 杨春森 2025-07-04 08:30 2025-07-04 17:30 9.0 为了满足订单需要，EA3800返修，C7300K，售后EA5000清洗压装，售后EA5000动力总成，装配，打包发货等需要，今日加班人员12人，加班:王富，赵宁宁，岳飞扬，田浩，马灼威，秦国超，杨春森，张海鹏，叶文敬，俞寅凯，徐正亮，殷顺威 钉钉
📥 模型返回 [31/155]:
 王富,2025-07-04,08:30-17:30,9.0
赵宁宁,2025-07-04,08:30-17:30,9.0
岳飞扬,2025-07-04,08:30-17:30,9.0
田浩,2025-07-04,08:30-17:30,9.0
马灼威,2025-07-04,08:30-17:30,9.0
秦国超,2025-07-04,08:30-17:30,9.0
杨春森,2025-07-04,08:30-17:30,9.0
张海鹏,2025-07-04,08:30-17:30,9.0
叶文敬,2025-07-04,08:30-17:30,9.0
俞寅凯,2025-07-04,08:30-17:30,9.0
徐正亮,2025-07-04,08:30-17:30,9.0
殷顺威,2025-07-04,08:30-17:30,9.0
✅ 解析结果 [31/155]: 王富, 2025-07-04, 08:30-17:30, 9.0小时
✅ 解析结果 [31/155]: 赵宁宁, 2025-07-04, 08:30-17:30, 9.0小时
✅ 解析结果 [31/155]: 岳飞扬, 2025-07-04, 08:30-17:30, 9.0小时
✅ 解析结果 [31/155]: 田浩, 2025-07-04, 08:30-17:30, 9.0小时
✅ 解析结果 [31/155]: 马灼威, 2025-07-04, 08:30-17:30, 9.0小时
✅ 解析结果 [31/155]: 秦国超, 2025-07-04, 08:30-17:30, 9.0小时
✅ 解析结果 [31/155]: 杨春森, 2025-07-04, 08:30-17:30, 9.0小时
✅ 解析结果 [31/155]: 张海鹏, 2025-07-04, 08:30-17:30, 9.0小时
✅ 解析结果 [31/155]: 叶文敬, 2025-07-04, 08:30-17:30, 9.0小时
✅ 解析结果 [31/155]: 俞寅凯, 2025-07-04, 08:30-17:30, 9.0小时
✅ 解析结果 [31/155]: 徐正亮, 2025-07-04, 08:30-17:30, 9.0小时
✅ 解析结果 [31/155]: 殷顺威, 2025-07-04, 08:30-17:30, 9.0小时
⏱️ 处理完成 [31/155]: 46.40秒
------------------------------------------------------------------



📤 原始记录 [32/155]: 杨春森 2025-07-04 18:00 2025-07-04 20:00 2.0 为了满足订单需要，EA5000清洗压装，EA5000动力总成，装配，打包发货等需要，今日加班人员7人，加班:王富，赵宁宁，岳飞扬，田浩，马灼威，秦国超，杨春森 钉钉
📥 模型返回 [32/155]:
 王富,2025-07-04,18:00-20:00,2.0
赵宁宁,2025-07-04,18:00-20:00,2.0
岳飞扬,2025-07-04,18:00-20:00,2.0
田浩,2025-07-04,18:00-20:00,2.0
马灼威,2025-07-04,18:00-20:00,2.0
秦国超,2025-07-04,18:00-20:00,2.0
杨春森,2025-07-04,18:00-20:00,2.0
✅ 解析结果 [32/155]: 王富, 2025-07-04, 18:00-20:00, 2.0小时
✅ 解析结果 [32/155]: 赵宁宁, 2025-07-04, 18:00-20:00, 2.0小时
✅ 解析结果 [32/155]: 岳飞扬, 2025-07-04, 18:00-20:00, 2.0小时
✅ 解析结果 [32/155]: 田浩, 2025-07-04, 18:00-20:00, 2.0小时
✅ 解析结果 [32/155]: 马灼威, 2025-07-04, 18:00-20:00, 2.0小时
✅ 解析结果 [32/155]: 秦国超, 2025-07-04, 18:00-20:00, 2.0小时
✅ 解析结果 [32/155]: 杨春森, 2025-07-04, 18:00-20:00, 2.0小时
⏱️ 处理完成 [32/155]: 57.64秒
------------------------------------------------------------------



📤 原始记录 [33/155]: 杨春森 2025-07-07 18:00 2025-07-07 20:00 2.0 为了满足订单需要，EA4000返修，EA5000清洗压装，售后EA5000动力总成，装配发货等需要，今日加班人员12人，加班:王富，赵宁宁，岳飞扬，马灼威，秦国超，杨春森，张海鹏，叶文敬，俞寅凯，徐正亮，殷顺威，邓子鑫， 钉钉
📥 模型返回 [33/155]:
 王富,2025-07-07,18:00-20:00,2.0
赵宁宁,2025-07-07,18:00-20:00,2.0
岳飞扬,2025-07-07,18:00-20:00,2.0
马灼威,2025-07-07,18:00-20:00,2.0
秦国超,2025-07-07,18:00-20:00,2.0
杨春森,2025-07-07,18:00-20:00,2.0
张海鹏,2025-07-07,18:00-20:00,1.0
叶文敬,2025-07-07,18:00-20:00,1.0
俞寅凯,2025-07-07,18:00-20:00,1.0
徐正亮,2025-07-07,18:00-20:00,1.0
殷顺威,2025-07-07,18:00-20:00,1.0
邓子鑫,2025-07-07,18:00-20:00,1.0
✅ 解析结果 [33/155]: 王富, 2025-07-07, 18:00-20:00, 2.0小时
✅ 解析结果 [33/155]: 赵宁宁, 2025-07-07, 18:00-20:00, 2.0小时
✅ 解析结果 [33/155]: 岳飞扬, 2025-07-07, 18:00-20:00, 2.0小时
✅ 解析结果 [33/155]: 马灼威, 2025-07-07, 18:00-20:00, 2.0小时
✅ 解析结果 [33/155]: 秦国超, 2025-07-07, 18:00-20:00, 2.0小时
✅ 解析结果 [33/155]: 杨春森, 2025-07-07, 18:00-20:00, 2.0小时
✅ 解析结果 [33/155]: 张海鹏, 2025-07-07, 18:00-20:00, 1.0小时
✅ 解析结果 [33/155]: 叶文敬, 2025-07-07, 18:00-20:00, 1.0小时
✅ 解析结果 [33/155]: 俞寅凯, 2025-07-07, 18:00-20:00, 1.0小时
✅ 解析结果 [33/155]: 徐正亮, 2025-07-07, 18:00-20:00, 1.0小时
✅ 解析结果 [33/155]: 殷顺威, 2025-07-07, 18:00-20:00, 1.0小时
✅ 解析结果 [33/155]: 邓子鑫, 2025-07-07, 18:00-20:00, 1.0小时
⏱️ 处理完成 [33/155]: 63.35秒
------------------------------------------------------------------



📤 原始记录 [34/155]: 杨春森 2025-07-09 17:30 2025-07-09 18:30 1.0 为了满足订单需要，EA5000清洗压装，售后EA5000动力总成，装配发货等需要，今日连班人员6人，加班:王富，赵宁宁，岳飞扬，马灼威，杨春森，徐正亮 钉钉
📥 模型返回 [34/155]:
 王富,2025-07-09,17:30-18:30,1.0
赵宁宁,2025-07-09,17:30-18:30,1.0
岳飞扬,2025-07-09,17:30-18:30,1.0
马灼威,2025-07-09,17:30-18:30,1.0
杨春森,2025-07-09,17:30-18:30,1.0
徐正亮,2025-07-09,17:30-18:30,1.0
✅ 解析结果 [34/155]: 王富, 2025-07-09, 17:30-18:30, 1.0小时
✅ 解析结果 [34/155]: 赵宁宁, 2025-07-09, 17:30-18:30, 1.0小时
✅ 解析结果 [34/155]: 岳飞扬, 2025-07-09, 17:30-18:30, 1.0小时
✅ 解析结果 [34/155]: 马灼威, 2025-07-09, 17:30-18:30, 1.0小时
✅ 解析结果 [34/155]: 杨春森, 2025-07-09, 17:30-18:30, 1.0小时
✅ 解析结果 [34/155]: 徐正亮, 2025-07-09, 17:30-18:30, 1.0小时
⏱️ 处理完成 [34/155]: 70.10秒
------------------------------------------------------------------



📤 原始记录 [35/155]: 杨春森 2025-07-12 18:00 2025-07-12 23:59 5.98 为了满足订单需要，技术EA5000卧龙电机总成整桥装配，售后C2100N轮边驱动总成，1左1右，装配，测试发货等需要，今日班人员14人，加班:张海鹏，叶文敬，俞寅凯，殷顺威18:00--20:00，马灼威，徐正亮，马建发18:00--22:30，朱强，秦国超，岳飞扬，赵宁宁，王富，邓子鑫，杨春森18:00--24:00 钉钉
📥 模型返回 [35/155]:
 张海鹏,2025-07-12,18:00-20:00,2.0
叶文敬,2025-07-12,18:00-20:00,2.0
俞寅凯,2025-07-12,18:00-20:00,2.0
殷顺威,2025-07-12,18:00-20:00,2.0
马灼威,2025-07-12,18:00-22:30,4.5
徐正亮,2025-07-12,18:00-22:30,4.5
马建发,2025-07-12,18:00-22:30,4.5
朱强,2025-07-12,18:12-24:00,5.8
秦国超,2025-07-12,18:12-24:00,5.8
岳飞扬,2025-07-12,18:12-24:00,5.8
赵宁宁,2025-07-12,18:12-24:00,5.8
王富,2025-07-12,18:12-24:00,5.8
邓子鑫,2025-07-12,18:12-24:00,5.8
杨春森,2025-07-12,18:12-24:00,5.8
✅ 解析结果 [35/155]: 张海鹏, 2025-07-12, 18:00-20:00, 2.0小时
✅ 解析结果 [35/155]: 叶文敬, 2025-07-12, 18:00-20:00, 2.0小时
✅ 解析结果 [35/155]: 俞寅凯, 2025-07-12, 18:00-20:00, 2.0小时
✅ 解析结果 [35/155]: 殷顺威, 2025-07-12, 18:00-20:00, 2.0小时
✅ 解析结果 [35/155]: 马灼威, 2025-07-12, 18:00-22:30, 4.5小时
✅ 解析结果 [35/155]: 徐正亮, 2025-07-12, 18:00-22:30, 4.5小时
✅ 解析结果 [35/155]: 马建发, 2025-07-12, 18:00-22:30, 4.5小时
✅ 解析结果 [35/155]: 朱强, 2025-07-12, 18:12-24:00, 5.8小时
✅ 解析结果 [35/155]: 秦国超, 2025-07-12, 18:12-24:00, 5.8小时
✅ 解析结果 [35/155]: 岳飞扬, 2025-07-12, 18:12-24:00, 5.8小时
✅ 解析结果 [35/155]: 赵宁宁, 2025-07-12, 18:12-24:00, 5.8小时
✅ 解析结果 [35/155]: 王富, 2025-07-12, 18:12-24:00, 5.8小时
✅ 解析结果 [35/155]: 邓子鑫, 2025-07-12, 18:12-24:00, 5.8小时
✅ 解析结果 [35/155]: 杨春森, 2025-07-12, 18:12-24:00, 5.8小时
⏱️ 处理完成 [35/155]: 92.31秒
------------------------------------------------------------------



📤 原始记录 [36/155]: 杨春森 2025-07-23 17:30 2025-07-23 20:30 3.0 为了满足订单需要，EA5000气缸装配，测试，C1900N卧龙电机动力总成装配，C2100N轮边端盖总成装配，测试发货等需要，今日班人员9人，加班:张海鹏，俞寅凯，马建发，18:00--20:00，徐正亮，马宗坤，岳飞扬，秦国超,连班17:30--18:30，赵宁宁,杨春森,连班17:30--20:30 钉钉
📥 模型返回 [36/155]:
 张海鹏,2025-07-23,18:00-20:00,2.0
俞寅凯,2025-07-23,18:00-20:00,2.0
马建发,2025-07-23,18:00-20:00,2.0
徐正亮,2025-07-23,17:30-18:30,1.0
马宗坤,2025-07-23,17:30-18:30,1.0
岳飞扬,2025-07-23,17:30-18:30,1.0
秦国超,2025-07-23,17:30-18:30,1.0
赵宁宁,2025-07-23,17:30-18:30,1.0
杨春森,2025-07-23,17:30-20:30,3.0
✅ 解析结果 [36/155]: 张海鹏, 2025-07-23, 18:00-20:00, 2.0小时
✅ 解析结果 [36/155]: 俞寅凯, 2025-07-23, 18:00-20:00, 2.0小时
✅ 解析结果 [36/155]: 马建发, 2025-07-23, 18:00-20:00, 2.0小时
✅ 解析结果 [36/155]: 徐正亮, 2025-07-23, 17:30-18:30, 1.0小时
✅ 解析结果 [36/155]: 马宗坤, 2025-07-23, 17:30-18:30, 1.0小时
✅ 解析结果 [36/155]: 岳飞扬, 2025-07-23, 17:30-18:30, 1.0小时
✅ 解析结果 [36/155]: 秦国超, 2025-07-23, 17:30-18:30, 1.0小时
✅ 解析结果 [36/155]: 赵宁宁, 2025-07-23, 17:30-18:30, 1.0小时
✅ 解析结果 [36/155]: 杨春森, 2025-07-23, 17:30-20:30, 3.0小时
⏱️ 处理完成 [36/155]: 109.72秒
------------------------------------------------------------------



📤 原始记录 [37/155]: 杨春森 2025-07-24 18:00 2025-07-24 20:00 2.0 为了满足订单需要，EA5000气缸装配，测试，C1900N卧龙电机动力总成装配，测试发货等需要，今日班人员9人，加班:徐正亮，马灼威，马宗坤，岳飞扬，秦国超,赵宁宁,殷顺威，朱强，杨春森, 钉钉
📥 模型返回 [37/155]:
 徐正亮,2025-07-24,18:00-20:00,2.0
马灼威,2025-07-24,18:00-20:00,2.0
马宗坤,2025-07-24,18:00-20:00,2.0
岳飞扬,2025-07-24,18:00-20:00,2.0
秦国超,2025-07-24,18:00-20:00,2.0
赵宁宁,2025-07-24,18:00-20:00,2.0
殷顺威,2025-07-24,18:00-20:00,2.0
朱强,2025-07-24,18:00-20:00,2.0
杨春森,2025-07-24,18:00-20:00,2.0
✅ 解析结果 [37/155]: 徐正亮, 2025-07-24, 18:00-20:00, 2.0小时
✅ 解析结果 [37/155]: 马灼威, 2025-07-24, 18:00-20:00, 2.0小时
✅ 解析结果 [37/155]: 马宗坤, 2025-07-24, 18:00-20:00, 2.0小时
✅ 解析结果 [37/155]: 岳飞扬, 2025-07-24, 18:00-20:00, 2.0小时
✅ 解析结果 [37/155]: 秦国超, 2025-07-24, 18:00-20:00, 2.0小时
✅ 解析结果 [37/155]: 赵宁宁, 2025-07-24, 18:00-20:00, 2.0小时
✅ 解析结果 [37/155]: 殷顺威, 2025-07-24, 18:00-20:00, 2.0小时
✅ 解析结果 [37/155]: 朱强, 2025-07-24, 18:00-20:00, 2.0小时
✅ 解析结果 [37/155]: 杨春森, 2025-07-24, 18:00-20:00, 2.0小时
⏱️ 处理完成 [37/155]: 117.82秒
------------------------------------------------------------------



📤 原始记录 [38/155]: 杨春森 2025-07-25 17:30 2025-07-25 19:00 1.5 为了满足订单需要，EA5000气缸装配，测试，C1900N卧龙电机动力总成装配，测试发货等需要，今日连班人员6人，朱强，赵宁宁，岳飞扬，马崇坤，马建发，缪招胜， 钉钉
📥 模型返回 [38/155]:
 杨春森,2025-07-25,17:30-19:00,1.5
朱强,2025-07-25,17:30-19:00,1.5
赵宁宁,2025-07-25,17:30-19:00,1.5
岳飞扬,2025-07-25,17:30-19:00,1.5
马崇坤,2025-07-25,17:30-19:00,1.5
马建发,2025-07-25,17:30-19:00,1.5
缪招胜,2025-07-25,17:30-19:00,1.5
✅ 解析结果 [38/155]: 杨春森, 2025-07-25, 17:30-19:00, 1.5小时
✅ 解析结果 [38/155]: 朱强, 2025-07-25, 17:30-19:00, 1.5小时
✅ 解析结果 [38/155]: 赵宁宁, 2025-07-25, 17:30-19:00, 1.5小时
✅ 解析结果 [38/155]: 岳飞扬, 2025-07-25, 17:30-19:00, 1.5小时
✅ 解析结果 [38/155]: 马崇坤, 2025-07-25, 17:30-19:00, 1.5小时
✅ 解析结果 [38/155]: 马建发, 2025-07-25, 17:30-19:00, 1.5小时
✅ 解析结果 [38/155]: 缪招胜, 2025-07-25, 17:30-19:00, 1.5小时
⏱️ 处理完成 [38/155]: 118.32秒
------------------------------------------------------------------



📤 原始记录 [39/155]: 杨春森 2025-07-26 18:00 2025-07-26 20:00 2.0 为了满足订单需要，EA5000气缸装配，测试，C1900N卧龙电机动力总成装配，测试发货等需要，今日班人员11人，加班:徐正亮，马灼威，马宗坤，岳飞扬，秦国超,赵宁宁,殷顺威，邓子鑫，缪招胜，朱强，杨春森, 钉钉
📥 模型返回 [39/155]:
 徐正亮,2025-07-26,18:00-20:00,2.0
马灼威,2025-07-26,18:00-20:00,2.0
马宗坤,2025-07-26,18:00-20:00,2.0
岳飞扬,2025-07-26,18:00-20:00,2.0
秦国超,2025-07-26,18:00-20:00,2.0
赵宁宁,2025-07-26,18:00-20:00,2.0
殷顺威,2025-07-26,18:00-20:00,2.0
邓子鑫,2025-07-26,18:00-20:00,2.0
缪招胜,2025-07-26,18:00-20:00,2.0
朱强,2025-07-26,18:00-20:00,2.0
杨春森,2025-07-26,18:00-20:00,2.0
✅ 解析结果 [39/155]: 徐正亮, 2025-07-26, 18:00-20:00, 2.0小时
✅ 解析结果 [39/155]: 马灼威, 2025-07-26, 18:00-20:00, 2.0小时
✅ 解析结果 [39/155]: 马宗坤, 2025-07-26, 18:00-20:00, 2.0小时
✅ 解析结果 [39/155]: 岳飞扬, 2025-07-26, 18:00-20:00, 2.0小时
✅ 解析结果 [39/155]: 秦国超, 2025-07-26, 18:00-20:00, 2.0小时
✅ 解析结果 [39/155]: 赵宁宁, 2025-07-26, 18:00-20:00, 2.0小时
✅ 解析结果 [39/155]: 殷顺威, 2025-07-26, 18:00-20:00, 2.0小时
✅ 解析结果 [39/155]: 邓子鑫, 2025-07-26, 18:00-20:00, 2.0小时
✅ 解析结果 [39/155]: 缪招胜, 2025-07-26, 18:00-20:00, 2.0小时
✅ 解析结果 [39/155]: 朱强, 2025-07-26, 18:00-20:00, 2.0小时
✅ 解析结果 [39/155]: 杨春森, 2025-07-26, 18:00-20:00, 2.0小时
⏱️ 处理完成 [39/155]: 130.38秒
------------------------------------------------------------------



📤 原始记录 [40/155]: 杨春森 2025-07-28 18:00 2025-07-28 20:00 2.0 为了满足订单需要，整理车间现场，C1900N卧龙电机动力总成装配，测试发货等需要，今日班人员11人，加班:徐正亮，马灼威，马宗坤，岳飞扬，秦国超,赵宁宁,殷顺威，邓子鑫，缪招胜，朱强，杨春森, 钉钉
📥 模型返回 [40/155]:
 徐正亮,2025-07-28,18:00-20:00,2.0
马灼威,2025-07-28,18:00-20:00,2.0
马宗坤,2025-07-28,18:00-20:00,2.0
岳飞扬,2025-07-28,18:00-20:00,2.0
秦国超,2025-07-28,18:00-20:00,2.0
赵宁宁,2025-07-28,18:00-20:00,2.0
殷顺威,2025-07-28,18:00-20:00,2.0
邓子鑫,2025-07-28,18:00-20:00,2.0
缪招胜,2025-07-28,18:00-20:00,2.0
朱强,2025-07-28,18:00-20:00,2.0
杨春森,2025-07-28,18:00-20:00,2.0
✅ 解析结果 [40/155]: 徐正亮, 2025-07-28, 18:00-20:00, 2.0小时
✅ 解析结果 [40/155]: 马灼威, 2025-07-28, 18:00-20:00, 2.0小时
✅ 解析结果 [40/155]: 马宗坤, 2025-07-28, 18:00-20:00, 2.0小时
✅ 解析结果 [40/155]: 岳飞扬, 2025-07-28, 18:00-20:00, 2.0小时
✅ 解析结果 [40/155]: 秦国超, 2025-07-28, 18:00-20:00, 2.0小时
✅ 解析结果 [40/155]: 赵宁宁, 2025-07-28, 18:00-20:00, 2.0小时
✅ 解析结果 [40/155]: 殷顺威, 2025-07-28, 18:00-20:00, 2.0小时
✅ 解析结果 [40/155]: 邓子鑫, 2025-07-28, 18:00-20:00, 2.0小时
✅ 解析结果 [40/155]: 缪招胜, 2025-07-28, 18:00-20:00, 2.0小时
✅ 解析结果 [40/155]: 朱强, 2025-07-28, 18:00-20:00, 2.0小时
✅ 解析结果 [40/155]: 杨春森, 2025-07-28, 18:00-20:00, 2.0小时
⏱️ 处理完成 [40/155]: 145.32秒
------------------------------------------------------------------



📤 原始记录 [41/155]: 杨春森 2025-07-29 17:30 2025-07-29 18:30 1.0 为了满足订单需要，加班清洗压装，安装主动轮总成，连班人员1人:杨春森 钉钉
📥 模型返回 [41/155]:
 杨春森,2025-07-29,17:30-18:30,1.0
✅ 解析结果 [41/155]: 杨春森, 2025-07-29, 17:30-18:30, 1.0小时
⏱️ 处理完成 [41/155]: 138.94秒
------------------------------------------------------------------



📤 原始记录 [42/155]: 梁梅 2025-07-01 18:30 2025-07-01 21:00 2.5 新系统切换账务转结工作 飞书
📥 模型返回 [42/155]:
 梁梅,2025-07-01,18:30-21:00,2.5
✅ 解析结果 [42/155]: 梁梅, 2025-07-01, 18:30-21:00, 2.5小时
⏱️ 处理完成 [42/155]: 128.92秒
------------------------------------------------------------------



📤 原始记录 [43/155]: 梁梅 2025-07-02 18:00 2025-07-02 19:00 1.0 积压专项处理接待回收供应商 飞书
📥 模型返回 [43/155]:
 梁梅,2025-07-02,18:00-19:00,1.0
✅ 解析结果 [43/155]: 梁梅, 2025-07-02, 18:00-19:00, 1.0小时
⏱️ 处理完成 [43/155]: 121.51秒
------------------------------------------------------------------



📤 原始记录 [44/155]: 梁梅 2025-07-22 18:00 2025-07-22 19:00 1.0 仓储账务处理 飞书
📥 模型返回 [44/155]:
 梁梅,2025-07-22,18:00-19:00,1.0
✅ 解析结果 [44/155]: 梁梅, 2025-07-22, 18:00-19:00, 1.0小时
⏱️ 处理完成 [44/155]: 114.21秒
------------------------------------------------------------------



📤 原始记录 [45/155]: 梁梅 2025-07-23 18:00 2025-07-23 20:00 2.0 协调EA1900N项目加急物料到货检验、发生产总装 飞书
📥 模型返回 [45/155]:
 梁梅,2025-07-23,18:00-20:00,2.0
✅ 解析结果 [45/155]: 梁梅, 2025-07-23, 18:00-20:00, 2.0小时
⏱️ 处理完成 [45/155]: 91.69秒
------------------------------------------------------------------



📤 原始记录 [46/155]: 梁梅 2025-07-24 18:00 2025-07-24 20:00 2.0 仓储账务处理 飞书
📥 模型返回 [46/155]:
 梁梅,2025-07-24,18:00-20:00,2.0
✅ 解析结果 [46/155]: 梁梅, 2025-07-24, 18:00-20:00, 2.0小时
⏱️ 处理完成 [46/155]: 74.48秒
------------------------------------------------------------------



📤 原始记录 [47/155]: 段少波 2025-07-02 17:30 2025-07-02 20:00 2.5 1.京深打包发货 ，                      共1人                                                                                    1.段少波，17:30-20:00 钉钉
📥 模型返回 [47/155]:
 段少波,2025-07-02,17:30-20:00,2.5
✅ 解析结果 [47/155]: 段少波, 2025-07-02, 17:30-20:00, 2.5小时
⏱️ 处理完成 [47/155]: 66.90秒
------------------------------------------------------------------



📤 原始记录 [48/155]: 段少波 2025-07-05 08:30 2025-07-05 21:00 12.5 1.客户参观                 共1人                                                                                    1.段少波，08:30-21:00 钉钉
📥 模型返回 [48/155]:
 段少波,2025-07-05,08:30-21:00,12.5
✅ 解析结果 [48/155]: 段少波, 2025-07-05, 08:30-21:00, 12.5小时
⏱️ 处理完成 [48/155]: 67.15秒
------------------------------------------------------------------



📤 原始记录 [49/155]: 段少波 2025-07-08 06:00 2025-07-08 08:30 2.5 1.EA5000N118装配 ，                      共1人                                                                                    1.段少波，06:00-08:30 钉钉
📥 模型返回 [49/155]:
 段少波,2025-07-08,06:00-08:30,2.5
✅ 解析结果 [49/155]: 段少波, 2025-07-08, 06:00-08:30, 2.5小时
⏱️ 处理完成 [49/155]: 54.61秒
------------------------------------------------------------------



📤 原始记录 [50/155]: 段少波 2025-07-09 06:00 2025-07-09 08:30 2.5 1.EA5000N118装配 ，                      共1人                                                                                    1.段少波，06:00-08:30 钉钉
📥 模型返回 [50/155]:
 段少波,2025-07-09,06:00-08:30,2.5
✅ 解析结果 [50/155]: 段少波, 2025-07-09, 06:00-08:30, 2.5小时
⏱️ 处理完成 [50/155]: 40.65秒
------------------------------------------------------------------



📤 原始记录 [51/155]: 段少波 2025-07-10 06:00 2025-07-10 08:30 2.5 1.EA5000N118装配 ，                      共1人                                                                                    1.段少波，06:00-08:30 钉钉
📥 模型返回 [51/155]:
 段少波,2025-07-10,06:00-08:30,2.5
✅ 解析结果 [51/155]: 段少波, 2025-07-10, 06:00-08:30, 2.5小时
⏱️ 处理完成 [51/155]: 40.37秒
------------------------------------------------------------------



📤 原始记录 [52/155]: 段少波 2025-07-11 06:00 2025-07-11 08:30 2.5 1.EA5000N118装配 ，                      共1人                                                                                    1.段少波，06:00-08:30 钉钉
📥 模型返回 [52/155]:
 段少波,2025-07-11,06:00-08:30,2.5
✅ 解析结果 [52/155]: 段少波, 2025-07-11, 06:00-08:30, 2.5小时
⏱️ 处理完成 [52/155]: 40.65秒
------------------------------------------------------------------



📤 原始记录 [53/155]: 段少波 2025-07-14 06:00 2025-07-14 08:30 2.5 1.EA5000N118装配 ，                      共1人                                                                                    1.段少波，06:00-08:30 钉钉
📥 模型返回 [53/155]:
 段少波,2025-07-14,06:00-08:30,2.5
✅ 解析结果 [53/155]: 段少波, 2025-07-14, 06:00-08:30, 2.5小时
⏱️ 处理完成 [53/155]: 42.15秒
------------------------------------------------------------------



📤 原始记录 [54/155]: 段少波 2025-07-15 06:00 2025-07-15 08:30 2.5 1.EA5000N118装配 ，                      共1人                                                                                    1.段少波，06:00-08:30 钉钉
📥 模型返回 [54/155]:
 段少波,2025-07-15,06:00-08:30,2.5
✅ 解析结果 [54/155]: 段少波, 2025-07-15, 06:00-08:30, 2.5小时
⏱️ 处理完成 [54/155]: 42.98秒
------------------------------------------------------------------



📤 原始记录 [55/155]: 段少波 2025-07-16 06:00 2025-07-16 08:30 2.5 1.EA5000N118装配 ，                      共1人                                                                                    1.段少波，06:00-08:30 钉钉
📥 模型返回 [55/155]:
 段少波,2025-07-16,06:00-08:30,2.5
✅ 解析结果 [55/155]: 段少波, 2025-07-16, 06:00-08:30, 2.5小时
⏱️ 处理完成 [55/155]: 43.90秒
------------------------------------------------------------------



📤 原始记录 [56/155]: 段少波 2025-07-17 06:00 2025-07-17 08:30 2.5 1.EA5000N118装配 ，                      共1人                                                                                    1.段少波，06:00-08:30 钉钉
📥 模型返回 [56/155]:
 段少波,2025-07-17,06:00-08:30,2.5
✅ 解析结果 [56/155]: 段少波, 2025-07-17, 06:00-08:30, 2.5小时
⏱️ 处理完成 [56/155]: 45.75秒
------------------------------------------------------------------



📤 原始记录 [57/155]: 段少波 2025-07-24 17:30 2025-07-24 20:30 3.0 1.EA5000N102装配 ，                      共1人                                                                                    1.段少波，17:30-20:30 钉钉
📥 模型返回 [57/155]:
 段少波,2025-07-24,17:30-20:30,3.0
✅ 解析结果 [57/155]: 段少波, 2025-07-24, 17:30-20:30, 3.0小时
⏱️ 处理完成 [57/155]: 47.63秒
------------------------------------------------------------------



📤 原始记录 [58/155]: 段少波 2025-07-25 07:00 2025-07-25 08:30 1.5 1.EA1900NB102装配 ，                      共1人                                                                                    1.段少波，07:00-08:30 钉钉
📥 模型返回 [58/155]:
 段少波,2025-07-25,07:00-08:30,1.5
✅ 解析结果 [58/155]: 段少波, 2025-07-25, 07:00-08:30, 1.5小时
⏱️ 处理完成 [58/155]: 45.63秒
------------------------------------------------------------------



📤 原始记录 [59/155]: 段少波 2025-07-25 17:30 2025-07-26 08:30 15.0 1.EA1900NB102装配 ，                      共1人                                                                                    1.段少波，17:30-次日凌晨08:30 钉钉
📥 模型返回 [59/155]:
 段少波,2025-07-25,17:30-08:30,15.0
✅ 解析结果 [59/155]: 段少波, 2025-07-25, 17:30-08:30, 15.0小时
⏱️ 处理完成 [59/155]: 44.29秒
------------------------------------------------------------------



📤 原始记录 [60/155]: 段少波 2025-07-28 07:00 2025-07-28 08:30 1.5 1.EA1900NB102装配 ，                      共1人                                                                                    1.段少波，07:00-08:30 钉钉
📥 模型返回 [60/155]:
 段少波,2025-07-28,07:00-08:30,1.5
✅ 解析结果 [60/155]: 段少波, 2025-07-28, 07:00-08:30, 1.5小时
⏱️ 处理完成 [60/155]: 42.16秒
------------------------------------------------------------------



📤 原始记录 [61/155]: 段少波 2025-07-29 06:30 2025-07-29 08:30 2.0 1.EA1900NB102装配 ，                      共1人                                                                                    1.段少波，06:30-08:30 钉钉
📥 模型返回 [61/155]:
 段少波,2025-07-29,06:30-08:30,2.0
✅ 解析结果 [61/155]: 段少波, 2025-07-29, 06:30-08:30, 2.0小时
⏱️ 处理完成 [61/155]: 42.10秒
------------------------------------------------------------------



📤 原始记录 [62/155]: 殷四雄 2025-07-04 18:00 2025-07-04 19:00 1.0 跟踪EA5000N动力总成装配及配合发货 钉钉
📥 模型返回 [62/155]:
 殷四雄,2025-07-04,18:00-19:00,1.0
✅ 解析结果 [62/155]: 殷四雄, 2025-07-04, 18:00-19:00, 1.0小时
⏱️ 处理完成 [62/155]: 41.44秒
------------------------------------------------------------------



📤 原始记录 [63/155]: 殷四雄 2025-07-23 17:30 2025-07-23 18:30 1.0 跟踪EA5000N/EA1900NB动力总成的装配及发货 钉钉
📥 模型返回 [63/155]:
 殷四雄,2025-07-23,17:30-18:30,1.0
✅ 解析结果 [63/155]: 殷四雄, 2025-07-23, 17:30-18:30, 1.0小时
⏱️ 处理完成 [63/155]: 46.63秒
------------------------------------------------------------------



📤 原始记录 [64/155]: 殷四雄 2025-07-24 18:00 2025-07-24 19:30 1.5 跟踪EA1900NB动力总成的装配及发货 钉钉
📥 模型返回 [64/155]:
 殷四雄,2025-07-24,18:00-19:30,1.5
✅ 解析结果 [64/155]: 殷四雄, 2025-07-24, 18:00-19:30, 1.5小时
⏱️ 处理完成 [64/155]: 45.15秒
------------------------------------------------------------------



📤 原始记录 [65/155]: 沈琪海 2025-07-28 17:30 2025-07-28 19:00 1.5 给生产车间发放物料 钉钉
📥 模型返回 [65/155]:
 沈琪海,2025-07-28,17:30-19:00,1.5
✅ 解析结果 [65/155]: 沈琪海, 2025-07-28, 17:30-19:00, 1.5小时
⏱️ 处理完成 [65/155]: 44.80秒
------------------------------------------------------------------



📤 原始记录 [66/155]: 玉玲珑（魏玉玲） 2025-07-25 17:30 2025-07-25 21:30 4.0 EA1900NB102加急组装 加急出货 钉钉
📥 模型返回 [66/155]:
 玉玲珑（魏玉玲）,2025-07-25,17:30-21:30,4.0
✅ 解析结果 [66/155]: 玉玲珑（魏玉玲）, 2025-07-25, 17:30-21:30, 4.0小时
⏱️ 处理完成 [66/155]: 45.81秒
------------------------------------------------------------------



📤 原始记录 [67/155]: 玉玲珑（魏玉玲） 2025-07-25 17:30 2025-07-25 20:00 2.5 加班组装 EA1900NB102 钉钉
📥 模型返回 [67/155]:
 玉玲珑（魏玉玲）,2025-07-25,17:30-20:00,2.5
✅ 解析结果 [67/155]: 玉玲珑（魏玉玲）, 2025-07-25, 17:30-20:00, 2.5小时
⏱️ 处理完成 [67/155]: 45.24秒
------------------------------------------------------------------



📤 原始记录 [68/155]: 王佳忠 2025-07-11 18:00 2025-07-11 20:30 2.5 1、EA3800N可靠性试验    2、1400K耐久试验   3、EA3800N静态换挡   钉钉
📥 模型返回 [68/155]:
 王佳忠,2025-07-11,18:00-20:30,2.5
✅ 解析结果 [68/155]: 王佳忠, 2025-07-11, 18:00-20:30, 2.5小时
⏱️ 处理完成 [68/155]: 46.06秒
------------------------------------------------------------------



📤 原始记录 [69/155]: 王佳忠 2025-07-16 18:00 2025-07-16 20:30 2.5 1、报废件木托移至车间2楼。2、EA3800N可靠性试验 3、1400K耐久试验 4、EA3800N静态换挡 钉钉
📥 模型返回 [69/155]:
 王佳忠,2025-07-16,18:00-20:30,2.5
✅ 解析结果 [69/155]: 王佳忠, 2025-07-16, 18:00-20:30, 2.5小时
⏱️ 处理完成 [69/155]: 46.92秒
------------------------------------------------------------------



📤 原始记录 [70/155]: 王佳忠 2025-07-23 18:00 2025-07-23 20:30 2.5 1、EA3800可靠性试验  2、1400K耐久试验  3、EA1900N可靠性  4、EA3800N静态换挡试验 钉钉
📥 模型返回 [70/155]:
 王佳忠,2025-07-23,18:00-20:30,2.5
✅ 解析结果 [70/155]: 王佳忠, 2025-07-23, 18:00-20:30, 2.5小时
⏱️ 处理完成 [70/155]: 50.12秒
------------------------------------------------------------------



📤 原始记录 [71/155]: 王兴磊 2025-07-08 06:00 2025-07-08 08:30 2.5 发料，车间上班时间调整 钉钉
📥 模型返回 [71/155]:
 王兴磊,2025-07-08,06:00-08:30,2.5
✅ 解析结果 [71/155]: 王兴磊, 2025-07-08, 06:00-08:30, 2.5小时
⏱️ 处理完成 [71/155]: 49.09秒
------------------------------------------------------------------



📤 原始记录 [72/155]: 王兴磊 2025-07-14 06:00 2025-07-14 08:30 2.5 货位整理，车间上班时间调整 钉钉
📥 模型返回 [72/155]:
 王兴磊,2025-07-14,06:00-08:30,2.5
✅ 解析结果 [72/155]: 王兴磊, 2025-07-14, 06:00-08:30, 2.5小时
⏱️ 处理完成 [72/155]: 48.75秒
------------------------------------------------------------------



📤 原始记录 [73/155]: 王兴磊 2025-07-24 17:30 2025-07-24 20:00 2.5 来料清点，进销存更新，车间加班 钉钉
📥 模型返回 [73/155]:
 王兴磊,2025-07-24,17:30-20:00,2.5
✅ 解析结果 [73/155]: 王兴磊, 2025-07-24, 17:30-20:00, 2.5小时
⏱️ 处理完成 [73/155]: 47.08秒
------------------------------------------------------------------



📤 原始记录 [74/155]: 王兴磊 2025-07-25 07:30 2025-07-25 08:30 1.0 外出买招待客户的水果 钉钉
📥 模型返回 [74/155]:
 王兴磊,2025-07-25,07:30-08:30,1.0
✅ 解析结果 [74/155]: 王兴磊, 2025-07-25, 07:30-08:30, 1.0小时
⏱️ 处理完成 [74/155]: 48.01秒
------------------------------------------------------------------



📤 原始记录 [75/155]: 王兴磊 2025-07-25 17:30 2025-07-25 20:30 3.0 进销存更新，手工账本更新，车间加班 钉钉
📥 模型返回 [75/155]:
 王兴磊,2025-07-25,17:30-20:30,3.0
✅ 解析结果 [75/155]: 王兴磊, 2025-07-25, 17:30-20:30, 3.0小时
⏱️ 处理完成 [75/155]: 49.08秒
------------------------------------------------------------------



📤 原始记录 [76/155]: 董凯宁 2025-07-02 18:00 2025-07-02 20:00 2.0 1台EA1900NB101成品出厂检验 钉钉
📥 模型返回 [76/155]:
 董凯宁,2025-07-02,18:00-20:00,2.0
✅ 解析结果 [76/155]: 董凯宁, 2025-07-02, 18:00-20:00, 2.0小时
⏱️ 处理完成 [76/155]: 50.01秒
------------------------------------------------------------------



📤 原始记录 [77/155]: 钟洪伟 2025-07-01 18:00 2025-07-01 22:00 4.0 呆滞物料处理，加班人员：钟洪伟 钉钉
📥 模型返回 [77/155]:
 钟洪伟,2025-07-01,18:00-22:00,4.0
✅ 解析结果 [77/155]: 钟洪伟, 2025-07-01, 18:00-22:00, 4.0小时
⏱️ 处理完成 [77/155]: 47.07秒
------------------------------------------------------------------



📤 原始记录 [78/155]: 钟洪伟 2025-07-02 18:00 2025-07-02 19:00 1.0 呆滞物料处理，加班人员：钟洪伟 钉钉
📥 模型返回 [78/155]:
 钟洪伟,2025-07-02,18:00-19:00,1.0
✅ 解析结果 [78/155]: 钟洪伟, 2025-07-02, 18:00-19:00, 1.0小时
⏱️ 处理完成 [78/155]: 46.62秒
------------------------------------------------------------------



📤 原始记录 [79/155]: 钟洪伟 2025-07-04 18:00 2025-07-04 20:30 2.5 为满足C5000N动力总成发货，加班人员：钟洪伟 钉钉
📥 模型返回 [79/155]:
 钟洪伟,2025-07-04,18:00-20:30,2.5
✅ 解析结果 [79/155]: 钟洪伟, 2025-07-04, 18:00-20:30, 2.5小时
⏱️ 处理完成 [79/155]: 52.21秒
------------------------------------------------------------------



📤 原始记录 [80/155]: 钟洪伟 2025-07-12 18:00 2025-07-12 21:30 3.5 为满足C2100P19替换驱动系统总成2台发运加班，加班人员：钟洪伟 钉钉
📥 模型返回 [80/155]:
 钟洪伟,2025-07-12,18:00-21:30,3.5
✅ 解析结果 [80/155]: 钟洪伟, 2025-07-12, 18:00-21:30, 3.5小时
⏱️ 处理完成 [80/155]: 51.31秒
------------------------------------------------------------------



📤 原始记录 [81/155]: 钟洪伟 2025-07-28 18:00 2025-07-28 20:00 2.0 为满足EA1900N动力总成发运，加班人员：钟洪伟 钉钉
📥 模型返回 [81/155]:
 钟洪伟,2025-07-28,18:00-20:00,2.0
✅ 解析结果 [81/155]: 钟洪伟, 2025-07-28, 18:00-20:00, 2.0小时
⏱️ 处理完成 [81/155]: 51.68秒
------------------------------------------------------------------



📤 原始记录 [82/155]: 闫亚东 2025-07-02 18:00 2025-07-02 22:00 4.0 EA1200H集成化减速器壳体图纸出具 钉钉
📥 模型返回 [82/155]:
 闫亚东,2025-07-02,18:00-22:00,4.0
✅ 解析结果 [82/155]: 闫亚东, 2025-07-02, 18:00-22:00, 4.0小时
⏱️ 处理完成 [82/155]: 50.89秒
------------------------------------------------------------------



📤 原始记录 [83/155]: 闫亚东 2025-07-03 18:00 2025-07-03 21:00 3.0 EA1200H集成化减速器壳体图纸出具 钉钉
📥 模型返回 [83/155]:
 闫亚东,2025-07-03,18:00-21:00,3.0
✅ 解析结果 [83/155]: 闫亚东, 2025-07-03, 18:00-21:00, 3.0小时
⏱️ 处理完成 [83/155]: 46.39秒
------------------------------------------------------------------



📤 原始记录 [84/155]: 闫亚东 2025-07-05 09:45 2025-07-05 17:45 8.0 EA1200H集成化减速器壳体评审后结构调整 钉钉
📥 模型返回 [84/155]:
 闫亚东,2025-07-05,09:45-17:45,8.0
✅ 解析结果 [84/155]: 闫亚东, 2025-07-05, 09:45-17:45, 8.0小时
⏱️ 处理完成 [84/155]: 44.81秒
------------------------------------------------------------------



📤 原始记录 [85/155]: 闫亚东 2025-07-07 18:00 2025-07-07 21:00 3.0 EA1200H集成化减速器壳体评审后结构调整 钉钉
📥 模型返回 [85/155]:
 闫亚东,2025-07-07,18:00-21:00,3.0
✅ 解析结果 [85/155]: 闫亚东, 2025-07-07, 18:00-21:00, 3.0小时
⏱️ 处理完成 [85/155]: 44.70秒
------------------------------------------------------------------



📤 原始记录 [86/155]: 闫亚东 2025-07-15 18:00 2025-07-15 21:30 3.5 EA1200H集成化减速器壳体评审后结构调整细化 钉钉
📥 模型返回 [86/155]:
 闫亚东,2025-07-15,18:00-21:30,3.5
✅ 解析结果 [86/155]: 闫亚东, 2025-07-15, 18:00-21:30, 3.5小时
⏱️ 处理完成 [86/155]: 41.53秒
------------------------------------------------------------------



📤 原始记录 [87/155]: 闫亚东 2025-07-17 18:00 2025-07-17 21:00 3.0 EA1200H集成化减速器壳体系统图纸出具完善 钉钉
📥 模型返回 [87/155]:
 闫亚东,2025-07-17,18:00-21:00,3.0
✅ 解析结果 [87/155]: 闫亚东, 2025-07-17, 18:00-21:00, 3.0小时
⏱️ 处理完成 [87/155]: 42.68秒
------------------------------------------------------------------



📤 原始记录 [88/155]: 陈之东 2025-07-02 18:00 2025-07-02 19:40 1.67 差速器分析  差速器螺栓校核 钉钉
📥 模型返回 [88/155]:
 陈之东,2025-07-02,18:00-19:40,1.67
✅ 解析结果 [88/155]: 陈之东, 2025-07-02, 18:00-19:40, 1.67小时
⏱️ 处理完成 [88/155]: 42.26秒
------------------------------------------------------------------



📤 原始记录 [89/155]: 陈之东 2025-07-08 18:00 2025-07-08 19:00 1.0 差速器壳体仿真 钉钉
📥 模型返回 [89/155]:
 陈之东,2025-07-08,18:00-19:00,1.0
✅ 解析结果 [89/155]: 陈之东, 2025-07-08, 18:00-19:00, 1.0小时
⏱️ 处理完成 [89/155]: 34.91秒
------------------------------------------------------------------



📤 原始记录 [90/155]: 陈之东 2025-07-11 18:00 2025-07-11 19:00 1.0 转子仿真 钉钉
📥 模型返回 [90/155]:
 陈之东,2025-07-11,18:00-19:00,1.0
✅ 解析结果 [90/155]: 陈之东, 2025-07-11, 18:00-19:00, 1.0小时
⏱️ 处理完成 [90/155]: 34.09秒
------------------------------------------------------------------



📤 原始记录 [91/155]: 陈之东 2025-07-14 18:20 2025-07-14 19:50 1.5 1900板簧座  推力杆支架仿真 钉钉
📥 模型返回 [91/155]:
 陈之东,2025-07-14,18:20-19:50,1.5
✅ 解析结果 [91/155]: 陈之东, 2025-07-14, 18:20-19:50, 1.5小时
⏱️ 处理完成 [91/155]: 35.27秒
------------------------------------------------------------------



📤 原始记录 [92/155]: 陈之东 2025-07-15 18:00 2025-07-15 19:30 1.5 减速器壳体分析  电机轴尺寸链计算 钉钉
📥 模型返回 [92/155]:
 陈之东,2025-07-15,18:00-19:30,1.5
✅ 解析结果 [92/155]: 陈之东, 2025-07-15, 18:00-19:30, 1.5小时
⏱️ 处理完成 [92/155]: 43.58秒
------------------------------------------------------------------



📤 原始记录 [93/155]: 陈之东 2025-07-17 18:00 2025-07-17 19:40 1.67 天马轴承尺寸链校核 钉钉
📥 模型返回 [93/155]:
 陈之东,2025-07-17,18:00-19:40,1.67
✅ 解析结果 [93/155]: 陈之东, 2025-07-17, 18:00-19:40, 1.67小时
⏱️ 处理完成 [93/155]: 45.24秒
------------------------------------------------------------------



📤 原始记录 [94/155]: 陈之东 2025-07-22 18:00 2025-07-22 20:00 2.0 3800整桥仿真 钉钉
📥 模型返回 [94/155]:
 陈之东,2025-07-22,18:00-20:00,2.0
✅ 解析结果 [94/155]: 陈之东, 2025-07-22, 18:00-20:00, 2.0小时
⏱️ 处理完成 [94/155]: 45.44秒
------------------------------------------------------------------



📤 原始记录 [95/155]: 陈之东 2025-07-24 18:00 2025-07-24 19:00 1.0 1100k轴承系统搭建，3800整桥仿真 钉钉
📥 模型返回 [95/155]:
 陈之东,2025-07-24,18:00-19:00,1.0
✅ 解析结果 [95/155]: 陈之东, 2025-07-24, 18:00-19:00, 1.0小时
⏱️ 处理完成 [95/155]: 45.65秒
------------------------------------------------------------------



📤 原始记录 [96/155]: 陈之东 2025-07-30 18:00 2025-07-30 19:00 1.0 1100转向节臂仿真  大速比齿轮出图 钉钉
📥 模型返回 [96/155]:
 陈之东,2025-07-30,18:00-19:00,1.0
✅ 解析结果 [96/155]: 陈之东, 2025-07-30, 18:00-19:00, 1.0小时
⏱️ 处理完成 [96/155]: 50.20秒
------------------------------------------------------------------



📤 原始记录 [97/155]: 陈登科 2025-07-02 17:30 2025-07-02 18:30 1.0 跟董凯宁发货 钉钉
📥 模型返回 [97/155]:
 陈登科,2025-07-02,17:30-18:30,1.0
✅ 解析结果 [97/155]: 陈登科, 2025-07-02, 17:30-18:30, 1.0小时
⏱️ 处理完成 [97/155]: 48.94秒
------------------------------------------------------------------



📤 原始记录 [98/155]: 陈登科 2025-07-08 06:00 2025-07-08 08:30 2.5 早上6点上班 钉钉
📥 模型返回 [98/155]:
 陈登科,2025-07-08,06:00-08:30,2.5
✅ 解析结果 [98/155]: 陈登科, 2025-07-08, 06:00-08:30, 2.5小时
⏱️ 处理完成 [98/155]: 48.89秒
------------------------------------------------------------------



📤 原始记录 [99/155]: 陈登科 2025-07-09 06:00 2025-07-09 08:30 2.5 早上6点上班 钉钉
📥 模型返回 [99/155]:
 陈登科,2025-07-09,06:00-08:30,2.5
✅ 解析结果 [99/155]: 陈登科, 2025-07-09, 06:00-08:30, 2.5小时
⏱️ 处理完成 [99/155]: 49.47秒
------------------------------------------------------------------



📤 原始记录 [100/155]: 陈登科 2025-07-11 06:00 2025-07-11 08:30 2.5 巡检 钉钉
📥 模型返回 [100/155]:
 陈登科,2025-07-11,06:00-08:30,2.5
✅ 解析结果 [100/155]: 陈登科, 2025-07-11, 06:00-08:30, 2.5小时
⏱️ 处理完成 [100/155]: 47.88秒
------------------------------------------------------------------



📤 原始记录 [101/155]: 陈登科 2025-07-14 06:00 2025-07-14 08:30 2.5 巡检 钉钉
📥 模型返回 [101/155]:
 陈登科,2025-07-14,06:00-08:30,2.5
✅ 解析结果 [101/155]: 陈登科, 2025-07-14, 06:00-08:30, 2.5小时
⏱️ 处理完成 [101/155]: 47.81秒
------------------------------------------------------------------



📤 原始记录 [102/155]: 陈登科 2025-07-15 06:00 2025-07-15 08:30 2.5 巡检 钉钉
📥 模型返回 [102/155]:
 陈登科,2025-07-15,06:00-08:30,2.5
✅ 解析结果 [102/155]: 陈登科, 2025-07-15, 06:00-08:30, 2.5小时
⏱️ 处理完成 [102/155]: 38.54秒
------------------------------------------------------------------



📤 原始记录 [103/155]: 陈登科 2025-07-17 06:00 2025-07-17 08:30 2.5 巡检 钉钉
📥 模型返回 [103/155]:
 陈登科,2025-07-17,06:00-08:30,2.5
✅ 解析结果 [103/155]: 陈登科, 2025-07-17, 06:00-08:30, 2.5小时
⏱️ 处理完成 [103/155]: 37.66秒
------------------------------------------------------------------



📤 原始记录 [104/155]: 陈登科 2025-07-20 06:30 2025-07-20 11:30 5.0 巡检 钉钉
📥 模型返回 [104/155]:
 陈登科,2025-07-20,06:30-11:30,5.0
✅ 解析结果 [104/155]: 陈登科, 2025-07-20, 06:30-11:30, 5.0小时
⏱️ 处理完成 [104/155]: 37.12秒
------------------------------------------------------------------



📤 原始记录 [105/155]: 陈登科 2025-07-25 07:00 2025-07-26 05:30 13.0 1900发货 钉钉
📥 模型返回 [105/155]:
 陈登科,2025-07-25,07:00-05:30,13.0
✅ 解析结果 [105/155]: 陈登科, 2025-07-25, 07:00-05:30, 13.0小时
⏱️ 处理完成 [105/155]: 36.70秒
------------------------------------------------------------------



📤 原始记录 [106/155]: 陈登科 2025-07-28 06:30 2025-07-28 08:30 2.0 巡检 钉钉
📥 模型返回 [106/155]:
 陈登科,2025-07-28,06:30-08:30,2.0
✅ 解析结果 [106/155]: 陈登科, 2025-07-28, 06:30-08:30, 2.0小时
⏱️ 处理完成 [106/155]: 32.41秒
------------------------------------------------------------------



📤 原始记录 [107/155]: 陈登科 2025-07-29 06:30 2025-07-29 08:30 2.0 巡检 钉钉
📥 模型返回 [107/155]:
 陈登科,2025-07-29,06:30-08:30,2.0
✅ 解析结果 [107/155]: 陈登科, 2025-07-29, 06:30-08:30, 2.0小时
⏱️ 处理完成 [107/155]: 32.59秒
------------------------------------------------------------------



📤 原始记录 [108/155]: 陈雄 2025-07-08 06:00 2025-07-08 08:30 2.5 生产EA5000N118 钉钉
📥 模型返回 [108/155]:
 陈雄,2025-07-08,06:00-08:30,2.5
✅ 解析结果 [108/155]: 陈雄, 2025-07-08, 06:00-08:30, 2.5小时
⏱️ 处理完成 [108/155]: 32.42秒
------------------------------------------------------------------



📤 原始记录 [109/155]: 陈雄 2025-07-09 06:30 2025-07-09 08:30 2.0 生产EA5000N118 钉钉
📥 模型返回 [109/155]:
 陈雄,2025-07-09,06:30-08:30,2.0
✅ 解析结果 [109/155]: 陈雄, 2025-07-09, 06:30-08:30, 2.0小时
⏱️ 处理完成 [109/155]: 33.94秒
------------------------------------------------------------------



📤 原始记录 [110/155]: 陈雄 2025-07-10 06:00 2025-07-10 08:30 2.5 巡检EA5000N118 钉钉
📥 模型返回 [110/155]:
 陈雄,2025-07-10,06:00-08:30,2.5
✅ 解析结果 [110/155]: 陈雄, 2025-07-10, 06:00-08:30, 2.5小时
⏱️ 处理完成 [110/155]: 34.47秒
------------------------------------------------------------------



📤 原始记录 [111/155]: 陈雄 2025-07-14 06:00 2025-07-14 08:30 2.5 巡检EA5000N118 钉钉
📥 模型返回 [111/155]:
 陈雄,2025-07-14,06:00-08:30,2.5
✅ 解析结果 [111/155]: 陈雄, 2025-07-14, 06:00-08:30, 2.5小时
⏱️ 处理完成 [111/155]: 33.50秒
------------------------------------------------------------------



📤 原始记录 [112/155]: 陈雄 2025-07-15 06:00 2025-07-15 08:30 2.5 巡检EA5000N118 钉钉
📥 模型返回 [112/155]:
 陈雄,2025-07-15,06:00-08:30,2.5
✅ 解析结果 [112/155]: 陈雄, 2025-07-15, 06:00-08:30, 2.5小时
⏱️ 处理完成 [112/155]: 36.79秒
------------------------------------------------------------------



📤 原始记录 [113/155]: 陈雄 2025-07-16 06:00 2025-07-16 08:30 2.5 巡检EA5000N118 钉钉
📥 模型返回 [113/155]:
 陈雄,2025-07-16,06:00-08:30,2.5
✅ 解析结果 [113/155]: 陈雄, 2025-07-16, 06:00-08:30, 2.5小时
⏱️ 处理完成 [113/155]: 36.42秒
------------------------------------------------------------------



📤 原始记录 [114/155]: 陈雄 2025-07-17 06:00 2025-07-17 08:30 2.5 巡检EA5000N108 钉钉
📥 模型返回 [114/155]:
 陈雄,2025-07-17,06:00-08:30,2.5
✅ 解析结果 [114/155]: 陈雄, 2025-07-17, 06:00-08:30, 2.5小时
⏱️ 处理完成 [114/155]: 36.91秒
------------------------------------------------------------------



📤 原始记录 [115/155]: 陈雄 2025-07-24 17:30 2025-07-24 20:30 3.0 巡检EA1900NB102 钉钉
📥 模型返回 [115/155]:
 陈雄,2025-07-24,17:30-20:30,3.0
✅ 解析结果 [115/155]: 陈雄, 2025-07-24, 17:30-20:30, 3.0小时
⏱️ 处理完成 [115/155]: 38.17秒
------------------------------------------------------------------



📤 原始记录 [116/155]: 陈雄 2025-07-24 17:30 2025-07-24 20:30 3.0 生产EA1900NB102 钉钉
📥 模型返回 [116/155]:
 陈雄,2025-07-24,17:30-20:30,3.0
✅ 解析结果 [116/155]: 陈雄, 2025-07-24, 17:30-20:30, 3.0小时
⏱️ 处理完成 [116/155]: 38.11秒
------------------------------------------------------------------



📤 原始记录 [117/155]: 陈雄 2025-07-25 07:00 2025-07-25 08:30 1.5 EA5000NB108发货 钉钉
📥 模型返回 [117/155]:
 陈雄,2025-07-25,07:00-08:30,1.5
✅ 解析结果 [117/155]: 陈雄, 2025-07-25, 07:00-08:30, 1.5小时
⏱️ 处理完成 [117/155]: 37.48秒
------------------------------------------------------------------



📤 原始记录 [118/155]: 陈雄 2025-07-25 17:30 2025-07-25 20:30 3.0 EA5000NB108发货 钉钉
📥 模型返回 [118/155]:
 陈雄,2025-07-25,17:30-20:30,3.0
✅ 解析结果 [118/155]: 陈雄, 2025-07-25, 17:30-20:30, 3.0小时
⏱️ 处理完成 [118/155]: 37.23秒
------------------------------------------------------------------



📤 原始记录 [119/155]: 陈雄 2025-07-26 06:30 2025-07-26 08:30 2.0 EA5000NB102发货 钉钉
📥 模型返回 [119/155]:
 陈雄,2025-07-26,06:30-08:30,2.0
✅ 解析结果 [119/155]: 陈雄, 2025-07-26, 06:30-08:30, 2.0小时
⏱️ 处理完成 [119/155]: 33.95秒
------------------------------------------------------------------



📤 原始记录 [120/155]: 陈雄 2025-07-28 06:30 2025-07-28 08:30 2.0 巡检EA1900NB102 钉钉
📥 模型返回 [120/155]:
 陈雄,2025-07-28,06:30-08:30,2.0
✅ 解析结果 [120/155]: 陈雄, 2025-07-28, 06:30-08:30, 2.0小时
⏱️ 处理完成 [120/155]: 33.38秒
------------------------------------------------------------------



📤 原始记录 [121/155]: 陈雄 2025-07-29 06:30 2025-07-29 08:30 2.0 协助EA4000NB101 钉钉
📥 模型返回 [121/155]:
 陈雄,2025-07-29,06:30-08:30,2.0
✅ 解析结果 [121/155]: 陈雄, 2025-07-29, 06:30-08:30, 2.0小时
⏱️ 处理完成 [121/155]: 33.12秒
------------------------------------------------------------------



📤 原始记录 [122/155]: 霍慧鹏 2025-07-05 09:00 2025-07-05 18:00 9.0 EA1900零部件3d2d编制 钉钉
📥 模型返回 [122/155]:
 霍慧鹏,2025-07-05,09:00-18:00,9.0
✅ 解析结果 [122/155]: 霍慧鹏, 2025-07-05, 09:00-18:00, 9.0小时
⏱️ 处理完成 [122/155]: 35.79秒
------------------------------------------------------------------



📤 原始记录 [123/155]: 韦东略 2025-07-01 18:00 2025-07-01 20:31 2.52 值班 钉钉
📥 模型返回 [123/155]:
 韦东略,2025-07-01,18:00-20:31,2.52
✅ 解析结果 [123/155]: 韦东略, 2025-07-01, 18:00-20:31, 2.52小时
⏱️ 处理完成 [123/155]: 37.01秒
------------------------------------------------------------------



📤 原始记录 [124/155]: 韦东略 2025-07-03 18:00 2025-07-03 20:30 2.5 值班 钉钉
📥 模型返回 [124/155]:
 韦东略,2025-07-03,18:00-20:30,2.5
✅ 解析结果 [124/155]: 韦东略, 2025-07-03, 18:00-20:30, 2.5小时
⏱️ 处理完成 [124/155]: 37.12秒
------------------------------------------------------------------



📤 原始记录 [125/155]: 韦东略 2025-07-10 18:00 2025-07-10 20:30 2.5 值班 钉钉
📥 模型返回 [125/155]:
 韦东略,2025-07-10,18:00-20:30,2.5
✅ 解析结果 [125/155]: 韦东略, 2025-07-10, 18:00-20:30, 2.5小时
⏱️ 处理完成 [125/155]: 34.63秒
------------------------------------------------------------------



📤 原始记录 [126/155]: 韦东略 2025-07-14 18:00 2025-07-14 20:30 2.5 EA1100k齿轮油温升对比试验调试 钉钉
📥 模型返回 [126/155]:
 韦东略,2025-07-14,18:00-20:30,2.5
✅ 解析结果 [126/155]: 韦东略, 2025-07-14, 18:00-20:30, 2.5小时
⏱️ 处理完成 [126/155]: 34.35秒
------------------------------------------------------------------



📤 原始记录 [127/155]: 韦东略 2025-07-22 18:00 2025-07-22 20:30 2.5 1900h台架调试 钉钉
📥 模型返回 [127/155]:
 韦东略,2025-07-22,18:00-20:30,2.5
✅ 解析结果 [127/155]: 韦东略, 2025-07-22, 18:00-20:30, 2.5小时
⏱️ 处理完成 [127/155]: 35.78秒
------------------------------------------------------------------



📤 原始记录 [128/155]: 韦东略 2025-07-24 18:00 2025-07-24 20:30 2.5 值班 钉钉
📥 模型返回 [128/155]:
 韦东略,2025-07-24,18:00-20:30,2.5
✅ 解析结果 [128/155]: 韦东略, 2025-07-24, 18:00-20:30, 2.5小时
⏱️ 处理完成 [128/155]: 36.68秒
------------------------------------------------------------------



📤 原始记录 [129/155]: 马鸣强 2025-07-05 08:25 2025-07-05 19:00 10.58 协助生产 钉钉
📥 模型返回 [129/155]:
 马鸣强,2025-07-05,08:25-19:00,10.58
✅ 解析结果 [129/155]: 马鸣强, 2025-07-05, 08:25-19:00, 10.58小时
⏱️ 处理完成 [129/155]: 38.91秒
------------------------------------------------------------------



📤 原始记录 [130/155]: 高剑濠 2025-07-02 18:00 2025-07-02 21:10 3.17 EA3800可靠性耐久试验；EA3800动态换挡试验；EA3800静态换挡试验；C5000N气缸（Y-O4）100万次换挡验证试验，C5000N滑块磨损60万次验证试验；EA3800N环境仓冷凝试验；帮助生产发运两台电机总成（随州）；搭建安凯EA1400N道路试验台架。 钉钉
📥 模型返回 [130/155]:
 高剑濠,2025-07-02,18:00-21:10,3.17
✅ 解析结果 [130/155]: 高剑濠, 2025-07-02, 18:00-21:10, 3.17小时
⏱️ 处理完成 [130/155]: 39.73秒
------------------------------------------------------------------



📤 原始记录 [131/155]: 高剑濠 2025-07-09 18:00 2025-07-09 20:42 2.7 EA3800N TRS03可靠性耐久试验；D-1400K安凯道路试验第二轮耐久可靠性试验；EA3800静态换挡试验；C5000N滑套拨叉换挡磨损验证耐久试验；环境仓安费诺插件高温耐油试验 （EA3800N 油冷） 钉钉
📥 模型返回 [131/155]:
 高剑濠,2025-07-09,18:00-20:42,2.7
✅ 解析结果 [131/155]: 高剑濠, 2025-07-09, 18:00-20:42, 2.7小时
⏱️ 处理完成 [131/155]: 39.75秒
------------------------------------------------------------------



📤 原始记录 [132/155]: 高剑濠 2025-07-14 18:00 2025-07-14 20:30 2.5 EA3800N TRS03可靠性耐久试验；D-1400K安凯道路试验第二轮耐久可靠性试验；EA3800静态换挡试验；C5000N Y-O 100玩次换挡验证耐久试验；环境仓安费诺插件高温耐油试验 （EA3800N 油冷）；2#台架 EA1100K齿轮油温升对比试验台架搭建和调试。 钉钉
📥 模型返回 [132/155]:
 高剑濠,2025-07-14,18:00-20:30,2.5
✅ 解析结果 [132/155]: 高剑濠, 2025-07-14, 18:00-20:30, 2.5小时
⏱️ 处理完成 [132/155]: 37.29秒
------------------------------------------------------------------



📤 原始记录 [133/155]: 高剑濠 2025-07-15 18:00 2025-07-15 20:30 2.5 EA3800N TRS03可靠性耐久试验；D-1400K安凯道路试验第二轮耐久可靠性试验；EA3800静态换挡试验；C5000N Y-O 100万次换挡验证耐久试验；环境仓安费诺插件高温耐油试验 （EA3800N 油冷）；2#台架 EA1100K齿轮油温升对比试验。 钉钉
📥 模型返回 [133/155]:
 高剑濠,2025-07-15,18:00-20:30,2.5
✅ 解析结果 [133/155]: 高剑濠, 2025-07-15, 18:00-20:30, 2.5小时
⏱️ 处理完成 [133/155]: 38.03秒
------------------------------------------------------------------



📤 原始记录 [134/155]: 高剑濠 2025-07-25 18:00 2025-07-25 20:35 2.58 EA1400k安凯道路可靠性耐久试验；EA1900N可靠性耐久试验；EA3800N动态换挡试验；C5000N 换挡气缸（Y-O 第4轮） 钉钉
📥 模型返回 [134/155]:
 高剑濠,2025-07-25,18:00-20:35,2.58
✅ 解析结果 [134/155]: 高剑濠, 2025-07-25, 18:00-20:35, 2.58小时
⏱️ 处理完成 [134/155]: 40.27秒
------------------------------------------------------------------



📤 原始记录 [135/155]: 魏军 2025-07-26 03:00 2025-07-26 08:30 5.5 EA1900NB102加急发货，通知零晨3点到公司检验物料 钉钉
📥 模型返回 [135/155]:
 魏军,2025-07-26,03:00-08:30,5.5
✅ 解析结果 [135/155]: 魏军, 2025-07-26, 03:00-08:30, 5.5小时
⏱️ 处理完成 [135/155]: 41.64秒
------------------------------------------------------------------



📤 原始记录 [136/155]: 魏权 2025-07-02 17:30 2025-07-02 20:00 2.5 1.京深深向打包发货，共12人   1.席智成，李明，高星   17：30-18：30   2.王能武，高群，刘登，林超，刘贤杰，李炎炎，余东明，魏权，万俊杰     17：30-20：00 钉钉
📥 模型返回 [136/155]:
 席智成,2025-07-02,17:30-18:30,1.0
李明,2025-07-02,17:30-18:30,1.0
高星,2025-07-02,17:30-18:30,1.0
王能武,2025-07-02,17:20-20:10,2.8
高群,2025-07-02,17:20-20:10,2.8
刘登,2025-07-02,17:20-20:10,2.8
林超,2025-07-02,17:20-20:10,2.8
刘贤杰,2025-07-02,17:20-20:10,2.8
李炎炎,2025-07-02,17:20-20:10,2.8
余东明,2025-07-02,17:20-20:10,2.8
魏权,2025-07-02,17:20-20:10,2.8
万俊杰,2025-07-02,17:20-20:10,2.8
✅ 解析结果 [136/155]: 席智成, 2025-07-02, 17:30-18:30, 1.0小时
✅ 解析结果 [136/155]: 李明, 2025-07-02, 17:30-18:30, 1.0小时
✅ 解析结果 [136/155]: 高星, 2025-07-02, 17:30-18:30, 1.0小时
✅ 解析结果 [136/155]: 王能武, 2025-07-02, 17:20-20:10, 2.8小时
✅ 解析结果 [136/155]: 高群, 2025-07-02, 17:20-20:10, 2.8小时
✅ 解析结果 [136/155]: 刘登, 2025-07-02, 17:20-20:10, 2.8小时
✅ 解析结果 [136/155]: 林超, 2025-07-02, 17:20-20:10, 2.8小时
✅ 解析结果 [136/155]: 刘贤杰, 2025-07-02, 17:20-20:10, 2.8小时
✅ 解析结果 [136/155]: 李炎炎, 2025-07-02, 17:20-20:10, 2.8小时
✅ 解析结果 [136/155]: 余东明, 2025-07-02, 17:20-20:10, 2.8小时
✅ 解析结果 [136/155]: 魏权, 2025-07-02, 17:20-20:10, 2.8小时
✅ 解析结果 [136/155]: 万俊杰, 2025-07-02, 17:20-20:10, 2.8小时
⏱️ 处理完成 [136/155]: 70.92秒
------------------------------------------------------------------



📤 原始记录 [137/155]: 魏权 2025-07-05 18:00 2025-07-05 19:00 1.0 1.客户参观，共1人   1.叶成  18：00-19：00 钉钉
📥 模型返回 [137/155]:
 魏权,2025-07-05,18:00-19:00,1.0
叶成,2025-07-05,18:00-19:00,1.0
✅ 解析结果 [137/155]: 魏权, 2025-07-05, 18:00-19:00, 1.0小时
✅ 解析结果 [137/155]: 叶成, 2025-07-05, 18:00-19:00, 1.0小时
⏱️ 处理完成 [137/155]: 72.56秒
------------------------------------------------------------------



📤 原始记录 [138/155]: 魏权 2025-07-05 18:00 2025-07-05 19:00 1.0 1.客户参观，共22人   1.林超，李炎炎，刘卫宜，刘杰，王星，王松， 田磊，高群，陈威，魏权，曹博文，余东明，孙盼，高星，刘成香，王洋，刘登，李明，沈洋，席智成，李享，王能武   18：00-19：00 钉钉
📥 模型返回 [138/155]:
 魏权,2025-07-05,18:00-19:00,1.0
林超,2025-07-05,18:00-19:00,1.0
李炎炎,2025-07-05,18:00-19:00,1.0
刘卫宜,2025-07-05,18:00-19:00,1.0
刘杰,2025-07-05,18:00-19:00,1.0
王星,2025-07-05,18:00-19:00,1.0
王松,2025-07-05,18:00-19:00,1.0
田磊,2025-07-05,18:00-19:00,1.0
高群,2025-07-05,18:00-19:00,1.0
陈威,2025-07-05,18:00-19:00,1.0
曹博文,2025-07-05,18:00-19:00,1.0
余东明,2025-07-05,18:00-19:00,1.0
孙盼,2025-07-05,18:00-19:00,1.0
高星,2025-07-05,18:00-19:00,1.0
刘成香,2025-07-05,18:00-19:00,1.0
王洋,2025-07-05,18:00-19:00,1.0
刘登,2025-07-05,18:00-19:00,1.0
李明,2025-07-05,18:00-19:00,1.0
沈洋,2025-07-05,18:00-19:00,1.0
席智成,2025-07-05,18:00-19:00,1.0
李享,2025-07-05,18:00-19:00,1.0
王能武,2025-07-05,18:00-19:00,1.0
✅ 解析结果 [138/155]: 魏权, 2025-07-05, 18:00-19:00, 1.0小时
✅ 解析结果 [138/155]: 林超, 2025-07-05, 18:00-19:00, 1.0小时
✅ 解析结果 [138/155]: 李炎炎, 2025-07-05, 18:00-19:00, 1.0小时
✅ 解析结果 [138/155]: 刘卫宜, 2025-07-05, 18:00-19:00, 1.0小时
✅ 解析结果 [138/155]: 刘杰, 2025-07-05, 18:00-19:00, 1.0小时
✅ 解析结果 [138/155]: 王星, 2025-07-05, 18:00-19:00, 1.0小时
✅ 解析结果 [138/155]: 王松, 2025-07-05, 18:00-19:00, 1.0小时
✅ 解析结果 [138/155]: 田磊, 2025-07-05, 18:00-19:00, 1.0小时
✅ 解析结果 [138/155]: 高群, 2025-07-05, 18:00-19:00, 1.0小时
✅ 解析结果 [138/155]: 陈威, 2025-07-05, 18:00-19:00, 1.0小时
✅ 解析结果 [138/155]: 曹博文, 2025-07-05, 18:00-19:00, 1.0小时
✅ 解析结果 [138/155]: 余东明, 2025-07-05, 18:00-19:00, 1.0小时
✅ 解析结果 [138/155]: 孙盼, 2025-07-05, 18:00-19:00, 1.0小时
✅ 解析结果 [138/155]: 高星, 2025-07-05, 18:00-19:00, 1.0小时
✅ 解析结果 [138/155]: 刘成香, 2025-07-05, 18:00-19:00, 1.0小时
✅ 解析结果 [138/155]: 王洋, 2025-07-05, 18:00-19:00, 1.0小时
✅ 解析结果 [138/155]: 刘登, 2025-07-05, 18:00-19:00, 1.0小时
✅ 解析结果 [138/155]: 李明, 2025-07-05, 18:00-19:00, 1.0小时
✅ 解析结果 [138/155]: 沈洋, 2025-07-05, 18:00-19:00, 1.0小时
✅ 解析结果 [138/155]: 席智成, 2025-07-05, 18:00-19:00, 1.0小时
✅ 解析结果 [138/155]: 李享, 2025-07-05, 18:00-19:00, 1.0小时
✅ 解析结果 [138/155]: 王能武, 2025-07-05, 18:00-19:00, 1.0小时
⏱️ 处理完成 [138/155]: 84.90秒
------------------------------------------------------------------



📤 原始记录 [139/155]: 魏权 2025-07-08 06:00 2025-07-08 08:30 2.5 1.EA5000N118装配，EA3800N101EOL测试，终处理，EA5000NB107打包发货，共27人   1.高群，王松，李飞，王能武，王星，刘杰，沈洋，田磊，刘成香，刘登，李炎炎，陈威，余东明，王洋，孙盼，林超，曹博文，高星，席智成，魏权，刘贤杰，万俊杰，叶成，李明，怀雄，刘卫宜，李享   06：00-08：30 钉钉
📥 模型返回 [139/155]:
 高群,2025-07-08,06:00-08:30,2.5
王松,2025-07-08,06:00-08:30,2.5
李飞,2025-07-08,06:00-08:30,2.5
王能武,2025-07-08,06:00-08:30,2.5
王星,2025-07-08,06:00-08:30,2.5
刘杰,2025-07-08,06:00-08:30,2.5
沈洋,2025-07-08,06:00-08:30,2.5
田磊,2025-07-08,06:00-08:30,2.5
刘成香,2025-07-08,06:00-08:30,2.5
刘登,2025-07-08,06:00-08:30,2.5
李炎炎,2025-07-08,06:00-08:30,2.5
陈威,2025-07-08,06:00-08:30,2.5
余东明,2025-07-08,06:00-08:30,2.5
王洋,2025-07-08,06:00-08:30,2.5
孙盼,2025-07-08,06:00-08:30,2.5
林超,2025-07-08,06:00-08:30,2.5
曹博文,2025-07-08,06:00-08:30,2.5
高星,2025-07-08,06:00-08:30,2.5
席智成,2025-07-08,06:00-08:30,2.5
魏权,2025-07-08,06:00-08:30,2.5
刘贤杰,2025-07-08,06:00-08:30,2.5
万俊杰,2025-07-08,06:00-08:30,2.5
叶成,2025-07-08,06:00-08:30,2.5
李明,2025-07-08,06:00-08:30,2.5
怀雄,2025-07-08,06:00-08:30,2.5
刘卫宜,2025-07-08,06:00-08:30,2.5
李享,2025-07-08,06:00-08:30,2.5
✅ 解析结果 [139/155]: 高群, 2025-07-08, 06:00-08:30, 2.5小时
✅ 解析结果 [139/155]: 王松, 2025-07-08, 06:00-08:30, 2.5小时
✅ 解析结果 [139/155]: 李飞, 2025-07-08, 06:00-08:30, 2.5小时
✅ 解析结果 [139/155]: 王能武, 2025-07-08, 06:00-08:30, 2.5小时
✅ 解析结果 [139/155]: 王星, 2025-07-08, 06:00-08:30, 2.5小时
✅ 解析结果 [139/155]: 刘杰, 2025-07-08, 06:00-08:30, 2.5小时
✅ 解析结果 [139/155]: 沈洋, 2025-07-08, 06:00-08:30, 2.5小时
✅ 解析结果 [139/155]: 田磊, 2025-07-08, 06:00-08:30, 2.5小时
✅ 解析结果 [139/155]: 刘成香, 2025-07-08, 06:00-08:30, 2.5小时
✅ 解析结果 [139/155]: 刘登, 2025-07-08, 06:00-08:30, 2.5小时
✅ 解析结果 [139/155]: 李炎炎, 2025-07-08, 06:00-08:30, 2.5小时
✅ 解析结果 [139/155]: 陈威, 2025-07-08, 06:00-08:30, 2.5小时
✅ 解析结果 [139/155]: 余东明, 2025-07-08, 06:00-08:30, 2.5小时
✅ 解析结果 [139/155]: 王洋, 2025-07-08, 06:00-08:30, 2.5小时
✅ 解析结果 [139/155]: 孙盼, 2025-07-08, 06:00-08:30, 2.5小时
✅ 解析结果 [139/155]: 林超, 2025-07-08, 06:00-08:30, 2.5小时
✅ 解析结果 [139/155]: 曹博文, 2025-07-08, 06:00-08:30, 2.5小时
✅ 解析结果 [139/155]: 高星, 2025-07-08, 06:00-08:30, 2.5小时
✅ 解析结果 [139/155]: 席智成, 2025-07-08, 06:00-08:30, 2.5小时
✅ 解析结果 [139/155]: 魏权, 2025-07-08, 06:00-08:30, 2.5小时
✅ 解析结果 [139/155]: 刘贤杰, 2025-07-08, 06:00-08:30, 2.5小时
✅ 解析结果 [139/155]: 万俊杰, 2025-07-08, 06:00-08:30, 2.5小时
✅ 解析结果 [139/155]: 叶成, 2025-07-08, 06:00-08:30, 2.5小时
✅ 解析结果 [139/155]: 李明, 2025-07-08, 06:00-08:30, 2.5小时
✅ 解析结果 [139/155]: 怀雄, 2025-07-08, 06:00-08:30, 2.5小时
✅ 解析结果 [139/155]: 刘卫宜, 2025-07-08, 06:00-08:30, 2.5小时
✅ 解析结果 [139/155]: 李享, 2025-07-08, 06:00-08:30, 2.5小时
⏱️ 处理完成 [139/155]: 101.31秒
------------------------------------------------------------------



📤 原始记录 [140/155]: 魏权 2025-07-09 06:00 2025-07-09 08:30 2.5 1.EA5000N118装配，EOL测试，终处理，共27人   1.高群，王松，李飞，王能武，王星，刘杰，沈洋，田磊，刘成香，刘登，李炎炎，陈威，余东明，王洋，孙盼，林超，曹博文，高星，席智成，魏权，刘贤杰，万俊杰，叶成，李明，怀雄，刘卫宜，张磊磊   06：00-08：30 钉钉
📥 模型返回 [140/155]:
 魏权,2025-07-09,06:00-08:30,2.5
高群,2025-07-09,06:00-08:30,2.5
王松,2025-07-09,06:00-08:30,2.5
李飞,2025-07-09,06:00-08:30,2.5
王能武,2025-07-09,06:00-08:30,2.5
王星,2025-07-09,06:00-08:30,2.5
刘杰,2025-07-09,06:00-08:30,2.5
沈洋,2025-07-09,06:00-08:30,2.5
田磊,2025-07-09,06:00-08:30,2.5
刘成香,2025-07-09,06:00-08:30,2.5
刘登,2025-07-09,06:00-08:30,2.5
李炎炎,2025-07-09,06:00-08:30,2.5
陈威,2025-07-09,06:00-08:30,2.5
余东明,2025-07-09,06:00-08:30,2.5
王洋,2025-07-09,06:00-08:30,2.5
孙盼,2025-07-09,06:00-08:30,2.5
林超,2025-07-09,06:00-08:30,2.5
曹博文,2025-07-09,06:00-08:30,2.5
高星,2025-07-09,06:00-08:30,2.5
席智成,2025-07-09,06:00-08:30,2.5
刘贤杰,2025-07-09,06:00-08:30,2.5
万俊杰,2025-07-09,06:00-08:30,2.5
叶成,2025-07-09,06:00-08:30,2.5
李明,2025-07-09,06:00-08:30,2.5
怀雄,2025-07-09,06:00-08:30,2.5
刘卫宜,2025-07-09,06:00-08:30,2.5
张磊磊,2025-07-09,06:00-08:30,2.5
✅ 解析结果 [140/155]: 魏权, 2025-07-09, 06:00-08:30, 2.5小时
✅ 解析结果 [140/155]: 高群, 2025-07-09, 06:00-08:30, 2.5小时
✅ 解析结果 [140/155]: 王松, 2025-07-09, 06:00-08:30, 2.5小时
✅ 解析结果 [140/155]: 李飞, 2025-07-09, 06:00-08:30, 2.5小时
✅ 解析结果 [140/155]: 王能武, 2025-07-09, 06:00-08:30, 2.5小时
✅ 解析结果 [140/155]: 王星, 2025-07-09, 06:00-08:30, 2.5小时
✅ 解析结果 [140/155]: 刘杰, 2025-07-09, 06:00-08:30, 2.5小时
✅ 解析结果 [140/155]: 沈洋, 2025-07-09, 06:00-08:30, 2.5小时
✅ 解析结果 [140/155]: 田磊, 2025-07-09, 06:00-08:30, 2.5小时
✅ 解析结果 [140/155]: 刘成香, 2025-07-09, 06:00-08:30, 2.5小时
✅ 解析结果 [140/155]: 刘登, 2025-07-09, 06:00-08:30, 2.5小时
✅ 解析结果 [140/155]: 李炎炎, 2025-07-09, 06:00-08:30, 2.5小时
✅ 解析结果 [140/155]: 陈威, 2025-07-09, 06:00-08:30, 2.5小时
✅ 解析结果 [140/155]: 余东明, 2025-07-09, 06:00-08:30, 2.5小时
✅ 解析结果 [140/155]: 王洋, 2025-07-09, 06:00-08:30, 2.5小时
✅ 解析结果 [140/155]: 孙盼, 2025-07-09, 06:00-08:30, 2.5小时
✅ 解析结果 [140/155]: 林超, 2025-07-09, 06:00-08:30, 2.5小时
✅ 解析结果 [140/155]: 曹博文, 2025-07-09, 06:00-08:30, 2.5小时
✅ 解析结果 [140/155]: 高星, 2025-07-09, 06:00-08:30, 2.5小时
✅ 解析结果 [140/155]: 席智成, 2025-07-09, 06:00-08:30, 2.5小时
✅ 解析结果 [140/155]: 刘贤杰, 2025-07-09, 06:00-08:30, 2.5小时
✅ 解析结果 [140/155]: 万俊杰, 2025-07-09, 06:00-08:30, 2.5小时
✅ 解析结果 [140/155]: 叶成, 2025-07-09, 06:00-08:30, 2.5小时
✅ 解析结果 [140/155]: 李明, 2025-07-09, 06:00-08:30, 2.5小时
✅ 解析结果 [140/155]: 怀雄, 2025-07-09, 06:00-08:30, 2.5小时
✅ 解析结果 [140/155]: 刘卫宜, 2025-07-09, 06:00-08:30, 2.5小时
✅ 解析结果 [140/155]: 张磊磊, 2025-07-09, 06:00-08:30, 2.5小时
⏱️ 处理完成 [140/155]: 136.50秒
------------------------------------------------------------------



📤 原始记录 [141/155]: 魏权 2025-07-10 06:00 2025-07-10 08:30 2.5 1.EA5000N118装配，EOL测试，终处理，共27人   1.高群，王松，李飞，王能武，王星，刘杰，沈洋，田磊，刘成香，刘登，李炎炎，陈威，余东明，王洋，孙盼，林超，高星，席智成，魏权，刘贤杰，万俊杰，叶成，李明，怀雄，刘卫宜，张磊磊   06：00-08：30   2.曹博文  06：30-08：30 钉钉
📥 模型返回 [141/155]:
 高群,2025-07-10,06:00-08:30,2.5
王松,2025-07-10,06:00-08:30,2.5
李飞,2025-07-10,06:00-08:30,2.5
王能武,2025-07-10,06:00-08:30,2.5
王星,2025-07-10,06:00-08:30,2.5
刘杰,2025-07-10,06:00-08:30,2.5
沈洋,2025-07-10,06:00-08:30,2.5
田磊,2025-07-10,06:00-08:30,2.5
刘成香,2025-07-10,06:00-08:30,2.5
刘登,2025-07-10,06:00-08:30,2.5
李炎炎,2025-07-10,06:00-08:30,2.5
陈威,2025-07-10,06:00-08:30,2.5
余东明,2025-07-10,06:00-08:30,2.5
王洋,2025-07-10,06:00-08:30,2.5
孙盼,2025-07-10,06:00-08:30,2.5
林超,2025-07-10,06:00-08:30,2.5
高星,2025-07-10,06:00-08:30,2.5
席智成,2025-07-10,06:00-08:30,2.5
魏权,2025-07-10,06:00-08:30,2.5
刘贤杰,2025-07-10,06:00-08:30,2.5
万俊杰,2025-07-10,06:00-08:30,2.5
叶成,2025-07-10,06:00-08:30,2.5
李明,2025-07-10,06:00-08:30,2.5
怀雄,2025-07-10,06:00-08:30,2.5
刘卫宜,2025-07-10,06:00-08:30,2.5
张磊磊,2025-07-10,06:00-08:30,2.5
曹博文,2025-07-10,06:30-08:30,2.0
✅ 解析结果 [141/155]: 高群, 2025-07-10, 06:00-08:30, 2.5小时
✅ 解析结果 [141/155]: 王松, 2025-07-10, 06:00-08:30, 2.5小时
✅ 解析结果 [141/155]: 李飞, 2025-07-10, 06:00-08:30, 2.5小时
✅ 解析结果 [141/155]: 王能武, 2025-07-10, 06:00-08:30, 2.5小时
✅ 解析结果 [141/155]: 王星, 2025-07-10, 06:00-08:30, 2.5小时
✅ 解析结果 [141/155]: 刘杰, 2025-07-10, 06:00-08:30, 2.5小时
✅ 解析结果 [141/155]: 沈洋, 2025-07-10, 06:00-08:30, 2.5小时
✅ 解析结果 [141/155]: 田磊, 2025-07-10, 06:00-08:30, 2.5小时
✅ 解析结果 [141/155]: 刘成香, 2025-07-10, 06:00-08:30, 2.5小时
✅ 解析结果 [141/155]: 刘登, 2025-07-10, 06:00-08:30, 2.5小时
✅ 解析结果 [141/155]: 李炎炎, 2025-07-10, 06:00-08:30, 2.5小时
✅ 解析结果 [141/155]: 陈威, 2025-07-10, 06:00-08:30, 2.5小时
✅ 解析结果 [141/155]: 余东明, 2025-07-10, 06:00-08:30, 2.5小时
✅ 解析结果 [141/155]: 王洋, 2025-07-10, 06:00-08:30, 2.5小时
✅ 解析结果 [141/155]: 孙盼, 2025-07-10, 06:00-08:30, 2.5小时
✅ 解析结果 [141/155]: 林超, 2025-07-10, 06:00-08:30, 2.5小时
✅ 解析结果 [141/155]: 高星, 2025-07-10, 06:00-08:30, 2.5小时
✅ 解析结果 [141/155]: 席智成, 2025-07-10, 06:00-08:30, 2.5小时
✅ 解析结果 [141/155]: 魏权, 2025-07-10, 06:00-08:30, 2.5小时
✅ 解析结果 [141/155]: 刘贤杰, 2025-07-10, 06:00-08:30, 2.5小时
✅ 解析结果 [141/155]: 万俊杰, 2025-07-10, 06:00-08:30, 2.5小时
✅ 解析结果 [141/155]: 叶成, 2025-07-10, 06:00-08:30, 2.5小时
✅ 解析结果 [141/155]: 李明, 2025-07-10, 06:00-08:30, 2.5小时
✅ 解析结果 [141/155]: 怀雄, 2025-07-10, 06:00-08:30, 2.5小时
✅ 解析结果 [141/155]: 刘卫宜, 2025-07-10, 06:00-08:30, 2.5小时
✅ 解析结果 [141/155]: 张磊磊, 2025-07-10, 06:00-08:30, 2.5小时
✅ 解析结果 [141/155]: 曹博文, 2025-07-10, 06:30-08:30, 2.0小时
⏱️ 处理完成 [141/155]: 172.13秒
------------------------------------------------------------------



📤 原始记录 [142/155]: 魏权 2025-07-11 06:00 2025-07-11 08:30 2.5 1.EA5000N118装配，EOL测试，终处理，共27人   1.高群，王松，李飞，王能武，王星，刘杰，沈洋，田磊，刘成香，刘登，李炎炎，陈威，余东明，王洋，孙盼，林超，曹博文，高星，席智成，魏权，刘贤杰，万俊杰，叶成，李明，怀雄，刘卫宜，张磊磊   06：00-08：30 钉钉
📥 模型返回 [142/155]:
 高群,2025-07-11,06:00-08:30,2.5  
王松,2025-07-11,06:00-08:30,2.5  
李飞,2025-07-11,06:00-08:30,2.5  
王能武,2025-07-11,06:00-08:30,2.5  
王星,2025-07-11,06:00-08:30,2.5  
刘杰,2025-07-11,06:00-08:30,2.5  
沈洋,2025-07-11,06:00-08:30,2.5  
田磊,2025-07-11,06:00-08:30,2.5  
刘成香,2025-07-11,06:00-08:30,2.5  
刘登,2025-07-11,06:00-08:30,2.5  
李炎炎,2025-07-11,06:00-08:30,2.5  
陈威,2025-07-11,06:00-08:30,2.5  
余东明,2025-07-11,06:00-08:30,2.5  
王洋,2025-07-11,06:00-08:30,2.5  
孙盼,2025-07-11,06:00-08:30,2.5  
林超,2025-07-11,06:00-08:30,2.5  
曹博文,2025-07-11,06:00-08:30,2.5  
高星,2025-07-11,06:00-08:30,2.5  
席智成,2025-07-11,06:00-08:30,2.5  
魏权,2025-07-11,06:00-08:30,2.5  
刘贤杰,2025-07-11,06:00-08:30,2.5  
万俊杰,2025-07-11,06:00-08:30,2.5  
叶成,2025-07-11,06:00-08:30,2.5  
李明,2025-07-11,06:00-08:30,2.5  
怀雄,2025-07-11,06:00-08:30,2.5  
刘卫宜,2025-07-11,06:00-08:30,2.5  
张磊磊,2025-07-11,06:00-08:30,2.5
✅ 解析结果 [142/155]: 高群, 2025-07-11, 06:00-08:30, 2.5小时
✅ 解析结果 [142/155]: 王松, 2025-07-11, 06:00-08:30, 2.5小时
✅ 解析结果 [142/155]: 李飞, 2025-07-11, 06:00-08:30, 2.5小时
✅ 解析结果 [142/155]: 王能武, 2025-07-11, 06:00-08:30, 2.5小时
✅ 解析结果 [142/155]: 王星, 2025-07-11, 06:00-08:30, 2.5小时
✅ 解析结果 [142/155]: 刘杰, 2025-07-11, 06:00-08:30, 2.5小时
✅ 解析结果 [142/155]: 沈洋, 2025-07-11, 06:00-08:30, 2.5小时
✅ 解析结果 [142/155]: 田磊, 2025-07-11, 06:00-08:30, 2.5小时
✅ 解析结果 [142/155]: 刘成香, 2025-07-11, 06:00-08:30, 2.5小时
✅ 解析结果 [142/155]: 刘登, 2025-07-11, 06:00-08:30, 2.5小时
✅ 解析结果 [142/155]: 李炎炎, 2025-07-11, 06:00-08:30, 2.5小时
✅ 解析结果 [142/155]: 陈威, 2025-07-11, 06:00-08:30, 2.5小时
✅ 解析结果 [142/155]: 余东明, 2025-07-11, 06:00-08:30, 2.5小时
✅ 解析结果 [142/155]: 王洋, 2025-07-11, 06:00-08:30, 2.5小时
✅ 解析结果 [142/155]: 孙盼, 2025-07-11, 06:00-08:30, 2.5小时
✅ 解析结果 [142/155]: 林超, 2025-07-11, 06:00-08:30, 2.5小时
✅ 解析结果 [142/155]: 曹博文, 2025-07-11, 06:00-08:30, 2.5小时
✅ 解析结果 [142/155]: 高星, 2025-07-11, 06:00-08:30, 2.5小时
✅ 解析结果 [142/155]: 席智成, 2025-07-11, 06:00-08:30, 2.5小时
✅ 解析结果 [142/155]: 魏权, 2025-07-11, 06:00-08:30, 2.5小时
✅ 解析结果 [142/155]: 刘贤杰, 2025-07-11, 06:00-08:30, 2.5小时
✅ 解析结果 [142/155]: 万俊杰, 2025-07-11, 06:00-08:30, 2.5小时
✅ 解析结果 [142/155]: 叶成, 2025-07-11, 06:00-08:30, 2.5小时
✅ 解析结果 [142/155]: 李明, 2025-07-11, 06:00-08:30, 2.5小时
✅ 解析结果 [142/155]: 怀雄, 2025-07-11, 06:00-08:30, 2.5小时
✅ 解析结果 [142/155]: 刘卫宜, 2025-07-11, 06:00-08:30, 2.5小时
✅ 解析结果 [142/155]: 张磊磊, 2025-07-11, 06:00-08:30, 2.5小时
⏱️ 处理完成 [142/155]: 182.87秒
------------------------------------------------------------------



📤 原始记录 [143/155]: 魏权 2025-07-12 17:30 2025-07-12 18:30 1.0 1.仓库整理物料追溯码 ，共1人   1.高群   17：30-18：30 钉钉
📥 模型返回 [143/155]:
 魏权,2025-07-12,17:30-18:30,1.0
高群,2025-07-12,17:30-18:30,1.0
✅ 解析结果 [143/155]: 魏权, 2025-07-12, 17:30-18:30, 1.0小时
✅ 解析结果 [143/155]: 高群, 2025-07-12, 17:30-18:30, 1.0小时
⏱️ 处理完成 [143/155]: 201.58秒
------------------------------------------------------------------



📤 原始记录 [144/155]: 魏权 2025-07-14 06:00 2025-07-14 08:30 2.5 1.EA5000N118装配，EOL测试，终处理，共25人   1.高群，王松，李飞，王星，刘杰，沈洋，田磊，刘成香，刘登，李炎炎，陈威，余东明，王洋，林超，高星，席智成，魏权，刘贤杰，万俊杰，叶成，李明，怀雄，刘卫宜，张磊磊 ，曹博文  06：00-08：30 钉钉
📥 模型返回 [144/155]:
 高群,2025-07-14,06:00-08:30,2.5
王松,2025-07-14,06:00-08:30,2.5
李飞,2025-07-14,06:00-08:30,2.5
王星,2025-07-14,06:00-08:30,2.5
刘杰,2025-07-14,06:00-08:30,2.5
沈洋,2025-07-14,06:00-08:30,2.5
田磊,2025-07-14,06:00-08:30,2.5
刘成香,2025-07-14,06:00-08:30,2.5
刘登,2025-07-14,06:00-08:30,2.5
李炎炎,2025-07-14,06:00-08:30,2.5
陈威,2025-07-14,06:00-08:30,2.5
余东明,2025-07-14,06:00-08:30,2.5
王洋,2025-07-14,06:00-08:30,2.5
林超,2025-07-14,06:00-08:30,2.5
高星,2025-07-14,06:00-08:30,2.5
席智成,2025-07-14,06:00-08:30,2.5
魏权,2025-07-14,06:00-08:30,2.5
刘贤杰,2025-07-14,06:00-08:30,2.5
万俊杰,2025-07-14,06:00-08:30,2.5
叶成,2025-07-14,06:00-08:30,2.5
李明,2025-07-14,06:00-08:30,2.5
怀雄,2025-07-14,06:00-08:30,2.5
刘卫宜,2025-07-14,06:00-08:30,2.5
张磊磊,2025-07-14,06:00-08:30,2.5
曹博文,2025-07-14,06:00-08:30,2.5
✅ 解析结果 [144/155]: 高群, 2025-07-14, 06:00-08:30, 2.5小时
✅ 解析结果 [144/155]: 王松, 2025-07-14, 06:00-08:30, 2.5小时
✅ 解析结果 [144/155]: 李飞, 2025-07-14, 06:00-08:30, 2.5小时
✅ 解析结果 [144/155]: 王星, 2025-07-14, 06:00-08:30, 2.5小时
✅ 解析结果 [144/155]: 刘杰, 2025-07-14, 06:00-08:30, 2.5小时
✅ 解析结果 [144/155]: 沈洋, 2025-07-14, 06:00-08:30, 2.5小时
✅ 解析结果 [144/155]: 田磊, 2025-07-14, 06:00-08:30, 2.5小时
✅ 解析结果 [144/155]: 刘成香, 2025-07-14, 06:00-08:30, 2.5小时
✅ 解析结果 [144/155]: 刘登, 2025-07-14, 06:00-08:30, 2.5小时
✅ 解析结果 [144/155]: 李炎炎, 2025-07-14, 06:00-08:30, 2.5小时
✅ 解析结果 [144/155]: 陈威, 2025-07-14, 06:00-08:30, 2.5小时
✅ 解析结果 [144/155]: 余东明, 2025-07-14, 06:00-08:30, 2.5小时
✅ 解析结果 [144/155]: 王洋, 2025-07-14, 06:00-08:30, 2.5小时
✅ 解析结果 [144/155]: 林超, 2025-07-14, 06:00-08:30, 2.5小时
✅ 解析结果 [144/155]: 高星, 2025-07-14, 06:00-08:30, 2.5小时
✅ 解析结果 [144/155]: 席智成, 2025-07-14, 06:00-08:30, 2.5小时
✅ 解析结果 [144/155]: 魏权, 2025-07-14, 06:00-08:30, 2.5小时
✅ 解析结果 [144/155]: 刘贤杰, 2025-07-14, 06:00-08:30, 2.5小时
✅ 解析结果 [144/155]: 万俊杰, 2025-07-14, 06:00-08:30, 2.5小时
✅ 解析结果 [144/155]: 叶成, 2025-07-14, 06:00-08:30, 2.5小时
✅ 解析结果 [144/155]: 李明, 2025-07-14, 06:00-08:30, 2.5小时
✅ 解析结果 [144/155]: 怀雄, 2025-07-14, 06:00-08:30, 2.5小时
✅ 解析结果 [144/155]: 刘卫宜, 2025-07-14, 06:00-08:30, 2.5小时
✅ 解析结果 [144/155]: 张磊磊, 2025-07-14, 06:00-08:30, 2.5小时
✅ 解析结果 [144/155]: 曹博文, 2025-07-14, 06:00-08:30, 2.5小时
⏱️ 处理完成 [144/155]: 221.32秒
------------------------------------------------------------------



📤 原始记录 [145/155]: 魏权 2025-07-15 06:00 2025-07-15 08:30 2.5 1.EA5000N118装配，EOL测试，终处理，共25人   1.高群，王松，李飞，王星，刘杰，沈洋，田磊，刘成香，刘登，李炎炎，孙盼，余东明，王洋，林超，高星，席智成，魏权，刘贤杰，万俊杰，叶成，李明，怀雄，刘卫宜，张磊磊 ，曹博文  06：00-08：30 钉钉
📥 模型返回 [145/155]:
 高群,2025-07-15,06:00-08:30,2.5
王松,2025-07-15,06:00-08:30,2.5
李飞,2025-07-15,06:00-08:30,2.5
王星,2025-07-15,06:00-08:30,2.5
刘杰,2025-07-15,06:00-08:30,2.5
沈洋,2025-07-15,06:00-08:30,2.5
田磊,2025-07-15,06:00-08:30,2.5
刘成香,2025-07-15,06:00-08:30,2.5
刘登,2025-07-15,06:00-08:30,2.5
李炎炎,2025-07-15,06:00-08:30,2.5
孙盼,2025-07-15,06:00-08:30,2.5
余东明,2025-07-15,06:00-08:30,2.5
王洋,2025-07-15,06:00-08:30,2.5
林超,2025-07-15,06:00-08:30,2.5
高星,2025-07-15,06:00-08:30,2.5
席智成,2025-07-15,06:00-08:30,2.5
魏权,2025-07-15,06:00-08:30,2.5
刘贤杰,2025-07-15,06:00-08:30,2.5
万俊杰,2025-07-15,06:00-08:30,2.5
叶成,2025-07-15,06:00-08:30,2.5
李明,2025-07-15,06:00-08:30,2.5
怀雄,2025-07-15,06:00-08:30,2.5
刘卫宜,2025-07-15,06:00-08:30,2.5
张磊磊,2025-07-15,06:00-08:30,2.5
曹博文,2025-07-15,06:00-08:30,2.5
✅ 解析结果 [145/155]: 高群, 2025-07-15, 06:00-08:30, 2.5小时
✅ 解析结果 [145/155]: 王松, 2025-07-15, 06:00-08:30, 2.5小时
✅ 解析结果 [145/155]: 李飞, 2025-07-15, 06:00-08:30, 2.5小时
✅ 解析结果 [145/155]: 王星, 2025-07-15, 06:00-08:30, 2.5小时
✅ 解析结果 [145/155]: 刘杰, 2025-07-15, 06:00-08:30, 2.5小时
✅ 解析结果 [145/155]: 沈洋, 2025-07-15, 06:00-08:30, 2.5小时
✅ 解析结果 [145/155]: 田磊, 2025-07-15, 06:00-08:30, 2.5小时
✅ 解析结果 [145/155]: 刘成香, 2025-07-15, 06:00-08:30, 2.5小时
✅ 解析结果 [145/155]: 刘登, 2025-07-15, 06:00-08:30, 2.5小时
✅ 解析结果 [145/155]: 李炎炎, 2025-07-15, 06:00-08:30, 2.5小时
✅ 解析结果 [145/155]: 孙盼, 2025-07-15, 06:00-08:30, 2.5小时
✅ 解析结果 [145/155]: 余东明, 2025-07-15, 06:00-08:30, 2.5小时
✅ 解析结果 [145/155]: 王洋, 2025-07-15, 06:00-08:30, 2.5小时
✅ 解析结果 [145/155]: 林超, 2025-07-15, 06:00-08:30, 2.5小时
✅ 解析结果 [145/155]: 高星, 2025-07-15, 06:00-08:30, 2.5小时
✅ 解析结果 [145/155]: 席智成, 2025-07-15, 06:00-08:30, 2.5小时
✅ 解析结果 [145/155]: 魏权, 2025-07-15, 06:00-08:30, 2.5小时
✅ 解析结果 [145/155]: 刘贤杰, 2025-07-15, 06:00-08:30, 2.5小时
✅ 解析结果 [145/155]: 万俊杰, 2025-07-15, 06:00-08:30, 2.5小时
✅ 解析结果 [145/155]: 叶成, 2025-07-15, 06:00-08:30, 2.5小时
✅ 解析结果 [145/155]: 李明, 2025-07-15, 06:00-08:30, 2.5小时
✅ 解析结果 [145/155]: 怀雄, 2025-07-15, 06:00-08:30, 2.5小时
✅ 解析结果 [145/155]: 刘卫宜, 2025-07-15, 06:00-08:30, 2.5小时
✅ 解析结果 [145/155]: 张磊磊, 2025-07-15, 06:00-08:30, 2.5小时
✅ 解析结果 [145/155]: 曹博文, 2025-07-15, 06:00-08:30, 2.5小时
⏱️ 处理完成 [145/155]: 239.19秒
------------------------------------------------------------------



📤 原始记录 [146/155]: 魏权 2025-07-16 06:00 2025-07-16 08:30 2.5 1.EA5000N118装配，EOL测试，终处理，共25人   1.高群，王松，李飞，王星，刘杰，沈洋，田磊，刘成香，刘登，李炎炎，孙盼，余东明，王洋，林超，高星，席智成，魏权，刘贤杰，叶成，李明，怀雄，刘卫宜，张磊磊 ，曹博文， 王能武    06：00-08：30 钉钉
📥 模型返回 [146/155]:
 高群,2025-07-16,06:00-08:30,2.5
王松,2025-07-16,06:00-08:30,2.5
李飞,2025-07-16,06:00-08:30,2.5
王星,2025-07-16,06:00-08:30,2.5
刘杰,2025-07-16,06:00-08:30,2.5
沈洋,2025-07-16,06:00-08:30,2.5
田磊,2025-07-16,06:00-08:30,2.5
刘成香,2025-07-16,06:00-08:30,2.5
刘登,2025-07-16,06:00-08:30,2.5
李炎炎,2025-07-16,06:00-08:30,2.5
孙盼,2025-07-16,06:00-08:30,2.5
余东明,2025-07-16,06:00-08:30,2.5
王洋,2025-07-16,06:00-08:30,2.5
林超,2025-07-16,06:00-08:30,2.5
高星,2025-07-16,06:00-08:30,2.5
席智成,2025-07-16,06:00-08:30,2.5
魏权,2025-07-16,06:00-08:30,2.5
刘贤杰,2025-07-16,06:00-08:30,2.5
叶成,2025-07-16,06:00-08:30,2.5
李明,2025-07-16,06:00-08:30,2.5
怀雄,2025-07-16,06:00-08:30,2.5
刘卫宜,2025-07-16,06:00-08:30,2.5
张磊磊,2025-07-16,06:00-08:30,2.5
曹博文,2025-07-16,06:00-08:30,2.5
王能武,2025-07-16,06:00-08:30,2.5
✅ 解析结果 [146/155]: 高群, 2025-07-16, 06:00-08:30, 2.5小时
✅ 解析结果 [146/155]: 王松, 2025-07-16, 06:00-08:30, 2.5小时
✅ 解析结果 [146/155]: 李飞, 2025-07-16, 06:00-08:30, 2.5小时
✅ 解析结果 [146/155]: 王星, 2025-07-16, 06:00-08:30, 2.5小时
✅ 解析结果 [146/155]: 刘杰, 2025-07-16, 06:00-08:30, 2.5小时
✅ 解析结果 [146/155]: 沈洋, 2025-07-16, 06:00-08:30, 2.5小时
✅ 解析结果 [146/155]: 田磊, 2025-07-16, 06:00-08:30, 2.5小时
✅ 解析结果 [146/155]: 刘成香, 2025-07-16, 06:00-08:30, 2.5小时
✅ 解析结果 [146/155]: 刘登, 2025-07-16, 06:00-08:30, 2.5小时
✅ 解析结果 [146/155]: 李炎炎, 2025-07-16, 06:00-08:30, 2.5小时
✅ 解析结果 [146/155]: 孙盼, 2025-07-16, 06:00-08:30, 2.5小时
✅ 解析结果 [146/155]: 余东明, 2025-07-16, 06:00-08:30, 2.5小时
✅ 解析结果 [146/155]: 王洋, 2025-07-16, 06:00-08:30, 2.5小时
✅ 解析结果 [146/155]: 林超, 2025-07-16, 06:00-08:30, 2.5小时
✅ 解析结果 [146/155]: 高星, 2025-07-16, 06:00-08:30, 2.5小时
✅ 解析结果 [146/155]: 席智成, 2025-07-16, 06:00-08:30, 2.5小时
✅ 解析结果 [146/155]: 魏权, 2025-07-16, 06:00-08:30, 2.5小时
✅ 解析结果 [146/155]: 刘贤杰, 2025-07-16, 06:00-08:30, 2.5小时
✅ 解析结果 [146/155]: 叶成, 2025-07-16, 06:00-08:30, 2.5小时
✅ 解析结果 [146/155]: 李明, 2025-07-16, 06:00-08:30, 2.5小时
✅ 解析结果 [146/155]: 怀雄, 2025-07-16, 06:00-08:30, 2.5小时
✅ 解析结果 [146/155]: 刘卫宜, 2025-07-16, 06:00-08:30, 2.5小时
✅ 解析结果 [146/155]: 张磊磊, 2025-07-16, 06:00-08:30, 2.5小时
✅ 解析结果 [146/155]: 曹博文, 2025-07-16, 06:00-08:30, 2.5小时
✅ 解析结果 [146/155]: 王能武, 2025-07-16, 06:00-08:30, 2.5小时
⏱️ 处理完成 [146/155]: 243.55秒
------------------------------------------------------------------



📤 原始记录 [147/155]: 魏权 2025-07-16 06:00 2025-07-16 08:30 2.5 1.EA5000N118装配，EOL测试，终处理，共25人   1.高群，王松，李飞，王星，刘杰，沈洋，田磊，刘成香，刘登，李炎炎，孙盼，余东明，王洋，林超，高星，席智成，魏权，刘贤杰，叶成，李明，怀雄，刘卫宜，张磊磊 ，曹博文， 王能武    06：00-08：30 钉钉
📥 模型返回 [147/155]:
 魏权,2025-07-16,06:00-08:30,2.5
高群,2025-07-16,06:00-08:30,2.5
王松,2025-07-16,06:00-08:30,2.5
李飞,2025-07-16,06:00-08:30,2.5
王星,2025-07-16,06:00-08:30,2.5
刘杰,2025-07-16,06:00-08:30,2.5
沈洋,2025-07-16,06:00-08:30,2.5
田磊,2025-07-16,06:00-08:30,2.5
刘成香,2025-07-16,06:00-08:30,2.5
刘登,2025-07-16,06:00-08:30,2.5
李炎炎,2025-07-16,06:00-08:30,2.5
孙盼,2025-07-16,06:00-08:30,2.5
余东明,2025-07-16,06:00-08:30,2.5
王洋,2025-07-16,06:00-08:30,2.5
林超,2025-07-16,06:00-08:30,2.5
高星,2025-07-16,06:00-08:30,2.5
席智成,2025-07-16,06:00-08:30,2.5
刘贤杰,2025-07-16,06:00-08:30,2.5
叶成,2025-07-16,06:00-08:30,2.5
李明,2025-07-16,06:00-08:30,2.5
怀雄,2025-07-16,06:00-08:30,2.5
刘卫宜,2025-07-16,06:00-08:30,2.5
张磊磊,2025-07-16,06:00-08:30,2.5
曹博文,2025-07-16,06:00-08:30,2.5
王能武,2025-07-16,06:00-08:30,2.5
✅ 解析结果 [147/155]: 魏权, 2025-07-16, 06:00-08:30, 2.5小时
✅ 解析结果 [147/155]: 高群, 2025-07-16, 06:00-08:30, 2.5小时
✅ 解析结果 [147/155]: 王松, 2025-07-16, 06:00-08:30, 2.5小时
✅ 解析结果 [147/155]: 李飞, 2025-07-16, 06:00-08:30, 2.5小时
✅ 解析结果 [147/155]: 王星, 2025-07-16, 06:00-08:30, 2.5小时
✅ 解析结果 [147/155]: 刘杰, 2025-07-16, 06:00-08:30, 2.5小时
✅ 解析结果 [147/155]: 沈洋, 2025-07-16, 06:00-08:30, 2.5小时
✅ 解析结果 [147/155]: 田磊, 2025-07-16, 06:00-08:30, 2.5小时
✅ 解析结果 [147/155]: 刘成香, 2025-07-16, 06:00-08:30, 2.5小时
✅ 解析结果 [147/155]: 刘登, 2025-07-16, 06:00-08:30, 2.5小时
✅ 解析结果 [147/155]: 李炎炎, 2025-07-16, 06:00-08:30, 2.5小时
✅ 解析结果 [147/155]: 孙盼, 2025-07-16, 06:00-08:30, 2.5小时
✅ 解析结果 [147/155]: 余东明, 2025-07-16, 06:00-08:30, 2.5小时
✅ 解析结果 [147/155]: 王洋, 2025-07-16, 06:00-08:30, 2.5小时
✅ 解析结果 [147/155]: 林超, 2025-07-16, 06:00-08:30, 2.5小时
✅ 解析结果 [147/155]: 高星, 2025-07-16, 06:00-08:30, 2.5小时
✅ 解析结果 [147/155]: 席智成, 2025-07-16, 06:00-08:30, 2.5小时
✅ 解析结果 [147/155]: 刘贤杰, 2025-07-16, 06:00-08:30, 2.5小时
✅ 解析结果 [147/155]: 叶成, 2025-07-16, 06:00-08:30, 2.5小时
✅ 解析结果 [147/155]: 李明, 2025-07-16, 06:00-08:30, 2.5小时
✅ 解析结果 [147/155]: 怀雄, 2025-07-16, 06:00-08:30, 2.5小时
✅ 解析结果 [147/155]: 刘卫宜, 2025-07-16, 06:00-08:30, 2.5小时
✅ 解析结果 [147/155]: 张磊磊, 2025-07-16, 06:00-08:30, 2.5小时
✅ 解析结果 [147/155]: 曹博文, 2025-07-16, 06:00-08:30, 2.5小时
✅ 解析结果 [147/155]: 王能武, 2025-07-16, 06:00-08:30, 2.5小时
⏱️ 处理完成 [147/155]: 275.54秒
------------------------------------------------------------------



📤 原始记录 [148/155]: 魏权 2025-07-17 06:00 2025-07-17 08:30 2.5 1.EA5000N118装配，EOL测试，终处理，共24人   1.高群，王松，李飞，王星，刘杰，沈洋，田磊，刘成香，刘登，陈威，余东明，王洋，孙盼，林超，曹博文，高星，席智成，魏权，刘贤杰，叶成，李明，怀雄，刘卫宜，张磊磊   06：00-08：30 钉钉
📥 模型返回 [148/155]:
 魏权,2025-07-17,06:00-08:30,2.5
高群,2025-07-17,06:00-08:30,2.5
王松,2025-07-17,06:00-08:30,2.5
李飞,2025-07-17,06:00-08:30,2.5
王星,2025-07-17,06:00-08:30,2.5
刘杰,2025-07-17,06:00-08:30,2.5
沈洋,2025-07-17,06:00-08:30,2.5
田磊,2025-07-17,06:00-08:30,2.5
刘成香,2025-07-17,06:00-08:30,2.5
刘登,2025-07-17,06:00-08:30,2.5
陈威,2025-07-17,06:00-08:30,2.5
余东明,2025-07-17,06:00-08:30,2.5
王洋,2025-07-17,06:00-08:30,2.5
孙盼,2025-07-17,06:00-08:30,2.5
林超,2025-07-17,06:00-08:30,2.5
曹博文,2025-07-17,06:00-08:30,2.5
高星,2025-07-17,06:00-08:30,2.5
席智成,2025-07-17,06:00-08:30,2.5
刘贤杰,2025-07-17,06:00-08:30,2.5
叶成,2025-07-17,06:00-08:30,2.5
李明,2025-07-17,06:00-08:30,2.5
怀雄,2025-07-17,06:00-08:30,2.5
刘卫宜,2025-07-17,06:00-08:30,2.5
张磊磊,2025-07-17,06:00-08:30,2.5
✅ 解析结果 [148/155]: 魏权, 2025-07-17, 06:00-08:30, 2.5小时
✅ 解析结果 [148/155]: 高群, 2025-07-17, 06:00-08:30, 2.5小时
✅ 解析结果 [148/155]: 王松, 2025-07-17, 06:00-08:30, 2.5小时
✅ 解析结果 [148/155]: 李飞, 2025-07-17, 06:00-08:30, 2.5小时
✅ 解析结果 [148/155]: 王星, 2025-07-17, 06:00-08:30, 2.5小时
✅ 解析结果 [148/155]: 刘杰, 2025-07-17, 06:00-08:30, 2.5小时
✅ 解析结果 [148/155]: 沈洋, 2025-07-17, 06:00-08:30, 2.5小时
✅ 解析结果 [148/155]: 田磊, 2025-07-17, 06:00-08:30, 2.5小时
✅ 解析结果 [148/155]: 刘成香, 2025-07-17, 06:00-08:30, 2.5小时
✅ 解析结果 [148/155]: 刘登, 2025-07-17, 06:00-08:30, 2.5小时
✅ 解析结果 [148/155]: 陈威, 2025-07-17, 06:00-08:30, 2.5小时
✅ 解析结果 [148/155]: 余东明, 2025-07-17, 06:00-08:30, 2.5小时
✅ 解析结果 [148/155]: 王洋, 2025-07-17, 06:00-08:30, 2.5小时
✅ 解析结果 [148/155]: 孙盼, 2025-07-17, 06:00-08:30, 2.5小时
✅ 解析结果 [148/155]: 林超, 2025-07-17, 06:00-08:30, 2.5小时
✅ 解析结果 [148/155]: 曹博文, 2025-07-17, 06:00-08:30, 2.5小时
✅ 解析结果 [148/155]: 高星, 2025-07-17, 06:00-08:30, 2.5小时
✅ 解析结果 [148/155]: 席智成, 2025-07-17, 06:00-08:30, 2.5小时
✅ 解析结果 [148/155]: 刘贤杰, 2025-07-17, 06:00-08:30, 2.5小时
✅ 解析结果 [148/155]: 叶成, 2025-07-17, 06:00-08:30, 2.5小时
✅ 解析结果 [148/155]: 李明, 2025-07-17, 06:00-08:30, 2.5小时
✅ 解析结果 [148/155]: 怀雄, 2025-07-17, 06:00-08:30, 2.5小时
✅ 解析结果 [148/155]: 刘卫宜, 2025-07-17, 06:00-08:30, 2.5小时
✅ 解析结果 [148/155]: 张磊磊, 2025-07-17, 06:00-08:30, 2.5小时
⏱️ 处理完成 [148/155]: 275.08秒
------------------------------------------------------------------



📤 原始记录 [149/155]: 魏权 2025-07-20 06:30 2025-07-20 11:30 5.0 1.返修3800  共6人   1.魏权，林超   06：30-11：30   2.曹博文，高星，刘杰，刘卫宜   06：30-08：30 钉钉
📥 模型返回 [149/155]:
 魏权,2025-07-20,06:30-11:30,5.0  
林超,2025-07-20,06:30-11:30,5.0  
曹博文,2025-07-20,06:30-08:30,2.0  
高星,2025-07-20,06:30-08:30,2.0  
刘杰,2025-07-20,06:30-08:30,2.0  
刘卫宜,2025-07-20,06:30-08:30,2.0
✅ 解析结果 [149/155]: 魏权, 2025-07-20, 06:30-11:30, 5.0小时
✅ 解析结果 [149/155]: 林超, 2025-07-20, 06:30-11:30, 5.0小时
✅ 解析结果 [149/155]: 曹博文, 2025-07-20, 06:30-08:30, 2.0小时
✅ 解析结果 [149/155]: 高星, 2025-07-20, 06:30-08:30, 2.0小时
✅ 解析结果 [149/155]: 刘杰, 2025-07-20, 06:30-08:30, 2.0小时
✅ 解析结果 [149/155]: 刘卫宜, 2025-07-20, 06:30-08:30, 2.0小时
⏱️ 处理完成 [149/155]: 264.64秒
------------------------------------------------------------------



📤 原始记录 [150/155]: 魏权 2025-07-24 17:30 2025-07-24 20:30 3.0 1.加装EA1900NB102动力总成，前后盖，共9人   1.王洋，席智成   18：00-20：00   2.曹博文，怀雄，刘杰，张磊磊，王星，沈洋   18：00-20：30   3.高星   17：30-20：30 钉钉
📥 模型返回 [150/155]:
 魏权,2025-07-24,17:30-20:30,3.0
王洋,2025-07-24,18:00-20:00,2.0
席智成,2025-07-24,18:00-20:00,2.0
曹博文,2025-07-24,18:00-20:30,2.5
怀雄,2025-07-24,18:00-20:30,2.5
刘杰,2025-07-24,18:00-20:30,2.5
张磊磊,2025-07-24,18:00-20:30,2.5
王星,2025-07-24,18:00-20:30,2.5
沈洋,2025-07-24,18:00-20:30,2.5
高星,2025-07-24,17:30-20:30,3.0
✅ 解析结果 [150/155]: 魏权, 2025-07-24, 17:30-20:30, 3.0小时
✅ 解析结果 [150/155]: 王洋, 2025-07-24, 18:00-20:00, 2.0小时
✅ 解析结果 [150/155]: 席智成, 2025-07-24, 18:00-20:00, 2.0小时
✅ 解析结果 [150/155]: 曹博文, 2025-07-24, 18:00-20:30, 2.5小时
✅ 解析结果 [150/155]: 怀雄, 2025-07-24, 18:00-20:30, 2.5小时
✅ 解析结果 [150/155]: 刘杰, 2025-07-24, 18:00-20:30, 2.5小时
✅ 解析结果 [150/155]: 张磊磊, 2025-07-24, 18:00-20:30, 2.5小时
✅ 解析结果 [150/155]: 王星, 2025-07-24, 18:00-20:30, 2.5小时
✅ 解析结果 [150/155]: 沈洋, 2025-07-24, 18:00-20:30, 2.5小时
✅ 解析结果 [150/155]: 高星, 2025-07-24, 17:30-20:30, 3.0小时
⏱️ 处理完成 [150/155]: 242.86秒
------------------------------------------------------------------



📤 原始记录 [151/155]: 魏权 2025-07-25 07:00 2025-07-25 08:30 1.5 1.EA1900NB102装配，EOL测试，终处理，共25人   1.高群，王松，李飞，王星，刘杰，沈洋，田磊，刘成香，刘登，李炎炎，陈威，余东明，王洋，孙盼，林超，高星，魏权，刘贤杰，万俊杰，叶成，李明，怀雄，刘卫宜，张磊磊，曹博文   07：00-08：30 钉钉
📥 模型返回 [151/155]:
 高群,2025-07-25,07:00-08:30,1.5
王松,2025-07-25,07:00-08:30,1.5
李飞,2025-07-25,07:00-08:30,1.5
王星,2025-07-25,07:00-08:30,1.5
刘杰,2025-07-25,07:00-08:30,1.5
沈洋,2025-07-25,07:00-08:30,1.5
田磊,2025-07-25,07:00-08:30,1.5
刘成香,2025-07-25,07:00-08:30,1.5
刘登,2025-07-25,07:00-08:30,1.5
李炎炎,2025-07-25,07:00-08:30,1.5
陈威,2025-07-25,07:00-08:30,1.5
余东明,2025-07-25,07:00-08:30,1.5
王洋,2025-07-25,07:00-08:30,1.5
孙盼,2025-07-25,07:00-08:30,1.5
林超,2025-07-25,07:00-08:30,1.5
高星,2025-07-25,07:00-08:30,1.5
魏权,2025-07-25,07:00-08:30,1.5
刘贤杰,2025-07-25,07:00-08:30,1.5
万俊杰,2025-07-25,07:00-08:30,1.5
叶成,2025-07-25,07:00-08:30,1.5
李明,2025-07-25,07:00-08:30,1.5
怀雄,2025-07-25,07:00-08:30,1.5
刘卫宜,2025-07-25,07:00-08:30,1.5
张磊磊,2025-07-25,07:00-08:30,1.5
曹博文,2025-07-25,07:00-08:30,1.5
✅ 解析结果 [151/155]: 高群, 2025-07-25, 07:00-08:30, 1.5小时
✅ 解析结果 [151/155]: 王松, 2025-07-25, 07:00-08:30, 1.5小时
✅ 解析结果 [151/155]: 李飞, 2025-07-25, 07:00-08:30, 1.5小时
✅ 解析结果 [151/155]: 王星, 2025-07-25, 07:00-08:30, 1.5小时
✅ 解析结果 [151/155]: 刘杰, 2025-07-25, 07:00-08:30, 1.5小时
✅ 解析结果 [151/155]: 沈洋, 2025-07-25, 07:00-08:30, 1.5小时
✅ 解析结果 [151/155]: 田磊, 2025-07-25, 07:00-08:30, 1.5小时
✅ 解析结果 [151/155]: 刘成香, 2025-07-25, 07:00-08:30, 1.5小时
✅ 解析结果 [151/155]: 刘登, 2025-07-25, 07:00-08:30, 1.5小时
✅ 解析结果 [151/155]: 李炎炎, 2025-07-25, 07:00-08:30, 1.5小时
✅ 解析结果 [151/155]: 陈威, 2025-07-25, 07:00-08:30, 1.5小时
✅ 解析结果 [151/155]: 余东明, 2025-07-25, 07:00-08:30, 1.5小时
✅ 解析结果 [151/155]: 王洋, 2025-07-25, 07:00-08:30, 1.5小时
✅ 解析结果 [151/155]: 孙盼, 2025-07-25, 07:00-08:30, 1.5小时
✅ 解析结果 [151/155]: 林超, 2025-07-25, 07:00-08:30, 1.5小时
✅ 解析结果 [151/155]: 高星, 2025-07-25, 07:00-08:30, 1.5小时
✅ 解析结果 [151/155]: 魏权, 2025-07-25, 07:00-08:30, 1.5小时
✅ 解析结果 [151/155]: 刘贤杰, 2025-07-25, 07:00-08:30, 1.5小时
✅ 解析结果 [151/155]: 万俊杰, 2025-07-25, 07:00-08:30, 1.5小时
✅ 解析结果 [151/155]: 叶成, 2025-07-25, 07:00-08:30, 1.5小时
✅ 解析结果 [151/155]: 李明, 2025-07-25, 07:00-08:30, 1.5小时
✅ 解析结果 [151/155]: 怀雄, 2025-07-25, 07:00-08:30, 1.5小时
✅ 解析结果 [151/155]: 刘卫宜, 2025-07-25, 07:00-08:30, 1.5小时
✅ 解析结果 [151/155]: 张磊磊, 2025-07-25, 07:00-08:30, 1.5小时
✅ 解析结果 [151/155]: 曹博文, 2025-07-25, 07:00-08:30, 1.5小时
⏱️ 处理完成 [151/155]: 225.14秒
------------------------------------------------------------------



📤 原始记录 [152/155]: 魏权 2025-07-25 18:00 2025-07-26 07:00 13.0 1.EA1900NB102装配，EOL测试，终处理，打包共15人   1.曹博文   18：00-21：00   2.陈威      18：00-20：30   3.孙盼，高星，席智成，刘贤杰，李炎炎，李明，王能武，余东明，李飞，刘成香，   18：00-02：30   4.万俊杰   18：00-05：30   5.林超，魏权   18：00-07：00 钉钉
📥 模型返回 [152/155]:
 曹博文,2025-07-25,18:00-21:00,3.0
陈威,2025-07-25,18:00-20:30,2.5
孙盼,2025-07-25,18:00-02:30,8.5
高星,2025-07-25,18:0:00-02:30,8.5
席智成,2025-07-25,18:00-02:30,8.5
刘贤杰,2025-07-25,18:00-02:30,8.5
李炎炎,2025-07-25,18:00-02:30,8.5
李明,2025-07-25,18:00-02:30,8.5
王能武,2025-07-25,18:00-02:30,8.5
余东明,2025-07-25,18:00-02:30,8.5
李飞,2025-07-25,18:00-02:30,8.5
刘成香,2025-07-25,18:00-02:30,8.5
万俊杰,2025-07-25,18:00-05:30,11.5
林超,2025-07-25,18:00-07:00,13.0
魏权,2025-07-25,18:00-07:00,13.0
✅ 解析结果 [152/155]: 曹博文, 2025-07-25, 18:00-21:00, 3.0小时
✅ 解析结果 [152/155]: 陈威, 2025-07-25, 18:00-20:30, 2.5小时
✅ 解析结果 [152/155]: 孙盼, 2025-07-25, 18:00-02:30, 8.5小时
✅ 解析结果 [152/155]: 高星, 2025-07-25, 18:0:00-02:30, 8.5小时
✅ 解析结果 [152/155]: 席智成, 2025-07-25, 18:00-02:30, 8.5小时
✅ 解析结果 [152/155]: 刘贤杰, 2025-07-25, 18:00-02:30, 8.5小时
✅ 解析结果 [152/155]: 李炎炎, 2025-07-25, 18:00-02:30, 8.5小时
✅ 解析结果 [152/155]: 李明, 2025-07-25, 18:00-02:30, 8.5小时
✅ 解析结果 [152/155]: 王能武, 2025-07-25, 18:00-02:30, 8.5小时
✅ 解析结果 [152/155]: 余东明, 2025-07-25, 18:00-02:30, 8.5小时
✅ 解析结果 [152/155]: 李飞, 2025-07-25, 18:00-02:30, 8.5小时
✅ 解析结果 [152/155]: 刘成香, 2025-07-25, 18:00-02:30, 8.5小时
✅ 解析结果 [152/155]: 万俊杰, 2025-07-25, 18:00-05:30, 11.5小时
✅ 解析结果 [152/155]: 林超, 2025-07-25, 18:00-07:00, 13.0小时
✅ 解析结果 [152/155]: 魏权, 2025-07-25, 18:00-07:00, 13.0小时
⏱️ 处理完成 [152/155]: 241.53秒
------------------------------------------------------------------



📤 原始记录 [153/155]: 魏权 2025-07-26 02:30 2025-07-26 08:30 6.0 1.EA1900NB102装配，共14人   1.高群   02：30-08：30    2.刘登   07：30-08：30    3.王星，王洋，刘卫宜，刘登，曹博文，刘杰，沈洋，怀雄，张磊磊，田磊，王松，叶成   06：30-08：30 钉钉
📥 模型返回 [153/155]:
 魏权,2025-07-26,02:30-08:30,6.0
高群,2025-07-26,02:30-08:30,6.0
刘登,2025-07-26,07:30-08:30,1.0
刘登,2025-07-26,06:30-08:30,2.0
王星,2025-07-26,06:30-08:30,2.0
王洋,2025-07-26,06:30-08:30,2.0
刘卫宜,2025-07-26,06:30-08:30,2.0
曹博文,2025-07-26,06:30-08:30,2.0
刘杰,2025-07-26,06:30-08:30,2.0
沈洋,2025-07-26,06:30-08:30,2.0
怀雄,2025-07-26,06:30-08:30,2.0
张磊磊,2025-07-26,06:30-08:30,2.0
田磊,2025-07-26,06:30-08:30,2.0
王松,2025-07-26,06:30-08:30,2.0
叶成,2025-07-26,06:30-08:30,2.0
✅ 解析结果 [153/155]: 魏权, 2025-07-26, 02:30-08:30, 6.0小时
✅ 解析结果 [153/155]: 高群, 2025-07-26, 02:30-08:30, 6.0小时
✅ 解析结果 [153/155]: 刘登, 2025-07-26, 07:30-08:30, 1.0小时
✅ 解析结果 [153/155]: 刘登, 2025-07-26, 06:30-08:30, 2.0小时
✅ 解析结果 [153/155]: 王星, 2025-07-26, 06:30-08:30, 2.0小时
✅ 解析结果 [153/155]: 王洋, 2025-07-26, 06:30-08:30, 2.0小时
✅ 解析结果 [153/155]: 刘卫宜, 2025-07-26, 06:30-08:30, 2.0小时
✅ 解析结果 [153/155]: 曹博文, 2025-07-26, 06:30-08:30, 2.0小时
✅ 解析结果 [153/155]: 刘杰, 2025-07-26, 06:30-08:30, 2.0小时
✅ 解析结果 [153/155]: 沈洋, 2025-07-26, 06:30-08:30, 2.0小时
✅ 解析结果 [153/155]: 怀雄, 2025-07-26, 06:30-08:30, 2.0小时
✅ 解析结果 [153/155]: 张磊磊, 2025-07-26, 06:30-08:30, 2.0小时
✅ 解析结果 [153/155]: 田磊, 2025-07-26, 06:30-08:30, 2.0小时
✅ 解析结果 [153/155]: 王松, 2025-07-26, 06:30-08:30, 2.0小时
✅ 解析结果 [153/155]: 叶成, 2025-07-26, 06:30-08:30, 2.0小时
⏱️ 处理完成 [153/155]: 244.36秒
------------------------------------------------------------------



📤 原始记录 [154/155]: 魏权 2025-07-28 06:30 2025-07-28 08:30 2.0 1.EA5000N118装配，EOL测试，终处理，共27人   1.高群，王松，李飞，王能武，王星，刘杰，沈洋，田磊，刘成香，刘登，李炎炎，陈威，余东明，王洋，孙盼，林超，曹博文，高星，席智成，魏权，刘贤杰，万俊杰，叶成，李明，怀雄，刘卫宜，李享   06：30-08：30 钉钉
📥 模型返回 [154/155]:
 高群,2025-07-28,06:30-08:30,2.0
王松,2025-07-28,06:30-08:30,2.0
李飞,2025-07-28,06:30-08:30,2.0
王能武,2025-07-28,06:30-08:30,2.0
王星,2025-07-28,06:30-08:30,2.0
刘杰,2025-07-28,06:30-08:30,2.0
沈洋,2025-07-28,06:30-08:30,2.0
田磊,2025-07-28,06:30-08:30,2.0
刘成香,2025-07-28,06:30-08:30,2.0
刘登,2025-07-28,06:30-08:30,2.0
李炎炎,2025-07-28,06:30-08:30,2.0
陈威,2025-07-28,06:30-08:30,2.0
余东明,2025-07-28,06:30-08:30,2.0
王洋,2025-07-28,06:30-08:30,2.0
孙盼,2025-07-28,06:30-08:30,2.0
林超,2025-07-28,06:30-08:30,2.0
曹博文,2025-07-28,06:30-08:30,2.0
高星,2025-07-28,06:30-08:30,2.0
席智成,2025-07-28,06:30-08:30,2.0
魏权,2025-07-28,06:30-08:30,2.0
刘贤杰,2025-07-28,06:30-08:30,2.0
万俊杰,2025-07-28,06:30-08:30,2.0
叶成,2025-07-28,06:30-08:30,2.0
李明,2025-07-28,06:30-08:30,2.0
怀雄,2025-07-28,06:30-08:30,2.0
刘卫宜,2025-07-28,06:30-08:30,2.0
李享,2025-07-28,06:30-08:30,2.0
✅ 解析结果 [154/155]: 高群, 2025-07-28, 06:30-08:30, 2.0小时
✅ 解析结果 [154/155]: 王松, 2025-07-28, 06:30-08:30, 2.0小时
✅ 解析结果 [154/155]: 李飞, 2025-07-28, 06:30-08:30, 2.0小时
✅ 解析结果 [154/155]: 王能武, 2025-07-28, 06:30-08:30, 2.0小时
✅ 解析结果 [154/155]: 王星, 2025-07-28, 06:30-08:30, 2.0小时
✅ 解析结果 [154/155]: 刘杰, 2025-07-28, 06:30-08:30, 2.0小时
✅ 解析结果 [154/155]: 沈洋, 2025-07-28, 06:30-08:30, 2.0小时
✅ 解析结果 [154/155]: 田磊, 2025-07-28, 06:30-08:30, 2.0小时
✅ 解析结果 [154/155]: 刘成香, 2025-07-28, 06:30-08:30, 2.0小时
✅ 解析结果 [154/155]: 刘登, 2025-07-28, 06:30-08:30, 2.0小时
✅ 解析结果 [154/155]: 李炎炎, 2025-07-28, 06:30-08:30, 2.0小时
✅ 解析结果 [154/155]: 陈威, 2025-07-28, 06:30-08:30, 2.0小时
✅ 解析结果 [154/155]: 余东明, 2025-07-28, 06:30-08:30, 2.0小时
✅ 解析结果 [154/155]: 王洋, 2025-07-28, 06:30-08:30, 2.0小时
✅ 解析结果 [154/155]: 孙盼, 2025-07-28, 06:30-08:30, 2.0小时
✅ 解析结果 [154/155]: 林超, 2025-07-28, 06:30-08:30, 2.0小时
✅ 解析结果 [154/155]: 曹博文, 2025-07-28, 06:30-08:30, 2.0小时
✅ 解析结果 [154/155]: 高星, 2025-07-28, 06:30-08:30, 2.0小时
✅ 解析结果 [154/155]: 席智成, 2025-07-28, 06:30-08:30, 2.0小时
✅ 解析结果 [154/155]: 魏权, 2025-07-28, 06:30-08:30, 2.0小时
✅ 解析结果 [154/155]: 刘贤杰, 2025-07-28, 06:30-08:30, 2.0小时
✅ 解析结果 [154/155]: 万俊杰, 2025-07-28, 06:30-08:30, 2.0小时
✅ 解析结果 [154/155]: 叶成, 2025-07-28, 06:30-08:30, 2.0小时
✅ 解析结果 [154/155]: 李明, 2025-07-28, 06:30-08:30, 2.0小时
✅ 解析结果 [154/155]: 怀雄, 2025-07-28, 06:30-08:30, 2.0小时
✅ 解析结果 [154/155]: 刘卫宜, 2025-07-28, 06:30-08:30, 2.0小时
✅ 解析结果 [154/155]: 李享, 2025-07-28, 06:30-08:30, 2.0小时
⏱️ 处理完成 [154/155]: 239.65秒
------------------------------------------------------------------



📤 原始记录 [155/155]: 魏权 2025-07-29 06:30 2025-07-29 08:30 2.0 1.EA1900NB102装配，EA5000N118EOL测试，终处理，共26人   1.高群，王松，李飞，王星，刘杰，沈洋，田磊，刘成香，刘登，李炎炎，陈威，余东明，王洋，孙盼，林超，曹博文，高星，席智成，魏权，刘贤杰，万俊杰，叶成，李明，怀雄，刘卫宜，李享   06：30-08：30 钉钉
📥 模型返回 [155/155]:
 高群,2025-07-29,06:30-08:30,2.0
王松,2025-07-29,06:30-08:30,2.0
李飞,2025-07-29,06:30-08:30,2.0
王星,2025-07-29,06:30-08:30,2.0
刘杰,2025-07-29,06:30-08:30,2.0
沈洋,2025-07-29,06:30-08:30,2.0
田磊,2025-07-29,06:30-08:30,2.0
刘成香,2025-07-29,06:30-08:30,2.0
刘登,2025-07-29,06:30-08:30,2.0
李炎炎,2025-07-29,06:30-08:30,2.0
陈威,2025-07-29,06:30-08:30,2.0
余东明,2025-07-29,06:30-08:30,2.0
王洋,2025-07-29,06:30-08:30,2.0
孙盼,2025-07-29,06:30-08:30,2.0
林超,2025-07-29,06:30-08:30,2.0
曹博文,2025-07-29,06:30-08:30,2.0
高星,2025-07-29,06:30-08:30,2.0
席智成,2025-07-29,06:30-08:30,2.0
魏权,2025-07-29,06:30-08:30,2.0
刘贤杰,2025-07-29,06:30-08:30,2.0
万俊杰,2025-07-29,06:30-08:30,2.0
叶成,2025-07-29,06:30-08:30,2.0
李明,2025-07-29,06:30-08:30,2.0
怀雄,2025-07-29,06:30-08:30,2.0
刘卫宜,2025-07-29,06:30-08:30,2.0
李享,2025-07-29,06:30-08:30,2.0
✅ 解析结果 [155/155]: 高群, 2025-07-29, 06:30-08:30, 2.0小时
✅ 解析结果 [155/155]: 王松, 2025-07-29, 06:30-08:30, 2.0小时
✅ 解析结果 [155/155]: 李飞, 2025-07-29, 06:30-08:30, 2.0小时
✅ 解析结果 [155/155]: 王星, 2025-07-29, 06:30-08:30, 2.0小时
✅ 解析结果 [155/155]: 刘杰, 2025-07-29, 06:30-08:30, 2.0小时
✅ 解析结果 [155/155]: 沈洋, 2025-07-29, 06:30-08:30, 2.0小时
✅ 解析结果 [155/155]: 田磊, 2025-07-29, 06:30-08:30, 2.0小时
✅ 解析结果 [155/155]: 刘成香, 2025-07-29, 06:30-08:30, 2.0小时
✅ 解析结果 [155/155]: 刘登, 2025-07-29, 06:30-08:30, 2.0小时
✅ 解析结果 [155/155]: 李炎炎, 2025-07-29, 06:30-08:30, 2.0小时
✅ 解析结果 [155/155]: 陈威, 2025-07-29, 06:30-08:30, 2.0小时
✅ 解析结果 [155/155]: 余东明, 2025-07-29, 06:30-08:30, 2.0小时
✅ 解析结果 [155/155]: 王洋, 2025-07-29, 06:30-08:30, 2.0小时
✅ 解析结果 [155/155]: 孙盼, 2025-07-29, 06:30-08:30, 2.0小时
✅ 解析结果 [155/155]: 林超, 2025-07-29, 06:30-08:30, 2.0小时
✅ 解析结果 [155/155]: 曹博文, 2025-07-29, 06:30-08:30, 2.0小时
✅ 解析结果 [155/155]: 高星, 2025-07-29, 06:30-08:30, 2.0小时
✅ 解析结果 [155/155]: 席智成, 2025-07-29, 06:30-08:30, 2.0小时
✅ 解析结果 [155/155]: 魏权, 2025-07-29, 06:30-08:30, 2.0小时
✅ 解析结果 [155/155]: 刘贤杰, 2025-07-29, 06:30-08:30, 2.0小时
✅ 解析结果 [155/155]: 万俊杰, 2025-07-29, 06:30-08:30, 2.0小时
✅ 解析结果 [155/155]: 叶成, 2025-07-29, 06:30-08:30, 2.0小时
✅ 解析结果 [155/155]: 李明, 2025-07-29, 06:30-08:30, 2.0小时
✅ 解析结果 [155/155]: 怀雄, 2025-07-29, 06:30-08:30, 2.0小时
✅ 解析结果 [155/155]: 刘卫宜, 2025-07-29, 06:30-08:30, 2.0小时
✅ 解析结果 [155/155]: 李享, 2025-07-29, 06:30-08:30, 2.0小时
⏱️ 处理完成 [155/155]: 241.20秒
------------------------------------------------------------------



📊 按数据来源统计解析成功数:
  - 钉钉: 599 条记录
  - 飞书: 18 条记录
  总计: 617 条记录解析成功

=== 加班记录分析完成 ===

📊 总计解析: 617/155 条记录 (398.1%)
✅ 保存批次 1/13: 50条记录
✅ 保存批次 2/13: 50条记录
✅ 保存批次 3/13: 50条记录
✅ 保存批次 4/13: 50条记录
✅ 保存批次 5/13: 50条记录
✅ 保存批次 6/13: 50条记录
✅ 保存批次 7/13: 50条记录
✅ 保存批次 8/13: 50条记录
✅ 保存批次 9/13: 50条记录
✅ 保存批次 10/13: 50条记录
✅ 保存批次 11/13: 50条记录
✅ 保存批次 12/13: 50条记录
✅ 保存批次 13/13: 17条记录
✅ 总共保存记录: 617条, 失败批次: 0个

⏱️ 总耗时: 1146.55秒, 平均: 7.3971秒/条, 速度: 0.14条/秒

📊 解析率: 398.1%, 保存率: 398.1%
✅ 数据库总记录: 617条

查询到 617 条结果
