已清空结果表并更新表结构
读取 46 条加班记录
设置最大并发数: 10

=== 开始分析加班记录 ===

🤖 大模型开始处理加班数据...

📤 原始记录 [1/46]: 叶旭 2025-07-04 18:00 2025-07-04 20:00 2.0 法国 飞书
📥 模型返回 [1/46]:
 叶旭,2025-07-04,18:00-20:00,2.0
✅ 解析结果 [1/46]: 叶旭, 2025-07-04, 18:00-20:00, 2.0小时
⏱️ 处理完成 [1/46]: 122.62秒
------------------------------------------------------------------



📤 原始记录 [2/46]: 叶旭 2025-07-08 18:00 2025-07-08 21:00 3.0 发货 飞书
📥 模型返回 [2/46]:
 叶旭,2025-07-08,18:00-21:00,3.0
✅ 解析结果 [2/46]: 叶旭, 2025-07-08, 18:00-21:00, 3.0小时
⏱️ 处理完成 [2/46]: 91.62秒
------------------------------------------------------------------



📤 原始记录 [3/46]: 叶旭 2025-07-16 18:00 2025-07-16 20:00 2.0 发货 飞书
📥 模型返回 [3/46]:
 叶旭,2025-07-16,18:00-20:00,2.0
✅ 解析结果 [3/46]: 叶旭, 2025-07-16, 18:00-20:00, 2.0小时
⏱️ 处理完成 [3/46]: 95.26秒
------------------------------------------------------------------



📤 原始记录 [4/46]: 叶旭 2025-07-23 18:00 2025-07-23 21:00 3.0 发货 飞书
📥 模型返回 [4/46]:
 叶旭,2025-07-23,18:00-21:00,3.0
✅ 解析结果 [4/46]: 叶旭, 2025-07-23, 18:00-21:00, 3.0小时
⏱️ 处理完成 [4/46]: 125.14秒
------------------------------------------------------------------



📤 原始记录 [5/46]: 叶旭 2025-07-24 18:00 2025-07-24 20:00 2.0 发货 飞书
📥 模型返回 [5/46]:
 叶旭,2025-07-24,18:00-20:00,2.0
✅ 解析结果 [5/46]: 叶旭, 2025-07-24, 18:00-20:00, 2.0小时
⏱️ 处理完成 [5/46]: 127.43秒
------------------------------------------------------------------



📤 原始记录 [6/46]: 叶旭 2025-07-29 18:00 2025-07-29 19:00 1.0 发货 飞书
📥 模型返回 [6/46]:
 叶旭,2025-07-29,18:00-19:00,1.0
✅ 解析结果 [6/46]: 叶旭, 2025-07-29, 18:00-19:00, 1.0小时
⏱️ 处理完成 [6/46]: 98.73秒
------------------------------------------------------------------



📤 原始记录 [7/46]: 朱泽利 2025-07-27 12:00 2025-07-27 17:00 5.0 跟十堰田总前往襄阳中车集团公司总结凌特样车的遗留历史问题 飞书
📥 模型返回 [7/46]:
 朱泽利,2025-07-27,12:00-17:00,5.0
✅ 解析结果 [7/46]: 朱泽利, 2025-07-27, 12:00-17:00, 5.0小时
⏱️ 处理完成 [7/46]: 112.97秒
------------------------------------------------------------------



📤 原始记录 [8/46]: 李运动 2025-07-01 18:30 2025-07-01 21:00 2.5 统计整理杭州及随州生产线边退库物料清单并做调拨单据 飞书
📥 模型返回 [8/46]:
 李运动,2025-07-01,18:30-21:00,2.5
✅ 解析结果 [8/46]: 李运动, 2025-07-01, 18:30-21:00, 2.5小时
⏱️ 处理完成 [8/46]: 119.32秒
------------------------------------------------------------------



📤 原始记录 [9/46]: 李运动 2025-07-11 18:00 2025-07-11 20:00 2.0 杭州仓库生产物料发随州备用，打包装车。 飞书
📥 模型返回 [9/46]:
 李运动,2025-07-11,18:00-20:00,2.0
✅ 解析结果 [9/46]: 李运动, 2025-07-11, 18:00-20:00, 2.0小时
⏱️ 处理完成 [9/46]: 103.89秒
------------------------------------------------------------------



📤 原始记录 [10/46]: 李运动 2025-07-28 18:00 2025-07-28 19:00 1.0 日常账务处理 飞书
📥 模型返回 [10/46]:
 李运动,2025-07-28,18:00-19:00,1.0
✅ 解析结果 [10/46]: 李运动, 2025-07-28, 18:00-19:00, 1.0小时
⏱️ 处理完成 [10/46]: 108.04秒
------------------------------------------------------------------



📤 原始记录 [11/46]: 李运动 2025-07-29 18:00 2025-07-29 20:00 2.0 日常账务处理 飞书
📥 模型返回 [11/46]:
 李运动,2025-07-29,18:00-20:00,2.0
✅ 解析结果 [11/46]: 李运动, 2025-07-29, 18:00-20:00, 2.0小时
⏱️ 处理完成 [11/46]: 40.07秒
------------------------------------------------------------------



📤 原始记录 [12/46]: 李黎 2025-07-12 18:00 2025-07-12 23:30 5.5 蒙城处理京深车辆问题 飞书
📥 模型返回 [12/46]:
 李黎,2025-07-12,18:00-23:30,5.5
✅ 解析结果 [12/46]: 李黎, 2025-07-12, 18:00-23:30, 5.5小时
⏱️ 处理完成 [12/46]: 39.48秒
------------------------------------------------------------------



📤 原始记录 [13/46]: 杜锋 2025-07-28 17:30 2025-07-28 18:30 1.0 加班开会 飞书
📥 模型返回 [13/46]:
 杜锋,2025-07-28,17:30-18:30,1.0
✅ 解析结果 [13/46]: 杜锋, 2025-07-28, 17:30-18:30, 1.0小时
⏱️ 处理完成 [13/46]: 41.46秒
------------------------------------------------------------------



📤 原始记录 [14/46]: 杨春森 2025-07-15 06:00 2025-07-15 08:30 2.5 1.EA5000N118装配，EOL测试，终处理，共25人   1.高群，王松，李飞，王星，刘杰，沈洋，田磊，刘成香，刘登，李炎炎，孙盼，余东明，王洋，林超，高星，席智成，魏权，刘贤杰，万俊杰，叶成，李明，怀雄，刘卫宜，张磊磊 ，曹博文  06：00-08：30 钉钉
📥 模型返回 [14/46]:
 杨春森,2025-07-15,06:00-08:30,2.5
高群,2025-07-15,06:00-08:30,2.5
王松,2025-07-15,06:00-08:30,2.5
李飞,2025-07-15,06:00-08:30,2.5
王星,2025-07-15,06:00-08:30,2.5
刘杰,2025-07-15,06:00-08:30,2.5
沈洋,2025-07-15,06:00-08:30,2.5
田磊,2025-07-15,06:00-08:30,2.5
刘成香,2025-07-15,06:00-08:30,2.5
刘登,2025-07-15,06:00-08:30,2.5
李炎炎,2025-07-15,06:00-08:30,2.5
孙盼,2025-07-15,06:00-08:30,2.5
余东明,2025-07-15,06:00-08:30,2.5
王洋,2025-07-15,06:00-08:30,2.5
林超,2025-07-15,06:00-08:30,2.5
高星,2025-07-15,06:00-08:30,2.5
席智成,2025-07-15,06:00-08:30,2.5
魏权,2025-07-15,06:00-08:30,2.5
刘贤杰,2025-07-15,06:00-08:30,2.5
万俊杰,2025-07-15,06:00-08:30,2.5
叶成,2025-07-15,06:00-08:30,2.5
李明,2025-07-15,06:00-08:30,2.5
怀雄,2025-07-15,06:00-08:30,2.5
刘卫宜,2025-07-15,06:00-08:30,2.5
张磊磊,2025-07-15,06:00-08:30,2.5
曹博文,2025-07-15,06:00-08:30,2.5
✅ 解析结果 [14/46]: 杨春森, 2025-07-15, 06:00-08:30, 2.5小时
✅ 解析结果 [14/46]: 高群, 2025-07-15, 06:00-08:30, 2.5小时
✅ 解析结果 [14/46]: 王松, 2025-07-15, 06:00-08:30, 2.5小时
✅ 解析结果 [14/46]: 李飞, 2025-07-15, 06:00-08:30, 2.5小时
✅ 解析结果 [14/46]: 王星, 2025-07-15, 06:00-08:30, 2.5小时
✅ 解析结果 [14/46]: 刘杰, 2025-07-15, 06:00-08:30, 2.5小时
✅ 解析结果 [14/46]: 沈洋, 2025-07-15, 06:00-08:30, 2.5小时
✅ 解析结果 [14/46]: 田磊, 2025-07-15, 06:00-08:30, 2.5小时
✅ 解析结果 [14/46]: 刘成香, 2025-07-15, 06:00-08:30, 2.5小时
✅ 解析结果 [14/46]: 刘登, 2025-07-15, 06:00-08:30, 2.5小时
✅ 解析结果 [14/46]: 李炎炎, 2025-07-15, 06:00-08:30, 2.5小时
✅ 解析结果 [14/46]: 孙盼, 2025-07-15, 06:00-08:30, 2.5小时
✅ 解析结果 [14/46]: 余东明, 2025-07-15, 06:00-08:30, 2.5小时
✅ 解析结果 [14/46]: 王洋, 2025-07-15, 06:00-08:30, 2.5小时
✅ 解析结果 [14/46]: 林超, 2025-07-15, 06:00-08:30, 2.5小时
✅ 解析结果 [14/46]: 高星, 2025-07-15, 06:00-08:30, 2.5小时
✅ 解析结果 [14/46]: 席智成, 2025-07-15, 06:00-08:30, 2.5小时
✅ 解析结果 [14/46]: 魏权, 2025-07-15, 06:00-08:30, 2.5小时
✅ 解析结果 [14/46]: 刘贤杰, 2025-07-15, 06:00-08:30, 2.5小时
✅ 解析结果 [14/46]: 万俊杰, 2025-07-15, 06:00-08:30, 2.5小时
✅ 解析结果 [14/46]: 叶成, 2025-07-15, 06:00-08:30, 2.5小时
✅ 解析结果 [14/46]: 李明, 2025-07-15, 06:00-08:30, 2.5小时
✅ 解析结果 [14/46]: 怀雄, 2025-07-15, 06:00-08:30, 2.5小时
✅ 解析结果 [14/46]: 刘卫宜, 2025-07-15, 06:00-08:30, 2.5小时
✅ 解析结果 [14/46]: 张磊磊, 2025-07-15, 06:00-08:30, 2.5小时
✅ 解析结果 [14/46]: 曹博文, 2025-07-15, 06:00-08:30, 2.5小时
⏱️ 处理完成 [14/46]: 59.70秒
------------------------------------------------------------------


❌ [2025-08-28 16:41:31] 错误: 异步API请求失败: Server disconnected，已耗时: 43.43秒
回调处理异常: name 'logger' is not defined
❌ [2025-08-28 16:41:31] 错误: 异步API请求失败: Server disconnected，已耗时: 45.97秒
❌ [2025-08-28 16:41:31] 错误: 异步API请求失败: Server disconnected，已耗时: 36.89秒
回调处理异常: name 'logger' is not defined
回调处理异常: name 'logger' is not defined
❌ [2025-08-28 16:41:31] 错误: 异步API请求失败: Server disconnected，已耗时: 33.84秒
回调处理异常: name 'logger' is not defined
❌ [2025-08-28 16:41:31] 错误: 异步API请求失败: Server disconnected，已耗时: 41.14秒
❌ [2025-08-28 16:41:31] 错误: 异步API请求失败: Server disconnected，已耗时: 28.38秒
❌ [2025-08-28 16:41:31] 错误: 异步API请求失败: Server disconnected，已耗时: 4.99秒
❌ [2025-08-28 16:41:31] 错误: 异步API请求失败: Server disconnected，已耗时: 55.60秒
回调处理异常: name 'logger' is not defined
回调处理异常: name 'logger' is not defined
回调处理异常: name 'logger' is not defined
回调处理异常: name 'logger' is not defined
❌ [2025-08-28 16:41:31] 错误: 异步API请求失败: Server disconnected，已耗时: 49.25秒
❌ [2025-08-28 16:41:31] 错误: 异步API请求失败: Server disconnected，已耗时: 60.54秒
❌ [2025-08-28 16:41:31] 错误: 异步API请求失败: Cannot connect to host 192.168.1.66:11434 ssl:default [Connect call failed ('192.168.1.66', 11434)]，已耗时: 0.00秒
回调处理异常: name 'logger' is not defined
回调处理异常: name 'logger' is not defined
回调处理异常: name 'logger' is not defined
❌ [2025-08-28 16:41:31] 错误: 异步API请求失败: Cannot connect to host 192.168.1.66:11434 ssl:default [Connect call failed ('192.168.1.66', 11434)]，已耗时: 0.00秒
❌ [2025-08-28 16:41:31] 错误: 异步API请求失败: Cannot connect to host 192.168.1.66:11434 ssl:default [Connect call failed ('192.168.1.66', 11434)]，已耗时: 0.00秒
回调处理异常: name 'logger' is not defined
回调处理异常: name 'logger' is not defined
❌ [2025-08-28 16:41:31] 错误: 异步API请求失败: Cannot connect to host 192.168.1.66:11434 ssl:default [Connect call failed ('192.168.1.66', 11434)]，已耗时: 0.00秒
回调处理异常: name 'logger' is not defined
❌ [2025-08-28 16:41:31] 错误: 异步API请求失败: Cannot connect to host 192.168.1.66:11434 ssl:default [Connect call failed ('192.168.1.66', 11434)]，已耗时: 0.00秒
❌ [2025-08-28 16:41:31] 错误: 异步API请求失败: Cannot connect to host 192.168.1.66:11434 ssl:default [Connect call failed ('192.168.1.66', 11434)]，已耗时: 0.00秒
❌ [2025-08-28 16:41:31] 错误: 异步API请求失败: Cannot connect to host 192.168.1.66:11434 ssl:default [Connect call failed ('192.168.1.66', 11434)]，已耗时: 0.00秒
❌ [2025-08-28 16:41:31] 错误: 异步API请求失败: Cannot connect to host 192.168.1.66:11434 ssl:default [Connect call failed ('192.168.1.66', 11434)]，已耗时: 0.00秒
回调处理异常: name 'logger' is not defined
回调处理异常: name 'logger' is not defined
回调处理异常: name 'logger' is not defined
回调处理异常: name 'logger' is not defined
❌ [2025-08-28 16:41:31] 错误: 异步API请求失败: Cannot connect to host 192.168.1.66:11434 ssl:default [Connect call failed ('192.168.1.66', 11434)]，已耗时: 0.00秒
❌ [2025-08-28 16:41:31] 错误: 异步API请求失败: Cannot connect to host 192.168.1.66:11434 ssl:default [Connect call failed ('192.168.1.66', 11434)]，已耗时: 0.00秒
❌ [2025-08-28 16:41:31] 错误: 异步API请求失败: Cannot connect to host 192.168.1.66:11434 ssl:default [Connect call failed ('192.168.1.66', 11434)]，已耗时: 0.00秒
回调处理异常: name 'logger' is not defined
回调处理异常: name 'logger' is not defined
回调处理异常: name 'logger' is not defined
❌ [2025-08-28 16:41:31] 错误: 异步API请求失败: Cannot connect to host 192.168.1.66:11434 ssl:default [Connect call failed ('192.168.1.66', 11434)]，已耗时: 0.00秒
❌ [2025-08-28 16:41:31] 错误: 异步API请求失败: Cannot connect to host 192.168.1.66:11434 ssl:default [Connect call failed ('192.168.1.66', 11434)]，已耗时: 0.00秒
回调处理异常: name 'logger' is not defined
回调处理异常: name 'logger' is not defined
❌ [2025-08-28 16:41:31] 错误: 异步API请求失败: Cannot connect to host 192.168.1.66:11434 ssl:default [Connect call failed ('192.168.1.66', 11434)]，已耗时: 0.00秒
回调处理异常: name 'logger' is not defined
❌ [2025-08-28 16:41:31] 错误: 异步API请求失败: Cannot connect to host 192.168.1.66:11434 ssl:default [Connect call failed ('192.168.1.66', 11434)]，已耗时: 0.00秒
❌ [2025-08-28 16:41:31] 错误: 异步API请求失败: Cannot connect to host 192.168.1.66:11434 ssl:default [Connect call failed ('192.168.1.66', 11434)]，已耗时: 0.00秒
❌ [2025-08-28 16:41:31] 错误: 异步API请求失败: Cannot connect to host 192.168.1.66:11434 ssl:default [Connect call failed ('192.168.1.66', 11434)]，已耗时: 0.00秒
❌ [2025-08-28 16:41:31] 错误: 异步API请求失败: Cannot connect to host 192.168.1.66:11434 ssl:default [Connect call failed ('192.168.1.66', 11434)]，已耗时: 0.00秒
回调处理异常: name 'logger' is not defined
回调处理异常: name 'logger' is not defined
回调处理异常: name 'logger' is not defined
回调处理异常: name 'logger' is not defined
❌ [2025-08-28 16:41:31] 错误: 异步API请求失败: Cannot connect to host 192.168.1.66:11434 ssl:default [Connect call failed ('192.168.1.66', 11434)]，已耗时: 0.00秒
❌ [2025-08-28 16:41:31] 错误: 异步API请求失败: Cannot connect to host 192.168.1.66:11434 ssl:default [Connect call failed ('192.168.1.66', 11434)]，已耗时: 0.00秒
❌ [2025-08-28 16:41:31] 错误: 异步API请求失败: Cannot connect to host 192.168.1.66:11434 ssl:default [Connect call failed ('192.168.1.66', 11434)]，已耗时: 0.00秒
回调处理异常: name 'logger' is not defined
回调处理异常: name 'logger' is not defined
回调处理异常: name 'logger' is not defined
❌ [2025-08-28 16:41:31] 错误: 异步API请求失败: Cannot connect to host 192.168.1.66:11434 ssl:default [Connect call failed ('192.168.1.66', 11434)]，已耗时: 0.00秒
回调处理异常: name 'logger' is not defined
获取任务结果异常: name 'logger' is not defined
获取任务结果异常: name 'logger' is not defined
获取任务结果异常: name 'logger' is not defined
获取任务结果异常: name 'logger' is not defined
获取任务结果异常: name 'logger' is not defined
获取任务结果异常: name 'logger' is not defined
获取任务结果异常: name 'logger' is not defined
获取任务结果异常: name 'logger' is not defined
获取任务结果异常: name 'logger' is not defined
获取任务结果异常: name 'logger' is not defined
获取任务结果异常: name 'logger' is not defined
获取任务结果异常: name 'logger' is not defined
获取任务结果异常: name 'logger' is not defined
获取任务结果异常: name 'logger' is not defined
获取任务结果异常: name 'logger' is not defined
获取任务结果异常: name 'logger' is not defined
获取任务结果异常: name 'logger' is not defined
获取任务结果异常: name 'logger' is not defined
获取任务结果异常: name 'logger' is not defined
获取任务结果异常: name 'logger' is not defined
获取任务结果异常: name 'logger' is not defined
获取任务结果异常: name 'logger' is not defined
获取任务结果异常: name 'logger' is not defined
获取任务结果异常: name 'logger' is not defined
获取任务结果异常: name 'logger' is not defined
获取任务结果异常: name 'logger' is not defined
获取任务结果异常: name 'logger' is not defined
获取任务结果异常: name 'logger' is not defined
获取任务结果异常: name 'logger' is not defined
获取任务结果异常: name 'logger' is not defined
获取任务结果异常: name 'logger' is not defined
获取任务结果异常: name 'logger' is not defined
⚠️ 统计: 0 个任务被取消, 32 个任务出错, 14 个任务成功

📊 按数据来源统计解析成功数:
  - 飞书: 13 条记录
  - 钉钉: 26 条记录
  总计: 39 条记录解析成功

=== 加班记录分析完成 ===

📊 总计解析: 39/46 条记录 (84.8%)
✅ 保存批次 1/1: 39条记录
✅ 总共保存记录: 39条, 失败批次: 0个

⏱️ 总耗时: 168.59秒, 平均: 3.6651秒/条, 速度: 0.27条/秒

📊 解析率: 84.8%, 保存率: 84.8%
✅ 数据库总记录: 39条

查询到 39 条结果
