🚀 [overwork_combine] 脚本开始执行 - 2025-09-06 08:46:56
📋 总共需要执行 6 个主要步骤
ℹ️  [08:46:56] 开始处理08月份加班数据
🔄 [1/6] 处理飞书加班数据...
📁 [08:46:56] 文件操作: 开始读取飞书加班数据 '../data/original/overwork01.xlsx'
ℹ️  [08:46:56] 飞书加班数据读取完成
   └─ 原始数据行数: 37, 列数: 25
ℹ️  [08:46:56] 列名重命名完成
ℹ️  [08:46:56] 开始转换日期格式
📊 [08:46:56] 数据处理: 转换日期格式 [████████████████████] 30/30 条数据 (100.0%) - 已用时: 0.1秒 | 预计剩余: 0.0秒
   └─ 当前员工: 叶旭
ℹ️  [08:46:56] 日期格式转换完成
ℹ️  [08:46:56] 飞书加班数据处理完成
   └─ 最终记录数: 30
✅ [1/6] 飞书数据处理 完成 - 耗时: 0.1秒
🔄 [2/6] 处理钉钉加班数据...
📁 [08:46:56] 文件操作: 开始读取钉钉加班数据 '../data/original/overwork02.xlsx'
ℹ️  [08:46:56] 钉钉加班数据读取完成
   └─ 原始数据行数: 246, 列数: 19
ℹ️  [08:46:56] 列名重命名完成
ℹ️  [08:46:56] 钉钉加班数据处理完成
   └─ 最终记录数: 225
✅ [2/6] 钉钉数据处理 完成 - 耗时: 0.1秒
🔄 [3/6] 合并两个数据源...
ℹ️  [08:46:56] 数据合并完成
   └─ 飞书: 30条, 钉钉: 225条, 合并后: 255条
✅ [3/6] 数据合并 完成 - 耗时: 0.1秒
🔄 [4/6] 筛选08月份数据...
ℹ️  [08:46:56] 日期转换完成
ℹ️  [08:46:56] 08月份数据筛选完成
   └─ 筛选前: 255条, 筛选后: 234条
✅ [4/6] 月份数据筛选 完成 - 耗时: 0.1秒
🔄 [5/6] 数据排序...
ℹ️  [08:46:56] 数据排序完成
   └─ 按姓名和开始时间排序
✅ [5/6] 数据排序 完成 - 耗时: 0.1秒
🔄 [6/6] 保存到数据库...
🗄️  [08:46:56] 数据库操作: 开始连接数据库 表 'overwork'
🗄️  [08:46:56] 数据库操作: 数据库连接成功 表 'overwork'
ℹ️  [08:46:56] 开始清理字段名
   └─ 原始字段数: 7
📊 [08:46:56] 清理字段名: 处理第7个字段 [████████████████████] 7/7 个字段 (100.0%) - 已用时: 0.1秒 | 预计剩余: 0.0秒
ℹ️  [08:46:56] 字段名清理完成
   └─ 清理后字段数: 7
🗄️  [08:46:56] 数据库操作: 删除已存在的表 表 'overwork'
🗄️  [08:46:56] 数据库操作: 创建新表 表 'overwork'
ℹ️  [08:46:56] 表结构设计
   └─ 字段数量: 7, 字段类型: TEXT
🗄️  [08:46:56] 数据库操作: 表创建成功 表 'overwork'
🗄️  [08:46:56] 数据库操作: 开始批量插入数据 表 'overwork' - 影响 234 行
📊 [08:46:56] 数据处理: 插入加班数据 [████████████████████] 234/234 条数据 (100.0%) - 已用时: 0.1秒 | 预计剩余: 0.0秒
   └─ 当前员工: 黄力
🗄️  [08:46:56] 数据库操作: 数据插入完成 表 'overwork' - 影响 234 行
ℹ️  [08:46:56] 数据库连接已关闭
✅ [6/6] 数据保存 完成 - 耗时: 0.1秒
🎉 [overwork_combine] 脚本执行完成 - 2025-09-06 08:46:56
⏱️  总执行时间: 0.1秒
📈 完成步骤: 6/6
📝 执行摘要: 成功处理234条08月份加班记录
