已清空结果表并更新表结构
读取 46 条加班记录
设置最大并发数: 10

=== 开始分析加班记录 ===

🤖 大模型开始处理加班数据...

📤 原始记录 [1/46]: 叶旭 2025-07-04 18:00 2025-07-04 20:00 2.0 法国 飞书
📥 模型返回 [1/46]:
 叶旭,2025-07-04,18:00-20:00,2.0
✅ 解析结果 [1/46]: 叶旭, 2025-07-04, 18:00-20:00, 2.0小时
⏱️ 处理完成 [1/46]: 43.11秒
------------------------------------------------------------------



📤 原始记录 [2/46]: 叶旭 2025-07-08 18:00 2025-07-08 21:00 3.0 发货 飞书
📥 模型返回 [2/46]:
 叶旭,2025-07-08,18:00-21:00,3.0
✅ 解析结果 [2/46]: 叶旭, 2025-07-08, 18:00-21:00, 3.0小时
⏱️ 处理完成 [2/46]: 34.68秒
------------------------------------------------------------------



📤 原始记录 [3/46]: 叶旭 2025-07-16 18:00 2025-07-16 20:00 2.0 发货 飞书
📥 模型返回 [3/46]:
 叶旭,2025-07-16,18:00-20:00,2.0
✅ 解析结果 [3/46]: 叶旭, 2025-07-16, 18:00-20:00, 2.0小时
⏱️ 处理完成 [3/46]: 18.41秒
------------------------------------------------------------------



📤 原始记录 [4/46]: 叶旭 2025-07-23 18:00 2025-07-23 21:00 3.0 发货 飞书
📥 模型返回 [4/46]:
 叶旭,2025-07-23,18:00-21:00,3.0
✅ 解析结果 [4/46]: 叶旭, 2025-07-23, 18:00-21:00, 3.0小时
⏱️ 处理完成 [4/46]: 39.24秒
------------------------------------------------------------------



📤 原始记录 [5/46]: 叶旭 2025-07-24 18:00 2025-07-24 20:00 2.0 发货 飞书
📥 模型返回 [5/46]:
 叶旭,2025-07-24,18:00-20:00,2.0
✅ 解析结果 [5/46]: 叶旭, 2025-07-24, 18:00-20:00, 2.0小时
⏱️ 处理完成 [5/46]: 28.82秒
------------------------------------------------------------------



📤 原始记录 [6/46]: 叶旭 2025-07-29 18:00 2025-07-29 19:00 1.0 发货 飞书
📥 模型返回 [6/46]:
 叶旭,2025-07-29,18:00-19:00,1.0
✅ 解析结果 [6/46]: 叶旭, 2025-07-29, 18:00-19:00, 1.0小时
⏱️ 处理完成 [6/46]: 46.00秒
------------------------------------------------------------------



📤 原始记录 [7/46]: 朱泽利 2025-07-27 12:00 2025-07-27 17:00 5.0 跟十堰田总前往襄阳中车集团公司总结凌特样车的遗留历史问题 飞书
📥 模型返回 [7/46]:
 朱泽利,2025-07-27,12:00-17:00,5.0
✅ 解析结果 [7/46]: 朱泽利, 2025-07-27, 12:00-17:00, 5.0小时
⏱️ 处理完成 [7/46]: 21.01秒
------------------------------------------------------------------



📤 原始记录 [8/46]: 李运动 2025-07-01 18:30 2025-07-01 21:00 2.5 统计整理杭州及随州生产线边退库物料清单并做调拨单据 飞书
📥 模型返回 [8/46]:
 李运动,2025-07-01,18:30-21:00,2.5
✅ 解析结果 [8/46]: 李运动, 2025-07-01, 18:30-21:00, 2.5小时
⏱️ 处理完成 [8/46]: 15.06秒
------------------------------------------------------------------



📤 原始记录 [9/46]: 李运动 2025-07-11 18:00 2025-07-11 20:00 2.0 杭州仓库生产物料发随州备用，打包装车。 飞书
📥 模型返回 [9/46]:
 李运动,2025-07-11,18:00-20:00,2.0
✅ 解析结果 [9/46]: 李运动, 2025-07-11, 18:00-20:00, 2.0小时
⏱️ 处理完成 [9/46]: 25.15秒
------------------------------------------------------------------



📤 原始记录 [10/46]: 李运动 2025-07-28 18:00 2025-07-28 19:00 1.0 日常账务处理 飞书
📥 模型返回 [10/46]:
 李运动,2025-07-28,18:00-19:00,1.0
✅ 解析结果 [10/46]: 李运动, 2025-07-28, 18:00-19:00, 1.0小时
⏱️ 处理完成 [10/46]: 31.84秒
------------------------------------------------------------------



📤 原始记录 [11/46]: 李运动 2025-07-29 18:00 2025-07-29 20:00 2.0 日常账务处理 飞书
📥 模型返回 [11/46]:
 李运动,2025-07-29,18:00-20:00,2.0
✅ 解析结果 [11/46]: 李运动, 2025-07-29, 18:00-20:00, 2.0小时
⏱️ 处理完成 [11/46]: 34.48秒
------------------------------------------------------------------



📤 原始记录 [12/46]: 李黎 2025-07-12 18:00 2025-07-12 23:30 5.5 蒙城处理京深车辆问题 飞书
📥 模型返回 [12/46]:
 李黎,2025-07-12,18:00-23:30,5.5
✅ 解析结果 [12/46]: 李黎, 2025-07-12, 18:00-23:30, 5.5小时
⏱️ 处理完成 [12/46]: 36.06秒
------------------------------------------------------------------



📤 原始记录 [13/46]: 杜锋 2025-07-28 17:30 2025-07-28 18:30 1.0 加班开会 飞书
📥 模型返回 [13/46]:
 杜锋,2025-07-28,17:30-18:30,1.0
✅ 解析结果 [13/46]: 杜锋, 2025-07-28, 17:30-18:30, 1.0小时
⏱️ 处理完成 [13/46]: 38.33秒
------------------------------------------------------------------



📤 原始记录 [14/46]: 杨春森 2025-07-15 06:00 2025-07-15 08:30 2.5 1.EA5000N118装配，EOL测试，终处理，共25人   1.高群，王松，李飞，王星，刘杰，沈洋，田磊，刘成香，刘登，李炎炎，孙盼，余东明，王洋，林超，高星，席智成，魏权，刘贤杰，万俊杰，叶成，李明，怀雄，刘卫宜，张磊磊 ，曹博文  06：00-08：30 钉钉
📥 模型返回 [14/46]:
 杨春森,2025-07-15,06:00-08:30,2.5
高群,2025-07-15,06:00-08:30,2.5
王松,2025-07-15,06:00-08:30,2.5
李飞,2025-07-15,06:00-08:30,2.5
王星,2025-07-15,06:00-08:30,2.5
刘杰,2025-07-15,06:00-08:30,2.5
沈洋,2025-07-15,06:00-08:30,2.5
田磊,2025-07-15,06:00-08:30,2.5
刘成香,2025-07-15,06:00-08:30,2.5
刘登,2025-07-15,06:00-08:30,2.5
李炎炎,2025-07-15,06:00-08:30,2.5
孙盼,2025-07-15,06:00-08:30,2.5
余东明,2025-07-15,06:00-08:30,2.5
王洋,2025-07-15,06:00-08:30,2.5
林超,2025-07-15,06:00-08:30,2.5
高星,2025-07-15,06:00-08:30,2.5
席智成,2025-07-15,06:00-08:30,2.5
魏权,2025-07-15,06:00-08:30,2.5
刘贤杰,2025-07-15,06:00-08:30,2.5
万俊杰,2025-07-15,06:00-08:30,2.5
叶成,2025-07-15,06:00-08:30,2.5
李明,2025-07-15,06:00-08:30,2.5
怀雄,2025-07-15,06:00-08:30,2.5
刘卫宜,2025-07-15,06:00-08:30,2.5
张磊磊,2025-07-15,06:00-08:30,2.5
曹博文,2025-07-15,06:00-08:30,2.5
✅ 解析结果 [14/46]: 杨春森, 2025-07-15, 06:00-08:30, 2.5小时
✅ 解析结果 [14/46]: 高群, 2025-07-15, 06:00-08:30, 2.5小时
✅ 解析结果 [14/46]: 王松, 2025-07-15, 06:00-08:30, 2.5小时
✅ 解析结果 [14/46]: 李飞, 2025-07-15, 06:00-08:30, 2.5小时
✅ 解析结果 [14/46]: 王星, 2025-07-15, 06:00-08:30, 2.5小时
✅ 解析结果 [14/46]: 刘杰, 2025-07-15, 06:00-08:30, 2.5小时
✅ 解析结果 [14/46]: 沈洋, 2025-07-15, 06:00-08:30, 2.5小时
✅ 解析结果 [14/46]: 田磊, 2025-07-15, 06:00-08:30, 2.5小时
✅ 解析结果 [14/46]: 刘成香, 2025-07-15, 06:00-08:30, 2.5小时
✅ 解析结果 [14/46]: 刘登, 2025-07-15, 06:00-08:30, 2.5小时
✅ 解析结果 [14/46]: 李炎炎, 2025-07-15, 06:00-08:30, 2.5小时
✅ 解析结果 [14/46]: 孙盼, 2025-07-15, 06:00-08:30, 2.5小时
✅ 解析结果 [14/46]: 余东明, 2025-07-15, 06:00-08:30, 2.5小时
✅ 解析结果 [14/46]: 王洋, 2025-07-15, 06:00-08:30, 2.5小时
✅ 解析结果 [14/46]: 林超, 2025-07-15, 06:00-08:30, 2.5小时
✅ 解析结果 [14/46]: 高星, 2025-07-15, 06:00-08:30, 2.5小时
✅ 解析结果 [14/46]: 席智成, 2025-07-15, 06:00-08:30, 2.5小时
✅ 解析结果 [14/46]: 魏权, 2025-07-15, 06:00-08:30, 2.5小时
✅ 解析结果 [14/46]: 刘贤杰, 2025-07-15, 06:00-08:30, 2.5小时
✅ 解析结果 [14/46]: 万俊杰, 2025-07-15, 06:00-08:30, 2.5小时
✅ 解析结果 [14/46]: 叶成, 2025-07-15, 06:00-08:30, 2.5小时
✅ 解析结果 [14/46]: 李明, 2025-07-15, 06:00-08:30, 2.5小时
✅ 解析结果 [14/46]: 怀雄, 2025-07-15, 06:00-08:30, 2.5小时
✅ 解析结果 [14/46]: 刘卫宜, 2025-07-15, 06:00-08:30, 2.5小时
✅ 解析结果 [14/46]: 张磊磊, 2025-07-15, 06:00-08:30, 2.5小时
✅ 解析结果 [14/46]: 曹博文, 2025-07-15, 06:00-08:30, 2.5小时
⏱️ 处理完成 [14/46]: 91.86秒
------------------------------------------------------------------



📤 原始记录 [15/46]: 杨春森 2025-07-20 06:30 2025-07-20 11:30 5.0 1.返修3800  共6人   1.魏权，林超   06：30-11：30   2.曹博文，高星，刘杰，刘卫宜   06：30-08：30 钉钉
📥 模型返回 [15/46]:
 杨春森,2025-07-20,06:30-11:30,5.0
魏权,2025-07-20,06:30-11:30,5.0
林超,2025-07-20,06:30-11:30,5.0
曹博文,2025-07-20,06:30-11:30,5.0
高星,2025-07-20,06:30-11:30,5.0
刘杰,2025-07-20,06:30-11:30,5.0
刘卫宜,2025-07-20,06:30-11:30,5.0
✅ 解析结果 [15/46]: 杨春森, 2025-07-20, 06:30-11:30, 5.0小时
✅ 解析结果 [15/46]: 魏权, 2025-07-20, 06:30-11:30, 5.0小时
✅ 解析结果 [15/46]: 林超, 2025-07-20, 06:30-11:30, 5.0小时
✅ 解析结果 [15/46]: 曹博文, 2025-07-20, 06:30-11:30, 5.0小时
✅ 解析结果 [15/46]: 高星, 2025-07-20, 06:30-11:30, 5.0小时
✅ 解析结果 [15/46]: 刘杰, 2025-07-20, 06:30-11:30, 5.0小时
✅ 解析结果 [15/46]: 刘卫宜, 2025-07-20, 06:30-11:30, 5.0小时
⏱️ 处理完成 [15/46]: 99.23秒
------------------------------------------------------------------



📤 原始记录 [16/46]: 梁梅 2025-07-01 18:30 2025-07-01 21:00 2.5 新系统切换账务转结工作 飞书
📥 模型返回 [16/46]:
 梁梅,2025-07-01,18:30-21:00,2.5
✅ 解析结果 [16/46]: 梁梅, 2025-07-01, 18:30-21:00, 2.5小时
⏱️ 处理完成 [16/46]: 99.96秒
------------------------------------------------------------------



📤 原始记录 [17/46]: 梁梅 2025-07-02 18:00 2025-07-02 19:00 1.0 积压专项处理接待回收供应商 飞书
📥 模型返回 [17/46]:
 梁梅,2025-07-02,18:00-19:00,1.0
✅ 解析结果 [17/46]: 梁梅, 2025-07-02, 18:00-19:00, 1.0小时
⏱️ 处理完成 [17/46]: 102.27秒
------------------------------------------------------------------



📤 原始记录 [18/46]: 梁梅 2025-07-22 18:00 2025-07-22 19:00 1.0 仓储账务处理 飞书
📥 模型返回 [18/46]:
 梁梅,2025-07-22,18:00-19:00,1.0
✅ 解析结果 [18/46]: 梁梅, 2025-07-22, 18:00-19:00, 1.0小时
⏱️ 处理完成 [18/46]: 101.59秒
------------------------------------------------------------------



📤 原始记录 [19/46]: 梁梅 2025-07-23 18:00 2025-07-23 20:00 2.0 协调EA1900N项目加急物料到货检验、发生产总装 飞书
📥 模型返回 [19/46]:
 梁梅,2025-07-23,18:00-20:00,2.0
✅ 解析结果 [19/46]: 梁梅, 2025-07-23, 18:00-20:00, 2.0小时
⏱️ 处理完成 [19/46]: 101.50秒
------------------------------------------------------------------



📤 原始记录 [20/46]: 梁梅 2025-07-24 18:00 2025-07-24 20:00 2.0 仓储账务处理 飞书
📥 模型返回 [20/46]:
 梁梅,2025-07-24,18:00-20:00,2.0
✅ 解析结果 [20/46]: 梁梅, 2025-07-24, 18:00-20:00, 2.0小时
⏱️ 处理完成 [20/46]: 101.16秒
------------------------------------------------------------------



📤 原始记录 [21/46]: 段少波 2025-07-08 06:00 2025-07-08 08:30 2.5 1.EA5000N118装配，EA3800N101EOL测试，终处理，EA5000NB107打包发货，共27人   1.高群，王松，李飞，王能武，王星，刘杰，沈洋，田磊，刘成香，刘登，李炎炎，陈威，余东明，王洋，孙盼，林超，曹博文，高星，席智成，魏权，刘贤杰，万俊杰，叶成，李明，怀雄，刘卫宜，李享   06：00-08：30 钉钉
📥 模型返回 [21/46]:
 段少波,2025-07-08,06:00-08:30,2.5
高群,2025-07-08,06:00-08:30,2.5
王松,2025-07-08,06:00-08:30,2.5
李飞,2025-07-08,06:00-08:30,2.5
王能武,2025-07-08,06:00-08:30,2.5
王星,2025-07-08,06:00-08:30,2.5
刘杰,2025-07-08,06:00-08:30,2.5
沈洋,2025-07-08,06:00-08:30,2.5
田磊,2025-07-08,06:00-08:30,2.5
刘成香,2025-07-08,06:00-08:30,2.5
刘登,2025-07-08,06:00-08:30,2.5
李炎炎,2025-07-08,06:00-08:30,2.5
陈威,2025-07-08,06:00-08:30,2.5
余东明,2025-07-08,06:00-08:30,2.5
王洋,2025-07-08,06:00-08:30,2.5
孙盼,2025-07-08,06:00-08:30,2.5
林超,2025-07-08,06:00-08:30,2.5
曹博文,2025-07-08,06:00-08:30,2.5
高星,2025-07-08,06:00-08:30,2.5
席智成,2025-07-08,06:00-08:30,2.5
魏权,2025-07-08,06:00-08:30,2.5
刘贤杰,2025-07-08,06:00-08:30,2.5
万俊杰,2025-07-08,06:00-08:30,2.5
叶成,2025-07-08,06:00-08:30,2.5
李明,2025-07-08,06:00-08:30,2.5
怀雄,2025-07-08,06:00-08:30,2.5
刘卫宜,2025-07-08,06:00-08:30,2.5
李享,2025-07-08,06:00-08:30,2.5
✅ 解析结果 [21/46]: 段少波, 2025-07-08, 06:00-08:30, 2.5小时
✅ 解析结果 [21/46]: 高群, 2025-07-08, 06:00-08:30, 2.5小时
✅ 解析结果 [21/46]: 王松, 2025-07-08, 06:00-08:30, 2.5小时
✅ 解析结果 [21/46]: 李飞, 2025-07-08, 06:00-08:30, 2.5小时
✅ 解析结果 [21/46]: 王能武, 2025-07-08, 06:00-08:30, 2.5小时
✅ 解析结果 [21/46]: 王星, 2025-07-08, 06:00-08:30, 2.5小时
✅ 解析结果 [21/46]: 刘杰, 2025-07-08, 06:00-08:30, 2.5小时
✅ 解析结果 [21/46]: 沈洋, 2025-07-08, 06:00-08:30, 2.5小时
✅ 解析结果 [21/46]: 田磊, 2025-07-08, 06:00-08:30, 2.5小时
✅ 解析结果 [21/46]: 刘成香, 2025-07-08, 06:00-08:30, 2.5小时
✅ 解析结果 [21/46]: 刘登, 2025-07-08, 06:00-08:30, 2.5小时
✅ 解析结果 [21/46]: 李炎炎, 2025-07-08, 06:00-08:30, 2.5小时
✅ 解析结果 [21/46]: 陈威, 2025-07-08, 06:00-08:30, 2.5小时
✅ 解析结果 [21/46]: 余东明, 2025-07-08, 06:00-08:30, 2.5小时
✅ 解析结果 [21/46]: 王洋, 2025-07-08, 06:00-08:30, 2.5小时
✅ 解析结果 [21/46]: 孙盼, 2025-07-08, 06:00-08:30, 2.5小时
✅ 解析结果 [21/46]: 林超, 2025-07-08, 06:00-08:30, 2.5小时
✅ 解析结果 [21/46]: 曹博文, 2025-07-08, 06:00-08:30, 2.5小时
✅ 解析结果 [21/46]: 高星, 2025-07-08, 06:00-08:30, 2.5小时
✅ 解析结果 [21/46]: 席智成, 2025-07-08, 06:00-08:30, 2.5小时
✅ 解析结果 [21/46]: 魏权, 2025-07-08, 06:00-08:30, 2.5小时
✅ 解析结果 [21/46]: 刘贤杰, 2025-07-08, 06:00-08:30, 2.5小时
✅ 解析结果 [21/46]: 万俊杰, 2025-07-08, 06:00-08:30, 2.5小时
✅ 解析结果 [21/46]: 叶成, 2025-07-08, 06:00-08:30, 2.5小时
✅ 解析结果 [21/46]: 李明, 2025-07-08, 06:00-08:30, 2.5小时
✅ 解析结果 [21/46]: 怀雄, 2025-07-08, 06:00-08:30, 2.5小时
✅ 解析结果 [21/46]: 刘卫宜, 2025-07-08, 06:00-08:30, 2.5小时
✅ 解析结果 [21/46]: 李享, 2025-07-08, 06:00-08:30, 2.5小时
⏱️ 处理完成 [21/46]: 124.78秒
------------------------------------------------------------------



📤 原始记录 [22/46]: 段少波 2025-07-08 06:00 2025-07-08 08:30 2.5 发料，车间上班时间调整 钉钉
📥 模型返回 [22/46]:
 段少波,2025-07-08,06:00-08:30,2.5
✅ 解析结果 [22/46]: 段少波, 2025-07-08, 06:00-08:30, 2.5小时
⏱️ 处理完成 [22/46]: 123.15秒
------------------------------------------------------------------



📤 原始记录 [23/46]: 段少波 2025-07-10 06:00 2025-07-10 08:30 2.5 1.EA5000N118装配，EOL测试，终处理，共27人   1.高群，王松，李飞，王能武，王星，刘杰，沈洋，田磊，刘成香，刘登，李炎炎，陈威，余东明，王洋，孙盼，林超，高星，席智成，魏权，刘贤杰，万俊杰，叶成，李明，怀雄，刘卫宜，张磊磊   06：00-08：30   2.曹博文  06：30-08：30 钉钉
📥 模型返回 [23/46]:
 段少波,2025-07-10,06:00-08:30,2.5
高群,2025-07-10,06:00-08:30,2.5
王松,2025-07-10,06:00-08:30,2.5
李飞,2025-07-10,06:00-08:30,2.5
王能武,2025-07-10,06:00-08:30,2.5
王星,2025-07-10,06:00-08:30,2.5
刘杰,2025-07-10,06:00-08:30,2.5
沈洋,2025-07-10,06:00-08:30,2.5
田磊,2025-07-10,06:00-08:30,2.5
刘成香,2025-07-10,06:00-08:30,2.5
刘登,2025-07-10,06:00-08:30,2.5
李炎炎,2025-07-10,06:00-08:30,2.5
陈威,2025-07-10,06:00-08:30,2.5
余东明,2025-07-10,06:00-08:30,2.5
王洋,2025-07-10,06:00-08:30,2.5
孙盼,2025-07-10,06:00-08:30,2.5
林超,2025-07-10,06:00-08:30,2.5
高星,2025-07-10,06:00-08:30,2.5
席智成,2025-07-10,06:00-08:30,2.5
魏权,2025-07-10,06:00-08:30,2.5
刘贤杰,2025-07-10,06:00-08:30,2.5
万俊杰,2025-07-10,06:00-08:30,2.5
叶成,2025-07-10,06:00-08:30,2.5
李明,2025-07-10,06:00-08:30,2.5
怀雄,2025-07-10,06:00-08:30,2.5
刘卫宜,2025-07-10,06:00-08:30,2.5
张磊磊,2025-07-10,06:00-08:30,2.5
曹博文,2025-07-10,06:30-08:30,2.0
✅ 解析结果 [23/46]: 段少波, 2025-07-10, 06:00-08:30, 2.5小时
✅ 解析结果 [23/46]: 高群, 2025-07-10, 06:00-08:30, 2.5小时
✅ 解析结果 [23/46]: 王松, 2025-07-10, 06:00-08:30, 2.5小时
✅ 解析结果 [23/46]: 李飞, 2025-07-10, 06:00-08:30, 2.5小时
✅ 解析结果 [23/46]: 王能武, 2025-07-10, 06:00-08:30, 2.5小时
✅ 解析结果 [23/46]: 王星, 2025-07-10, 06:00-08:30, 2.5小时
✅ 解析结果 [23/46]: 刘杰, 2025-07-10, 06:00-08:30, 2.5小时
✅ 解析结果 [23/46]: 沈洋, 2025-07-10, 06:00-08:30, 2.5小时
✅ 解析结果 [23/46]: 田磊, 2025-07-10, 06:00-08:30, 2.5小时
✅ 解析结果 [23/46]: 刘成香, 2025-07-10, 06:00-08:30, 2.5小时
✅ 解析结果 [23/46]: 刘登, 2025-07-10, 06:00-08:30, 2.5小时
✅ 解析结果 [23/46]: 李炎炎, 2025-07-10, 06:00-08:30, 2.5小时
✅ 解析结果 [23/46]: 陈威, 2025-07-10, 06:00-08:30, 2.5小时
✅ 解析结果 [23/46]: 余东明, 2025-07-10, 06:00-08:30, 2.5小时
✅ 解析结果 [23/46]: 王洋, 2025-07-10, 06:00-08:30, 2.5小时
✅ 解析结果 [23/46]: 孙盼, 2025-07-10, 06:00-08:30, 2.5小时
✅ 解析结果 [23/46]: 林超, 2025-07-10, 06:00-08:30, 2.5小时
✅ 解析结果 [23/46]: 高星, 2025-07-10, 06:00-08:30, 2.5小时
✅ 解析结果 [23/46]: 席智成, 2025-07-10, 06:00-08:30, 2.5小时
✅ 解析结果 [23/46]: 魏权, 2025-07-10, 06:00-08:30, 2.5小时
✅ 解析结果 [23/46]: 刘贤杰, 2025-07-10, 06:00-08:30, 2.5小时
✅ 解析结果 [23/46]: 万俊杰, 2025-07-10, 06:00-08:30, 2.5小时
✅ 解析结果 [23/46]: 叶成, 2025-07-10, 06:00-08:30, 2.5小时
✅ 解析结果 [23/46]: 李明, 2025-07-10, 06:00-08:30, 2.5小时
✅ 解析结果 [23/46]: 怀雄, 2025-07-10, 06:00-08:30, 2.5小时
✅ 解析结果 [23/46]: 刘卫宜, 2025-07-10, 06:00-08:30, 2.5小时
✅ 解析结果 [23/46]: 张磊磊, 2025-07-10, 06:00-08:30, 2.5小时
✅ 解析结果 [23/46]: 曹博文, 2025-07-10, 06:30-08:30, 2.0小时
⏱️ 处理完成 [23/46]: 151.36秒
------------------------------------------------------------------



📤 原始记录 [24/46]: 段少波 2025-07-11 18:00 2025-07-11 20:30 2.5 1、EA3800N可靠性试验    2、1400K耐久试验   3、EA3800N静态换挡   钉钉
📥 模型返回 [24/46]:
 段少波,2025-07-11,18:00-20:30,2.5
✅ 解析结果 [24/46]: 段少波, 2025-07-11, 18:00-20:30, 2.5小时
⏱️ 处理完成 [24/46]: 98.44秒
------------------------------------------------------------------



📤 原始记录 [25/46]: 段少波 2025-07-25 17:30 2025-07-25 20:30 3.0 进销存更新，手工账本更新，车间加班 钉钉
📥 模型返回 [25/46]:
 段少波,2025-07-25,17:30-20:30,3.0
✅ 解析结果 [25/46]: 段少波, 2025-07-25, 17:30-20:30, 3.0小时
⏱️ 处理完成 [25/46]: 92.01秒
------------------------------------------------------------------



📤 原始记录 [26/46]: 段少波 2025-07-25 17:30 2025-07-25 18:30 1.0 加班装到杭州的动力总成 钉钉
📥 模型返回 [26/46]:
 段少波,2025-07-25,17:30-18:30,1.0
✅ 解析结果 [26/46]: 段少波, 2025-07-25, 17:30-18:30, 1.0小时
⏱️ 处理完成 [26/46]: 93.12秒
------------------------------------------------------------------



📤 原始记录 [27/46]: 钟洪伟 2025-07-14 06:00 2025-07-14 08:30 2.5 1.EA5000N118装配 ，                      共1人                                                                                    1.段少波，06:00-08:30 钉钉
📥 模型返回 [27/46]:
 钟洪伟,2025-07-14,06:00-08:30,2.5
段少波,2025-07-14,06:00-08:30,2.5
✅ 解析结果 [27/46]: 钟洪伟, 2025-07-14, 06:00-08:30, 2.5小时
✅ 解析结果 [27/46]: 段少波, 2025-07-14, 06:00-08:30, 2.5小时
⏱️ 处理完成 [27/46]: 98.15秒
------------------------------------------------------------------



📤 原始记录 [28/46]: 陈之东 2025-07-23 18:00 2025-07-23 20:30 2.5 1、EA3800可靠性试验  2、1400K耐久试验  3、EA1900N可靠性  4、EA3800N静态换挡试验 钉钉
📥 模型返回 [28/46]:
 陈之东,2025-07-23,18:00-20:30,2.5
✅ 解析结果 [28/46]: 陈之东, 2025-07-23, 18:00-20:30, 2.5小时
⏱️ 处理完成 [28/46]: 99.59秒
------------------------------------------------------------------



📤 原始记录 [29/46]: 陈登科 2025-07-16 06:00 2025-07-16 08:30 2.5 1.EA5000N118装配，EOL测试，终处理，共25人   1.高群，王松，李飞，王星，刘杰，沈洋，田磊，刘成香，刘登，李炎炎，孙盼，余东明，王洋，林超，高星，席智成，魏权，刘贤杰，叶成，李明，怀雄，刘卫宜，张磊磊 ，曹博文， 王能武    06：00-08：30 钉钉
📥 模型返回 [29/46]:
 陈登科,2025-07-16,06:00-08:30,2.5
高群,2025-07-16,06:00-08:30,2.5
王松,2025-07-16,06:00-08:30,2.5
李飞,2025-07-16,06:00-08:30,2.5
王星,2025-07-16,06:00-08:30,2.5
刘杰,2025-07-16,06:00-08:30,2.5
沈洋,2025-07-16,06:00-08:30,2.5
田磊,2025-07-16,06:00-08:30,2.5
刘成香,2025-07-16,06:00-08:30,2.5
刘登,2025-07-16,06:00-08:30,2.5
李炎炎,2025-07-16,06:00-08:30,2.5
孙盼,2025-07-16,06:00-08:30,2.5
余东明,2025-07-16,06:00-08:30,2.5
王洋,2025-07-16,06:00-08:30,2.5
林超,2025-07-16,06:00-08:30,2.5
高星,2025-07-16,06:00-08:30,2.5
席智成,2025-07-16,06:00-08:30,2.5
魏权,2025-07-16,06:00-08:30,2.5
刘贤杰,2025-07-16,06:00-08:30,2.5
叶成,2025-07-16,06:00-08:30,2.5
李明,2025-07-16,06:00-08:30,2.5
怀雄,2025-07-16,06:00-08:30,2.5
刘卫宜,2025-07-16,06:00-08:30,2.5
张磊磊,2025-07-16,06:00-08:30,2.5
曹博文,2025-07-16,06:00-08:30,2.5
王能武,2025-07-16,06:00-08:30,2.5
✅ 解析结果 [29/46]: 陈登科, 2025-07-16, 06:00-08:30, 2.5小时
✅ 解析结果 [29/46]: 高群, 2025-07-16, 06:00-08:30, 2.5小时
✅ 解析结果 [29/46]: 王松, 2025-07-16, 06:00-08:30, 2.5小时
✅ 解析结果 [29/46]: 李飞, 2025-07-16, 06:00-08:30, 2.5小时
✅ 解析结果 [29/46]: 王星, 2025-07-16, 06:00-08:30, 2.5小时
✅ 解析结果 [29/46]: 刘杰, 2025-07-16, 06:00-08:30, 2.5小时
✅ 解析结果 [29/46]: 沈洋, 2025-07-16, 06:00-08:30, 2.5小时
✅ 解析结果 [29/46]: 田磊, 2025-07-16, 06:00-08:30, 2.5小时
✅ 解析结果 [29/46]: 刘成香, 2025-07-16, 06:00-08:30, 2.5小时
✅ 解析结果 [29/46]: 刘登, 2025-07-16, 06:00-08:30, 2.5小时
✅ 解析结果 [29/46]: 李炎炎, 2025-07-16, 06:00-08:30, 2.5小时
✅ 解析结果 [29/46]: 孙盼, 2025-07-16, 06:00-08:30, 2.5小时
✅ 解析结果 [29/46]: 余东明, 2025-07-16, 06:00-08:30, 2.5小时
✅ 解析结果 [29/46]: 王洋, 2025-07-16, 06:00-08:30, 2.5小时
✅ 解析结果 [29/46]: 林超, 2025-07-16, 06:00-08:30, 2.5小时
✅ 解析结果 [29/46]: 高星, 2025-07-16, 06:00-08:30, 2.5小时
✅ 解析结果 [29/46]: 席智成, 2025-07-16, 06:00-08:30, 2.5小时
✅ 解析结果 [29/46]: 魏权, 2025-07-16, 06:00-08:30, 2.5小时
✅ 解析结果 [29/46]: 刘贤杰, 2025-07-16, 06:00-08:30, 2.5小时
✅ 解析结果 [29/46]: 叶成, 2025-07-16, 06:00-08:30, 2.5小时
✅ 解析结果 [29/46]: 李明, 2025-07-16, 06:00-08:30, 2.5小时
✅ 解析结果 [29/46]: 怀雄, 2025-07-16, 06:00-08:30, 2.5小时
✅ 解析结果 [29/46]: 刘卫宜, 2025-07-16, 06:00-08:30, 2.5小时
✅ 解析结果 [29/46]: 张磊磊, 2025-07-16, 06:00-08:30, 2.5小时
✅ 解析结果 [29/46]: 曹博文, 2025-07-16, 06:00-08:30, 2.5小时
✅ 解析结果 [29/46]: 王能武, 2025-07-16, 06:00-08:30, 2.5小时
⏱️ 处理完成 [29/46]: 133.61秒
------------------------------------------------------------------



📤 原始记录 [30/46]: 陈登科 2025-07-17 06:00 2025-07-17 08:30 2.5 1.EA5000N118装配，EOL测试，终处理，共24人   1.高群，王松，李飞，王星，刘杰，沈洋，田磊，刘成香，刘登，陈威，余东明，王洋，孙盼，林超，曹博文，高星，席智成，魏权，刘贤杰，叶成，李明，怀雄，刘卫宜，张磊磊   06：00-08：30 钉钉
📥 模型返回 [30/46]:
 陈登科,2025-07-17,06:00-08:30,2.5
高群,2025-07-17,06:00-08:30,2.5
王松,2025-07-17,06:00-08:30,2.5
李飞,2025-07-17,06:00-08:30,2.5
王星,2025-07-17,06:00-08:30,2.5
刘杰,2025-07-17,06:00-08:30,2.5
沈洋,2025-07-17,06:00-08:30,2.5
田磊,2025-07-17,06:00-08:30,2.5
刘成香,2025-07-17,06:00-08:30,2.5
刘登,2025-07-17,06:00-08:30,2.5
陈威,2025-07-17,06:00-08:30,2.5
余东明,2025-07-17,06:00-08:30,2.5
王洋,2025-07-17,06:00-08:30,2.5
孙盼,2025-07-17,06:00-08:30,2.5
林超,2025-07-17,06:00-08:30,2.5
曹博文,2025-07-17,06:00-08:30,2.5
高星,2025-07-17,06:00-08:30,2.5
席智成,2025-07-17,06:00-08:30,2.5
魏权,2025-07-17,06:00-08:30,2.5
刘贤杰,2025-07-17,06:00-08:30,2.5
叶成,2025-07-17,06:00-08:30,2.5
李明,2025-07-17,06:00-08:30,2.5
怀雄,2025-07-17,06:00-08:30,2.5
刘卫宜,2025-07-17,06:00-08:30,2.5
张磊磊,2025-07-17,06:00-08:30,2.5
✅ 解析结果 [30/46]: 陈登科, 2025-07-17, 06:00-08:30, 2.5小时
✅ 解析结果 [30/46]: 高群, 2025-07-17, 06:00-08:30, 2.5小时
✅ 解析结果 [30/46]: 王松, 2025-07-17, 06:00-08:30, 2.5小时
✅ 解析结果 [30/46]: 李飞, 2025-07-17, 06:00-08:30, 2.5小时
✅ 解析结果 [30/46]: 王星, 2025-07-17, 06:00-08:30, 2.5小时
✅ 解析结果 [30/46]: 刘杰, 2025-07-17, 06:00-08:30, 2.5小时
✅ 解析结果 [30/46]: 沈洋, 2025-07-17, 06:00-08:30, 2.5小时
✅ 解析结果 [30/46]: 田磊, 2025-07-17, 06:00-08:30, 2.5小时
✅ 解析结果 [30/46]: 刘成香, 2025-07-17, 06:00-08:30, 2.5小时
✅ 解析结果 [30/46]: 刘登, 2025-07-17, 06:00-08:30, 2.5小时
✅ 解析结果 [30/46]: 陈威, 2025-07-17, 06:00-08:30, 2.5小时
✅ 解析结果 [30/46]: 余东明, 2025-07-17, 06:00-08:30, 2.5小时
✅ 解析结果 [30/46]: 王洋, 2025-07-17, 06:00-08:30, 2.5小时
✅ 解析结果 [30/46]: 孙盼, 2025-07-17, 06:00-08:30, 2.5小时
✅ 解析结果 [30/46]: 林超, 2025-07-17, 06:00-08:30, 2.5小时
✅ 解析结果 [30/46]: 曹博文, 2025-07-17, 06:00-08:30, 2.5小时
✅ 解析结果 [30/46]: 高星, 2025-07-17, 06:00-08:30, 2.5小时
✅ 解析结果 [30/46]: 席智成, 2025-07-17, 06:00-08:30, 2.5小时
✅ 解析结果 [30/46]: 魏权, 2025-07-17, 06:00-08:30, 2.5小时
✅ 解析结果 [30/46]: 刘贤杰, 2025-07-17, 06:00-08:30, 2.5小时
✅ 解析结果 [30/46]: 叶成, 2025-07-17, 06:00-08:30, 2.5小时
✅ 解析结果 [30/46]: 李明, 2025-07-17, 06:00-08:30, 2.5小时
✅ 解析结果 [30/46]: 怀雄, 2025-07-17, 06:00-08:30, 2.5小时
✅ 解析结果 [30/46]: 刘卫宜, 2025-07-17, 06:00-08:30, 2.5小时
✅ 解析结果 [30/46]: 张磊磊, 2025-07-17, 06:00-08:30, 2.5小时
⏱️ 处理完成 [30/46]: 163.33秒
------------------------------------------------------------------



📤 原始记录 [31/46]: 陈登科 2025-07-25 17:30 2025-07-25 21:30 4.0 EA1900NB102加急组装 加急出货 钉钉
📥 模型返回 [31/46]:
 陈登科,2025-07-25,17:30-21:30,4.0
✅ 解析结果 [31/46]: 陈登科, 2025-07-25, 17:30-21:30, 4.0小时
⏱️ 处理完成 [31/46]: 142.19秒
------------------------------------------------------------------



📤 原始记录 [32/46]: 陈雄 2025-07-04 08:30 2025-07-04 17:30 9.0 为了满足订单需要，EA3800返修，C7300K，售后EA5000清洗压装，售后EA5000动力总成，装配，打包发货等需要，今日加班人员12人，加班:王富，赵宁宁，岳飞扬，田浩，马灼威，秦国超，杨春森，张海鹏，叶文敬，俞寅凯，徐正亮，殷顺威 钉钉
📥 模型返回 [32/46]:
 陈雄,2025-07-04,08:30-17:30,9.0
王富,2025-07-04,08:30-17:30,9.0
赵宁宁,2025-07-04,08:30-17:30,9.0
岳飞扬,2025-07-04,08:30-17:30,9.0
田浩,2025-07-04,08:30-17:30,9.0
马灼威,2025-07-04,08:30-17:30,9.0
秦国超,2025-07-04,08:30-17:30,9.0
杨春森,2025-07-04,08:30-17:30,9.0
张海鹏,2025-07-04,08:30-17:30,9.0
叶文敬,2025-07-04,08:30-17:30,9.0
俞寅凯,2025-07-04,08:30-17:30,9.0
徐正亮,2025-07-04,08:30-17:30,9.0
殷顺威,2025-07-04,08:30-17:30,9.0
✅ 解析结果 [32/46]: 陈雄, 2025-07-04, 08:30-17:30, 9.0小时
✅ 解析结果 [32/46]: 王富, 2025-07-04, 08:30-17:30, 9.0小时
✅ 解析结果 [32/46]: 赵宁宁, 2025-07-04, 08:30-17:30, 9.0小时
✅ 解析结果 [32/46]: 岳飞扬, 2025-07-04, 08:30-17:30, 9.0小时
✅ 解析结果 [32/46]: 田浩, 2025-07-04, 08:30-17:30, 9.0小时
✅ 解析结果 [32/46]: 马灼威, 2025-07-04, 08:30-17:30, 9.0小时
✅ 解析结果 [32/46]: 秦国超, 2025-07-04, 08:30-17:30, 9.0小时
✅ 解析结果 [32/46]: 杨春森, 2025-07-04, 08:30-17:30, 9.0小时
✅ 解析结果 [32/46]: 张海鹏, 2025-07-04, 08:30-17:30, 9.0小时
✅ 解析结果 [32/46]: 叶文敬, 2025-07-04, 08:30-17:30, 9.0小时
✅ 解析结果 [32/46]: 俞寅凯, 2025-07-04, 08:30-17:30, 9.0小时
✅ 解析结果 [32/46]: 徐正亮, 2025-07-04, 08:30-17:30, 9.0小时
✅ 解析结果 [32/46]: 殷顺威, 2025-07-04, 08:30-17:30, 9.0小时
⏱️ 处理完成 [32/46]: 155.53秒
------------------------------------------------------------------



📤 原始记录 [33/46]: 陈雄 2025-07-04 18:00 2025-07-04 20:00 2.0 为了满足订单需要，EA5000清洗压装，EA5000动力总成，装配，打包发货等需要，今日加班人员7人，加班:王富，赵宁宁，岳飞扬，田浩，马灼威，秦国超，杨春森 钉钉
📥 模型返回 [33/46]:
 陈雄,2025-07-04,18:00-20:00,2.0
王富,2025-07-04,18:00-20:00,2.0
赵宁宁,2025-07-04,18:00-20:00,2.0
岳飞扬,2025-07-04,18:00-20:00,2.0
田浩,2025-07-04,18:00-20:00,2.0
马灼威,2025-07-04,18:00-20:00,2.0
秦国超,2025-07-04,18:00-20:00,2.0
杨春森,2025-07-04,18:00-20:00,2.0
✅ 解析结果 [33/46]: 陈雄, 2025-07-04, 18:00-20:00, 2.0小时
✅ 解析结果 [33/46]: 王富, 2025-07-04, 18:00-20:00, 2.0小时
✅ 解析结果 [33/46]: 赵宁宁, 2025-07-04, 18:00-20:00, 2.0小时
✅ 解析结果 [33/46]: 岳飞扬, 2025-07-04, 18:00-20:00, 2.0小时
✅ 解析结果 [33/46]: 田浩, 2025-07-04, 18:00-20:00, 2.0小时
✅ 解析结果 [33/46]: 马灼威, 2025-07-04, 18:00-20:00, 2.0小时
✅ 解析结果 [33/46]: 秦国超, 2025-07-04, 18:00-20:00, 2.0小时
✅ 解析结果 [33/46]: 杨春森, 2025-07-04, 18:00-20:00, 2.0小时
⏱️ 处理完成 [33/46]: 136.00秒
------------------------------------------------------------------



📤 原始记录 [34/46]: 陈雄 2025-07-05 18:00 2025-07-05 19:00 1.0 1.客户参观，共22人   1.林超，李炎炎，刘卫宜，刘杰，王星，王松， 田磊，高群，陈威，魏权，曹博文，余东明，孙盼，高星，刘成香，王洋，刘登，李明，沈洋，席智成，李享，王能武   18：00-19：00 钉钉
📥 模型返回 [34/46]:
 陈雄,2025-07-05,18:00-19:00,1.0
林超,2025-07-05,18:00-19:00,1.0
李炎炎,2025-07-05,18:00-19:00,1.0
刘卫宜,2025-07-05,18:00-19:00,1.0
刘杰,2025-07-05,18:00-19:00,1.0
王星,2025-07-05,18:00-19:00,1.0
王松,2025-07-05,18:00-19:00,1.0
田磊,2025-07-05,18:00-19:00,1.0
高群,2025-07-05,18:00-19:00,1.0
陈威,2025-07-05,18:00-19:00,1.0
魏权,2025-07-05,18:00-19:00,1.0
曹博文,2025-07-05,18:00-19:00,1.0
余东明,2025-07-05,18:00-19:00,1.0
孙盼,2025-07-05,18:00-19:00,1.0
高星,2025-07-05,18:00-19:00,1.0
刘成香,2025-07-05,18:00-19:00,1.0
王洋,2025-07-05,18:00-19:00,1.0
刘登,2025-07-05,18:00-19:00,1.0
李明,2025-07-05,18:00-19:00,1.0
沈洋,2025-07-05,18:00-19:00,1.0
席智成,2025-07-05,18:00-19:00,1.0
李享,2025-07-05,18:00-19:00,1.0
王能武,2025-07-05,18:00-19:00,1.0
✅ 解析结果 [34/46]: 陈雄, 2025-07-05, 18:00-19:00, 1.0小时
✅ 解析结果 [34/46]: 林超, 2025-07-05, 18:00-19:00, 1.0小时
✅ 解析结果 [34/46]: 李炎炎, 2025-07-05, 18:00-19:00, 1.0小时
✅ 解析结果 [34/46]: 刘卫宜, 2025-07-05, 18:00-19:00, 1.0小时
✅ 解析结果 [34/46]: 刘杰, 2025-07-05, 18:00-19:00, 1.0小时
✅ 解析结果 [34/46]: 王星, 2025-07-05, 18:00-19:00, 1.0小时
✅ 解析结果 [34/46]: 王松, 2025-07-05, 18:00-19:00, 1.0小时
✅ 解析结果 [34/46]: 田磊, 2025-07-05, 18:00-19:00, 1.0小时
✅ 解析结果 [34/46]: 高群, 2025-07-05, 18:00-19:00, 1.0小时
