已清空结果表并更新表结构
读取 155 条加班记录
设置最大并发数: 10

=== 开始分析加班记录 ===

🤖 大模型开始处理加班数据...

📤 原始记录 [1/155]: 丁国涛 2025-07-01 18:00 2025-07-01 20:07 2.12 优化1200H电机壳体系统结构和数模 钉钉
📥 模型返回 [1/155]:
 丁国涛,2025-07-01,18:00-20:07,2.12
✅ 解析结果 [1/155]: 丁国涛, 2025-07-01, 18:00-20:07, 2.12小时
⏱️ 处理完成 [1/155]: 12.54秒
------------------------------------------------------------------



📤 原始记录 [2/155]: 丁国涛 2025-07-09 18:32 2025-07-09 19:44 1.2 优化1200H电机壳体结构和数模 钉钉
📥 模型返回 [2/155]:
 丁国涛,2025-07-09,18:32-19:44,1.2
✅ 解析结果 [2/155]: 丁国涛, 2025-07-09, 18:32-19:44, 1.2小时
⏱️ 处理完成 [2/155]: 20.32秒
------------------------------------------------------------------



📤 原始记录 [3/155]: 叶旭 2025-07-04 18:00 2025-07-04 20:00 2.0 法国 飞书
📥 模型返回 [3/155]:
 叶旭,2025-07-04,18:00-20:00,2.0
✅ 解析结果 [3/155]: 叶旭, 2025-07-04, 18:00-20:00, 2.0小时
⏱️ 处理完成 [3/155]: 37.07秒
------------------------------------------------------------------



📤 原始记录 [4/155]: 叶旭 2025-07-08 18:00 2025-07-08 21:00 3.0 发货 飞书
📥 模型返回 [4/155]:
 叶旭,2025-07-08,18:00-21:00,3.0
✅ 解析结果 [4/155]: 叶旭, 2025-07-08, 18:00-21:00, 3.0小时
⏱️ 处理完成 [4/155]: 29.81秒
------------------------------------------------------------------



📤 原始记录 [5/155]: 叶旭 2025-07-16 18:00 2025-07-16 20:00 2.0 发货 飞书
📥 模型返回 [5/155]:
 叶旭,2025-07-16,18:00-20:00,2.0
✅ 解析结果 [5/155]: 叶旭, 2025-07-16, 18:00-20:00, 2.0小时
⏱️ 处理完成 [5/155]: 25.45秒
------------------------------------------------------------------



📤 原始记录 [6/155]: 叶旭 2025-07-23 18:00 2025-07-23 21:00 3.0 发货 飞书
📥 模型返回 [6/155]:
 叶旭,2025-07-23,18:00-21:00,3.0
✅ 解析结果 [6/155]: 叶旭, 2025-07-23, 18:00-21:00, 3.0小时
⏱️ 处理完成 [6/155]: 23.07秒
------------------------------------------------------------------



📤 原始记录 [7/155]: 叶旭 2025-07-24 18:00 2025-07-24 20:00 2.0 发货 飞书
📥 模型返回 [7/155]:
 叶旭,2025-07-24,18:00-20:00,2.0
✅ 解析结果 [7/155]: 叶旭, 2025-07-24, 18:00-20:00, 2.0小时
⏱️ 处理完成 [7/155]: 7.78秒
------------------------------------------------------------------



📤 原始记录 [8/155]: 叶旭 2025-07-29 18:00 2025-07-29 19:00 1.0 发货 飞书
📥 模型返回 [8/155]:
 叶旭,2025-07-29,18:00-19:00,1.0
✅ 解析结果 [8/155]: 叶旭, 2025-07-29, 18:00-19:00, 1.0小时
⏱️ 处理完成 [8/155]: 14.94秒
------------------------------------------------------------------



📤 原始记录 [9/155]: 周承成 2025-07-03 19:00 2025-07-03 21:01 2.02 1200差速器系统优化 钉钉
📥 模型返回 [9/155]:
 周承成,2025-07-03,19:00-21:01,2.02
✅ 解析结果 [9/155]: 周承成, 2025-07-03, 19:00-21:01, 2.02小时
⏱️ 处理完成 [9/155]: 33.51秒
------------------------------------------------------------------



📤 原始记录 [10/155]: 周承成 2025-07-05 10:00 2025-07-05 17:45 7.75 EA1200N项目差速器出图 钉钉
📥 模型返回 [10/155]:
 周承成,2025-07-05,10:00-17:45,7.75
✅ 解析结果 [10/155]: 周承成, 2025-07-05, 10:00-17:45, 7.75小时
⏱️ 处理完成 [10/155]: 17.98秒
------------------------------------------------------------------



📤 原始记录 [11/155]: 夏天龙 2025-07-08 18:00 2025-07-08 20:37 2.62 EA3800NTRS03可靠性、EA3800N动态换挡试验、EA3800N静态换挡试验值班 钉钉
📥 模型返回 [11/155]:
 夏天龙,2025-07-08,18:00-20:37,2.62
✅ 解析结果 [11/155]: 夏天龙, 2025-07-08, 18:00-20:37, 2.62小时
⏱️ 处理完成 [11/155]: 35.79秒
------------------------------------------------------------------



📤 原始记录 [12/155]: 夏天龙 2025-07-18 18:00 2025-07-18 20:33 2.55 EA3800N静态换挡测试值班 钉钉
📥 模型返回 [12/155]:
 夏天龙,2025-07-18,18:00-20:33,2.55
✅ 解析结果 [12/155]: 夏天龙, 2025-07-18, 18:00-20:33, 2.55小时
⏱️ 处理完成 [12/155]: 35.24秒
------------------------------------------------------------------



📤 原始记录 [13/155]: 夏天龙 2025-07-22 18:00 2025-07-22 20:37 2.62 EA3800N静态换挡测试和EA3800NTRS03可靠性试验值班 钉钉
📥 模型返回 [13/155]:
 夏天龙,2025-07-22,18:00-20:37,2.62
✅ 解析结果 [13/155]: 夏天龙, 2025-07-22, 18:00-20:37, 2.62小时
⏱️ 处理完成 [13/155]: 38.18秒
------------------------------------------------------------------



📤 原始记录 [14/155]: 张喆 2025-07-17 18:00 2025-07-17 21:00 3.0 绘制四方桥总成图 钉钉
📥 模型返回 [14/155]:
 张喆,2025-07-17,18:00-21:00,3.0
✅ 解析结果 [14/155]: 张喆, 2025-07-17, 18:00-21:00, 3.0小时
⏱️ 处理完成 [14/155]: 37.25秒
------------------------------------------------------------------



📤 原始记录 [15/155]: 徐宝通 2025-07-05 10:30 2025-07-05 17:37 7.12 1200项目加班申请 钉钉
📥 模型返回 [15/155]:
 徐宝通,2025-07-05,10:30-17:37,7.12
✅ 解析结果 [15/155]: 徐宝通, 2025-07-05, 10:30-17:37, 7.12小时
⏱️ 处理完成 [15/155]: 38.92秒
------------------------------------------------------------------



📤 原始记录 [16/155]: 朱泽利 2025-07-27 12:00 2025-07-27 17:00 5.0 跟十堰田总前往襄阳中车集团公司总结凌特样车的遗留历史问题 飞书
📥 模型返回 [16/155]:
 朱泽利,2025-07-27,12:00-17:00,5.0
✅ 解析结果 [16/155]: 朱泽利, 2025-07-27, 12:00-17:00, 5.0小时
⏱️ 处理完成 [16/155]: 41.48秒
------------------------------------------------------------------



📤 原始记录 [17/155]: 李庭越 2025-07-02 17:30 2025-07-02 20:30 3.0 车间有生产任务需配合加班发料及深向客户发货装车 钉钉
📥 模型返回 [17/155]:
 李庭越,2025-07-02,17:30-20:30,3.0
✅ 解析结果 [17/155]: 李庭越, 2025-07-02, 17:30-20:30, 3.0小时
⏱️ 处理完成 [17/155]: 43.23秒
------------------------------------------------------------------



📤 原始记录 [18/155]: 李庭越 2025-07-05 17:30 2025-07-05 19:00 1.5 有客户来厂参观 钉钉
📥 模型返回 [18/155]:
 李庭越,2025-07-05,17:30-19:00,1.5
✅ 解析结果 [18/155]: 李庭越, 2025-07-05, 17:30-19:00, 1.5小时
⏱️ 处理完成 [18/155]: 42.93秒
------------------------------------------------------------------



📤 原始记录 [19/155]: 李庭越 2025-07-12 17:30 2025-07-12 18:30 1.0 有客户参观加班整理仓库物料 钉钉
📥 模型返回 [19/155]:
 李庭越,2025-07-12,17:30-18:30,1.0
✅ 解析结果 [19/155]: 李庭越, 2025-07-12, 17:30-18:30, 1.0小时
⏱️ 处理完成 [19/155]: 42.28秒
------------------------------------------------------------------



📤 原始记录 [20/155]: 李庭越 2025-07-22 17:30 2025-07-22 18:30 1.0 深向客户桥发货 钉钉
📥 模型返回 [20/155]:
 李庭越,2025-07-22,17:30-18:30,1.0
✅ 解析结果 [20/155]: 李庭越, 2025-07-22, 17:30-18:30, 1.0小时
⏱️ 处理完成 [20/155]: 41.71秒
------------------------------------------------------------------



📤 原始记录 [21/155]: 李庭越 2025-07-25 17:30 2025-07-25 18:30 1.0 加班装到杭州的动力总成 钉钉
📥 模型返回 [21/155]:
 李庭越,2025-07-25,17:30-18:30,1.0
✅ 解析结果 [21/155]: 李庭越, 2025-07-25, 17:30-18:30, 1.0小时
⏱️ 处理完成 [21/155]: 38.29秒
------------------------------------------------------------------



📤 原始记录 [22/155]: 李庭越 2025-07-26 17:30 2025-07-26 19:00 1.5 送工具去新楚风给售后维修车桥 钉钉
📥 模型返回 [22/155]:
 李庭越,2025-07-26,17:30-19:00,1.5
✅ 解析结果 [22/155]: 李庭越, 2025-07-26, 17:30-19:00, 1.5小时
⏱️ 处理完成 [22/155]: 37.14秒
------------------------------------------------------------------


