✅ 获取到 3 条缓存的跨月请假记录
正在处理缓存的 夏天龙 的请假记录: 2025-08-01 上午 -> 2025-08-01 下午
正在处理缓存的 李淑娜 的请假记录: 2025-08-01 上午 -> 2025-08-01 下午
正在处理缓存的 梁梅 的请假记录: 2025-08-01 上午 -> 2025-08-01 下午
✅ 所有缓存的跨月请假记录处理完成
✅ 获取到 90 条请假记录
正在处理 丁国涛 的请假记录: 2025-08-20 上午 -> 2025-08-20 下午
正在处理 丁国涛 的请假记录: 2025-08-27 上午 -> 2025-08-27 上午
正在处理 丁国涛 的请假记录: 2025-08-27 下午 -> 2025-08-27 下午
正在处理 何佳兴 的请假记录: 2025-08-07 上午 -> 2025-08-07 下午
正在处理 何佳兴 的请假记录: 2025-08-27 上午 -> 2025-08-27 下午
正在处理 何升绘 的请假记录: 2025-08-01 上午 -> 2025-08-05 下午
正在处理 刘伟豪 的请假记录: 2025-08-07 上午 -> 2025-08-07 下午
正在处理 刘伟豪 的请假记录: 2025-08-28 上午 -> 2025-08-28 下午
正在处理 叶旭 的请假记录: 2025-08-22 上午 -> 2025-08-22 下午
正在处理 周哲敏 的请假记录: 2025-08-09 下午 -> 2025-08-09 下午
正在处理 周天 的请假记录: 2025-08-09 上午 -> 2025-08-09 下午
正在处理 周天 的请假记录: 2025-08-27 上午 -> 2025-08-27 下午
正在处理 夏天龙 的请假记录: 2025-08-04 上午 -> 2025-08-05 下午
正在处理 姚明佳 的请假记录: 2025-08-28 上午 -> 2025-08-28 上午
正在处理 尹娜 的请假记录: 2025-08-09 上午 -> 2025-08-09 下午
正在处理 张世丽 的请假记录: 2025-08-09 上午 -> 2025-08-09 上午
正在处理 张健宁 的请假记录: 2025-08-14 上午 -> 2025-08-19 下午
正在处理 张喆 的请假记录: 2025-08-15 上午 -> 2025-08-15 上午
正在处理 张梓正 的请假记录: 2025-08-01 上午 -> 2025-08-01 下午
正在处理 徐正亮 的请假记录: 2025-08-28 上午 -> 2025-08-28 下午
正在处理 朱强 的请假记录: 2025-08-01 下午 -> 2025-08-01 下午
正在处理 朱强 的请假记录: 2025-08-07 上午 -> 2025-08-07 上午
正在处理 朱强 的请假记录: 2025-08-15 上午 -> 2025-08-15 上午
正在处理 朱强 的请假记录: 2025-08-19 上午 -> 2025-08-19 下午
正在处理 朱泽利 的请假记录: 2025-08-01 上午 -> 2025-08-01 下午
正在处理 朱泽利 的请假记录: 2025-08-09 上午 -> 2025-08-09 下午
正在处理 朱金凯 的请假记录: 2025-08-25 上午 -> 2025-08-25 下午
正在处理 李俊杰 的请假记录: 2025-08-23 上午 -> 2025-08-23 下午
正在处理 李庭越 的请假记录: 2025-08-05 上午 -> 2025-08-05 下午
正在处理 李庭越 的请假记录: 2025-08-11 上午 -> 2025-08-11 下午
正在处理 李庭越 的请假记录: 2025-08-13 上午 -> 2025-08-13 下午
正在处理 李庭越 的请假记录: 2025-08-19 下午 -> 2025-08-19 下午
正在处理 李庭越 的请假记录: 2025-08-25 上午 -> 2025-08-25 下午
正在处理 李庭越 的请假记录: 2025-08-28 上午 -> 2025-08-29 下午
正在处理 李淑娜 的请假记录: 2025-08-05 下午 -> 2025-08-05 下午
正在处理 李运动 的请假记录: 2025-08-08 上午 -> 2025-08-08 上午
正在处理 李运动 的请假记录: 2025-08-28 上午 -> 2025-08-29 下午
正在处理 李黎 的请假记录: 2025-08-18 上午 -> 2025-08-18 下午
正在处理 杨烜 的请假记录: 2025-08-27 上午 -> 2025-08-27 上午
正在处理 桂治国 的请假记录: 2025-08-04 上午 -> 2025-08-06 下午
正在处理 桂治国 的请假记录: 2025-08-11 上午 -> 2025-08-13 下午
正在处理 桂治国 的请假记录: 2025-08-14 上午 -> 2025-08-15 下午
正在处理 梁校 的请假记录: 2025-08-25 上午 -> 2025-08-25 下午
正在处理 梁梅 的请假记录: 2025-08-01 上午 -> 2025-08-05 下午
正在处理 梁梅 的请假记录: 2025-08-04 上午 -> 2025-08-05 下午
正在处理 殷四雄 的请假记录: 2025-08-23 上午 -> 2025-08-23 下午
正在处理 沈琪海 的请假记录: 2025-08-15 上午 -> 2025-08-15 下午
正在处理 玉玲珑（魏玉玲） 的请假记录: 2025-08-07 上午 -> 2025-08-07 下午
正在处理 玉玲珑（魏玉玲） 的请假记录: 2025-08-12 上午 -> 2025-08-12 下午
正在处理 玉玲珑（魏玉玲） 的请假记录: 2025-08-18 下午 -> 2025-08-18 下午
正在处理 玉玲珑（魏玉玲） 的请假记录: 2025-08-29 下午 -> 2025-08-29 下午
正在处理 王亮 的请假记录: 2025-08-11 下午 -> 2025-08-15 下午
正在处理 王兴磊 的请假记录: 2025-08-02 上午 -> 2025-08-02 下午
正在处理 王兴磊 的请假记录: 2025-08-09 上午 -> 2025-08-09 下午
正在处理 王兴磊 的请假记录: 2025-08-16 上午 -> 2025-08-16 下午
正在处理 王兴磊 的请假记录: 2025-08-23 上午 -> 2025-08-23 下午
正在处理 王兴磊 的请假记录: 2025-08-30 上午 -> 2025-08-30 下午
正在处理 白敏娟 的请假记录: 2025-08-19 下午 -> 2025-08-19 下午
正在处理 白敏娟 的请假记录: 2025-08-23 上午 -> 2025-08-23 下午
正在处理 石丁哲 的请假记录: 2025-08-27 下午 -> 2025-08-27 下午
正在处理 祝叶康 的请假记录: 2025-08-07 上午 -> 2025-08-07 下午
正在处理 祝叶康 的请假记录: 2025-08-11 上午 -> 2025-08-11 下午
正在处理 程铤辉 的请假记录: 2025-08-22 上午 -> 2025-08-23 下午
正在处理 胡俊杨 的请假记录: 2025-08-11 上午 -> 2025-08-12 下午
正在处理 葛婷 的请假记录: 2025-08-15 上午 -> 2025-08-15 下午
正在处理 葛婷 的请假记录: 2025-08-28 上午 -> 2025-08-29 下午
正在处理 董凯宁 的请假记录: 2025-08-09 上午 -> 2025-08-09 下午
正在处理 贾敏洋 的请假记录: 2025-08-23 上午 -> 2025-08-23 下午
正在处理 郑翔 的请假记录: 2025-08-11 上午 -> 2025-08-11 上午
正在处理 郑翔 的请假记录: 2025-08-26 上午 -> 2025-08-26 上午
正在处理 钟洪伟 的请假记录: 2025-08-26 下午 -> 2025-08-26 下午
正在处理 闫亚东 的请假记录: 2025-08-18 上午 -> 2025-08-19 下午
正在处理 闫亚东 的请假记录: 2025-08-29 下午 -> 2025-08-29 下午
正在处理 陆尖 的请假记录: 2025-08-23 上午 -> 2025-08-23 下午
正在处理 陈之东 的请假记录: 2025-08-04 上午 -> 2025-08-04 下午
正在处理 陈妍 的请假记录: 2025-08-04 上午 -> 2025-08-04 上午
正在处理 陈登科 的请假记录: 2025-08-08 上午 -> 2025-08-08 下午
正在处理 陈登科 的请假记录: 2025-08-23 上午 -> 2025-08-23 下午
正在处理 陈雄 的请假记录: 2025-08-08 上午 -> 2025-08-08 下午
正在处理 陈雄 的请假记录: 2025-08-11 上午 -> 2025-08-11 下午
正在处理 陈雄 的请假记录: 2025-08-16 上午 -> 2025-08-16 下午
正在处理 陈雄 的请假记录: 2025-08-18 上午 -> 2025-08-18 下午
正在处理 陈雄 的请假记录: 2025-08-28 上午 -> 2025-08-28 下午
正在处理 韦东略 的请假记录: 2025-08-04 上午 -> 2025-08-04 下午
正在处理 韦东略 的请假记录: 2025-08-27 下午 -> 2025-08-27 下午
正在处理 韩荣洋 的请假记录: 2025-08-18 下午 -> 2025-08-18 下午
正在处理 韩荣洋 的请假记录: 2025-08-27 上午 -> 2025-08-29 下午
正在处理 高剑濠 的请假记录: 2025-08-22 上午 -> 2025-08-23 下午
正在处理 高剑濠 的请假记录: 2025-08-25 上午 -> 2025-08-25 下午
正在处理 魏军 的请假记录: 2025-08-11 上午 -> 2025-08-11 下午
✅ 所有请假记录处理完成
