✅ 获取到 0 条缓存的跨月请假记录
✅ 所有缓存的跨月请假记录处理完成
✅ 获取到 97 条请假记录
正在处理 丁国涛 的请假记录: 2025-07-12 上午 -> 2025-07-12 下午
正在处理 何佳兴 的请假记录: 2025-07-28 上午 -> 2025-07-28 下午
正在处理 刘伟豪 的请假记录: 2025-07-10 上午 -> 2025-07-10 上午
正在处理 刘小华 的请假记录: 2025-07-22 上午 -> 2025-07-22 下午
正在处理 刘洋 的请假记录: 2025-07-19 上午 -> 2025-07-19 下午
正在处理 叶文敬 的请假记录: 2025-07-23 上午 -> 2025-07-23 下午
正在处理 叶旭 的请假记录: 2025-07-05 上午 -> 2025-07-05 下午
正在处理 叶旭 的请假记录: 2025-07-18 上午 -> 2025-07-18 上午
正在处理 吴勇明 的请假记录: 2025-07-09 上午 -> 2025-07-09 下午
正在处理 吴勇明 的请假记录: 2025-07-14 上午 -> 2025-07-14 下午
正在处理 吴勇明 的请假记录: 2025-07-26 上午 -> 2025-07-26 下午
正在处理 周天 的请假记录: 2025-07-18 上午 -> 2025-07-18 下午
正在处理 周天 的请假记录: 2025-07-26 上午 -> 2025-07-26 下午
正在处理 周承成 的请假记录: 2025-07-28 上午 -> 2025-07-28 下午
正在处理 夏天龙 的请假记录: 2025-07-16 上午 -> 2025-07-16 上午
正在处理 夏天龙 的请假记录: 2025-07-31 上午 -> 2025-08-01 下午
⚠️ 检测到跨月请假记录: 夏天龙 2025-07-31 上午 -> 2025-08-01 下午，将在下月处理
✅ 已将 夏天龙 的跨月请假记录缓存: 2025-08-01 上午 -> 2025-08-01 下午
正在处理 孙润 的请假记录: 2025-07-10 下午 -> 2025-07-10 下午
正在处理 崔普金 的请假记录: 2025-07-12 上午 -> 2025-07-14 上午
正在处理 左山林 的请假记录: 2025-07-18 AM -> 2025-07-18 AM
正在处理 张健宁 的请假记录: 2025-07-02 上午 -> 2025-07-02 下午
正在处理 张健宁 的请假记录: 2025-07-07 上午 -> 2025-07-07 下午
正在处理 张健宁 的请假记录: 2025-07-15 上午 -> 2025-07-15 下午
正在处理 张喆 的请假记录: 2025-07-15 上午 -> 2025-07-15 下午
正在处理 张喆 的请假记录: 2025-07-16 下午 -> 2025-07-16 下午
正在处理 张斌翌 的请假记录: 2025-07-21 上午 -> 2025-07-21 上午
正在处理 张曙光 的请假记录: 2025-07-19 上午 -> 2025-07-19 下午
正在处理 张梓正 的请假记录: 2025-07-30 上午 -> 2025-07-31 下午
正在处理 朱强 的请假记录: 2025-07-04 上午 -> 2025-07-04 下午
正在处理 朱强 的请假记录: 2025-07-07 上午 -> 2025-07-08 下午
正在处理 朱金凯 的请假记录: 2025-07-08 上午 -> 2025-07-08 下午
正在处理 朱金凯 的请假记录: 2025-07-31 下午 -> 2025-07-31 下午
正在处理 李俊杰 的请假记录: 2025-07-01 上午 -> 2025-07-01 下午
正在处理 李奇 的请假记录: 2025-07-04 上午 -> 2025-07-04 下午
正在处理 李庭越 的请假记录: 2025-07-04 上午 -> 2025-07-04 下午
正在处理 李淑娜 的请假记录: 2025-07-31 上午 -> 2025-08-01 下午
⚠️ 检测到跨月请假记录: 李淑娜 2025-07-31 上午 -> 2025-08-01 下午，将在下月处理
✅ 已将 李淑娜 的跨月请假记录缓存: 2025-08-01 上午 -> 2025-08-01 下午
正在处理 李运动 的请假记录: 2025-07-04 上午 -> 2025-07-04 上午
正在处理 李黎 的请假记录: 2025-07-07 上午 -> 2025-07-07 下午
正在处理 李黎 的请假记录: 2025-07-14 上午 -> 2025-07-14 下午
正在处理 杜锋 的请假记录: 2025-07-12 上午 -> 2025-07-12 下午
正在处理 桂治国 的请假记录: 2025-07-26 上午 -> 2025-07-26 下午
正在处理 梁校 的请假记录: 2025-07-04 下午 -> 2025-07-10 下午
正在处理 梁校 的请假记录: 2025-07-11 上午 -> 2025-07-11 下午
正在处理 梁校 的请假记录: 2025-07-25 下午 -> 2025-07-25 下午
正在处理 梁梅 的请假记录: 2025-07-26 上午 -> 2025-08-01 下午
⚠️ 检测到跨月请假记录: 梁梅 2025-07-26 上午 -> 2025-08-01 下午，将在下月处理
✅ 已将 梁梅 的跨月请假记录缓存: 2025-08-01 上午 -> 2025-08-01 下午
正在处理 殷四雄 的请假记录: 2025-07-02 上午 -> 2025-07-02 下午
正在处理 殷四雄 的请假记录: 2025-07-26 上午 -> 2025-07-26 下午
正在处理 沈琪海 的请假记录: 2025-07-04 上午 -> 2025-07-04 下午
正在处理 玉玲珑（魏玉玲） 的请假记录: 2025-07-19 上午 -> 2025-07-19 下午
正在处理 王佳忠 的请假记录: 2025-07-02 下午 -> 2025-07-03 下午
正在处理 王佳忠 的请假记录: 2025-07-04 上午 -> 2025-07-04 下午
正在处理 王佳忠 的请假记录: 2025-07-07 上午 -> 2025-07-07 下午
正在处理 王佳忠 的请假记录: 2025-07-17 上午 -> 2025-07-17 下午
正在处理 王佳忠 的请假记录: 2025-07-28 上午 -> 2025-07-28 下午
正在处理 王兴磊 的请假记录: 2025-07-09 上午 -> 2025-07-09 下午
正在处理 王兴磊 的请假记录: 2025-07-11 上午 -> 2025-07-11 下午
正在处理 王兴磊 的请假记录: 2025-07-16 下午 -> 2025-07-16 下午
正在处理 王进 的请假记录: 2025-07-14 上午 -> 2025-07-16 下午
正在处理 王进 的请假记录: 2025-07-17 上午 -> 2025-07-18 下午
正在处理 甘金利 的请假记录: 2025-07-14 上午 -> 2025-07-16 下午
正在处理 程铤辉 的请假记录: 2025-07-12 下午 -> 2025-07-12 下午
正在处理 董凯宁 的请假记录: 2025-07-03 上午 -> 2025-07-03 下午
正在处理 董凯宁 的请假记录: 2025-07-12 上午 -> 2025-07-12 下午
正在处理 董凯宁 的请假记录: 2025-07-18 上午 -> 2025-07-18 下午
正在处理 董凯宁 的请假记录: 2025-07-26 上午 -> 2025-07-26 下午
正在处理 袁俊祥 的请假记录: 2025-07-16 上午 -> 2025-07-16 上午
正在处理 贾海泉 的请假记录: 2025-07-24 下午 -> 2025-07-24 下午
正在处理 邵万江 的请假记录: 2025-07-23 上午 -> 2025-07-25 下午
正在处理 闫亚东 的请假记录: 2025-07-26 上午 -> 2025-07-26 下午
正在处理 陈之东 的请假记录: 2025-07-09 上午 -> 2025-07-09 下午
正在处理 陈妍 的请假记录: 2025-07-15 上午 -> 2025-07-15 下午
正在处理 陈妍 的请假记录: 2025-07-29 上午 -> 2025-07-29 上午
正在处理 陈登科 的请假记录: 2025-07-11 下午 -> 2025-07-11 下午
正在处理 陈登科 的请假记录: 2025-07-14 下午 -> 2025-07-14 下午
正在处理 陈登科 的请假记录: 2025-07-15 下午 -> 2025-07-15 下午
正在处理 陈登科 的请假记录: 2025-07-17 下午 -> 2025-07-17 下午
正在处理 陈登科 的请假记录: 2025-07-18 下午 -> 2025-07-18 下午
正在处理 陈登科 的请假记录: 2025-07-19 上午 -> 2025-07-19 下午
正在处理 陈登科 的请假记录: 2025-07-24 上午 -> 2025-07-24 上午
正在处理 陈登科 的请假记录: 2025-07-26 上午 -> 2025-07-26 下午
正在处理 陈登科 的请假记录: 2025-07-28 下午 -> 2025-07-28 下午
正在处理 陈雄 的请假记录: 2025-07-14 下午 -> 2025-07-14 下午
正在处理 陈雄 的请假记录: 2025-07-15 下午 -> 2025-07-15 下午
正在处理 陈雄 的请假记录: 2025-07-16 下午 -> 2025-07-16 下午
正在处理 陈雄 的请假记录: 2025-07-17 下午 -> 2025-07-17 下午
正在处理 陈雄 的请假记录: 2025-07-26 下午 -> 2025-07-26 下午
正在处理 韦东略 的请假记录: 2025-07-10 上午 -> 2025-07-10 上午
正在处理 韦东略 的请假记录: 2025-07-22 上午 -> 2025-07-22 下午
正在处理 韩荣洋 的请假记录: 2025-07-18 上午 -> 2025-07-18 下午
正在处理 马鸣强 的请假记录: 2025-07-18 上午 -> 2025-07-18 下午
正在处理 马鸣强 的请假记录: 2025-07-31 上午 -> 2025-07-31 下午
正在处理 高剑濠 的请假记录: 2025-07-01 上午 -> 2025-07-01 下午
正在处理 高嘉泽 的请假记录: 2025-07-12 上午 -> 2025-07-12 下午
正在处理 魏军 的请假记录: 2025-07-19 上午 -> 2025-07-19 下午
正在处理 魏军 的请假记录: 2025-07-26 下午 -> 2025-07-26 下午
正在处理 黄力 的请假记录: 2025-07-28 上午 -> 2025-07-29 下午
正在处理 黄海波 的请假记录: 2025-07-31 下午 -> 2025-07-31 下午
正在处理 黄风丽 的请假记录: 2025-07-25 下午 -> 2025-07-25 下午
✅ 所有请假记录处理完成
