🚀 [基础数据合并处理] 脚本开始执行 - 2025-09-06 08:46:49
📋 总共需要执行 6 个主要步骤
🔄 [1/6] 连接数据库...
✅ [1/6] 数据库连接 完成 - 耗时: 0.0秒
🔄 [2/6] 处理原始Excel文件...
📁 [08:46:49] 文件操作: 开始读取Excel文件 '../data/original/basic.xlsx'
/home/dell/miniconda3/envs/dd/lib/python3.10/site-packages/openpyxl/styles/stylesheet.py:237: UserWarning: Workbook contains no default style, apply openpyxl's default
  warn("Workbook contains no default style, apply openpyxl's default")
📁 [08:46:49] 文件操作: Excel文件读取完成 '../data/original/basic.xlsx' | 大小: 1.30MB
ℹ️  [08:46:49] 原始数据形状: 176行 × 37列
ℹ️  [08:46:49] 列名设置完成，共37列
   └─ 基础字段: 6列, 日期字段: 31列
ℹ️  [08:46:49] 开始清理空白行数据
ℹ️  [08:46:49] 空白行清理完成
   └─ 删除了0行空白数据，剩余176行
ℹ️  [08:46:49] 开始处理列数标准化
   └─ 当前列数: 37, 期望列数: 37
ℹ️  [08:46:49] Excel文件处理完成
   └─ 最终数据形状: 176行 × 37列
✅ [2/6] Excel文件处理 完成 - 耗时: 0.1秒
🔄 [3/6] 处理和清理字段名...
📊 [08:46:49] 清理字段名: 处理第10个字段 [█████░░░░░░░░░░░░░░░] 10/37 个字段 (27.0%) - 已用时: 0.1秒 | 预计剩余: 0.4秒
📊 [08:46:49] 清理字段名: 处理第20个字段 [██████████░░░░░░░░░░] 20/37 个字段 (54.1%) - 已用时: 0.1秒 | 预计剩余: 0.1秒
📊 [08:46:49] 清理字段名: 处理第30个字段 [████████████████░░░░] 30/37 个字段 (81.1%) - 已用时: 0.1秒 | 预计剩余: 0.0秒
📊 [08:46:49] 清理字段名: 处理第37个字段 [████████████████████] 37/37 个字段 (100.0%) - 已用时: 0.1秒 | 预计剩余: 0.0秒
ℹ️  [08:46:49] 字段名处理完成
   └─ 原始字段: 37个, 清理后字段: 37个
✅ [3/6] 字段名处理 完成 - 耗时: 0.1秒
🔄 [4/6] 创建基础数据表并保存数据...
🗄️  [08:46:49] 数据库操作: 删除已存在的表 表 'basic'
🗄️  [08:46:49] 数据库操作: 创建新表 表 'basic'
ℹ️  [08:46:49] 表结构设计
   └─ 字段数量: 37, 字段类型: TEXT
🗄️  [08:46:49] 数据库操作: 表创建成功 表 'basic'
🗄️  [08:46:49] 数据库操作: 开始批量插入数据 表 'basic' - 影响 176 行
📊 [08:46:49] 数据处理: 插入基础数据 [███████████░░░░░░░░░] 100/176 条数据 (56.8%) - 已用时: 0.2秒 | 预计剩余: 0.1秒
   └─ 当前行: 郑翔
📊 [08:46:49] 数据处理: 插入基础数据 [████████████████████] 176/176 条数据 (100.0%) - 已用时: 0.2秒 | 预计剩余: 0.0秒
   └─ 当前行: 尹娜
🗄️  [08:46:49] 数据库操作: 数据插入完成 表 'basic' - 影响 176 行
✅ [4/6] 基础数据表创建和数据保存 完成 - 耗时: 0.2秒
🔄 [5/6] 创建考勤结果表...
🗄️  [08:46:49] 数据库操作: 删除已存在的考勤结果表 表 'attendance_result'
ℹ️  [08:46:49] 考勤结果表结构设计
   └─ 基础字段: 6个, 日期字段: 31个, 总字段: 37个
🗄️  [08:46:49] 数据库操作: 考勤结果表创建成功 表 'attendance_result'
✅ [5/6] 考勤结果表创建 完成 - 耗时: 0.2秒
🔄 [6/6] 分析考勤数据并保存结果...
ℹ️  [08:46:49] 开始分析考勤数据
   └─ 总员工数: 176人, 分析天数: 31天
📊 [08:46:49] 数据处理: 分析员工考勤 [███████████░░░░░░░░░] 100/176 条数据 (56.8%) - 已用时: 0.2秒 | 预计剩余: 0.2秒
   └─ 当前员工: 郑翔
📊 [08:46:49] 数据处理: 分析员工考勤 [████████████████████] 176/176 条数据 (100.0%) - 已用时: 0.2秒 | 预计剩余: 0.0秒
   └─ 当前员工: 尹娜
ℹ️  [08:46:49] 考勤数据分析完成
   └─ 共分析176名员工的考勤数据
🗄️  [08:46:49] 数据库操作: 开始保存考勤分析结果 表 'attendance_result' - 影响 176 行
📊 [08:46:49] 数据处理: 保存考勤结果 [███████████░░░░░░░░░] 100/176 条数据 (56.8%) - 已用时: 0.3秒 | 预计剩余: 0.2秒
   └─ 当前员工: 郑翔
📊 [08:46:49] 数据处理: 保存考勤结果 [████████████████████] 176/176 条数据 (100.0%) - 已用时: 0.3秒 | 预计剩余: 0.0秒
   └─ 当前员工: 尹娜
🗄️  [08:46:49] 数据库操作: 考勤分析结果保存完成 表 'attendance_result' - 影响 176 行
✅ [6/6] 考勤数据分析和结果保存 完成 - 耗时: 0.3秒
🎉 [基础数据合并处理] 脚本执行完成 - 2025-09-06 08:46:49
⏱️  总执行时间: 0.3秒
📈 完成步骤: 6/6
📝 执行摘要: 成功处理176名员工的31天考勤数据
ℹ️  [08:46:49] 数据库连接已关闭
