🚀 [基础数据合并处理] 脚本开始执行 - 2025-08-28 17:27:42
📋 总共需要执行 6 个主要步骤
🔄 [1/6] 连接数据库...
✅ [1/6] 数据库连接 完成 - 耗时: 0.0秒
🔄 [2/6] 处理原始Excel文件...
📁 [17:27:42] 文件操作: 开始读取Excel文件 '../data/original/basic.xlsx'
❌ [2025-08-28 17:27:42] 错误: 处理Excel文件失败
   └─ 上下文: 文件路径: ../data/original/basic.xlsx
   └─ 异常类型: ValueError
   └─ 异常详情: Excel file format cannot be determined, you must specify an engine manually.
   └─ 堆栈跟踪:
      File "/home/dell/mnt/ai-work/Attendance-analysis/work/basic_combined.py", line 63, in process_excel_file
      File "/home/dell/miniconda3/envs/dd/lib/python3.10/site-packages/pandas/io/excel/_base.py", line 495, in read_excel
      io = ExcelFile(
      File "/home/dell/miniconda3/envs/dd/lib/python3.10/site-packages/pandas/io/excel/_base.py", line 1554, in __init__
❌ [2025-08-28 17:27:42] 错误: 基础数据合并处理失败
   └─ 异常类型: Exception
   └─ 异常详情: Excel处理失败
   └─ 堆栈跟踪:
      File "/home/dell/mnt/ai-work/Attendance-analysis/work/basic_combined.py", line 372, in main
🎉 [基础数据合并处理] 脚本执行完成 - 2025-08-28 17:27:42
⏱️  总执行时间: 0.0秒
📈 完成步骤: 1/6
📝 执行摘要: 脚本执行过程中发生错误
ℹ️  [17:27:42] 数据库连接已关闭
