🚀 [freework_combine] 脚本开始执行 - 2025-09-06 08:46:54
📋 总共需要执行 6 个主要步骤
ℹ️  [08:46:54] 开始处理08月份请假数据
🔄 [1/6] 处理飞书请假数据...
📁 [08:46:54] 文件操作: 开始读取飞书请假数据 '../data/original/freework01.xlsx'
ℹ️  [08:46:54] 飞书请假数据读取完成
   └─ 原始数据行数: 48, 列数: 36
ℹ️  [08:46:54] 列名重命名完成
ℹ️  [08:46:54] 时长字段处理完成
   └─ 添加'天'单位
ℹ️  [08:46:54] 日期格式转换完成
ℹ️  [08:46:54] 飞书请假数据处理完成
   └─ 最终记录数: 47
✅ [1/6] 飞书数据处理 完成 - 耗时: 0.1秒
🔄 [2/6] 处理钉钉请假数据...
📁 [08:46:54] 文件操作: 开始读取钉钉请假数据 '../data/original/freework02.xlsx'
/home/dell/miniconda3/envs/dd/lib/python3.10/site-packages/openpyxl/styles/stylesheet.py:237: UserWarning: Workbook contains no default style, apply openpyxl's default
  warn("Workbook contains no default style, apply openpyxl's default")
ℹ️  [08:46:54] 钉钉请假数据读取完成
   └─ 原始数据行数: 74, 列数: 20
ℹ️  [08:46:54] 列名重命名完成
ℹ️  [08:46:54] 时长字段处理完成
   └─ 转换为字符串格式
ℹ️  [08:46:54] 日期格式转换完成
ℹ️  [08:46:54] 钉钉请假数据处理完成
   └─ 最终记录数: 59
✅ [2/6] 钉钉数据处理 完成 - 耗时: 0.1秒
🔄 [3/6] 合并两个数据源...
ℹ️  [08:46:54] 数据合并完成
   └─ 飞书: 47条, 钉钉: 59条, 合并后: 106条
✅ [3/6] 数据合并 完成 - 耗时: 0.1秒
🔄 [4/6] 筛选08月份数据...
ℹ️  [08:46:54] 08月份数据筛选完成
   └─ 筛选前: 106条, 筛选后: 90条
✅ [4/6] 月份数据筛选 完成 - 耗时: 0.1秒
🔄 [5/6] 数据排序...
ℹ️  [08:46:54] 数据排序完成
   └─ 按姓名和开始时间排序
✅ [5/6] 数据排序 完成 - 耗时: 0.1秒
🔄 [6/6] 保存到数据库...
🗄️  [08:46:54] 数据库操作: 开始连接数据库 表 'freework'
🗄️  [08:46:54] 数据库操作: 数据库连接成功 表 'freework'
📊 [08:46:54] 数据处理: 插入请假数据 [████████████████████] 90/90 条数据 (100.0%) - 已用时: 0.1秒 | 预计剩余: 0.0秒
   └─ 当前员工: 魏军
🗄️  [08:46:54] 数据库操作: 数据插入完成 表 'freework' - 影响 90 行
ℹ️  [08:46:54] 数据库连接已关闭
✅ [6/6] 数据保存 完成 - 耗时: 0.1秒
🎉 [freework_combine] 脚本执行完成 - 2025-09-06 08:46:54
⏱️  总执行时间: 0.1秒
📈 完成步骤: 6/6
📝 执行摘要: 成功处理90条08月份请假记录
